#
# There is insufficient memory for the Java Runtime Environment to continue.
# Native memory allocation (malloc) failed to allocate 32744 bytes for ChunkPool::allocate
# Possible reasons:
#   The system is out of physical RAM or swap space
#   The process is running with CompressedOops enabled, and the Java Heap may be blocking the growth of the native heap
# Possible solutions:
#   Reduce memory load on the system
#   Increase physical memory or swap space
#   Check if swap backing store is full
#   Decrease Java heap size (-Xmx/-Xms)
#   Decrease number of Java threads
#   Decrease Java thread stack sizes (-Xss)
#   Set larger code cache with -XX:ReservedCodeCacheSize=
#   JVM is running with Unscaled Compressed Oops mode in which the Java heap is
#     placed in the first 4GB address space. The Java Heap base address is the
#     maximum limit for the native heap growth. Please use -XX:HeapBaseMinAddress
#     to set the Java Heap base and to place the Java Heap above 4GB virtual address.
# This output file may be truncated or incomplete.
#
#  Out of Memory Error (./src/hotspot/share/memory/arena.cpp:81), pid=10004, tid=10480
#
# JRE version: OpenJDK Runtime Environment (11.0.10) (build 11.0.10+0-b96-7249189)
# Java VM: OpenJDK 64-Bit Server VM (11.0.10+0-b96-7249189, mixed mode, tiered, compressed oops, g1 gc, windows-amd64)
# No core dump will be written. Minidumps are not enabled by default on client versions of Windows
#

---------------  S U M M A R Y ------------

Command Line: --add-opens=java.base/java.util=ALL-UNNAMED --add-opens=java.base/java.lang=ALL-UNNAMED --add-opens=java.base/java.lang.invoke=ALL-UNNAMED --add-opens=java.base/java.util=ALL-UNNAMED --add-opens=java.prefs/java.util.prefs=ALL-UNNAMED --add-opens=java.prefs/java.util.prefs=ALL-UNNAMED --add-opens=java.base/java.nio.charset=ALL-UNNAMED --add-opens=java.base/java.net=ALL-UNNAMED --add-opens=java.base/java.util.concurrent.atomic=ALL-UNNAMED -Xmx2048m -Dfile.encoding=UTF-8 -Duser.country=GB -Duser.language=en -Duser.variant org.gradle.launcher.daemon.bootstrap.GradleDaemon 7.0.2

Host: Intel(R) Core(TM) i5-2410M CPU @ 2.30GHz, 4 cores, 7G,  Windows 10 , 64 bit Build 19041 (10.0.19041.1706)
Time: Mon May 23 13:33:46 2022 SE Asia Standard Time elapsed time: 93.560120 seconds (0d 0h 1m 33s)

---------------  T H R E A D  ---------------

Current thread (0x000001a056635000):  JavaThread "C1 CompilerThread0" daemon [_thread_in_native, id=10480, stack(0x0000007b11300000,0x0000007b11400000)]


Current CompileTask:
C1:  93560 11594       3       com.android.tools.r8.graph.m::a (100 bytes)

Stack: [0x0000007b11300000,0x0000007b11400000]
Native frames: (J=compiled Java code, j=interpreted, Vv=VM code, C=native code)
V  [jvm.dll+0x5ecfaa]
V  [jvm.dll+0x722bd5]
V  [jvm.dll+0x72412d]
V  [jvm.dll+0x7247e3]
V  [jvm.dll+0x242928]
V  [jvm.dll+0xbc75b]
V  [jvm.dll+0xbca0c]
V  [jvm.dll+0x132e0f]
V  [jvm.dll+0x136115]
V  [jvm.dll+0x135b5d]
V  [jvm.dll+0x12cd90]
V  [jvm.dll+0x12f275]
V  [jvm.dll+0x12d799]
V  [jvm.dll+0x1364ed]
V  [jvm.dll+0x135b5d]
V  [jvm.dll+0x12cd90]
V  [jvm.dll+0x12f275]
V  [jvm.dll+0x12d8d2]
V  [jvm.dll+0x127036]
V  [jvm.dll+0x137756]
V  [jvm.dll+0x137609]
V  [jvm.dll+0x122e99]
V  [jvm.dll+0x1231ea]
V  [jvm.dll+0x1233e3]
V  [jvm.dll+0x1226f7]
V  [jvm.dll+0x1242c7]
V  [jvm.dll+0x208ee7]
V  [jvm.dll+0x207731]
V  [jvm.dll+0x6eb1cf]
V  [jvm.dll+0x6e3d45]
V  [jvm.dll+0x5ebe96]
C  [ucrtbase.dll+0x21bb2]
C  [KERNEL32.DLL+0x17034]
C  [ntdll.dll+0x52651]


---------------  P R O C E S S  ---------------

Threads class SMR info:
_java_thread_list=0x000001a05d9924f0, length=58, elements={
0x000001a03ca2d800, 0x000001a05660e800, 0x000001a056612000, 0x000001a056629000,
0x000001a05662a000, 0x000001a05662b000, 0x000001a05662e000, 0x000001a056635000,
0x000001a05665e000, 0x000001a0570e0800, 0x000001a058501800, 0x000001a0573c0800,
0x000001a0581eb800, 0x000001a0590db000, 0x000001a059628800, 0x000001a05803c000,
0x000001a0589bb800, 0x000001a057e9e800, 0x000001a05989b800, 0x000001a05989a800,
0x000001a05989c000, 0x000001a059896800, 0x000001a059899800, 0x000001a059898000,
0x000001a05989d000, 0x000001a059899000, 0x000001a059897800, 0x000001a058095000,
0x000001a058096800, 0x000001a058094000, 0x000001a058097800, 0x000001a058092800,
0x000001a058099000, 0x000001a058093800, 0x000001a05809d000, 0x000001a05809a800,
0x000001a05809b800, 0x000001a05809c800, 0x000001a05809e000, 0x000001a05809f000,
0x000001a05809f800, 0x000001a0580a0800, 0x000001a0580a1000, 0x000001a05fd88800,
0x000001a05fd87800, 0x000001a05fd8c800, 0x000001a05fd8d800, 0x000001a05fd8e800,
0x000001a05fd8f000, 0x000001a05fd89800, 0x000001a05fd90000, 0x000001a05fd8a000,
0x000001a05fd8b000, 0x000001a05fd96800, 0x000001a05fd92800, 0x000001a05fd91800,
0x000001a05fd93000, 0x000001a059d01800
}

Java Threads: ( => current thread )
  0x000001a03ca2d800 JavaThread "main" [_thread_blocked, id=13204, stack(0x0000007b10600000,0x0000007b10700000)]
  0x000001a05660e800 JavaThread "Reference Handler" daemon [_thread_blocked, id=9200, stack(0x0000007b10d00000,0x0000007b10e00000)]
  0x000001a056612000 JavaThread "Finalizer" daemon [_thread_blocked, id=9388, stack(0x0000007b10e00000,0x0000007b10f00000)]
  0x000001a056629000 JavaThread "Signal Dispatcher" daemon [_thread_blocked, id=12344, stack(0x0000007b10f00000,0x0000007b11000000)]
  0x000001a05662a000 JavaThread "Attach Listener" daemon [_thread_blocked, id=9896, stack(0x0000007b11000000,0x0000007b11100000)]
  0x000001a05662b000 JavaThread "Service Thread" daemon [_thread_blocked, id=10688, stack(0x0000007b11100000,0x0000007b11200000)]
  0x000001a05662e000 JavaThread "C2 CompilerThread0" daemon [_thread_in_native, id=8392, stack(0x0000007b11200000,0x0000007b11300000)]
=>0x000001a056635000 JavaThread "C1 CompilerThread0" daemon [_thread_in_native, id=10480, stack(0x0000007b11300000,0x0000007b11400000)]
  0x000001a05665e000 JavaThread "Sweeper thread" daemon [_thread_blocked, id=2772, stack(0x0000007b11400000,0x0000007b11500000)]
  0x000001a0570e0800 JavaThread "Common-Cleaner" daemon [_thread_blocked, id=9212, stack(0x0000007b11500000,0x0000007b11600000)]
  0x000001a058501800 JavaThread "Daemon health stats" [_thread_blocked, id=14460, stack(0x0000007b11a00000,0x0000007b11b00000)]
  0x000001a0573c0800 JavaThread "Incoming local TCP Connector on port 53352" [_thread_in_native, id=13440, stack(0x0000007b11700000,0x0000007b11800000)]
  0x000001a0581eb800 JavaThread "Daemon periodic checks" [_thread_blocked, id=8940, stack(0x0000007b11b00000,0x0000007b11c00000)]
  0x000001a0590db000 JavaThread "Daemon" [_thread_blocked, id=11700, stack(0x0000007b11c00000,0x0000007b11d00000)]
  0x000001a059628800 JavaThread "Handler for socket connection from /127.0.0.1:53352 to /127.0.0.1:53353" [_thread_in_native, id=10776, stack(0x0000007b11d00000,0x0000007b11e00000)]
  0x000001a05803c000 JavaThread "Cancel handler" [_thread_blocked, id=14616, stack(0x0000007b11e00000,0x0000007b11f00000)]
  0x000001a0589bb800 JavaThread "Daemon worker" [_thread_blocked, id=14608, stack(0x0000007b11f00000,0x0000007b12000000)]
  0x000001a057e9e800 JavaThread "Asynchronous log dispatcher for DefaultDaemonConnection: socket connection from /127.0.0.1:53352 to /127.0.0.1:53353" [_thread_blocked, id=15328, stack(0x0000007b12000000,0x0000007b12100000)]
  0x000001a05989b800 JavaThread "Daemon client event forwarder" [_thread_blocked, id=10256, stack(0x0000007b12200000,0x0000007b12300000)]
  0x000001a05989a800 JavaThread "Cache worker for file hash cache (C:\Users\Eddo Yulianda\.gradle\caches\7.0.2\fileHashes)" [_thread_blocked, id=11368, stack(0x0000007b12400000,0x0000007b12500000)]
  0x000001a05989c000 JavaThread "File lock request listener" [_thread_in_native, id=8980, stack(0x0000007b12500000,0x0000007b12600000)]
  0x000001a059896800 JavaThread "Cache worker for journal cache (C:\Users\Eddo Yulianda\.gradle\caches\journal-1)" [_thread_blocked, id=14344, stack(0x0000007b12600000,0x0000007b12700000)]
  0x000001a059899800 JavaThread "Cache worker for file hash cache (C:\Users\Eddo Yulianda\AndroidStudioProjects\PresensiOnlinePNP\.gradle\7.0.2\fileHashes)" [_thread_blocked, id=11228, stack(0x0000007b12700000,0x0000007b12800000)]
  0x000001a059898000 JavaThread "File watcher server" daemon [_thread_blocked, id=4520, stack(0x0000007b12800000,0x0000007b12900000)]
  0x000001a05989d000 JavaThread "File watcher consumer" daemon [_thread_blocked, id=9140, stack(0x0000007b12900000,0x0000007b12a00000)]
  0x000001a059899000 JavaThread "Cache worker for checksums cache (C:\Users\Eddo Yulianda\AndroidStudioProjects\PresensiOnlinePNP\.gradle\checksums)" [_thread_blocked, id=1760, stack(0x0000007b12a00000,0x0000007b12b00000)]
  0x000001a059897800 JavaThread "Cache worker for cache directory md-supplier (C:\Users\Eddo Yulianda\.gradle\caches\7.0.2\md-supplier)" [_thread_blocked, id=3712, stack(0x0000007b12b00000,0x0000007b12c00000)]
  0x000001a058095000 JavaThread "Cache worker for cache directory md-rule (C:\Users\Eddo Yulianda\.gradle\caches\7.0.2\md-rule)" [_thread_blocked, id=3208, stack(0x0000007b12c00000,0x0000007b12d00000)]
  0x000001a058096800 JavaThread "Cache worker for execution history cache (C:\Users\Eddo Yulianda\.gradle\caches\7.0.2\executionHistory)" [_thread_blocked, id=1844, stack(0x0000007b12d00000,0x0000007b12e00000)]
  0x000001a058094000 JavaThread "jar transforms" [_thread_blocked, id=13436, stack(0x0000007b12f00000,0x0000007b13000000)]
  0x000001a058097800 JavaThread "Cache worker for file content cache (C:\Users\Eddo Yulianda\.gradle\caches\7.0.2\fileContent)" [_thread_blocked, id=11720, stack(0x0000007b13000000,0x0000007b13100000)]
  0x000001a058092800 JavaThread "jar transforms Thread 2" [_thread_blocked, id=2976, stack(0x0000007b12e00000,0x0000007b12f00000)]
  0x000001a058099000 JavaThread "Cache worker for dependencies-accessors (C:\Users\Eddo Yulianda\AndroidStudioProjects\PresensiOnlinePNP\.gradle\7.0.2\dependencies-accessors)" [_thread_blocked, id=10936, stack(0x0000007b13100000,0x0000007b13200000)]
  0x000001a058093800 JavaThread "jar transforms Thread 3" [_thread_blocked, id=14404, stack(0x0000007b13200000,0x0000007b13300000)]
  0x000001a05809d000 JavaThread "Cache worker for Build Output Cleanup Cache (C:\Users\Eddo Yulianda\AndroidStudioProjects\PresensiOnlinePNP\.gradle\buildOutputCleanup)" [_thread_blocked, id=12048, stack(0x0000007b13300000,0x0000007b13400000)]
  0x000001a05809a800 JavaThread "Build operations" [_thread_blocked, id=2800, stack(0x0000007b13400000,0x0000007b13500000)]
  0x000001a05809b800 JavaThread "Build operations Thread 2" [_thread_blocked, id=7604, stack(0x0000007b13500000,0x0000007b13600000)]
  0x000001a05809c800 JavaThread "Build operations Thread 3" [_thread_blocked, id=4608, stack(0x0000007b13600000,0x0000007b13700000)]
  0x000001a05809e000 JavaThread "Build operations Thread 4" [_thread_blocked, id=10380, stack(0x0000007b13700000,0x0000007b13800000)]
  0x000001a05809f000 JavaThread "jar transforms Thread 4" [_thread_blocked, id=1768, stack(0x0000007b13900000,0x0000007b13a00000)]
  0x000001a05809f800 JavaThread "Memory manager" [_thread_blocked, id=1908, stack(0x0000007b13800000,0x0000007b13900000)]
  0x000001a0580a0800 JavaThread "build event listener" [_thread_blocked, id=9540, stack(0x0000007b10300000,0x0000007b10400000)]
  0x000001a0580a1000 JavaThread "Execution worker for ':'" [_thread_blocked, id=13892, stack(0x0000007b10500000,0x0000007b10600000)]
  0x000001a05fd88800 JavaThread "Execution worker for ':' Thread 2" [_thread_blocked, id=14240, stack(0x0000007b13c00000,0x0000007b13d00000)]
  0x000001a05fd87800 JavaThread "Execution worker for ':' Thread 3" [_thread_blocked, id=10512, stack(0x0000007b13d00000,0x0000007b13e00000)]
  0x000001a05fd8c800 JavaThread "Cache worker for execution history cache (C:\Users\Eddo Yulianda\AndroidStudioProjects\PresensiOnlinePNP\.gradle\7.0.2\executionHistory)" [_thread_blocked, id=10468, stack(0x0000007b13e00000,0x0000007b13f00000)]
  0x000001a05fd8d800 JavaThread "WorkerExecutor Queue" [_thread_blocked, id=10596, stack(0x0000007b12100000,0x0000007b12200000)]
  0x000001a05fd8e800 JavaThread "WorkerExecutor Queue Thread 2" [_thread_blocked, id=5596, stack(0x0000007b13f00000,0x0000007b14000000)]
  0x000001a05fd8f000 JavaThread "WorkerExecutor Queue Thread 3" [_thread_blocked, id=11204, stack(0x0000007b14000000,0x0000007b14100000)]
  0x000001a05fd89800 JavaThread "WorkerExecutor Queue Thread 4" [_thread_blocked, id=7120, stack(0x0000007b14100000,0x0000007b14200000)]
  0x000001a05fd90000 JavaThread "pool-3-thread-1" [_thread_blocked, id=5876, stack(0x0000007b14200000,0x0000007b14300000)]
  0x000001a05fd8a000 JavaThread "stderr" [_thread_in_native, id=5836, stack(0x0000007b14300000,0x0000007b14400000)]
  0x000001a05fd8b000 JavaThread "stdout" [_thread_in_native, id=6456, stack(0x0000007b14400000,0x0000007b14500000)]
  0x000001a05fd96800 JavaThread "ForkJoinPool-1-worker-3" daemon [_thread_blocked, id=12752, stack(0x0000007b14600000,0x0000007b14700000)]
  0x000001a05fd92800 JavaThread "ForkJoinPool-1-worker-5" daemon [_thread_blocked, id=9336, stack(0x0000007b14700000,0x0000007b14800000)]
  0x000001a05fd91800 JavaThread "ForkJoinPool-1-worker-1" daemon [_thread_blocked, id=2404, stack(0x0000007b14800000,0x0000007b14900000)]
  0x000001a05fd93000 JavaThread "ForkJoinPool-1-worker-7" daemon [_thread_blocked, id=14564, stack(0x0000007b14900000,0x0000007b14a00000)]
  0x000001a059d01800 JavaThread "C2 CompilerThread1" daemon [_thread_in_native, id=13912, stack(0x0000007b14a00000,0x0000007b14b00000)]

Other Threads:
  0x000001a05660a000 VMThread "VM Thread" [stack: 0x0000007b10c00000,0x0000007b10d00000] [id=1236]
  0x000001a0570f1000 WatcherThread [stack: 0x0000007b11600000,0x0000007b11700000] [id=7424]
  0x000001a03ca45000 GCTaskThread "GC Thread#0" [stack: 0x0000007b10700000,0x0000007b10800000] [id=13100]
  0x000001a057c12000 GCTaskThread "GC Thread#1" [stack: 0x0000007b11800000,0x0000007b11900000] [id=11340]
  0x000001a057bba000 GCTaskThread "GC Thread#2" [stack: 0x0000007b11900000,0x0000007b11a00000] [id=15288]
  0x000001a059084000 GCTaskThread "GC Thread#3" [stack: 0x0000007b12300000,0x0000007b12400000] [id=2876]
  0x000001a03ca75800 ConcurrentGCThread "G1 Main Marker" [stack: 0x0000007b10800000,0x0000007b10900000] [id=4952]
  0x000001a03ca76800 ConcurrentGCThread "G1 Conc#0" [stack: 0x0000007b10900000,0x0000007b10a00000] [id=10388]
  0x000001a03cb0a800 ConcurrentGCThread "G1 Refine#0" [stack: 0x0000007b10a00000,0x0000007b10b00000] [id=9148]
  0x000001a05df6b000 ConcurrentGCThread "G1 Refine#1" [stack: 0x0000007b10400000,0x0000007b10500000] [id=764]
  0x000001a060083000 ConcurrentGCThread "G1 Refine#2" [stack: 0x0000007b14500000,0x0000007b14600000] [id=4356]
  0x000001a03cb0b800 ConcurrentGCThread "G1 Young RemSet Sampling" [stack: 0x0000007b10b00000,0x0000007b10c00000] [id=7188]

Threads with active compile tasks:
C2 CompilerThread0  93643 11514       4       com.android.tools.r8.code.w1::a (4137 bytes)
C1 CompilerThread0  93643 11594       3       com.android.tools.r8.graph.m::a (100 bytes)
C2 CompilerThread1  93643 11568 %     4       com.android.tools.r8.dex.j::a @ 315 (1038 bytes)

VM state:at safepoint (normal execution)

VM Mutex/Monitor currently owned by a thread:  ([mutex/lock_event])
[0x000001a03ca2ab80] Threads_lock - owner thread: 0x000001a05660a000
[0x000001a03ca2b750] Heap_lock - owner thread: 0x000001a05fd8f000

Heap address: 0x0000000080000000, size: 2048 MB, Compressed Oops mode: 32-bit
Narrow klass base: 0x0000000000000000, Narrow klass shift: 3
Compressed class space size: 1073741824 Address: 0x0000000100000000

Heap:
 garbage-first heap   total 376832K, used 238080K [0x0000000080000000, 0x0000000100000000)
  region size 1024K, 4 young (4096K), 4 survivors (4096K)
 Metaspace       used 93658K, capacity 96049K, committed 96256K, reserved 1132544K
  class space    used 12244K, capacity 13054K, committed 13056K, reserved 1048576K
Heap Regions: E=young(eden), S=young(survivor), O=old, HS=humongous(starts), HC=humongous(continues), CS=collection set, F=free, A=archive, TAMS=top-at-mark-start (previous, next)
|   0|0x0000000080000000, 0x0000000080100000, 0x0000000080100000|100%|HS|  |TAMS 0x0000000080100000, 0x0000000080000000| Complete 
|   1|0x0000000080100000, 0x0000000080200000, 0x0000000080200000|100%|HC|  |TAMS 0x0000000080200000, 0x0000000080100000| Complete 
|   2|0x0000000080200000, 0x0000000080300000, 0x0000000080300000|100%|HC|  |TAMS 0x0000000080300000, 0x0000000080200000| Complete 
|   3|0x0000000080300000, 0x0000000080400000, 0x0000000080400000|100%| O|  |TAMS 0x0000000080400000, 0x0000000080300000| Untracked 
|   4|0x0000000080400000, 0x0000000080500000, 0x0000000080500000|100%| O|  |TAMS 0x0000000080500000, 0x0000000080400000| Untracked 
|   5|0x0000000080500000, 0x0000000080600000, 0x0000000080600000|100%| O|  |TAMS 0x0000000080600000, 0x0000000080500000| Untracked 
|   6|0x0000000080600000, 0x0000000080700000, 0x0000000080700000|100%| O|  |TAMS 0x0000000080700000, 0x0000000080600000| Untracked 
|   7|0x0000000080700000, 0x0000000080800000, 0x0000000080800000|100%| O|  |TAMS 0x0000000080800000, 0x0000000080700000| Untracked 
|   8|0x0000000080800000, 0x0000000080900000, 0x0000000080900000|100%| O|  |TAMS 0x0000000080900000, 0x0000000080800000| Untracked 
|   9|0x0000000080900000, 0x0000000080a00000, 0x0000000080a00000|100%| O|  |TAMS 0x0000000080a00000, 0x0000000080900000| Untracked 
|  10|0x0000000080a00000, 0x0000000080b00000, 0x0000000080b00000|100%| O|  |TAMS 0x0000000080b00000, 0x0000000080a00000| Untracked 
|  11|0x0000000080b00000, 0x0000000080c00000, 0x0000000080c00000|100%| O|  |TAMS 0x0000000080c00000, 0x0000000080b00000| Untracked 
|  12|0x0000000080c00000, 0x0000000080d00000, 0x0000000080d00000|100%| O|  |TAMS 0x0000000080d00000, 0x0000000080c00000| Untracked 
|  13|0x0000000080d00000, 0x0000000080e00000, 0x0000000080e00000|100%| O|  |TAMS 0x0000000080e00000, 0x0000000080d00000| Untracked 
|  14|0x0000000080e00000, 0x0000000080f00000, 0x0000000080f00000|100%|HS|  |TAMS 0x0000000080f00000, 0x0000000080e00000| Complete 
|  15|0x0000000080f00000, 0x0000000081000000, 0x0000000081000000|100%| O|  |TAMS 0x0000000081000000, 0x0000000080f00000| Untracked 
|  16|0x0000000081000000, 0x0000000081100000, 0x0000000081100000|100%| O|  |TAMS 0x0000000081100000, 0x0000000081000000| Untracked 
|  17|0x0000000081100000, 0x0000000081200000, 0x0000000081200000|100%| O|  |TAMS 0x0000000081200000, 0x0000000081100000| Untracked 
|  18|0x0000000081200000, 0x0000000081300000, 0x0000000081300000|100%| O|  |TAMS 0x0000000081300000, 0x0000000081200000| Untracked 
|  19|0x0000000081300000, 0x0000000081400000, 0x0000000081400000|100%| O|  |TAMS 0x0000000081400000, 0x0000000081300000| Untracked 
|  20|0x0000000081400000, 0x0000000081500000, 0x0000000081500000|100%| O|  |TAMS 0x0000000081500000, 0x0000000081400000| Untracked 
|  21|0x0000000081500000, 0x0000000081600000, 0x0000000081600000|100%| O|  |TAMS 0x0000000081600000, 0x0000000081500000| Untracked 
|  22|0x0000000081600000, 0x0000000081700000, 0x0000000081700000|100%| O|  |TAMS 0x0000000081700000, 0x0000000081600000| Untracked 
|  23|0x0000000081700000, 0x0000000081800000, 0x0000000081800000|100%| O|  |TAMS 0x0000000081800000, 0x0000000081700000| Untracked 
|  24|0x0000000081800000, 0x0000000081900000, 0x0000000081900000|100%| O|  |TAMS 0x0000000081900000, 0x0000000081800000| Untracked 
|  25|0x0000000081900000, 0x0000000081a00000, 0x0000000081a00000|100%| O|  |TAMS 0x0000000081a00000, 0x0000000081900000| Untracked 
|  26|0x0000000081a00000, 0x0000000081b00000, 0x0000000081b00000|100%| O|  |TAMS 0x0000000081b00000, 0x0000000081a00000| Untracked 
|  27|0x0000000081b00000, 0x0000000081c00000, 0x0000000081c00000|100%| O|  |TAMS 0x0000000081c00000, 0x0000000081b00000| Untracked 
|  28|0x0000000081c00000, 0x0000000081d00000, 0x0000000081d00000|100%|HS|  |TAMS 0x0000000081d00000, 0x0000000081c00000| Complete 
|  29|0x0000000081d00000, 0x0000000081e00000, 0x0000000081e00000|100%|HS|  |TAMS 0x0000000081e00000, 0x0000000081d00000| Complete 
|  30|0x0000000081e00000, 0x0000000081f00000, 0x0000000081f00000|100%|HS|  |TAMS 0x0000000081f00000, 0x0000000081e00000| Complete 
|  31|0x0000000081f00000, 0x0000000082000000, 0x0000000082000000|100%|HC|  |TAMS 0x0000000082000000, 0x0000000081f00000| Complete 
|  32|0x0000000082000000, 0x0000000082100000, 0x0000000082100000|100%|HC|  |TAMS 0x0000000082100000, 0x0000000082000000| Complete 
|  33|0x0000000082100000, 0x0000000082200000, 0x0000000082200000|100%|HS|  |TAMS 0x0000000082200000, 0x0000000082100000| Complete 
|  34|0x0000000082200000, 0x0000000082300000, 0x0000000082300000|100%|HC|  |TAMS 0x0000000082300000, 0x0000000082200000| Complete 
|  35|0x0000000082300000, 0x0000000082400000, 0x0000000082400000|100%| O|  |TAMS 0x0000000082400000, 0x0000000082300000| Untracked 
|  36|0x0000000082400000, 0x0000000082500000, 0x0000000082500000|100%| O|  |TAMS 0x0000000082500000, 0x0000000082400000| Untracked 
|  37|0x0000000082500000, 0x0000000082600000, 0x0000000082600000|100%| O|  |TAMS 0x0000000082600000, 0x0000000082500000| Untracked 
|  38|0x0000000082600000, 0x0000000082700000, 0x0000000082700000|100%| O|  |TAMS 0x0000000082700000, 0x0000000082600000| Untracked 
|  39|0x0000000082700000, 0x0000000082800000, 0x0000000082800000|100%| O|  |TAMS 0x0000000082800000, 0x0000000082700000| Untracked 
|  40|0x0000000082800000, 0x0000000082900000, 0x0000000082900000|100%| O|  |TAMS 0x0000000082900000, 0x0000000082800000| Untracked 
|  41|0x0000000082900000, 0x0000000082a00000, 0x0000000082a00000|100%| O|  |TAMS 0x0000000082a00000, 0x0000000082900000| Untracked 
|  42|0x0000000082a00000, 0x0000000082b00000, 0x0000000082b00000|100%| O|  |TAMS 0x0000000082b00000, 0x0000000082a00000| Untracked 
|  43|0x0000000082b00000, 0x0000000082c00000, 0x0000000082c00000|100%| O|  |TAMS 0x0000000082c00000, 0x0000000082b00000| Untracked 
|  44|0x0000000082c00000, 0x0000000082d00000, 0x0000000082d00000|100%| O|  |TAMS 0x0000000082d00000, 0x0000000082c00000| Untracked 
|  45|0x0000000082d00000, 0x0000000082e00000, 0x0000000082e00000|100%| O|  |TAMS 0x0000000082e00000, 0x0000000082d00000| Untracked 
|  46|0x0000000082e00000, 0x0000000082f00000, 0x0000000082f00000|100%| O|  |TAMS 0x0000000082f00000, 0x0000000082e00000| Untracked 
|  47|0x0000000082f00000, 0x0000000083000000, 0x0000000083000000|100%| O|  |TAMS 0x0000000083000000, 0x0000000082f00000| Untracked 
|  48|0x0000000083000000, 0x0000000083100000, 0x0000000083100000|100%| O|  |TAMS 0x0000000083100000, 0x0000000083000000| Untracked 
|  49|0x0000000083100000, 0x0000000083200000, 0x0000000083200000|100%| O|  |TAMS 0x0000000083200000, 0x0000000083100000| Untracked 
|  50|0x0000000083200000, 0x0000000083300000, 0x0000000083300000|100%| O|  |TAMS 0x0000000083300000, 0x0000000083200000| Untracked 
|  51|0x0000000083300000, 0x0000000083400000, 0x0000000083400000|100%| O|  |TAMS 0x0000000083400000, 0x0000000083300000| Untracked 
|  52|0x0000000083400000, 0x0000000083500000, 0x0000000083500000|100%| O|  |TAMS 0x0000000083500000, 0x0000000083400000| Untracked 
|  53|0x0000000083500000, 0x0000000083600000, 0x0000000083600000|100%| O|  |TAMS 0x0000000083600000, 0x0000000083500000| Untracked 
|  54|0x0000000083600000, 0x0000000083700000, 0x0000000083700000|100%| O|  |TAMS 0x0000000083700000, 0x0000000083600000| Untracked 
|  55|0x0000000083700000, 0x0000000083800000, 0x0000000083800000|100%| O|  |TAMS 0x0000000083800000, 0x0000000083700000| Untracked 
|  56|0x0000000083800000, 0x0000000083900000, 0x0000000083900000|100%| O|  |TAMS 0x0000000083900000, 0x0000000083800000| Untracked 
|  57|0x0000000083900000, 0x0000000083a00000, 0x0000000083a00000|100%| O|  |TAMS 0x0000000083a00000, 0x0000000083900000| Untracked 
|  58|0x0000000083a00000, 0x0000000083b00000, 0x0000000083b00000|100%| O|  |TAMS 0x0000000083b00000, 0x0000000083a00000| Untracked 
|  59|0x0000000083b00000, 0x0000000083c00000, 0x0000000083c00000|100%| O|  |TAMS 0x0000000083c00000, 0x0000000083b00000| Untracked 
|  60|0x0000000083c00000, 0x0000000083d00000, 0x0000000083d00000|100%| O|  |TAMS 0x0000000083d00000, 0x0000000083c00000| Untracked 
|  61|0x0000000083d00000, 0x0000000083e00000, 0x0000000083e00000|100%| O|  |TAMS 0x0000000083e00000, 0x0000000083d00000| Untracked 
|  62|0x0000000083e00000, 0x0000000083f00000, 0x0000000083f00000|100%| O|  |TAMS 0x0000000083f00000, 0x0000000083e00000| Untracked 
|  63|0x0000000083f00000, 0x0000000084000000, 0x0000000084000000|100%| O|  |TAMS 0x0000000084000000, 0x0000000083f00000| Untracked 
|  64|0x0000000084000000, 0x0000000084100000, 0x0000000084100000|100%| O|  |TAMS 0x0000000084100000, 0x0000000084000000| Untracked 
|  65|0x0000000084100000, 0x0000000084200000, 0x0000000084200000|100%| O|  |TAMS 0x0000000084200000, 0x0000000084100000| Untracked 
|  66|0x0000000084200000, 0x0000000084300000, 0x0000000084300000|100%| O|  |TAMS 0x0000000084300000, 0x0000000084200000| Untracked 
|  67|0x0000000084300000, 0x0000000084400000, 0x0000000084400000|100%| O|  |TAMS 0x0000000084400000, 0x0000000084300000| Untracked 
|  68|0x0000000084400000, 0x0000000084500000, 0x0000000084500000|100%| O|  |TAMS 0x0000000084500000, 0x0000000084400000| Untracked 
|  69|0x0000000084500000, 0x0000000084600000, 0x0000000084600000|100%| O|  |TAMS 0x0000000084600000, 0x0000000084500000| Untracked 
|  70|0x0000000084600000, 0x0000000084700000, 0x0000000084700000|100%| O|  |TAMS 0x0000000084700000, 0x0000000084600000| Untracked 
|  71|0x0000000084700000, 0x0000000084800000, 0x0000000084800000|100%| O|  |TAMS 0x0000000084800000, 0x0000000084700000| Untracked 
|  72|0x0000000084800000, 0x0000000084900000, 0x0000000084900000|100%| O|  |TAMS 0x0000000084900000, 0x0000000084800000| Untracked 
|  73|0x0000000084900000, 0x0000000084a00000, 0x0000000084a00000|100%| O|  |TAMS 0x0000000084a00000, 0x0000000084900000| Untracked 
|  74|0x0000000084a00000, 0x0000000084b00000, 0x0000000084b00000|100%| O|  |TAMS 0x0000000084b00000, 0x0000000084a00000| Untracked 
|  75|0x0000000084b00000, 0x0000000084c00000, 0x0000000084c00000|100%| O|  |TAMS 0x0000000084c00000, 0x0000000084b00000| Untracked 
|  76|0x0000000084c00000, 0x0000000084d00000, 0x0000000084d00000|100%| O|  |TAMS 0x0000000084d00000, 0x0000000084c00000| Untracked 
|  77|0x0000000084d00000, 0x0000000084e00000, 0x0000000084e00000|100%| O|  |TAMS 0x0000000084e00000, 0x0000000084d00000| Untracked 
|  78|0x0000000084e00000, 0x0000000084f00000, 0x0000000084f00000|100%| O|  |TAMS 0x0000000084f00000, 0x0000000084e00000| Untracked 
|  79|0x0000000084f00000, 0x0000000085000000, 0x0000000085000000|100%| O|  |TAMS 0x0000000085000000, 0x0000000084f00000| Untracked 
|  80|0x0000000085000000, 0x0000000085100000, 0x0000000085100000|100%| O|  |TAMS 0x0000000085100000, 0x0000000085000000| Untracked 
|  81|0x0000000085100000, 0x0000000085200000, 0x0000000085200000|100%| O|  |TAMS 0x0000000085200000, 0x0000000085100000| Untracked 
|  82|0x0000000085200000, 0x0000000085300000, 0x0000000085300000|100%| O|  |TAMS 0x0000000085300000, 0x0000000085200000| Untracked 
|  83|0x0000000085300000, 0x0000000085400000, 0x0000000085400000|100%| O|  |TAMS 0x0000000085400000, 0x0000000085300000| Untracked 
|  84|0x0000000085400000, 0x0000000085500000, 0x0000000085500000|100%|HS|  |TAMS 0x0000000085500000, 0x0000000085400000| Complete 
|  85|0x0000000085500000, 0x0000000085600000, 0x0000000085600000|100%|HC|  |TAMS 0x0000000085600000, 0x0000000085500000| Complete 
|  86|0x0000000085600000, 0x0000000085700000, 0x0000000085700000|100%|HS|  |TAMS 0x0000000085700000, 0x0000000085600000| Complete 
|  87|0x0000000085700000, 0x0000000085800000, 0x0000000085800000|100%|HS|  |TAMS 0x0000000085800000, 0x0000000085700000| Complete 
|  88|0x0000000085800000, 0x0000000085900000, 0x0000000085900000|100%|HS|  |TAMS 0x0000000085900000, 0x0000000085800000| Complete 
|  89|0x0000000085900000, 0x0000000085a00000, 0x0000000085a00000|100%|HS|  |TAMS 0x0000000085a00000, 0x0000000085900000| Complete 
|  90|0x0000000085a00000, 0x0000000085b00000, 0x0000000085b00000|100%|HS|  |TAMS 0x0000000085b00000, 0x0000000085a00000| Complete 
|  91|0x0000000085b00000, 0x0000000085c00000, 0x0000000085c00000|100%|HC|  |TAMS 0x0000000085c00000, 0x0000000085b00000| Complete 
|  92|0x0000000085c00000, 0x0000000085d00000, 0x0000000085d00000|100%|HS|  |TAMS 0x0000000085d00000, 0x0000000085c00000| Complete 
|  93|0x0000000085d00000, 0x0000000085e00000, 0x0000000085e00000|100%|HS|  |TAMS 0x0000000085e00000, 0x0000000085d00000| Complete 
|  94|0x0000000085e00000, 0x0000000085f00000, 0x0000000085f00000|100%|HC|  |TAMS 0x0000000085f00000, 0x0000000085e00000| Complete 
|  95|0x0000000085f00000, 0x0000000086000000, 0x0000000086000000|100%|HC|  |TAMS 0x0000000086000000, 0x0000000085f00000| Complete 
|  96|0x0000000086000000, 0x0000000086100000, 0x0000000086100000|100%|HS|  |TAMS 0x0000000086100000, 0x0000000086000000| Complete 
|  97|0x0000000086100000, 0x0000000086200000, 0x0000000086200000|100%|HC|  |TAMS 0x0000000086200000, 0x0000000086100000| Complete 
|  98|0x0000000086200000, 0x0000000086300000, 0x0000000086300000|100%| O|  |TAMS 0x0000000086300000, 0x0000000086200000| Untracked 
|  99|0x0000000086300000, 0x0000000086400000, 0x0000000086400000|100%| O|  |TAMS 0x0000000086400000, 0x0000000086300000| Untracked 
| 100|0x0000000086400000, 0x0000000086500000, 0x0000000086500000|100%| O|  |TAMS 0x0000000086500000, 0x0000000086400000| Untracked 
| 101|0x0000000086500000, 0x0000000086600000, 0x0000000086600000|100%| O|  |TAMS 0x0000000086600000, 0x0000000086500000| Untracked 
| 102|0x0000000086600000, 0x0000000086700000, 0x0000000086700000|100%| O|  |TAMS 0x0000000086700000, 0x0000000086600000| Untracked 
| 103|0x0000000086700000, 0x0000000086800000, 0x0000000086800000|100%| O|  |TAMS 0x0000000086800000, 0x0000000086700000| Untracked 
| 104|0x0000000086800000, 0x0000000086900000, 0x0000000086900000|100%| O|  |TAMS 0x0000000086900000, 0x0000000086800000| Untracked 
| 105|0x0000000086900000, 0x0000000086a00000, 0x0000000086a00000|100%| O|  |TAMS 0x0000000086a00000, 0x0000000086900000| Untracked 
| 106|0x0000000086a00000, 0x0000000086b00000, 0x0000000086b00000|100%|HS|  |TAMS 0x0000000086b00000, 0x0000000086a00000| Complete 
| 107|0x0000000086b00000, 0x0000000086c00000, 0x0000000086c00000|100%|HC|  |TAMS 0x0000000086c00000, 0x0000000086b00000| Complete 
| 108|0x0000000086c00000, 0x0000000086d00000, 0x0000000086d00000|100%|HS|  |TAMS 0x0000000086d00000, 0x0000000086c00000| Complete 
| 109|0x0000000086d00000, 0x0000000086e00000, 0x0000000086e00000|100%| O|  |TAMS 0x0000000086e00000, 0x0000000086d00000| Untracked 
| 110|0x0000000086e00000, 0x0000000086f00000, 0x0000000086f00000|100%|HS|  |TAMS 0x0000000086f00000, 0x0000000086e00000| Complete 
| 111|0x0000000086f00000, 0x0000000087000000, 0x0000000087000000|100%| O|  |TAMS 0x0000000087000000, 0x0000000086f00000| Untracked 
| 112|0x0000000087000000, 0x0000000087100000, 0x0000000087100000|100%|HS|  |TAMS 0x0000000087100000, 0x0000000087000000| Complete 
| 113|0x0000000087100000, 0x0000000087200000, 0x0000000087200000|100%| O|  |TAMS 0x0000000087200000, 0x0000000087100000| Untracked 
| 114|0x0000000087200000, 0x0000000087300000, 0x0000000087300000|100%|HS|  |TAMS 0x0000000087300000, 0x0000000087200000| Complete 
| 115|0x0000000087300000, 0x0000000087400000, 0x0000000087400000|100%| O|  |TAMS 0x0000000087400000, 0x0000000087300000| Untracked 
| 116|0x0000000087400000, 0x0000000087500000, 0x0000000087500000|100%| O|  |TAMS 0x0000000087500000, 0x0000000087400000| Untracked 
| 117|0x0000000087500000, 0x0000000087600000, 0x0000000087600000|100%|HS|  |TAMS 0x0000000087600000, 0x0000000087500000| Complete 
| 118|0x0000000087600000, 0x0000000087700000, 0x0000000087700000|100%|HC|  |TAMS 0x0000000087700000, 0x0000000087600000| Complete 
| 119|0x0000000087700000, 0x0000000087800000, 0x0000000087800000|100%| O|  |TAMS 0x0000000087800000, 0x0000000087700000| Untracked 
| 120|0x0000000087800000, 0x0000000087900000, 0x0000000087900000|100%|HS|  |TAMS 0x0000000087900000, 0x0000000087800000| Complete 
| 121|0x0000000087900000, 0x0000000087a00000, 0x0000000087a00000|100%| O|  |TAMS 0x0000000087a00000, 0x0000000087900000| Untracked 
| 122|0x0000000087a00000, 0x0000000087b00000, 0x0000000087b00000|100%| O|  |TAMS 0x0000000087b00000, 0x0000000087a00000| Untracked 
| 123|0x0000000087b00000, 0x0000000087c00000, 0x0000000087c00000|100%| O|  |TAMS 0x0000000087c00000, 0x0000000087b00000| Untracked 
| 124|0x0000000087c00000, 0x0000000087d00000, 0x0000000087d00000|100%| O|  |TAMS 0x0000000087d00000, 0x0000000087c00000| Untracked 
| 125|0x0000000087d00000, 0x0000000087e00000, 0x0000000087e00000|100%|HS|  |TAMS 0x0000000087e00000, 0x0000000087d00000| Complete 
| 126|0x0000000087e00000, 0x0000000087f00000, 0x0000000087f00000|100%| O|  |TAMS 0x0000000087f00000, 0x0000000087e00000| Untracked 
| 127|0x0000000087f00000, 0x0000000088000000, 0x0000000088000000|100%| O|  |TAMS 0x0000000088000000, 0x0000000087f00000| Untracked 
| 128|0x0000000088000000, 0x0000000088100000, 0x0000000088100000|100%| O|  |TAMS 0x0000000088100000, 0x0000000088000000| Untracked 
| 129|0x0000000088100000, 0x0000000088200000, 0x0000000088200000|100%| O|  |TAMS 0x0000000088200000, 0x0000000088100000| Untracked 
| 130|0x0000000088200000, 0x0000000088300000, 0x0000000088300000|100%| O|  |TAMS 0x0000000088300000, 0x0000000088200000| Untracked 
| 131|0x0000000088300000, 0x0000000088400000, 0x0000000088400000|100%|HS|  |TAMS 0x0000000088400000, 0x0000000088300000| Complete 
| 132|0x0000000088400000, 0x0000000088500000, 0x0000000088500000|100%|HC|  |TAMS 0x0000000088500000, 0x0000000088400000| Complete 
| 133|0x0000000088500000, 0x0000000088600000, 0x0000000088600000|100%|HC|  |TAMS 0x0000000088600000, 0x0000000088500000| Complete 
| 134|0x0000000088600000, 0x0000000088700000, 0x0000000088700000|100%|HS|  |TAMS 0x0000000088700000, 0x0000000088600000| Complete 
| 135|0x0000000088700000, 0x0000000088800000, 0x0000000088800000|100%|HC|  |TAMS 0x0000000088800000, 0x0000000088700000| Complete 
| 136|0x0000000088800000, 0x0000000088900000, 0x0000000088900000|100%| O|  |TAMS 0x0000000088900000, 0x0000000088800000| Untracked 
| 137|0x0000000088900000, 0x0000000088a00000, 0x0000000088a00000|100%|HS|  |TAMS 0x0000000088a00000, 0x0000000088900000| Complete 
| 138|0x0000000088a00000, 0x0000000088b00000, 0x0000000088b00000|100%| O|  |TAMS 0x0000000088b00000, 0x0000000088a00000| Untracked 
| 139|0x0000000088b00000, 0x0000000088c00000, 0x0000000088c00000|100%| O|  |TAMS 0x0000000088c00000, 0x0000000088b00000| Untracked 
| 140|0x0000000088c00000, 0x0000000088d00000, 0x0000000088d00000|100%| O|  |TAMS 0x0000000088d00000, 0x0000000088c00000| Untracked 
| 141|0x0000000088d00000, 0x0000000088e00000, 0x0000000088e00000|100%| O|  |TAMS 0x0000000088e00000, 0x0000000088d00000| Untracked 
| 142|0x0000000088e00000, 0x0000000088f00000, 0x0000000088f00000|100%| O|  |TAMS 0x0000000088f00000, 0x0000000088e00000| Untracked 
| 143|0x0000000088f00000, 0x0000000089000000, 0x0000000089000000|100%| O|  |TAMS 0x0000000089000000, 0x0000000088f00000| Untracked 
| 144|0x0000000089000000, 0x0000000089100000, 0x0000000089100000|100%| O|  |TAMS 0x0000000089100000, 0x0000000089000000| Untracked 
| 145|0x0000000089100000, 0x0000000089200000, 0x0000000089200000|100%| O|  |TAMS 0x0000000089200000, 0x0000000089100000| Untracked 
| 146|0x0000000089200000, 0x0000000089300000, 0x0000000089300000|100%| O|  |TAMS 0x0000000089300000, 0x0000000089200000| Untracked 
| 147|0x0000000089300000, 0x0000000089400000, 0x0000000089400000|100%| O|  |TAMS 0x0000000089400000, 0x0000000089300000| Untracked 
| 148|0x0000000089400000, 0x0000000089500000, 0x0000000089500000|100%| O|  |TAMS 0x0000000089500000, 0x0000000089400000| Untracked 
| 149|0x0000000089500000, 0x0000000089600000, 0x0000000089600000|100%| O|  |TAMS 0x0000000089600000, 0x0000000089500000| Untracked 
| 150|0x0000000089600000, 0x0000000089700000, 0x0000000089700000|100%| O|  |TAMS 0x0000000089700000, 0x0000000089600000| Untracked 
| 151|0x0000000089700000, 0x0000000089800000, 0x0000000089800000|100%| O|  |TAMS 0x0000000089800000, 0x0000000089700000| Untracked 
| 152|0x0000000089800000, 0x0000000089900000, 0x0000000089900000|100%| O|  |TAMS 0x0000000089900000, 0x0000000089800000| Untracked 
| 153|0x0000000089900000, 0x0000000089a00000, 0x0000000089a00000|100%| O|  |TAMS 0x0000000089a00000, 0x0000000089900000| Untracked 
| 154|0x0000000089a00000, 0x0000000089b00000, 0x0000000089b00000|100%| O|  |TAMS 0x0000000089b00000, 0x0000000089a00000| Untracked 
| 155|0x0000000089b00000, 0x0000000089c00000, 0x0000000089c00000|100%| O|  |TAMS 0x0000000089c00000, 0x0000000089b00000| Untracked 
| 156|0x0000000089c00000, 0x0000000089d00000, 0x0000000089d00000|100%| O|  |TAMS 0x0000000089d00000, 0x0000000089c00000| Untracked 
| 157|0x0000000089d00000, 0x0000000089e00000, 0x0000000089e00000|100%| O|  |TAMS 0x0000000089e00000, 0x0000000089d00000| Untracked 
| 158|0x0000000089e00000, 0x0000000089f00000, 0x0000000089f00000|100%| O|  |TAMS 0x0000000089f00000, 0x0000000089e00000| Untracked 
| 159|0x0000000089f00000, 0x000000008a000000, 0x000000008a000000|100%| O|  |TAMS 0x000000008a000000, 0x0000000089f00000| Untracked 
| 160|0x000000008a000000, 0x000000008a100000, 0x000000008a100000|100%| O|  |TAMS 0x000000008a100000, 0x000000008a000000| Untracked 
| 161|0x000000008a100000, 0x000000008a200000, 0x000000008a200000|100%| O|  |TAMS 0x000000008a200000, 0x000000008a100000| Untracked 
| 162|0x000000008a200000, 0x000000008a300000, 0x000000008a300000|100%| O|  |TAMS 0x000000008a300000, 0x000000008a200000| Untracked 
| 163|0x000000008a300000, 0x000000008a400000, 0x000000008a400000|100%| O|  |TAMS 0x000000008a400000, 0x000000008a300000| Untracked 
| 164|0x000000008a400000, 0x000000008a500000, 0x000000008a500000|100%| O|  |TAMS 0x000000008a500000, 0x000000008a400000| Untracked 
| 165|0x000000008a500000, 0x000000008a600000, 0x000000008a600000|100%| O|  |TAMS 0x000000008a600000, 0x000000008a500000| Untracked 
| 166|0x000000008a600000, 0x000000008a700000, 0x000000008a700000|100%| O|  |TAMS 0x000000008a700000, 0x000000008a600000| Untracked 
| 167|0x000000008a700000, 0x000000008a800000, 0x000000008a800000|100%| O|  |TAMS 0x000000008a800000, 0x000000008a700000| Untracked 
| 168|0x000000008a800000, 0x000000008a900000, 0x000000008a900000|100%| O|  |TAMS 0x000000008a900000, 0x000000008a800000| Untracked 
| 169|0x000000008a900000, 0x000000008aa00000, 0x000000008aa00000|100%| O|  |TAMS 0x000000008aa00000, 0x000000008a900000| Untracked 
| 170|0x000000008aa00000, 0x000000008ab00000, 0x000000008ab00000|100%| O|  |TAMS 0x000000008ab00000, 0x000000008aa00000| Untracked 
| 171|0x000000008ab00000, 0x000000008ac00000, 0x000000008ac00000|100%| O|  |TAMS 0x000000008ac00000, 0x000000008ab00000| Untracked 
| 172|0x000000008ac00000, 0x000000008ad00000, 0x000000008ad00000|100%| O|  |TAMS 0x000000008ad00000, 0x000000008ac00000| Untracked 
| 173|0x000000008ad00000, 0x000000008ae00000, 0x000000008ae00000|100%| O|  |TAMS 0x000000008ae00000, 0x000000008ad00000| Untracked 
| 174|0x000000008ae00000, 0x000000008af00000, 0x000000008af00000|100%| O|  |TAMS 0x000000008af00000, 0x000000008ae00000| Untracked 
| 175|0x000000008af00000, 0x000000008b000000, 0x000000008b000000|100%| O|  |TAMS 0x000000008b000000, 0x000000008af00000| Untracked 
| 176|0x000000008b000000, 0x000000008b100000, 0x000000008b100000|100%| O|  |TAMS 0x000000008b100000, 0x000000008b000000| Untracked 
| 177|0x000000008b100000, 0x000000008b200000, 0x000000008b200000|100%| O|  |TAMS 0x000000008b200000, 0x000000008b100000| Untracked 
| 178|0x000000008b200000, 0x000000008b300000, 0x000000008b300000|100%| O|  |TAMS 0x000000008b300000, 0x000000008b200000| Untracked 
| 179|0x000000008b300000, 0x000000008b400000, 0x000000008b400000|100%| O|  |TAMS 0x000000008b400000, 0x000000008b300000| Untracked 
| 180|0x000000008b400000, 0x000000008b500000, 0x000000008b500000|100%| O|  |TAMS 0x000000008b500000, 0x000000008b400000| Untracked 
| 181|0x000000008b500000, 0x000000008b600000, 0x000000008b600000|100%| O|  |TAMS 0x000000008b600000, 0x000000008b500000| Untracked 
| 182|0x000000008b600000, 0x000000008b700000, 0x000000008b700000|100%| O|  |TAMS 0x000000008b700000, 0x000000008b600000| Untracked 
| 183|0x000000008b700000, 0x000000008b800000, 0x000000008b800000|100%| O|  |TAMS 0x000000008b700000, 0x000000008b700000| Untracked 
| 184|0x000000008b800000, 0x000000008b900000, 0x000000008b900000|100%| O|  |TAMS 0x000000008b800000, 0x000000008b800000| Untracked 
| 185|0x000000008b900000, 0x000000008ba00000, 0x000000008ba00000|100%| O|  |TAMS 0x000000008b900000, 0x000000008b900000| Untracked 
| 186|0x000000008ba00000, 0x000000008bb00000, 0x000000008bb00000|100%| O|  |TAMS 0x000000008ba00000, 0x000000008ba00000| Untracked 
| 187|0x000000008bb00000, 0x000000008bc00000, 0x000000008bc00000|100%| O|  |TAMS 0x000000008bb00000, 0x000000008bb00000| Untracked 
| 188|0x000000008bc00000, 0x000000008bd00000, 0x000000008bd00000|100%| O|  |TAMS 0x000000008bc00000, 0x000000008bc00000| Untracked 
| 189|0x000000008bd00000, 0x000000008be00000, 0x000000008be00000|100%| O|  |TAMS 0x000000008bd00000, 0x000000008bd00000| Untracked 
| 190|0x000000008be00000, 0x000000008bf00000, 0x000000008bf00000|100%| O|  |TAMS 0x000000008be00000, 0x000000008be00000| Untracked 
| 191|0x000000008bf00000, 0x000000008c000000, 0x000000008c000000|100%| O|  |TAMS 0x000000008bf00000, 0x000000008bf00000| Untracked 
| 192|0x000000008c000000, 0x000000008c100000, 0x000000008c100000|100%| O|  |TAMS 0x000000008c000000, 0x000000008c000000| Untracked 
| 193|0x000000008c100000, 0x000000008c200000, 0x000000008c200000|100%| O|  |TAMS 0x000000008c100000, 0x000000008c100000| Untracked 
| 194|0x000000008c200000, 0x000000008c300000, 0x000000008c300000|100%| O|  |TAMS 0x000000008c200000, 0x000000008c200000| Untracked 
| 195|0x000000008c300000, 0x000000008c400000, 0x000000008c400000|100%| O|  |TAMS 0x000000008c300000, 0x000000008c300000| Untracked 
| 196|0x000000008c400000, 0x000000008c500000, 0x000000008c500000|100%| O|  |TAMS 0x000000008c400000, 0x000000008c400000| Untracked 
| 197|0x000000008c500000, 0x000000008c600000, 0x000000008c600000|100%| O|  |TAMS 0x000000008c500000, 0x000000008c500000| Untracked 
| 198|0x000000008c600000, 0x000000008c700000, 0x000000008c700000|100%| O|  |TAMS 0x000000008c600000, 0x000000008c600000| Untracked 
| 199|0x000000008c700000, 0x000000008c800000, 0x000000008c800000|100%| O|  |TAMS 0x000000008c700000, 0x000000008c700000| Untracked 
| 200|0x000000008c800000, 0x000000008c900000, 0x000000008c900000|100%| O|  |TAMS 0x000000008c800000, 0x000000008c800000| Untracked 
| 201|0x000000008c900000, 0x000000008ca00000, 0x000000008ca00000|100%| O|  |TAMS 0x000000008c900000, 0x000000008c900000| Untracked 
| 202|0x000000008ca00000, 0x000000008cb00000, 0x000000008cb00000|100%| O|  |TAMS 0x000000008ca00000, 0x000000008ca00000| Untracked 
| 203|0x000000008cb00000, 0x000000008cc00000, 0x000000008cc00000|100%| O|  |TAMS 0x000000008cb00000, 0x000000008cb00000| Untracked 
| 204|0x000000008cc00000, 0x000000008cd00000, 0x000000008cd00000|100%| O|  |TAMS 0x000000008cc00000, 0x000000008cc00000| Untracked 
| 205|0x000000008cd00000, 0x000000008ce00000, 0x000000008ce00000|100%| O|  |TAMS 0x000000008cd00000, 0x000000008cd00000| Untracked 
| 206|0x000000008ce00000, 0x000000008cf00000, 0x000000008cf00000|100%| O|  |TAMS 0x000000008ce00000, 0x000000008ce00000| Untracked 
| 207|0x000000008cf00000, 0x000000008d000000, 0x000000008d000000|100%| O|  |TAMS 0x000000008cf00000, 0x000000008cf00000| Untracked 
| 208|0x000000008d000000, 0x000000008d100000, 0x000000008d100000|100%| O|  |TAMS 0x000000008d000000, 0x000000008d000000| Untracked 
| 209|0x000000008d100000, 0x000000008d200000, 0x000000008d200000|100%| O|  |TAMS 0x000000008d100000, 0x000000008d100000| Untracked 
| 210|0x000000008d200000, 0x000000008d300000, 0x000000008d300000|100%| O|  |TAMS 0x000000008d200000, 0x000000008d200000| Untracked 
| 211|0x000000008d300000, 0x000000008d400000, 0x000000008d400000|100%| O|  |TAMS 0x000000008d300000, 0x000000008d300000| Untracked 
| 212|0x000000008d400000, 0x000000008d500000, 0x000000008d500000|100%| O|  |TAMS 0x000000008d400000, 0x000000008d400000| Untracked 
| 213|0x000000008d500000, 0x000000008d600000, 0x000000008d600000|100%| O|  |TAMS 0x000000008d500000, 0x000000008d500000| Untracked 
| 214|0x000000008d600000, 0x000000008d700000, 0x000000008d700000|100%| O|  |TAMS 0x000000008d600000, 0x000000008d600000| Untracked 
| 215|0x000000008d700000, 0x000000008d800000, 0x000000008d800000|100%| O|  |TAMS 0x000000008d700000, 0x000000008d700000| Untracked 
| 216|0x000000008d800000, 0x000000008d900000, 0x000000008d900000|100%| O|  |TAMS 0x000000008d800000, 0x000000008d800000| Untracked 
| 217|0x000000008d900000, 0x000000008da00000, 0x000000008da00000|100%| O|  |TAMS 0x000000008d900000, 0x000000008d900000| Untracked 
| 218|0x000000008da00000, 0x000000008db00000, 0x000000008db00000|100%| O|  |TAMS 0x000000008da00000, 0x000000008da00000| Untracked 
| 219|0x000000008db00000, 0x000000008dc00000, 0x000000008dc00000|100%| O|  |TAMS 0x000000008db00000, 0x000000008db00000| Untracked 
| 220|0x000000008dc00000, 0x000000008dd00000, 0x000000008dd00000|100%| O|  |TAMS 0x000000008dc00000, 0x000000008dc00000| Untracked 
| 221|0x000000008dd00000, 0x000000008de00000, 0x000000008de00000|100%| O|  |TAMS 0x000000008dd00000, 0x000000008dd00000| Untracked 
| 222|0x000000008de00000, 0x000000008df00000, 0x000000008df00000|100%| O|  |TAMS 0x000000008de00000, 0x000000008de00000| Untracked 
| 223|0x000000008df00000, 0x000000008e000000, 0x000000008e000000|100%| O|  |TAMS 0x000000008df00000, 0x000000008df00000| Untracked 
| 224|0x000000008e000000, 0x000000008e100000, 0x000000008e100000|100%| O|  |TAMS 0x000000008e000000, 0x000000008e000000| Untracked 
| 225|0x000000008e100000, 0x000000008e200000, 0x000000008e200000|100%| O|  |TAMS 0x000000008e100000, 0x000000008e100000| Untracked 
| 226|0x000000008e200000, 0x000000008e300000, 0x000000008e300000|100%| O|  |TAMS 0x000000008e200000, 0x000000008e200000| Untracked 
| 227|0x000000008e300000, 0x000000008e400000, 0x000000008e400000|100%| O|  |TAMS 0x000000008e300000, 0x000000008e300000| Untracked 
| 228|0x000000008e400000, 0x000000008e480000, 0x000000008e500000| 50%| O|  |TAMS 0x000000008e400000, 0x000000008e400000| Untracked 
| 229|0x000000008e500000, 0x000000008e500000, 0x000000008e600000|  0%| F|  |TAMS 0x000000008e500000, 0x000000008e500000| Untracked 
| 230|0x000000008e600000, 0x000000008e600000, 0x000000008e700000|  0%| F|  |TAMS 0x000000008e600000, 0x000000008e600000| Untracked 
| 231|0x000000008e700000, 0x000000008e700000, 0x000000008e800000|  0%| F|  |TAMS 0x000000008e700000, 0x000000008e700000| Untracked 
| 232|0x000000008e800000, 0x000000008e800000, 0x000000008e900000|  0%| F|  |TAMS 0x000000008e800000, 0x000000008e800000| Untracked 
| 233|0x000000008e900000, 0x000000008e900000, 0x000000008ea00000|  0%| F|  |TAMS 0x000000008e900000, 0x000000008e900000| Untracked 
| 234|0x000000008ea00000, 0x000000008ea00000, 0x000000008eb00000|  0%| F|  |TAMS 0x000000008ea00000, 0x000000008ea00000| Untracked 
| 235|0x000000008eb00000, 0x000000008eb00000, 0x000000008ec00000|  0%| F|  |TAMS 0x000000008eb00000, 0x000000008eb00000| Untracked 
| 236|0x000000008ec00000, 0x000000008ec00000, 0x000000008ed00000|  0%| F|  |TAMS 0x000000008ec00000, 0x000000008ec00000| Untracked 
| 237|0x000000008ed00000, 0x000000008ed00000, 0x000000008ee00000|  0%| F|  |TAMS 0x000000008ed00000, 0x000000008ed00000| Untracked 
| 238|0x000000008ee00000, 0x000000008ee00000, 0x000000008ef00000|  0%| F|  |TAMS 0x000000008ee00000, 0x000000008ee00000| Untracked 
| 239|0x000000008ef00000, 0x000000008ef00000, 0x000000008f000000|  0%| F|  |TAMS 0x000000008ef00000, 0x000000008ef00000| Untracked 
| 240|0x000000008f000000, 0x000000008f000000, 0x000000008f100000|  0%| F|  |TAMS 0x000000008f000000, 0x000000008f000000| Untracked 
| 241|0x000000008f100000, 0x000000008f100000, 0x000000008f200000|  0%| F|  |TAMS 0x000000008f100000, 0x000000008f100000| Untracked 
| 242|0x000000008f200000, 0x000000008f200000, 0x000000008f300000|  0%| F|  |TAMS 0x000000008f200000, 0x000000008f200000| Untracked 
| 243|0x000000008f300000, 0x000000008f300000, 0x000000008f400000|  0%| F|  |TAMS 0x000000008f300000, 0x000000008f300000| Untracked 
| 244|0x000000008f400000, 0x000000008f400000, 0x000000008f500000|  0%| F|  |TAMS 0x000000008f400000, 0x000000008f400000| Untracked 
| 245|0x000000008f500000, 0x000000008f500000, 0x000000008f600000|  0%| F|  |TAMS 0x000000008f500000, 0x000000008f500000| Untracked 
| 246|0x000000008f600000, 0x000000008f600000, 0x000000008f700000|  0%| F|  |TAMS 0x000000008f600000, 0x000000008f600000| Untracked 
| 247|0x000000008f700000, 0x000000008f700000, 0x000000008f800000|  0%| F|  |TAMS 0x000000008f700000, 0x000000008f700000| Untracked 
| 248|0x000000008f800000, 0x000000008f800000, 0x000000008f900000|  0%| F|  |TAMS 0x000000008f800000, 0x000000008f800000| Untracked 
| 249|0x000000008f900000, 0x000000008f900000, 0x000000008fa00000|  0%| F|  |TAMS 0x000000008f900000, 0x000000008f900000| Untracked 
| 250|0x000000008fa00000, 0x000000008fa00000, 0x000000008fb00000|  0%| F|  |TAMS 0x000000008fa00000, 0x000000008fa00000| Untracked 
| 251|0x000000008fb00000, 0x000000008fb00000, 0x000000008fc00000|  0%| F|  |TAMS 0x000000008fb00000, 0x000000008fb00000| Untracked 
| 252|0x000000008fc00000, 0x000000008fc00000, 0x000000008fd00000|  0%| F|  |TAMS 0x000000008fc00000, 0x000000008fc00000| Untracked 
| 253|0x000000008fd00000, 0x000000008fd00000, 0x000000008fe00000|  0%| F|  |TAMS 0x000000008fd00000, 0x000000008fd00000| Untracked 
| 254|0x000000008fe00000, 0x000000008fe00000, 0x000000008ff00000|  0%| F|  |TAMS 0x000000008fe00000, 0x000000008fe00000| Untracked 
| 255|0x000000008ff00000, 0x000000008ff00000, 0x0000000090000000|  0%| F|  |TAMS 0x000000008ff00000, 0x000000008ff00000| Untracked 
| 256|0x0000000090000000, 0x0000000090000000, 0x0000000090100000|  0%| F|  |TAMS 0x0000000090000000, 0x0000000090000000| Untracked 
| 257|0x0000000090100000, 0x0000000090100000, 0x0000000090200000|  0%| F|  |TAMS 0x0000000090100000, 0x0000000090100000| Untracked 
| 258|0x0000000090200000, 0x0000000090200000, 0x0000000090300000|  0%| F|  |TAMS 0x0000000090200000, 0x0000000090200000| Untracked 
| 259|0x0000000090300000, 0x0000000090300000, 0x0000000090400000|  0%| F|  |TAMS 0x0000000090300000, 0x0000000090300000| Untracked 
| 260|0x0000000090400000, 0x0000000090400000, 0x0000000090500000|  0%| F|  |TAMS 0x0000000090400000, 0x0000000090400000| Untracked 
| 261|0x0000000090500000, 0x0000000090500000, 0x0000000090600000|  0%| F|  |TAMS 0x0000000090500000, 0x0000000090500000| Untracked 
| 262|0x0000000090600000, 0x0000000090600000, 0x0000000090700000|  0%| F|  |TAMS 0x0000000090600000, 0x0000000090600000| Untracked 
| 263|0x0000000090700000, 0x0000000090700000, 0x0000000090800000|  0%| F|  |TAMS 0x0000000090700000, 0x0000000090700000| Untracked 
| 264|0x0000000090800000, 0x0000000090800000, 0x0000000090900000|  0%| F|  |TAMS 0x0000000090800000, 0x0000000090800000| Untracked 
| 265|0x0000000090900000, 0x0000000090900000, 0x0000000090a00000|  0%| F|  |TAMS 0x0000000090900000, 0x0000000090900000| Untracked 
| 266|0x0000000090a00000, 0x0000000090a00000, 0x0000000090b00000|  0%| F|  |TAMS 0x0000000090a00000, 0x0000000090a00000| Untracked 
| 267|0x0000000090b00000, 0x0000000090b00000, 0x0000000090c00000|  0%| F|  |TAMS 0x0000000090b00000, 0x0000000090b00000| Untracked 
| 268|0x0000000090c00000, 0x0000000090c00000, 0x0000000090d00000|  0%| F|  |TAMS 0x0000000090c00000, 0x0000000090c00000| Untracked 
| 269|0x0000000090d00000, 0x0000000090d00000, 0x0000000090e00000|  0%| F|  |TAMS 0x0000000090d00000, 0x0000000090d00000| Untracked 
| 270|0x0000000090e00000, 0x0000000090e00000, 0x0000000090f00000|  0%| F|  |TAMS 0x0000000090e00000, 0x0000000090e00000| Untracked 
| 271|0x0000000090f00000, 0x0000000090f00000, 0x0000000091000000|  0%| F|  |TAMS 0x0000000090f00000, 0x0000000090f00000| Untracked 
| 272|0x0000000091000000, 0x0000000091000000, 0x0000000091100000|  0%| F|  |TAMS 0x0000000091000000, 0x0000000091000000| Untracked 
| 273|0x0000000091100000, 0x0000000091100000, 0x0000000091200000|  0%| F|  |TAMS 0x0000000091100000, 0x0000000091100000| Untracked 
| 274|0x0000000091200000, 0x0000000091200000, 0x0000000091300000|  0%| F|  |TAMS 0x0000000091200000, 0x0000000091200000| Untracked 
| 275|0x0000000091300000, 0x0000000091300000, 0x0000000091400000|  0%| F|  |TAMS 0x0000000091300000, 0x0000000091300000| Untracked 
| 276|0x0000000091400000, 0x0000000091400000, 0x0000000091500000|  0%| F|  |TAMS 0x0000000091400000, 0x0000000091400000| Untracked 
| 277|0x0000000091500000, 0x0000000091500000, 0x0000000091600000|  0%| F|  |TAMS 0x0000000091500000, 0x0000000091500000| Untracked 
| 278|0x0000000091600000, 0x0000000091600000, 0x0000000091700000|  0%| F|  |TAMS 0x0000000091600000, 0x0000000091600000| Untracked 
| 279|0x0000000091700000, 0x0000000091800000, 0x0000000091800000|100%| S|CS|TAMS 0x0000000091700000, 0x0000000091700000| Complete 
| 280|0x0000000091800000, 0x0000000091900000, 0x0000000091900000|100%| S|CS|TAMS 0x0000000091800000, 0x0000000091800000| Complete 
| 281|0x0000000091900000, 0x0000000091a00000, 0x0000000091a00000|100%| S|CS|TAMS 0x0000000091900000, 0x0000000091900000| Complete 
| 282|0x0000000091a00000, 0x0000000091b00000, 0x0000000091b00000|100%| S|CS|TAMS 0x0000000091a00000, 0x0000000091a00000| Complete 
| 283|0x0000000091b00000, 0x0000000091b00000, 0x0000000091c00000|  0%| F|  |TAMS 0x0000000091b00000, 0x0000000091b00000| Untracked 
| 284|0x0000000091c00000, 0x0000000091c00000, 0x0000000091d00000|  0%| F|  |TAMS 0x0000000091c00000, 0x0000000091c00000| Untracked 
| 285|0x0000000091d00000, 0x0000000091d00000, 0x0000000091e00000|  0%| F|  |TAMS 0x0000000091d00000, 0x0000000091d00000| Untracked 
| 286|0x0000000091e00000, 0x0000000091e00000, 0x0000000091f00000|  0%| F|  |TAMS 0x0000000091e00000, 0x0000000091e00000| Untracked 
| 287|0x0000000091f00000, 0x0000000091f00000, 0x0000000092000000|  0%| F|  |TAMS 0x0000000091f00000, 0x0000000091f00000| Untracked 
| 288|0x0000000092000000, 0x0000000092000000, 0x0000000092100000|  0%| F|  |TAMS 0x0000000092000000, 0x0000000092000000| Untracked 
| 289|0x0000000092100000, 0x0000000092100000, 0x0000000092200000|  0%| F|  |TAMS 0x0000000092100000, 0x0000000092100000| Untracked 
| 290|0x0000000092200000, 0x0000000092200000, 0x0000000092300000|  0%| F|  |TAMS 0x0000000092200000, 0x0000000092200000| Untracked 
| 291|0x0000000092300000, 0x0000000092300000, 0x0000000092400000|  0%| F|  |TAMS 0x0000000092300000, 0x0000000092300000| Untracked 
| 292|0x0000000092400000, 0x0000000092400000, 0x0000000092500000|  0%| F|  |TAMS 0x0000000092400000, 0x0000000092400000| Untracked 
| 293|0x0000000092500000, 0x0000000092500000, 0x0000000092600000|  0%| F|  |TAMS 0x0000000092500000, 0x0000000092500000| Untracked 
| 294|0x0000000092600000, 0x0000000092600000, 0x0000000092700000|  0%| F|  |TAMS 0x0000000092600000, 0x0000000092600000| Untracked 
| 295|0x0000000092700000, 0x0000000092700000, 0x0000000092800000|  0%| F|  |TAMS 0x0000000092700000, 0x0000000092700000| Untracked 
| 296|0x0000000092800000, 0x0000000092800000, 0x0000000092900000|  0%| F|  |TAMS 0x0000000092800000, 0x0000000092800000| Untracked 
| 297|0x0000000092900000, 0x0000000092900000, 0x0000000092a00000|  0%| F|  |TAMS 0x0000000092900000, 0x0000000092900000| Untracked 
| 298|0x0000000092a00000, 0x0000000092a00000, 0x0000000092b00000|  0%| F|  |TAMS 0x0000000092a00000, 0x0000000092a00000| Untracked 
| 299|0x0000000092b00000, 0x0000000092b00000, 0x0000000092c00000|  0%| F|  |TAMS 0x0000000092b00000, 0x0000000092b00000| Untracked 
| 300|0x0000000092c00000, 0x0000000092c00000, 0x0000000092d00000|  0%| F|  |TAMS 0x0000000092c00000, 0x0000000092c00000| Untracked 
| 301|0x0000000092d00000, 0x0000000092d00000, 0x0000000092e00000|  0%| F|  |TAMS 0x0000000092d00000, 0x0000000092d00000| Untracked 
| 302|0x0000000092e00000, 0x0000000092e00000, 0x0000000092f00000|  0%| F|  |TAMS 0x0000000092e00000, 0x0000000092e00000| Untracked 
| 303|0x0000000092f00000, 0x0000000092f00000, 0x0000000093000000|  0%| F|  |TAMS 0x0000000092f00000, 0x0000000092f00000| Untracked 
| 304|0x0000000093000000, 0x0000000093000000, 0x0000000093100000|  0%| F|  |TAMS 0x0000000093000000, 0x0000000093000000| Untracked 
| 305|0x0000000093100000, 0x0000000093100000, 0x0000000093200000|  0%| F|  |TAMS 0x0000000093100000, 0x0000000093100000| Untracked 

Card table byte_map: [0x000001a04f920000,0x000001a04fd20000] _byte_map_base: 0x000001a04f520000

Marking Bits (Prev, Next): (CMBitMap*) 0x000001a03ca6c8c0, (CMBitMap*) 0x000001a03ca6c888
 Prev Bits: [0x000001a052120000, 0x000001a054120000)
 Next Bits: [0x000001a050120000, 0x000001a052120000)

Polling page: 0x000001a03c210000

Metaspace:

Usage:
  Non-class:     81.05 MB capacity,    79.51 MB ( 98%) used,     1.29 MB (  2%) free+waste,   260.06 KB ( <1%) overhead. 
      Class:     12.75 MB capacity,    11.96 MB ( 94%) used,   693.20 KB (  5%) free+waste,   116.38 KB ( <1%) overhead. 
       Both:     93.80 MB capacity,    91.46 MB ( 98%) used,     1.97 MB (  2%) free+waste,   376.44 KB ( <1%) overhead. 

Virtual space:
  Non-class space:       82.00 MB reserved,      81.25 MB (>99%) committed 
      Class space:        1.00 GB reserved,      12.75 MB (  1%) committed 
             Both:        1.08 GB reserved,      94.00 MB (  8%) committed 

Chunk freelists:
   Non-Class:  13.00 KB
       Class:  2.00 KB
        Both:  15.00 KB

MaxMetaspaceSize: 17179869184.00 GB
CompressedClassSpaceSize: 1.00 GB

CodeHeap 'non-profiled nmethods': size=120064Kb used=7770Kb max_used=7770Kb free=112293Kb
 bounds [0x000001a047fe0000, 0x000001a048780000, 0x000001a04f520000]
CodeHeap 'profiled nmethods': size=120000Kb used=25409Kb max_used=25409Kb free=94590Kb
 bounds [0x000001a040ab0000, 0x000001a042390000, 0x000001a047fe0000]
CodeHeap 'non-nmethods': size=5696Kb used=2303Kb max_used=2335Kb free=3392Kb
 bounds [0x000001a040520000, 0x000001a040790000, 0x000001a040ab0000]
 total_blobs=12468 nmethods=11559 adapters=820
 compilation: enabled
              stopped_count=0, restarted_count=0
 full_count=0

Compilation events (20 events):
Event: 91.451 Thread 0x000001a056635000 nmethod 11586 0x000001a04237c910 code [0x000001a04237cac0, 0x000001a04237cd18]
Event: 91.455 Thread 0x000001a056635000 11587       3       com.android.tools.r8.dex.j$c::a (53 bytes)
Event: 91.456 Thread 0x000001a056635000 nmethod 11587 0x000001a04237ce10 code [0x000001a04237d040, 0x000001a04237d818]
Event: 91.458 Thread 0x000001a056635000 11588       1       com.android.tools.r8.graph.f0$u::k0 (2 bytes)
Event: 91.458 Thread 0x000001a056635000 nmethod 11588 0x000001a048776110 code [0x000001a0487762c0, 0x000001a048776378]
Event: 91.458 Thread 0x000001a056635000 11589       1       com.android.tools.r8.graph.f0$w::p0 (5 bytes)
Event: 91.458 Thread 0x000001a056635000 nmethod 11589 0x000001a048776410 code [0x000001a0487765c0, 0x000001a048776678]
Event: 91.458 Thread 0x000001a056635000 11590       1       com.android.tools.r8.internal.Cv::a (6 bytes)
Event: 91.458 Thread 0x000001a056635000 nmethod 11590 0x000001a048776710 code [0x000001a0487768c0, 0x000001a0487769b8]
Event: 91.459 Thread 0x000001a056635000 11591       3       com.android.tools.r8.dex.j$$Lambda$1033/0x0000000100c22c40::get (8 bytes)
Event: 91.459 Thread 0x000001a056635000 nmethod 11591 0x000001a04237db10 code [0x000001a04237dcc0, 0x000001a04237dde8]
Event: 91.463 Thread 0x000001a056635000 11593       3       com.android.tools.r8.internal.o0::get (132 bytes)
Event: 91.465 Thread 0x000001a056635000 nmethod 11593 0x000001a04237df10 code [0x000001a04237e160, 0x000001a04237ea08]
Event: 91.465 Thread 0x000001a056635000 11600       3       com.android.tools.r8.internal.qr$$Lambda$1095/0x0000000100cb7440::accept (16 bytes)
Event: 91.466 Thread 0x000001a056635000 nmethod 11600 0x000001a04237ed10 code [0x000001a04237ef60, 0x000001a04237f898]
Event: 91.466 Thread 0x000001a056635000 11592       3       com.android.tools.r8.BaseCompilerCommand$Builder$$Lambda$999/0x0000000100b3c040::test (12 bytes)
Event: 91.466 Thread 0x000001a056635000 nmethod 11592 0x000001a04237fc10 code [0x000001a04237fde0, 0x000001a042380118]
Event: 91.466 Thread 0x000001a056635000 11601       3       com.android.tools.r8.dex.j$$Lambda$1065/0x0000000100c56040::<init> (10 bytes)
Event: 91.467 Thread 0x000001a056635000 nmethod 11601 0x000001a042380210 code [0x000001a0423803c0, 0x000001a042380578]
Event: 91.467 Thread 0x000001a056635000 11594       3       com.android.tools.r8.graph.m::a (100 bytes)

GC Heap History (20 events):
Event: 74.392 GC heap before
{Heap before GC invocations=40 (full 0):
 garbage-first heap   total 129024K, used 99705K [0x0000000080000000, 0x0000000100000000)
  region size 1024K, 17 young (17408K), 4 survivors (4096K)
 Metaspace       used 88049K, capacity 90365K, committed 90496K, reserved 1128448K
  class space    used 11296K, capacity 12069K, committed 12160K, reserved 1048576K
}
Event: 74.406 GC heap after
{Heap after GC invocations=41 (full 0):
 garbage-first heap   total 129024K, used 89202K [0x0000000080000000, 0x0000000100000000)
  region size 1024K, 4 young (4096K), 4 survivors (4096K)
 Metaspace       used 88049K, capacity 90365K, committed 90496K, reserved 1128448K
  class space    used 11296K, capacity 12069K, committed 12160K, reserved 1048576K
}
Event: 75.156 GC heap before
{Heap before GC invocations=42 (full 0):
 garbage-first heap   total 129024K, used 121970K [0x0000000080000000, 0x0000000100000000)
  region size 1024K, 23 young (23552K), 4 survivors (4096K)
 Metaspace       used 89489K, capacity 91739K, committed 91904K, reserved 1128448K
  class space    used 11480K, capacity 12253K, committed 12288K, reserved 1048576K
}
Event: 75.173 GC heap after
{Heap after GC invocations=43 (full 0):
 garbage-first heap   total 161792K, used 110243K [0x0000000080000000, 0x0000000100000000)
  region size 1024K, 3 young (3072K), 3 survivors (3072K)
 Metaspace       used 89489K, capacity 91739K, committed 91904K, reserved 1128448K
  class space    used 11480K, capacity 12253K, committed 12288K, reserved 1048576K
}
Event: 77.235 GC heap before
{Heap before GC invocations=43 (full 0):
 garbage-first heap   total 161792K, used 116387K [0x0000000080000000, 0x0000000100000000)
  region size 1024K, 11 young (11264K), 3 survivors (3072K)
 Metaspace       used 91183K, capacity 93465K, committed 93696K, reserved 1130496K
  class space    used 11746K, capacity 12533K, committed 12544K, reserved 1048576K
}
Event: 77.260 GC heap after
{Heap after GC invocations=44 (full 0):
 garbage-first heap   total 161792K, used 111206K [0x0000000080000000, 0x0000000100000000)
  region size 1024K, 1 young (1024K), 1 survivors (1024K)
 Metaspace       used 91183K, capacity 93465K, committed 93696K, reserved 1130496K
  class space    used 11746K, capacity 12533K, committed 12544K, reserved 1048576K
}
Event: 80.450 GC heap before
{Heap before GC invocations=45 (full 0):
 garbage-first heap   total 161792K, used 156262K [0x0000000080000000, 0x0000000100000000)
  region size 1024K, 18 young (18432K), 1 survivors (1024K)
 Metaspace       used 91350K, capacity 93635K, committed 93824K, reserved 1130496K
  class space    used 11771K, capacity 12568K, committed 12672K, reserved 1048576K
}
Event: 80.487 GC heap after
{Heap after GC invocations=46 (full 0):
 garbage-first heap   total 166912K, used 133971K [0x0000000080000000, 0x0000000100000000)
  region size 1024K, 3 young (3072K), 3 survivors (3072K)
 Metaspace       used 91350K, capacity 93635K, committed 93824K, reserved 1130496K
  class space    used 11771K, capacity 12568K, committed 12672K, reserved 1048576K
}
Event: 81.823 GC heap before
{Heap before GC invocations=46 (full 0):
 garbage-first heap   total 166912K, used 142163K [0x0000000080000000, 0x0000000100000000)
  region size 1024K, 11 young (11264K), 3 survivors (3072K)
 Metaspace       used 91390K, capacity 93636K, committed 93824K, reserved 1130496K
  class space    used 11771K, capacity 12568K, committed 12672K, reserved 1048576K
}
Event: 81.890 GC heap after
{Heap after GC invocations=47 (full 0):
 garbage-first heap   total 166912K, used 137216K [0x0000000080000000, 0x0000000100000000)
  region size 1024K, 2 young (2048K), 2 survivors (2048K)
 Metaspace       used 91390K, capacity 93636K, committed 93824K, reserved 1130496K
  class space    used 11771K, capacity 12568K, committed 12672K, reserved 1048576K
}
Event: 84.335 GC heap before
{Heap before GC invocations=48 (full 0):
 garbage-first heap   total 166912K, used 143360K [0x0000000080000000, 0x0000000100000000)
  region size 1024K, 8 young (8192K), 2 survivors (2048K)
 Metaspace       used 91392K, capacity 93636K, committed 93824K, reserved 1130496K
  class space    used 11771K, capacity 12568K, committed 12672K, reserved 1048576K
}
Event: 84.420 GC heap after
{Heap after GC invocations=49 (full 0):
 garbage-first heap   total 205824K, used 140167K [0x0000000080000000, 0x0000000100000000)
  region size 1024K, 1 young (1024K), 1 survivors (1024K)
 Metaspace       used 91392K, capacity 93636K, committed 93824K, reserved 1130496K
  class space    used 11771K, capacity 12568K, committed 12672K, reserved 1048576K
}
Event: 87.580 GC heap before
{Heap before GC invocations=49 (full 0):
 garbage-first heap   total 205824K, used 155527K [0x0000000080000000, 0x0000000100000000)
  region size 1024K, 17 young (17408K), 1 survivors (1024K)
 Metaspace       used 91402K, capacity 93764K, committed 94080K, reserved 1130496K
  class space    used 11771K, capacity 12568K, committed 12672K, reserved 1048576K
}
Event: 87.705 GC heap after
{Heap after GC invocations=50 (full 0):
 garbage-first heap   total 205824K, used 146890K [0x0000000080000000, 0x0000000100000000)
  region size 1024K, 3 young (3072K), 3 survivors (3072K)
 Metaspace       used 91402K, capacity 93764K, committed 94080K, reserved 1130496K
  class space    used 11771K, capacity 12568K, committed 12672K, reserved 1048576K
}
Event: 89.564 GC heap before
{Heap before GC invocations=50 (full 0):
 garbage-first heap   total 205824K, used 160202K [0x0000000080000000, 0x0000000100000000)
  region size 1024K, 14 young (14336K), 3 survivors (3072K)
 Metaspace       used 91402K, capacity 93764K, committed 94080K, reserved 1130496K
  class space    used 11771K, capacity 12568K, committed 12672K, reserved 1048576K
}
Event: 89.689 GC heap after
{Heap after GC invocations=51 (full 0):
 garbage-first heap   total 205824K, used 153569K [0x0000000080000000, 0x0000000100000000)
  region size 1024K, 2 young (2048K), 2 survivors (2048K)
 Metaspace       used 91402K, capacity 93764K, committed 94080K, reserved 1130496K
  class space    used 11771K, capacity 12568K, committed 12672K, reserved 1048576K
}
Event: 90.524 GC heap before
{Heap before GC invocations=52 (full 0):
 garbage-first heap   total 205824K, used 165857K [0x0000000080000000, 0x0000000100000000)
  region size 1024K, 14 young (14336K), 2 survivors (2048K)
 Metaspace       used 91402K, capacity 93764K, committed 94080K, reserved 1130496K
  class space    used 11771K, capacity 12568K, committed 12672K, reserved 1048576K
}
Event: 90.553 GC heap after
{Heap after GC invocations=53 (full 0):
 garbage-first heap   total 205824K, used 158720K [0x0000000080000000, 0x0000000100000000)
  region size 1024K, 2 young (2048K), 2 survivors (2048K)
 Metaspace       used 91402K, capacity 93764K, committed 94080K, reserved 1130496K
  class space    used 11771K, capacity 12568K, committed 12672K, reserved 1048576K
}
Event: 90.778 GC heap before
{Heap before GC invocations=53 (full 0):
 garbage-first heap   total 205824K, used 169984K [0x0000000080000000, 0x0000000100000000)
  region size 1024K, 13 young (13312K), 2 survivors (2048K)
 Metaspace       used 92650K, capacity 94981K, committed 95104K, reserved 1132544K
  class space    used 12092K, capacity 12893K, committed 12928K, reserved 1048576K
}
Event: 90.809 GC heap after
{Heap after GC invocations=54 (full 0):
 garbage-first heap   total 313344K, used 162259K [0x0000000080000000, 0x0000000100000000)
  region size 1024K, 2 young (2048K), 2 survivors (2048K)
 Metaspace       used 92650K, capacity 94981K, committed 95104K, reserved 1132544K
  class space    used 12092K, capacity 12893K, committed 12928K, reserved 1048576K
}

Deoptimization events (20 events):
Event: 84.956 Thread 0x000001a05fd8f000 DEOPT PACKING pc=0x000001a042261456 sp=0x0000007b140fd520
Event: 84.956 Thread 0x000001a05fd8f000 DEOPT UNPACKING pc=0x000001a04054764e sp=0x0000007b140fcbe0 mode 0
Event: 85.311 Thread 0x000001a05fd8f000 DEOPT PACKING pc=0x000001a042261456 sp=0x0000007b140fd520
Event: 85.311 Thread 0x000001a05fd8f000 DEOPT UNPACKING pc=0x000001a04054764e sp=0x0000007b140fcbe0 mode 0
Event: 85.344 Thread 0x000001a05fd8f000 DEOPT PACKING pc=0x000001a042261456 sp=0x0000007b140fd520
Event: 85.344 Thread 0x000001a05fd8f000 DEOPT UNPACKING pc=0x000001a04054764e sp=0x0000007b140fcbe0 mode 0
Event: 85.803 Thread 0x000001a05fd8f000 DEOPT PACKING pc=0x000001a042261456 sp=0x0000007b140fd520
Event: 85.803 Thread 0x000001a05fd8f000 DEOPT UNPACKING pc=0x000001a04054764e sp=0x0000007b140fcbe0 mode 0
Event: 90.400 Thread 0x000001a05fd8f000 Uncommon trap: trap_request=0xffffff4d fr.pc=0x000001a04875a4e0 relative=0x0000000000000220
Event: 90.400 Thread 0x000001a05fd8f000 Uncommon trap: reason=unstable_if action=reinterpret pc=0x000001a04875a4e0 method=com.android.tools.r8.graph.e0.equals(Ljava/lang/Object;)Z @ 28 c2
Event: 90.400 Thread 0x000001a05fd8f000 DEOPT PACKING pc=0x000001a04875a4e0 sp=0x0000007b140fd5d0
Event: 90.400 Thread 0x000001a05fd8f000 DEOPT UNPACKING pc=0x000001a04054782f sp=0x0000007b140fd508 mode 2
Event: 90.400 Thread 0x000001a05fd8f000 Uncommon trap: trap_request=0xffffff4d fr.pc=0x000001a048759d34 relative=0x00000000000001f4
Event: 90.400 Thread 0x000001a05fd8f000 Uncommon trap: reason=unstable_if action=reinterpret pc=0x000001a048759d34 method=com.android.tools.r8.graph.e0.equals(Ljava/lang/Object;)Z @ 28 c2
Event: 90.400 Thread 0x000001a05fd8f000 DEOPT PACKING pc=0x000001a048759d34 sp=0x0000007b140fd540
Event: 90.400 Thread 0x000001a05fd8f000 DEOPT UNPACKING pc=0x000001a04054782f sp=0x0000007b140fd4f0 mode 2
Event: 90.879 Thread 0x000001a05fd91800 Uncommon trap: trap_request=0xffffff4d fr.pc=0x000001a0487552bc relative=0x00000000000002bc
Event: 90.879 Thread 0x000001a05fd91800 Uncommon trap: reason=unstable_if action=reinterpret pc=0x000001a0487552bc method=com.android.tools.r8.graph.X.g(Ljava/lang/Object;)Z @ 37 c2
Event: 90.879 Thread 0x000001a05fd91800 DEOPT PACKING pc=0x000001a0487552bc sp=0x0000007b148fe8b0
Event: 90.879 Thread 0x000001a05fd91800 DEOPT UNPACKING pc=0x000001a04054782f sp=0x0000007b148fe850 mode 2

Classes redefined (0 events):
No events

Internal exceptions (20 events):
Event: 69.310 Thread 0x000001a05fd87800 Exception <a 'sun/nio/fs/WindowsException'{0x0000000087224e90}> (0x0000000087224e90) thrown at [./src/hotspot/share/prims/jni.cpp, line 615]
Event: 69.310 Thread 0x000001a05fd87800 Exception <a 'sun/nio/fs/WindowsException'{0x0000000087225d68}> (0x0000000087225d68) thrown at [./src/hotspot/share/prims/jni.cpp, line 615]
Event: 69.354 Thread 0x000001a05fd87800 Exception <a 'java/lang/NoSuchMethodError'{0x00000000871f2ea0}: <clinit>> (0x00000000871f2ea0) thrown at [./src/hotspot/share/prims/jni.cpp, line 1362]
Event: 69.368 Thread 0x000001a05fd87800 Exception <a 'java/lang/NoSuchMethodError'{0x000000008702a170}: <clinit>> (0x000000008702a170) thrown at [./src/hotspot/share/prims/jni.cpp, line 1362]
Event: 69.382 Thread 0x000001a05fd87800 Exception <a 'java/lang/NoSuchMethodError'{0x0000000087060260}: <clinit>> (0x0000000087060260) thrown at [./src/hotspot/share/prims/jni.cpp, line 1362]
Event: 69.386 Thread 0x000001a05fd87800 Exception <a 'java/lang/NoSuchMethodError'{0x0000000087073030}: <clinit>> (0x0000000087073030) thrown at [./src/hotspot/share/prims/jni.cpp, line 1362]
Event: 74.855 Thread 0x000001a0589bb800 Exception <a 'java/lang/NoSuchMethodError'{0x00000000872db9b8}: 'int java.lang.invoke.DirectMethodHandle$Holder.invokeSpecial(java.lang.Object, java.lang.Object, java.lang.Object, java.lang.Object, java.lang.Object)'> (0x00000000872db9b8) thrown at [./src/hotspot/share/interpreter/linkResolver.cpp, line 773]
Event: 74.904 Thread 0x000001a05fd8d800 Exception <a 'java/lang/NoSuchMethodError'{0x0000000086b94c98}: 'void java.lang.invoke.DirectMethodHandle$Holder.invokeStatic(java.lang.Object, long)'> (0x0000000086b94c98) thrown at [./src/hotspot/share/interpreter/linkResolver.cpp, line 773]
Event: 74.905 Thread 0x000001a05fd8d800 Exception <a 'java/lang/NoSuchMethodError'{0x0000000086b99eb0}: 'java.lang.Object java.lang.invoke.DirectMethodHandle$Holder.invokeStatic(java.lang.Object, long)'> (0x0000000086b99eb0) thrown at [./src/hotspot/share/interpreter/linkResolver.cpp, line 773]
Event: 74.908 Thread 0x000001a05fd8d800 Exception <a 'java/lang/NoSuchMethodError'{0x0000000086ba8218}: 'java.lang.Object java.lang.invoke.DirectMethodHandle$Holder.invokeStaticInit(java.lang.Object, java.lang.Object, long, java.lang.Object)'> (0x0000000086ba8218) thrown at [./src/hotspot/share/interpreter/linkResolver.cpp, line 773]
Event: 74.908 Thread 0x000001a05fd8d800 Exception <a 'java/lang/NoSuchMethodError'{0x0000000086bae3b0}: 'java.lang.Object java.lang.invoke.DirectMethodHandle$Holder.invokeStatic(java.lang.Object, java.lang.Object, long)'> (0x0000000086bae3b0) thrown at [./src/hotspot/share/interpreter/linkResolver.cpp, line 773]
Event: 74.909 Thread 0x000001a05fd8d800 Exception <a 'java/lang/NoSuchMethodError'{0x0000000086bf9650}: 'java.lang.Object java.lang.invoke.Invokers$Holder.linkToTargetMethod(java.lang.Object, long, java.lang.Object)'> (0x0000000086bf9650) thrown at [./src/hotspot/share/interpreter/linkResolver.cpp, line 773]
Event: 75.080 Thread 0x000001a05fd8f000 Exception <a 'sun/nio/fs/WindowsException'{0x0000000086856158}> (0x0000000086856158) thrown at [./src/hotspot/share/prims/jni.cpp, line 615]
Event: 75.542 Thread 0x000001a05fd8d800 Exception <a 'java/lang/NoSuchMethodError'{0x00000000899be070}: 'int java.lang.invoke.DirectMethodHandle$Holder.invokeSpecialIFC(java.lang.Object, java.lang.Object, java.lang.Object)'> (0x00000000899be070) thrown at [./src/hotspot/share/interpreter/linkResolver.cpp, line 773]
Event: 76.899 Thread 0x000001a05fd8f000 Exception <a 'java/lang/NoSuchMethodError'{0x000000008978db18}: 'java.lang.Object java.lang.invoke.DirectMethodHandle$Holder.invokeStatic(java.lang.Object, java.lang.Object, java.lang.Object, java.lang.Object, java.lang.Object, java.lang.Object, java.lang.Object, java.lang.Object, java.lang.Object, java.lang.Object, java.lang.Object, java.lang.Object, java.lang.Object, java.lang.Object, java.lang.Object, java.lang.Object, java.lang.Object, java.lang.Object, int, java.lang.Object)'> (0x000000008978db18) thr
Event: 76.908 Thread 0x000001a05fd8f000 Exception <a 'java/lang/NoSuchMethodError'{0x00000000897933a8}: 'java.lang.Object java.lang.invoke.DirectMethodHandle$Holder.invokeStaticInit(java.lang.Object, java.lang.Object, java.lang.Object, java.lang.Object, java.lang.Object, java.lang.Object, java.lang.Object, java.lang.Object, java.lang.Object, java.lang.Object, java.lang.Object, java.lang.Object, java.lang.Object, java.lang.Object, java.lang.Object, java.lang.Object, java.lang.Object, java.lang.Object, int, java.lang.Object)'> (0x00000000897933a8)
Event: 90.650 Thread 0x000001a05fd93000 Exception <a 'java/lang/IncompatibleClassChangeError'{0x000000008c05acf0}: Found class java.lang.Object, but interface was expected> (0x000000008c05acf0) thrown at [./src/hotspot/share/interpreter/linkResolver.cpp, line 839]
Event: 90.658 Thread 0x000001a05fd91800 Exception <a 'java/lang/NoSuchMethodError'{0x000000008c0b2a68}: 'java.lang.Object java.lang.invoke.DirectMethodHandle$Holder.newInvokeSpecial(java.lang.Object, int)'> (0x000000008c0b2a68) thrown at [./src/hotspot/share/interpreter/linkResolver.cpp, line 773]
Event: 90.663 Thread 0x000001a05fd93000 Exception <a 'java/lang/IncompatibleClassChangeError'{0x000000008c0c4690}: Found class java.lang.Object, but interface was expected> (0x000000008c0c4690) thrown at [./src/hotspot/share/interpreter/linkResolver.cpp, line 839]
Event: 90.664 Thread 0x000001a05fd93000 Exception <a 'java/lang/IncompatibleClassChangeError'{0x000000008c0eed30}: Found class java.lang.Object, but interface was expected> (0x000000008c0eed30) thrown at [./src/hotspot/share/interpreter/linkResolver.cpp, line 839]

Events (20 events):
Event: 91.027 loading class com/android/tools/r8/internal/mu$f done
Event: 91.029 loading class com/android/tools/r8/internal/Sb$a
Event: 91.029 loading class com/android/tools/r8/internal/Sb$a done
Event: 91.030 loading class com/android/tools/r8/internal/ou
Event: 91.030 loading class com/android/tools/r8/internal/ou done
Event: 91.030 loading class com/android/tools/r8/internal/qr
Event: 91.030 loading class com/android/tools/r8/internal/qr done
Event: 91.031 loading class com/android/tools/r8/internal/mu$d
Event: 91.031 loading class com/android/tools/r8/internal/mu$d done
Event: 91.032 loading class com/android/tools/r8/internal/nu
Event: 91.032 loading class com/android/tools/r8/internal/nu done
Event: 91.042 loading class com/android/tools/r8/internal/Zc
Event: 91.042 loading class com/android/tools/r8/internal/Zc done
Event: 91.044 loading class com/android/tools/r8/internal/cq
Event: 91.044 loading class com/android/tools/r8/internal/cq done
Event: 91.262 Thread 0x000001a059d01800 Thread added: 0x000001a059d01800
Event: 91.313 loading class com/android/tools/r8/internal/g8
Event: 91.313 loading class com/android/tools/r8/internal/g8 done
Event: 91.356 Executing VM operation: CGC_Operation
Event: 91.383 Executing VM operation: CGC_Operation done


Dynamic libraries:
0x00007ff7b0ea0000 - 0x00007ff7b0eaa000 	C:\Program Files\Android\Android Studio\jre\bin\java.exe
0x00007ffe72cd0000 - 0x00007ffe72ec5000 	C:\WINDOWS\SYSTEM32\ntdll.dll
0x00007ffe72a90000 - 0x00007ffe72b4d000 	C:\WINDOWS\System32\KERNEL32.DLL
0x00007ffe706c0000 - 0x00007ffe7098d000 	C:\WINDOWS\System32\KERNELBASE.dll
0x00007ffe70520000 - 0x00007ffe70620000 	C:\WINDOWS\System32\ucrtbase.dll
0x00007ffe624d0000 - 0x00007ffe624e7000 	C:\Program Files\Android\Android Studio\jre\bin\VCRUNTIME140.dll
0x00007ffe5cc00000 - 0x00007ffe5cc19000 	C:\Program Files\Android\Android Studio\jre\bin\jli.dll
0x00007ffe71fe0000 - 0x00007ffe72180000 	C:\WINDOWS\System32\USER32.dll
0x00007ffe704f0000 - 0x00007ffe70512000 	C:\WINDOWS\System32\win32u.dll
0x00007ffe61430000 - 0x00007ffe616ca000 	C:\WINDOWS\WinSxS\amd64_microsoft.windows.common-controls_6595b64144ccf1df_6.0.19041.1110_none_60b5254171f9507e\COMCTL32.dll
0x00007ffe70eb0000 - 0x00007ffe70eda000 	C:\WINDOWS\System32\GDI32.dll
0x00007ffe703e0000 - 0x00007ffe704eb000 	C:\WINDOWS\System32\gdi32full.dll
0x00007ffe70620000 - 0x00007ffe706bd000 	C:\WINDOWS\System32\msvcp_win.dll
0x00007ffe722a0000 - 0x00007ffe7233e000 	C:\WINDOWS\System32\msvcrt.dll
0x00007ffe714e0000 - 0x00007ffe71510000 	C:\WINDOWS\System32\IMM32.DLL
0x00007ffe4f870000 - 0x00007ffe4f90d000 	C:\Program Files\Android\Android Studio\jre\bin\msvcp140.dll
0x00007ffe38f60000 - 0x00007ffe39a2f000 	C:\Program Files\Android\Android Studio\jre\bin\server\jvm.dll
0x00007ffe721f0000 - 0x00007ffe7229e000 	C:\WINDOWS\System32\ADVAPI32.dll
0x00007ffe713d0000 - 0x00007ffe7146c000 	C:\WINDOWS\System32\sechost.dll
0x00007ffe711f0000 - 0x00007ffe71315000 	C:\WINDOWS\System32\RPCRT4.dll
0x00007ffe714d0000 - 0x00007ffe714d8000 	C:\WINDOWS\System32\PSAPI.DLL
0x00007ffe60880000 - 0x00007ffe60889000 	C:\WINDOWS\SYSTEM32\WSOCK32.dll
0x00007ffe72180000 - 0x00007ffe721eb000 	C:\WINDOWS\System32\WS2_32.dll
0x00007ffe69130000 - 0x00007ffe6913a000 	C:\WINDOWS\SYSTEM32\VERSION.dll
0x00007ffe62f90000 - 0x00007ffe62fb7000 	C:\WINDOWS\SYSTEM32\WINMM.dll
0x00007ffe6e2e0000 - 0x00007ffe6e2f2000 	C:\WINDOWS\SYSTEM32\kernel.appcore.dll
0x00007ffe6b370000 - 0x00007ffe6b381000 	C:\Program Files\Android\Android Studio\jre\bin\verify.dll
0x00007ffe66dc0000 - 0x00007ffe66fa4000 	C:\WINDOWS\SYSTEM32\DBGHELP.DLL
0x00007ffe66c50000 - 0x00007ffe66c7c000 	C:\WINDOWS\SYSTEM32\dbgcore.DLL
0x00007ffe70ba0000 - 0x00007ffe70c22000 	C:\WINDOWS\System32\bcryptPrimitives.dll
0x00007ffe6b340000 - 0x00007ffe6b369000 	C:\Program Files\Android\Android Studio\jre\bin\java.dll
0x00007ffe6b4f0000 - 0x00007ffe6b4fb000 	C:\Program Files\Android\Android Studio\jre\bin\jimage.dll
0x00007ffe6a180000 - 0x00007ffe6a198000 	C:\Program Files\Android\Android Studio\jre\bin\zip.dll
0x00007ffe72340000 - 0x00007ffe72a84000 	C:\WINDOWS\System32\SHELL32.dll
0x00007ffe6e4e0000 - 0x00007ffe6ec74000 	C:\WINDOWS\SYSTEM32\windows.storage.dll
0x00007ffe71640000 - 0x00007ffe71994000 	C:\WINDOWS\System32\combase.dll
0x00007ffe6fdd0000 - 0x00007ffe6fdfc000 	C:\WINDOWS\SYSTEM32\Wldp.dll
0x00007ffe71320000 - 0x00007ffe713cd000 	C:\WINDOWS\System32\SHCORE.dll
0x00007ffe70fe0000 - 0x00007ffe71035000 	C:\WINDOWS\System32\shlwapi.dll
0x00007ffe70320000 - 0x00007ffe7033f000 	C:\WINDOWS\SYSTEM32\profapi.dll
0x00007ffe6a160000 - 0x00007ffe6a17a000 	C:\Program Files\Android\Android Studio\jre\bin\net.dll
0x00007ffe62100000 - 0x00007ffe6220a000 	C:\WINDOWS\SYSTEM32\WINHTTP.dll
0x00007ffe6fb30000 - 0x00007ffe6fb9a000 	C:\WINDOWS\system32\mswsock.dll
0x00007ffe69be0000 - 0x00007ffe69bf4000 	C:\Program Files\Android\Android Studio\jre\bin\nio.dll
0x00007ffe5bf80000 - 0x00007ffe5bfa7000 	C:\Users\Eddo Yulianda\.gradle\native\8bec1ad78214c89d9ad589b4d07fe93259594b29d510b10fafb7a158f7737e5d\windows-amd64\native-platform.dll
0x00007ffe3a250000 - 0x00007ffe3a38d000 	C:\Users\Eddo Yulianda\.gradle\native\53dbd7edfb1c66fb8903c78663c9afc45aea4f116125fa6feffd364cf09443e8\windows-amd64\native-platform-file-events.dll
0x00007ffe6b330000 - 0x00007ffe6b33a000 	C:\Program Files\Android\Android Studio\jre\bin\management.dll
0x00007ffe6b0d0000 - 0x00007ffe6b0dc000 	C:\Program Files\Android\Android Studio\jre\bin\management_ext.dll
0x00007ffe6fd20000 - 0x00007ffe6fd38000 	C:\WINDOWS\SYSTEM32\CRYPTSP.dll
0x00007ffe6f4b0000 - 0x00007ffe6f4e4000 	C:\WINDOWS\system32\rsaenh.dll
0x00007ffe70c80000 - 0x00007ffe70ca7000 	C:\WINDOWS\System32\bcrypt.dll
0x00007ffe702e0000 - 0x00007ffe7030e000 	C:\WINDOWS\SYSTEM32\USERENV.dll
0x00007ffe6fd40000 - 0x00007ffe6fd4c000 	C:\WINDOWS\SYSTEM32\CRYPTBASE.dll
0x00007ffe6f820000 - 0x00007ffe6f85b000 	C:\WINDOWS\SYSTEM32\IPHLPAPI.DLL
0x00007ffe70e40000 - 0x00007ffe70e48000 	C:\WINDOWS\System32\NSI.dll
0x00007ffe66bc0000 - 0x00007ffe66bd7000 	C:\WINDOWS\SYSTEM32\dhcpcsvc6.DLL
0x00007ffe678e0000 - 0x00007ffe678fd000 	C:\WINDOWS\SYSTEM32\dhcpcsvc.DLL
0x00007ffe6f860000 - 0x00007ffe6f92b000 	C:\WINDOWS\SYSTEM32\DNSAPI.dll

dbghelp: loaded successfully - version: 4.0.5 - missing functions: none
symbol engine: initialized successfully - sym options: 0x614 - pdb path: .;C:\Program Files\Android\Android Studio\jre\bin;C:\WINDOWS\SYSTEM32;C:\WINDOWS\WinSxS\amd64_microsoft.windows.common-controls_6595b64144ccf1df_6.0.19041.1110_none_60b5254171f9507e;C:\Program Files\Android\Android Studio\jre\bin\server;C:\Users\Eddo Yulianda\.gradle\native\8bec1ad78214c89d9ad589b4d07fe93259594b29d510b10fafb7a158f7737e5d\windows-amd64;C:\Users\Eddo Yulianda\.gradle\native\53dbd7edfb1c66fb8903c78663c9afc45aea4f116125fa6feffd364cf09443e8\windows-amd64

VM Arguments:
jvm_args: --add-opens=java.base/java.util=ALL-UNNAMED --add-opens=java.base/java.lang=ALL-UNNAMED --add-opens=java.base/java.lang.invoke=ALL-UNNAMED --add-opens=java.base/java.util=ALL-UNNAMED --add-opens=java.prefs/java.util.prefs=ALL-UNNAMED --add-opens=java.prefs/java.util.prefs=ALL-UNNAMED --add-opens=java.base/java.nio.charset=ALL-UNNAMED --add-opens=java.base/java.net=ALL-UNNAMED --add-opens=java.base/java.util.concurrent.atomic=ALL-UNNAMED -Xmx2048m -Dfile.encoding=UTF-8 -Duser.country=GB -Duser.language=en -Duser.variant 
java_command: org.gradle.launcher.daemon.bootstrap.GradleDaemon 7.0.2
java_class_path (initial): C:\Users\Eddo Yulianda\.gradle\wrapper\dists\gradle-7.0.2-bin\857tjihv64xamwrf0h14cai3r\gradle-7.0.2\lib\gradle-launcher-7.0.2.jar
Launcher Type: SUN_STANDARD

[Global flags]
     intx CICompilerCount                          = 3                                         {product} {ergonomic}
     uint ConcGCThreads                            = 1                                         {product} {ergonomic}
     uint G1ConcRefinementThreads                  = 4                                         {product} {ergonomic}
   size_t G1HeapRegionSize                         = 1048576                                   {product} {ergonomic}
    uintx GCDrainStackTargetSize                   = 64                                        {product} {ergonomic}
   size_t InitialHeapSize                          = 132120576                                 {product} {ergonomic}
   size_t MarkStackSize                            = 4194304                                   {product} {ergonomic}
   size_t MaxHeapSize                              = 2147483648                                {product} {command line}
   size_t MaxNewSize                               = 1287651328                                {product} {ergonomic}
   size_t MinHeapDeltaBytes                        = 1048576                                   {product} {ergonomic}
    uintx NonNMethodCodeHeapSize                   = 5830732                                {pd product} {ergonomic}
    uintx NonProfiledCodeHeapSize                  = 122913754                              {pd product} {ergonomic}
    uintx ProfiledCodeHeapSize                     = 122913754                              {pd product} {ergonomic}
    uintx ReservedCodeCacheSize                    = 251658240                              {pd product} {ergonomic}
     bool SegmentedCodeCache                       = true                                      {product} {ergonomic}
     bool UseCompressedClassPointers               = true                                 {lp64_product} {ergonomic}
     bool UseCompressedOops                        = true                                 {lp64_product} {ergonomic}
     bool UseG1GC                                  = true                                      {product} {ergonomic}
     bool UseLargePagesIndividualAllocation        = false                                  {pd product} {ergonomic}

Logging:
Log output configuration:
 #0: stdout all=warning uptime,level,tags
 #1: stderr all=off uptime,level,tags

Environment Variables:
PATH=C:\WINDOWS\system32;C:\WINDOWS;C:\WINDOWS\System32\Wbem;C:\WINDOWS\System32\WindowsPowerShell\v1.0\;C:\WINDOWS\System32\OpenSSH\;C:\Program Files (x86)\Intel\OpenCL SDK\2.0\bin\x86;C:\Program Files (x86)\Intel\OpenCL SDK\2.0\bin\x64;C:\Program Files\dotnet\;C:\ProgramData\ComposerSetup\bin;C:\xampp2\php;C:\Program Files\Microsoft SQL Server\130\Tools\Binn\;C:\Program Files\Microsoft SQL Server\Client SDK\ODBC\170\Tools\Binn\;C:\Program Files (x86)\dotnet\;C:\Program Files\Microsoft VS Code\bin;C:\Program Files\Git\cmd;C:\Program Files\MySQL\MySQL Shell 8.0\bin\;C:\Users\Eddo Yulianda\AppData\Local\Microsoft\WindowsApps;C:\Users\Eddo Yulianda\.dotnet\tools;C:\Users\Eddo Yulianda\AppData\Roaming\Composer\vendor\bin;C:\Users\Eddo Yulianda\AppData\Local\GitHubDesktop\bin
USERNAME=Eddo Yulianda
OS=Windows_NT
PROCESSOR_IDENTIFIER=Intel64 Family 6 Model 42 Stepping 7, GenuineIntel



---------------  S Y S T E M  ---------------

OS: Windows 10 , 64 bit Build 19041 (10.0.19041.1706)
OS uptime: 0 days 1:25 hours

CPU:total 4 (initial active 4) (2 cores per cpu, 2 threads per core) family 6 model 42 stepping 7 microcode 0x2f, cmov, cx8, fxsr, mmx, sse, sse2, sse3, ssse3, sse4.1, sse4.2, popcnt, avx, aes, clmul, ht, tsc, tscinvbit

Memory: 4k page, system-wide physical 8038M (1029M free)
TotalPageFile size 8038M (AvailPageFile size 1M)
current process WorkingSet (physical memory assigned to process): 534M, peak: 534M
current process commit charge ("private bytes"): 603M, peak: 665M

vm_info: OpenJDK 64-Bit Server VM (11.0.10+0-b96-7249189) for windows-amd64 JRE (11.0.10+0-b96-7249189), built on Mar 31 2021 21:44:00 by "builder" with MS VC++ 14.0 (VS2015)

END.
