#
# There is insufficient memory for the Java Runtime Environment to continue.
# Native memory allocation (mmap) failed to map 344981504 bytes for Failed to commit area from 0x000000008f700000 to 0x00000000a4000000 of length 344981504.
# Possible reasons:
#   The system is out of physical RAM or swap space
#   The process is running with CompressedOops enabled, and the Java Heap may be blocking the growth of the native heap
# Possible solutions:
#   Reduce memory load on the system
#   Increase physical memory or swap space
#   Check if swap backing store is full
#   Decrease Java heap size (-Xmx/-Xms)
#   Decrease number of Java threads
#   Decrease Java thread stack sizes (-Xss)
#   Set larger code cache with -XX:ReservedCodeCacheSize=
#   JVM is running with Unscaled Compressed Oops mode in which the Java heap is
#     placed in the first 4GB address space. The Java Heap base address is the
#     maximum limit for the native heap growth. Please use -XX:HeapBaseMinAddress
#     to set the Java Heap base and to place the Java Heap above 4GB virtual address.
# This output file may be truncated or incomplete.
#
#  Out of Memory Error (./src/hotspot/os/windows/os_windows.cpp:3301), pid=5800, tid=10780
#
# JRE version: OpenJDK Runtime Environment (11.0.10) (build 11.0.10+0-b96-7249189)
# Java VM: OpenJDK 64-Bit Server VM (11.0.10+0-b96-7249189, mixed mode, tiered, compressed oops, g1 gc, windows-amd64)
# No core dump will be written. Minidumps are not enabled by default on client versions of Windows
#

---------------  S U M M A R Y ------------

Command Line: --add-opens=java.base/java.util=ALL-UNNAMED --add-opens=java.base/java.lang=ALL-UNNAMED --add-opens=java.base/java.lang.invoke=ALL-UNNAMED --add-opens=java.base/java.util=ALL-UNNAMED --add-opens=java.prefs/java.util.prefs=ALL-UNNAMED --add-opens=java.prefs/java.util.prefs=ALL-UNNAMED --add-opens=java.base/java.nio.charset=ALL-UNNAMED --add-opens=java.base/java.net=ALL-UNNAMED --add-opens=java.base/java.util.concurrent.atomic=ALL-UNNAMED -Xmx2048m -Dfile.encoding=UTF-8 -Duser.country=GB -Duser.language=en -Duser.variant org.gradle.launcher.daemon.bootstrap.GradleDaemon 7.0.2

Host: Intel(R) Core(TM) i5-2410M CPU @ 2.30GHz, 4 cores, 7G,  Windows 10 , 64 bit Build 19041 (10.0.19041.1706)
Time: Mon May 23 13:31:49 2022 SE Asia Standard Time elapsed time: 846.175753 seconds (0d 0h 14m 6s)

---------------  T H R E A D  ---------------

Current thread (0x000002adfe3fe000):  VMThread "VM Thread" [stack: 0x000000fa59000000,0x000000fa59100000] [id=10780]

Stack: [0x000000fa59000000,0x000000fa59100000]
[error occurred during error reporting (printing stack bounds), id 0xc0000005, EXCEPTION_ACCESS_VIOLATION (0xc0000005) at pc=0x000002ade7be0f2d]

Native frames: (J=compiled Java code, j=interpreted, Vv=VM code, C=native code)
V  [jvm.dll+0x5ecfaa]
V  [jvm.dll+0x722bd5]
V  [jvm.dll+0x72412d]
V  [jvm.dll+0x724745]
V  [jvm.dll+0x7246fb]
V  [jvm.dll+0x5ec348]
V  [jvm.dll+0x5ecad8]
C  [ntdll.dll+0xa209f]
C  [ntdll.dll+0x51454]
C  [ntdll.dll+0xa0bce]
C  0x000002ade7be0f2d

VM_Operation (0x000000fa5cbfdcc0): G1CollectForAllocation, mode: safepoint, requested by thread 0x000002ad860b5800


---------------  P R O C E S S  ---------------

Threads class SMR info:
_java_thread_list=0x000002ad85fe5240, length=59, elements={
0x000002ade28c5000, 0x000002adfe400800, 0x000002adfe404000, 0x000002adfed92800,
0x000002adfe420000, 0x000002adfe421800, 0x000002adfe430000, 0x000002adfe433000,
0x000002adfe436000, 0x000002adfeecd000, 0x000002ad80d0b000, 0x000002ad80a7e000,
0x000002adfeda1800, 0x000002ad80217800, 0x000002ad80219000, 0x000002ad80213800,
0x000002ad8021a000, 0x000002ad80214800, 0x000002ad838c5000, 0x000002ad838c1000,
0x000002ad838c7800, 0x000002ad838c2800, 0x000002ad838cd000, 0x000002ad838cf800,
0x000002ad838cc800, 0x000002ad838c3800, 0x000002ad838ce000, 0x000002ad838ca000,
0x000002ad838c8800, 0x000002ad838cb800, 0x000002ad838cf000, 0x000002ad838c9000,
0x000002ad838ca800, 0x000002ad8635f800, 0x000002ad86360800, 0x000002ad8635a800,
0x000002ad8635d000, 0x000002ad8635b800, 0x000002ad8635c000, 0x000002ad86362800,
0x000002ad86363800, 0x000002ad8635e000, 0x000002ad86364800, 0x000002ad86365000,
0x000002ad86366000, 0x000002ad86367000, 0x000002ad86367800, 0x000002ad86368800,
0x000002ad86369800, 0x000002ad80215000, 0x000002ad80216000, 0x000002ad80216800,
0x000002ad80218800, 0x000002ad860b4800, 0x000002ad860b3000, 0x000002ad860b5800,
0x000002ad860b3800, 0x000002ad860b1800, 0x000002ad860b8000
}

Java Threads: ( => current thread )
  0x000002ade28c5000 JavaThread "main" [_thread_blocked, id=14228, stack(0x000000fa58a00000,0x000000fa58b00000)]
  0x000002adfe400800 JavaThread "Reference Handler" daemon [_thread_blocked, id=12672, stack(0x000000fa59100000,0x000000fa59200000)]
  0x000002adfe404000 JavaThread "Finalizer" daemon [_thread_blocked, id=8288, stack(0x000000fa59200000,0x000000fa59300000)]
  0x000002adfed92800 JavaThread "Signal Dispatcher" daemon [_thread_blocked, id=10704, stack(0x000000fa59300000,0x000000fa59400000)]
  0x000002adfe420000 JavaThread "Attach Listener" daemon [_thread_blocked, id=3716, stack(0x000000fa59400000,0x000000fa59500000)]
  0x000002adfe421800 JavaThread "Service Thread" daemon [_thread_blocked, id=4884, stack(0x000000fa59500000,0x000000fa59600000)]
  0x000002adfe430000 JavaThread "C2 CompilerThread0" daemon [_thread_in_native, id=3256, stack(0x000000fa59600000,0x000000fa59700000)]
  0x000002adfe433000 JavaThread "C1 CompilerThread0" daemon [_thread_blocked, id=6308, stack(0x000000fa59700000,0x000000fa59800000)]
  0x000002adfe436000 JavaThread "Sweeper thread" daemon [_thread_blocked, id=5764, stack(0x000000fa59800000,0x000000fa59900000)]
  0x000002adfeecd000 JavaThread "Common-Cleaner" daemon [_thread_blocked, id=3312, stack(0x000000fa59900000,0x000000fa59a00000)]
  0x000002ad80d0b000 JavaThread "Daemon health stats" [_thread_blocked, id=9600, stack(0x000000fa59e00000,0x000000fa59f00000)]
  0x000002ad80a7e000 JavaThread "Incoming local TCP Connector on port 63073" [_thread_in_native, id=10696, stack(0x000000fa59b00000,0x000000fa59c00000)]
  0x000002adfeda1800 JavaThread "Daemon periodic checks" [_thread_blocked, id=8104, stack(0x000000fa59f00000,0x000000fa5a000000)]
  0x000002ad80217800 JavaThread "Cache worker for file hash cache (C:\Users\Eddo Yulianda\.gradle\caches\7.0.2\fileHashes)" [_thread_blocked, id=7384, stack(0x000000fa5a800000,0x000000fa5a900000)]
  0x000002ad80219000 JavaThread "File lock request listener" [_thread_in_native, id=13264, stack(0x000000fa5a900000,0x000000fa5aa00000)]
  0x000002ad80213800 JavaThread "Cache worker for journal cache (C:\Users\Eddo Yulianda\.gradle\caches\journal-1)" [_thread_blocked, id=7108, stack(0x000000fa5aa00000,0x000000fa5ab00000)]
  0x000002ad8021a000 JavaThread "File watcher server" daemon [_thread_blocked, id=11772, stack(0x000000fa5ad00000,0x000000fa5ae00000)]
  0x000002ad80214800 JavaThread "File watcher consumer" daemon [_thread_blocked, id=14824, stack(0x000000fa5ae00000,0x000000fa5af00000)]
  0x000002ad838c5000 JavaThread "Cache worker for execution history cache (C:\Users\Eddo Yulianda\.gradle\caches\7.0.2\executionHistory)" [_thread_blocked, id=11316, stack(0x000000fa5b200000,0x000000fa5b300000)]
  0x000002ad838c1000 JavaThread "jar transforms" [_thread_blocked, id=5124, stack(0x000000fa5b300000,0x000000fa5b400000)]
  0x000002ad838c7800 JavaThread "Cache worker for file content cache (C:\Users\Eddo Yulianda\.gradle\caches\7.0.2\fileContent)" [_thread_blocked, id=7460, stack(0x000000fa5b400000,0x000000fa5b500000)]
  0x000002ad838c2800 JavaThread "jar transforms Thread 2" [_thread_blocked, id=11108, stack(0x000000fa5b500000,0x000000fa5b600000)]
  0x000002ad838cd000 JavaThread "jar transforms Thread 3" [_thread_blocked, id=14144, stack(0x000000fa5b700000,0x000000fa5b800000)]
  0x000002ad838cf800 JavaThread "jar transforms Thread 4" [_thread_blocked, id=12872, stack(0x000000fa5bd00000,0x000000fa5be00000)]
  0x000002ad838cc800 JavaThread "Memory manager" [_thread_blocked, id=14568, stack(0x000000fa5be00000,0x000000fa5bf00000)]
  0x000002ad838c3800 JavaThread "Daemon Thread 2" [_thread_blocked, id=6036, stack(0x000000fa58700000,0x000000fa58800000)]
  0x000002ad838ce000 JavaThread "Handler for socket connection from /127.0.0.1:63073 to /127.0.0.1:53339" [_thread_in_native, id=14664, stack(0x000000fa58800000,0x000000fa58900000)]
  0x000002ad838ca000 JavaThread "Cancel handler" [_thread_blocked, id=8084, stack(0x000000fa58900000,0x000000fa58a00000)]
  0x000002ad838c8800 JavaThread "Daemon worker Thread 2" [_thread_blocked, id=14364, stack(0x000000fa5a000000,0x000000fa5a100000)]
  0x000002ad838cb800 JavaThread "Asynchronous log dispatcher for DefaultDaemonConnection: socket connection from /127.0.0.1:63073 to /127.0.0.1:53339" [_thread_blocked, id=10984, stack(0x000000fa5a100000,0x000000fa5a200000)]
  0x000002ad838cf000 JavaThread "Stdin handler" [_thread_blocked, id=3884, stack(0x000000fa5a200000,0x000000fa5a300000)]
  0x000002ad838c9000 JavaThread "Daemon client event forwarder" [_thread_blocked, id=13596, stack(0x000000fa5a300000,0x000000fa5a400000)]
  0x000002ad838ca800 JavaThread "Cache worker for file hash cache (C:\Users\Eddo Yulianda\AndroidStudioProjects\PresensiOnlinePNP\.gradle\7.0.2\fileHashes)" [_thread_blocked, id=9060, stack(0x000000fa5a400000,0x000000fa5a500000)]
  0x000002ad8635f800 JavaThread "Cache worker for checksums cache (C:\Users\Eddo Yulianda\AndroidStudioProjects\PresensiOnlinePNP\.gradle\checksums)" [_thread_blocked, id=15124, stack(0x000000fa5a500000,0x000000fa5a600000)]
  0x000002ad86360800 JavaThread "Cache worker for cache directory md-supplier (C:\Users\Eddo Yulianda\.gradle\caches\7.0.2\md-supplier)" [_thread_blocked, id=12828, stack(0x000000fa5a600000,0x000000fa5a700000)]
  0x000002ad8635a800 JavaThread "Cache worker for cache directory md-rule (C:\Users\Eddo Yulianda\.gradle\caches\7.0.2\md-rule)" [_thread_blocked, id=15256, stack(0x000000fa5ab00000,0x000000fa5ac00000)]
  0x000002ad8635d000 JavaThread "Cache worker for dependencies-accessors (C:\Users\Eddo Yulianda\AndroidStudioProjects\PresensiOnlinePNP\.gradle\7.0.2\dependencies-accessors)" [_thread_blocked, id=12552, stack(0x000000fa5ac00000,0x000000fa5ad00000)]
  0x000002ad8635b800 JavaThread "Cache worker for Build Output Cleanup Cache (C:\Users\Eddo Yulianda\AndroidStudioProjects\PresensiOnlinePNP\.gradle\buildOutputCleanup)" [_thread_blocked, id=8432, stack(0x000000fa5af00000,0x000000fa5b000000)]
  0x000002ad8635c000 JavaThread "Build operations" [_thread_blocked, id=11684, stack(0x000000fa5b100000,0x000000fa5b200000)]
  0x000002ad86362800 JavaThread "Build operations Thread 2" [_thread_blocked, id=4696, stack(0x000000fa5b600000,0x000000fa5b700000)]
  0x000002ad86363800 JavaThread "Build operations Thread 3" [_thread_blocked, id=2148, stack(0x000000fa5b800000,0x000000fa5b900000)]
  0x000002ad8635e000 JavaThread "Build operations Thread 4" [_thread_blocked, id=1832, stack(0x000000fa5b900000,0x000000fa5ba00000)]
  0x000002ad86364800 JavaThread "build event listener" [_thread_blocked, id=6784, stack(0x000000fa5b000000,0x000000fa5b100000)]
  0x000002ad86365000 JavaThread "Execution worker for ':'" [_thread_blocked, id=3104, stack(0x000000fa5ba00000,0x000000fa5bb00000)]
  0x000002ad86366000 JavaThread "Execution worker for ':' Thread 2" [_thread_blocked, id=11680, stack(0x000000fa5bb00000,0x000000fa5bc00000)]
  0x000002ad86367000 JavaThread "Execution worker for ':' Thread 3" [_thread_blocked, id=424, stack(0x000000fa5c000000,0x000000fa5c100000)]
  0x000002ad86367800 JavaThread "Cache worker for execution history cache (C:\Users\Eddo Yulianda\AndroidStudioProjects\PresensiOnlinePNP\.gradle\7.0.2\executionHistory)" [_thread_blocked, id=1820, stack(0x000000fa5c100000,0x000000fa5c200000)]
  0x000002ad86368800 JavaThread "WorkerExecutor Queue" [_thread_blocked, id=5644, stack(0x000000fa5c300000,0x000000fa5c400000)]
  0x000002ad86369800 JavaThread "pool-5-thread-1" [_thread_blocked, id=1580, stack(0x000000fa5c400000,0x000000fa5c500000)]
  0x000002ad80215000 JavaThread "stderr" [_thread_in_native, id=9096, stack(0x000000fa5c500000,0x000000fa5c600000)]
  0x000002ad80216000 JavaThread "stdout" [_thread_in_native, id=11276, stack(0x000000fa5c600000,0x000000fa5c700000)]
  0x000002ad80216800 JavaThread "WorkerExecutor Queue Thread 2" [_thread_blocked, id=3620, stack(0x000000fa5c700000,0x000000fa5c800000)]
  0x000002ad80218800 JavaThread "WorkerExecutor Queue Thread 3" [_thread_blocked, id=13444, stack(0x000000fa5c800000,0x000000fa5c900000)]
  0x000002ad860b4800 JavaThread "WorkerExecutor Queue Thread 5" [_thread_blocked, id=15188, stack(0x000000fa5ca00000,0x000000fa5cb00000)]
  0x000002ad860b3000 JavaThread "ForkJoinPool-1-worker-3" daemon [_thread_blocked, id=4672, stack(0x000000fa5c900000,0x000000fa5ca00000)]
  0x000002ad860b5800 JavaThread "ForkJoinPool-1-worker-5" daemon [_thread_blocked, id=8588, stack(0x000000fa5cb00000,0x000000fa5cc00000)]
  0x000002ad860b3800 JavaThread "ForkJoinPool-1-worker-7" daemon [_thread_blocked, id=8088, stack(0x000000fa5c200000,0x000000fa5c300000)]
  0x000002ad860b1800 JavaThread "ForkJoinPool-1-worker-1" daemon [_thread_blocked, id=7984, stack(0x000000fa5cc00000,0x000000fa5cd00000)]
  0x000002ad860b8000 JavaThread "C2 CompilerThread1" daemon [_thread_in_native, id=8856, stack(0x000000fa5cd00000,0x000000fa5ce00000)]

Other Threads:
=>0x000002adfe3fe000 VMThread "VM Thread" [stack: 0x000000fa59000000,0x000000fa59100000] [id=10780]
  0x000002adfef04800 WatcherThread [stack: 0x000000fa59a00000,0x000000fa59b00000] [id=5640]
  0x000002ade28d7000 GCTaskThread "GC Thread#0" [stack: 0x000000fa58b00000,0x000000fa58c00000] [id=1064]
  0x000002adff147800 GCTaskThread "GC Thread#1" [stack: 0x000000fa59c00000,0x000000fa59d00000] [id=10868]
  0x000002adff26f800 GCTaskThread "GC Thread#2" [stack: 0x000000fa59d00000,0x000000fa59e00000] [id=10180]
  0x000002ad80d00800 GCTaskThread "GC Thread#3" [stack: 0x000000fa5a700000,0x000000fa5a800000] [id=2280]
  0x000002ade2907800 ConcurrentGCThread "G1 Main Marker" [stack: 0x000000fa58c00000,0x000000fa58d00000] [id=11268]
  0x000002ade2909000 ConcurrentGCThread "G1 Conc#0" [stack: 0x000000fa58d00000,0x000000fa58e00000] [id=10204]
  0x000002ade299a800 ConcurrentGCThread "G1 Refine#0" [stack: 0x000000fa58e00000,0x000000fa58f00000] [id=1448]
  0x000002ade299b800 ConcurrentGCThread "G1 Young RemSet Sampling" [stack: 0x000000fa58f00000,0x000000fa59000000] [id=12304]

Threads with active compile tasks:
C2 CompilerThread0 846226 14763       4       com.android.tools.r8.dex.j::a (1038 bytes)
C2 CompilerThread1 846226 14682       4       com.android.tools.r8.dex.j::e (654 bytes)

VM state:at safepoint (normal execution)

VM Mutex/Monitor currently owned by a thread:  ([mutex/lock_event])
[0x000002ade28c21e0] Threads_lock - owner thread: 0x000002adfe3fe000
[0x000002ade28c1100] Heap_lock - owner thread: 0x000002ad860b5800

Heap address: 0x0000000080000000, size: 2048 MB, Compressed Oops mode: 32-bit
Narrow klass base: 0x0000000000000000, Narrow klass shift: 3
Compressed class space size: 1073741824 Address: 0x0000000100000000

Heap:
 garbage-first heap   total 589824K, used 195065K [0x0000000080000000, 0x0000000100000000)
  region size 1024K, 3 young (3072K), 3 survivors (3072K)
 Metaspace       used 98557K, capacity 101158K, committed 101504K, reserved 1136640K
  class space    used 12705K, capacity 13598K, committed 13696K, reserved 1048576K
Heap Regions: E=young(eden), S=young(survivor), O=old, HS=humongous(starts), HC=humongous(continues), CS=collection set, F=free, A=archive, TAMS=top-at-mark-start (previous, next)
|   0|0x0000000080000000, 0x0000000080100000, 0x0000000080100000|100%|HS|  |TAMS 0x0000000080100000, 0x0000000080000000| Complete 
|   1|0x0000000080100000, 0x0000000080200000, 0x0000000080200000|100%|HC|  |TAMS 0x0000000080200000, 0x0000000080100000| Complete 
|   2|0x0000000080200000, 0x0000000080300000, 0x0000000080300000|100%|HC|  |TAMS 0x0000000080300000, 0x0000000080200000| Complete 
|   3|0x0000000080300000, 0x0000000080400000, 0x0000000080400000|100%| O|  |TAMS 0x0000000080400000, 0x0000000080300000| Updating 
|   4|0x0000000080400000, 0x0000000080500000, 0x0000000080500000|100%| O|  |TAMS 0x0000000080500000, 0x0000000080400000| Updating 
|   5|0x0000000080500000, 0x0000000080600000, 0x0000000080600000|100%| O|  |TAMS 0x0000000080600000, 0x0000000080500000| Updating 
|   6|0x0000000080600000, 0x0000000080700000, 0x0000000080700000|100%| O|  |TAMS 0x0000000080700000, 0x0000000080600000| Updating 
|   7|0x0000000080700000, 0x0000000080800000, 0x0000000080800000|100%| O|  |TAMS 0x0000000080800000, 0x0000000080700000| Updating 
|   8|0x0000000080800000, 0x0000000080900000, 0x0000000080900000|100%| O|  |TAMS 0x0000000080900000, 0x0000000080800000| Updating 
|   9|0x0000000080900000, 0x0000000080a00000, 0x0000000080a00000|100%| O|  |TAMS 0x0000000080a00000, 0x0000000080900000| Updating 
|  10|0x0000000080a00000, 0x0000000080b00000, 0x0000000080b00000|100%| O|  |TAMS 0x0000000080b00000, 0x0000000080a00000| Updating 
|  11|0x0000000080b00000, 0x0000000080c00000, 0x0000000080c00000|100%| O|  |TAMS 0x0000000080c00000, 0x0000000080b00000| Updating 
|  12|0x0000000080c00000, 0x0000000080d00000, 0x0000000080d00000|100%| O|  |TAMS 0x0000000080d00000, 0x0000000080c00000| Updating 
|  13|0x0000000080d00000, 0x0000000080e00000, 0x0000000080e00000|100%| O|  |TAMS 0x0000000080e00000, 0x0000000080d00000| Updating 
|  14|0x0000000080e00000, 0x0000000080f00000, 0x0000000080f00000|100%| O|  |TAMS 0x0000000080f00000, 0x0000000080e00000| Updating 
|  15|0x0000000080f00000, 0x0000000081000000, 0x0000000081000000|100%| O|  |TAMS 0x0000000081000000, 0x0000000080f00000| Updating 
|  16|0x0000000081000000, 0x0000000081100000, 0x0000000081100000|100%|HS|  |TAMS 0x0000000081100000, 0x0000000081000000| Complete 
|  17|0x0000000081100000, 0x0000000081200000, 0x0000000081200000|100%| O|  |TAMS 0x0000000081200000, 0x0000000081100000| Updating 
|  18|0x0000000081200000, 0x0000000081300000, 0x0000000081300000|100%| O|  |TAMS 0x0000000081300000, 0x0000000081200000| Updating 
|  19|0x0000000081300000, 0x0000000081400000, 0x0000000081400000|100%| O|  |TAMS 0x0000000081400000, 0x0000000081300000| Updating 
|  20|0x0000000081400000, 0x0000000081500000, 0x0000000081500000|100%| O|  |TAMS 0x0000000081500000, 0x0000000081400000| Updating 
|  21|0x0000000081500000, 0x0000000081600000, 0x0000000081600000|100%| O|  |TAMS 0x0000000081600000, 0x0000000081500000| Updating 
|  22|0x0000000081600000, 0x0000000081700000, 0x0000000081700000|100%| O|  |TAMS 0x0000000081700000, 0x0000000081600000| Updating 
|  23|0x0000000081700000, 0x0000000081800000, 0x0000000081800000|100%| O|  |TAMS 0x0000000081800000, 0x0000000081700000| Updating 
|  24|0x0000000081800000, 0x0000000081900000, 0x0000000081900000|100%| O|  |TAMS 0x0000000081900000, 0x0000000081800000| Updating 
|  25|0x0000000081900000, 0x0000000081a00000, 0x0000000081a00000|100%| O|  |TAMS 0x0000000081a00000, 0x0000000081900000| Updating 
|  26|0x0000000081a00000, 0x0000000081b00000, 0x0000000081b00000|100%| O|  |TAMS 0x0000000081b00000, 0x0000000081a00000| Updating 
|  27|0x0000000081b00000, 0x0000000081c00000, 0x0000000081c00000|100%|HS|  |TAMS 0x0000000081c00000, 0x0000000081b00000| Complete 
|  28|0x0000000081c00000, 0x0000000081d00000, 0x0000000081d00000|100%|HS|  |TAMS 0x0000000081d00000, 0x0000000081c00000| Complete 
|  29|0x0000000081d00000, 0x0000000081e00000, 0x0000000081e00000|100%|HS|  |TAMS 0x0000000081e00000, 0x0000000081d00000| Complete 
|  30|0x0000000081e00000, 0x0000000081f00000, 0x0000000081f00000|100%|HC|  |TAMS 0x0000000081f00000, 0x0000000081e00000| Complete 
|  31|0x0000000081f00000, 0x0000000082000000, 0x0000000082000000|100%|HC|  |TAMS 0x0000000082000000, 0x0000000081f00000| Complete 
|  32|0x0000000082000000, 0x0000000082100000, 0x0000000082100000|100%|HS|  |TAMS 0x0000000082100000, 0x0000000082000000| Complete 
|  33|0x0000000082100000, 0x0000000082200000, 0x0000000082200000|100%|HC|  |TAMS 0x0000000082200000, 0x0000000082100000| Complete 
|  34|0x0000000082200000, 0x0000000082300000, 0x0000000082300000|100%|HS|  |TAMS 0x0000000082300000, 0x0000000082200000| Complete 
|  35|0x0000000082300000, 0x0000000082400000, 0x0000000082400000|100%|HC|  |TAMS 0x0000000082400000, 0x0000000082300000| Complete 
|  36|0x0000000082400000, 0x0000000082500000, 0x0000000082500000|100%| O|  |TAMS 0x0000000082500000, 0x0000000082400000| Updating 
|  37|0x0000000082500000, 0x0000000082600000, 0x0000000082600000|100%| O|  |TAMS 0x0000000082600000, 0x0000000082500000| Updating 
|  38|0x0000000082600000, 0x0000000082700000, 0x0000000082700000|100%| O|  |TAMS 0x0000000082700000, 0x0000000082600000| Updating 
|  39|0x0000000082700000, 0x0000000082800000, 0x0000000082800000|100%| O|  |TAMS 0x0000000082800000, 0x0000000082700000| Updating 
|  40|0x0000000082800000, 0x0000000082900000, 0x0000000082900000|100%| O|  |TAMS 0x0000000082900000, 0x0000000082800000| Updating 
|  41|0x0000000082900000, 0x0000000082a00000, 0x0000000082a00000|100%| O|  |TAMS 0x0000000082a00000, 0x0000000082900000| Updating 
|  42|0x0000000082a00000, 0x0000000082b00000, 0x0000000082b00000|100%| O|  |TAMS 0x0000000082b00000, 0x0000000082a00000| Updating 
|  43|0x0000000082b00000, 0x0000000082c00000, 0x0000000082c00000|100%| O|  |TAMS 0x0000000082c00000, 0x0000000082b00000| Updating 
|  44|0x0000000082c00000, 0x0000000082d00000, 0x0000000082d00000|100%| O|  |TAMS 0x0000000082d00000, 0x0000000082c00000| Updating 
|  45|0x0000000082d00000, 0x0000000082e00000, 0x0000000082e00000|100%| O|  |TAMS 0x0000000082e00000, 0x0000000082d00000| Updating 
|  46|0x0000000082e00000, 0x0000000082f00000, 0x0000000082f00000|100%| O|  |TAMS 0x0000000082f00000, 0x0000000082e00000| Updating 
|  47|0x0000000082f00000, 0x0000000083000000, 0x0000000083000000|100%| O|  |TAMS 0x0000000083000000, 0x0000000082f00000| Updating 
|  48|0x0000000083000000, 0x0000000083100000, 0x0000000083100000|100%| O|  |TAMS 0x0000000083100000, 0x0000000083000000| Updating 
|  49|0x0000000083100000, 0x0000000083200000, 0x0000000083200000|100%| O|  |TAMS 0x0000000083200000, 0x0000000083100000| Updating 
|  50|0x0000000083200000, 0x0000000083300000, 0x0000000083300000|100%| O|  |TAMS 0x0000000083300000, 0x0000000083200000| Updating 
|  51|0x0000000083300000, 0x0000000083400000, 0x0000000083400000|100%| O|  |TAMS 0x0000000083400000, 0x0000000083300000| Updating 
|  52|0x0000000083400000, 0x0000000083500000, 0x0000000083500000|100%| O|  |TAMS 0x0000000083500000, 0x0000000083400000| Updating 
|  53|0x0000000083500000, 0x0000000083600000, 0x0000000083600000|100%| O|  |TAMS 0x0000000083600000, 0x0000000083500000| Updating 
|  54|0x0000000083600000, 0x0000000083700000, 0x0000000083700000|100%| O|  |TAMS 0x0000000083700000, 0x0000000083600000| Updating 
|  55|0x0000000083700000, 0x0000000083800000, 0x0000000083800000|100%| O|  |TAMS 0x0000000083800000, 0x0000000083700000| Updating 
|  56|0x0000000083800000, 0x0000000083900000, 0x0000000083900000|100%| O|  |TAMS 0x0000000083900000, 0x0000000083800000| Updating 
|  57|0x0000000083900000, 0x0000000083a00000, 0x0000000083a00000|100%| O|  |TAMS 0x0000000083a00000, 0x0000000083900000| Updating 
|  58|0x0000000083a00000, 0x0000000083b00000, 0x0000000083b00000|100%| O|  |TAMS 0x0000000083b00000, 0x0000000083a00000| Updating 
|  59|0x0000000083b00000, 0x0000000083c00000, 0x0000000083c00000|100%| O|  |TAMS 0x0000000083c00000, 0x0000000083b00000| Updating 
|  60|0x0000000083c00000, 0x0000000083d00000, 0x0000000083d00000|100%| O|  |TAMS 0x0000000083d00000, 0x0000000083c00000| Updating 
|  61|0x0000000083d00000, 0x0000000083e00000, 0x0000000083e00000|100%| O|  |TAMS 0x0000000083e00000, 0x0000000083d00000| Updating 
|  62|0x0000000083e00000, 0x0000000083f00000, 0x0000000083f00000|100%| O|  |TAMS 0x0000000083f00000, 0x0000000083e00000| Updating 
|  63|0x0000000083f00000, 0x0000000084000000, 0x0000000084000000|100%| O|  |TAMS 0x0000000084000000, 0x0000000083f00000| Updating 
|  64|0x0000000084000000, 0x0000000084100000, 0x0000000084100000|100%| O|  |TAMS 0x0000000084100000, 0x0000000084000000| Updating 
|  65|0x0000000084100000, 0x0000000084200000, 0x0000000084200000|100%| O|  |TAMS 0x0000000084200000, 0x0000000084100000| Updating 
|  66|0x0000000084200000, 0x0000000084300000, 0x0000000084300000|100%| O|  |TAMS 0x0000000084300000, 0x0000000084200000| Updating 
|  67|0x0000000084300000, 0x0000000084400000, 0x0000000084400000|100%|HS|  |TAMS 0x0000000084400000, 0x0000000084300000| Complete 
|  68|0x0000000084400000, 0x0000000084500000, 0x0000000084500000|100%| O|  |TAMS 0x0000000084500000, 0x0000000084400000| Updating 
|  69|0x0000000084500000, 0x0000000084600000, 0x0000000084600000|100%|HS|  |TAMS 0x0000000084600000, 0x0000000084500000| Complete 
|  70|0x0000000084600000, 0x0000000084700000, 0x0000000084700000|100%| O|  |TAMS 0x0000000084700000, 0x0000000084600000| Updating 
|  71|0x0000000084700000, 0x0000000084800000, 0x0000000084800000|100%| O|  |TAMS 0x0000000084800000, 0x0000000084700000| Updating 
|  72|0x0000000084800000, 0x0000000084900000, 0x0000000084900000|100%| O|  |TAMS 0x0000000084900000, 0x0000000084800000| Updating 
|  73|0x0000000084900000, 0x0000000084a00000, 0x0000000084a00000|100%| O|  |TAMS 0x0000000084a00000, 0x0000000084900000| Updating 
|  74|0x0000000084a00000, 0x0000000084b00000, 0x0000000084b00000|100%| O|  |TAMS 0x0000000084b00000, 0x0000000084a00000| Updating 
|  75|0x0000000084b00000, 0x0000000084c00000, 0x0000000084c00000|100%| O|  |TAMS 0x0000000084c00000, 0x0000000084b00000| Updating 
|  76|0x0000000084c00000, 0x0000000084d00000, 0x0000000084d00000|100%| O|  |TAMS 0x0000000084d00000, 0x0000000084c00000| Updating 
|  77|0x0000000084d00000, 0x0000000084e00000, 0x0000000084e00000|100%| O|  |TAMS 0x0000000084e00000, 0x0000000084d00000| Updating 
|  78|0x0000000084e00000, 0x0000000084f00000, 0x0000000084f00000|100%|HS|  |TAMS 0x0000000084f00000, 0x0000000084e00000| Complete 
|  79|0x0000000084f00000, 0x0000000085000000, 0x0000000085000000|100%| O|  |TAMS 0x0000000085000000, 0x0000000084f00000| Updating 
|  80|0x0000000085000000, 0x0000000085100000, 0x0000000085100000|100%| O|  |TAMS 0x0000000085100000, 0x0000000085000000| Updating 
|  81|0x0000000085100000, 0x0000000085200000, 0x0000000085200000|100%| O|  |TAMS 0x0000000085200000, 0x0000000085100000| Updating 
|  82|0x0000000085200000, 0x0000000085300000, 0x0000000085300000|100%| O|  |TAMS 0x0000000085300000, 0x0000000085200000| Updating 
|  83|0x0000000085300000, 0x0000000085400000, 0x0000000085400000|100%| O|  |TAMS 0x0000000085400000, 0x0000000085300000| Updating 
|  84|0x0000000085400000, 0x0000000085500000, 0x0000000085500000|100%|HS|  |TAMS 0x0000000085500000, 0x0000000085400000| Complete 
|  85|0x0000000085500000, 0x0000000085600000, 0x0000000085600000|100%| O|  |TAMS 0x0000000085600000, 0x0000000085500000| Updating 
|  86|0x0000000085600000, 0x0000000085700000, 0x0000000085700000|100%| O|  |TAMS 0x0000000085700000, 0x0000000085600000| Updating 
|  87|0x0000000085700000, 0x0000000085800000, 0x0000000085800000|100%|HS|  |TAMS 0x0000000085800000, 0x0000000085700000| Complete 
|  88|0x0000000085800000, 0x0000000085900000, 0x0000000085900000|100%|HC|  |TAMS 0x0000000085900000, 0x0000000085800000| Complete 
|  89|0x0000000085900000, 0x0000000085a00000, 0x0000000085a00000|100%|HC|  |TAMS 0x0000000085a00000, 0x0000000085900000| Complete 
|  90|0x0000000085a00000, 0x0000000085b00000, 0x0000000085b00000|100%|HS|  |TAMS 0x0000000085b00000, 0x0000000085a00000| Complete 
|  91|0x0000000085b00000, 0x0000000085c00000, 0x0000000085c00000|100%|HC|  |TAMS 0x0000000085c00000, 0x0000000085b00000| Complete 
|  92|0x0000000085c00000, 0x0000000085d00000, 0x0000000085d00000|100%| O|  |TAMS 0x0000000085d00000, 0x0000000085c00000| Updating 
|  93|0x0000000085d00000, 0x0000000085e00000, 0x0000000085e00000|100%| O|  |TAMS 0x0000000085e00000, 0x0000000085d00000| Updating 
|  94|0x0000000085e00000, 0x0000000085f00000, 0x0000000085f00000|100%|HS|  |TAMS 0x0000000085f00000, 0x0000000085e00000| Complete 
|  95|0x0000000085f00000, 0x0000000086000000, 0x0000000086000000|100%| O|  |TAMS 0x0000000086000000, 0x0000000085f00000| Updating 
|  96|0x0000000086000000, 0x0000000086100000, 0x0000000086100000|100%| O|  |TAMS 0x0000000086100000, 0x0000000086000000| Updating 
|  97|0x0000000086100000, 0x0000000086200000, 0x0000000086200000|100%| O|  |TAMS 0x0000000086200000, 0x0000000086100000| Updating 
|  98|0x0000000086200000, 0x0000000086300000, 0x0000000086300000|100%| O|  |TAMS 0x0000000086300000, 0x0000000086200000| Updating 
|  99|0x0000000086300000, 0x0000000086400000, 0x0000000086400000|100%| O|  |TAMS 0x0000000086400000, 0x0000000086300000| Updating 
| 100|0x0000000086400000, 0x0000000086500000, 0x0000000086500000|100%| O|  |TAMS 0x0000000086500000, 0x0000000086400000| Updating 
| 101|0x0000000086500000, 0x0000000086600000, 0x0000000086600000|100%| O|  |TAMS 0x0000000086600000, 0x0000000086500000| Updating 
| 102|0x0000000086600000, 0x0000000086700000, 0x0000000086700000|100%| O|  |TAMS 0x0000000086700000, 0x0000000086600000| Updating 
| 103|0x0000000086700000, 0x0000000086800000, 0x0000000086800000|100%|HS|  |TAMS 0x0000000086800000, 0x0000000086700000| Complete 
| 104|0x0000000086800000, 0x0000000086900000, 0x0000000086900000|100%| O|  |TAMS 0x0000000086900000, 0x0000000086800000| Updating 
| 105|0x0000000086900000, 0x0000000086a00000, 0x0000000086a00000|100%| O|  |TAMS 0x0000000086a00000, 0x0000000086900000| Updating 
| 106|0x0000000086a00000, 0x0000000086b00000, 0x0000000086b00000|100%| O|  |TAMS 0x0000000086b00000, 0x0000000086a00000| Updating 
| 107|0x0000000086b00000, 0x0000000086c00000, 0x0000000086c00000|100%|HS|  |TAMS 0x0000000086c00000, 0x0000000086b00000| Complete 
| 108|0x0000000086c00000, 0x0000000086d00000, 0x0000000086d00000|100%|HC|  |TAMS 0x0000000086d00000, 0x0000000086c00000| Complete 
| 109|0x0000000086d00000, 0x0000000086e00000, 0x0000000086e00000|100%|HS|  |TAMS 0x0000000086e00000, 0x0000000086d00000| Complete 
| 110|0x0000000086e00000, 0x0000000086f00000, 0x0000000086f00000|100%| O|  |TAMS 0x0000000086f00000, 0x0000000086e00000| Updating 
| 111|0x0000000086f00000, 0x0000000087000000, 0x0000000087000000|100%| O|  |TAMS 0x0000000087000000, 0x0000000086f00000| Updating 
| 112|0x0000000087000000, 0x0000000087100000, 0x0000000087100000|100%| O|  |TAMS 0x0000000087100000, 0x0000000087000000| Updating 
| 113|0x0000000087100000, 0x0000000087200000, 0x0000000087200000|100%| O|  |TAMS 0x0000000087200000, 0x0000000087100000| Updating 
| 114|0x0000000087200000, 0x0000000087300000, 0x0000000087300000|100%| O|  |TAMS 0x0000000087300000, 0x0000000087200000| Updating 
| 115|0x0000000087300000, 0x0000000087400000, 0x0000000087400000|100%| O|  |TAMS 0x0000000087400000, 0x0000000087300000| Updating 
| 116|0x0000000087400000, 0x0000000087500000, 0x0000000087500000|100%| O|  |TAMS 0x0000000087500000, 0x0000000087400000| Updating 
| 117|0x0000000087500000, 0x0000000087600000, 0x0000000087600000|100%| O|  |TAMS 0x0000000087600000, 0x0000000087500000| Updating 
| 118|0x0000000087600000, 0x0000000087700000, 0x0000000087700000|100%| O|  |TAMS 0x0000000087700000, 0x0000000087600000| Updating 
| 119|0x0000000087700000, 0x0000000087800000, 0x0000000087800000|100%|HS|  |TAMS 0x0000000087800000, 0x0000000087700000| Complete 
| 120|0x0000000087800000, 0x0000000087900000, 0x0000000087900000|100%|HC|  |TAMS 0x0000000087900000, 0x0000000087800000| Complete 
| 121|0x0000000087900000, 0x0000000087a00000, 0x0000000087a00000|100%| O|  |TAMS 0x0000000087a00000, 0x0000000087900000| Updating 
| 122|0x0000000087a00000, 0x0000000087b00000, 0x0000000087b00000|100%|HS|  |TAMS 0x0000000087b00000, 0x0000000087a00000| Complete 
| 123|0x0000000087b00000, 0x0000000087c00000, 0x0000000087c00000|100%| O|  |TAMS 0x0000000087c00000, 0x0000000087b00000| Updating 
| 124|0x0000000087c00000, 0x0000000087d00000, 0x0000000087d00000|100%|HS|  |TAMS 0x0000000087d00000, 0x0000000087c00000| Complete 
| 125|0x0000000087d00000, 0x0000000087e00000, 0x0000000087e00000|100%| O|  |TAMS 0x0000000087e00000, 0x0000000087d00000| Updating 
| 126|0x0000000087e00000, 0x0000000087f00000, 0x0000000087f00000|100%|HS|  |TAMS 0x0000000087f00000, 0x0000000087e00000| Complete 
| 127|0x0000000087f00000, 0x0000000088000000, 0x0000000088000000|100%| O|  |TAMS 0x0000000088000000, 0x0000000087f00000| Updating 
| 128|0x0000000088000000, 0x0000000088100000, 0x0000000088100000|100%| O|  |TAMS 0x0000000088100000, 0x0000000088000000| Updating 
| 129|0x0000000088100000, 0x0000000088200000, 0x0000000088200000|100%| O|  |TAMS 0x0000000088200000, 0x0000000088100000| Updating 
| 130|0x0000000088200000, 0x0000000088300000, 0x0000000088300000|100%| O|  |TAMS 0x0000000088300000, 0x0000000088200000| Updating 
| 131|0x0000000088300000, 0x0000000088400000, 0x0000000088400000|100%|HS|  |TAMS 0x0000000088400000, 0x0000000088300000| Complete 
| 132|0x0000000088400000, 0x0000000088500000, 0x0000000088500000|100%|HC|  |TAMS 0x0000000088500000, 0x0000000088400000| Complete 
| 133|0x0000000088500000, 0x0000000088600000, 0x0000000088600000|100%| O|  |TAMS 0x0000000088600000, 0x0000000088500000| Updating 
| 134|0x0000000088600000, 0x0000000088700000, 0x0000000088700000|100%| O|  |TAMS 0x0000000088700000, 0x0000000088600000| Updating 
| 135|0x0000000088700000, 0x0000000088800000, 0x0000000088800000|100%| O|  |TAMS 0x0000000088800000, 0x0000000088700000| Updating 
| 136|0x0000000088800000, 0x0000000088900000, 0x0000000088900000|100%|HS|  |TAMS 0x0000000088900000, 0x0000000088800000| Complete 
| 137|0x0000000088900000, 0x0000000088a00000, 0x0000000088a00000|100%|HC|  |TAMS 0x0000000088a00000, 0x0000000088900000| Complete 
| 138|0x0000000088a00000, 0x0000000088b00000, 0x0000000088b00000|100%|HC|  |TAMS 0x0000000088b00000, 0x0000000088a00000| Complete 
| 139|0x0000000088b00000, 0x0000000088c00000, 0x0000000088c00000|100%|HS|  |TAMS 0x0000000088c00000, 0x0000000088b00000| Complete 
| 140|0x0000000088c00000, 0x0000000088d00000, 0x0000000088d00000|100%|HC|  |TAMS 0x0000000088d00000, 0x0000000088c00000| Complete 
| 141|0x0000000088d00000, 0x0000000088e00000, 0x0000000088e00000|100%| O|  |TAMS 0x0000000088e00000, 0x0000000088d00000| Updating 
| 142|0x0000000088e00000, 0x0000000088f00000, 0x0000000088f00000|100%| O|  |TAMS 0x0000000088f00000, 0x0000000088e00000| Updating 
| 143|0x0000000088f00000, 0x0000000089000000, 0x0000000089000000|100%| O|  |TAMS 0x0000000089000000, 0x0000000088f00000| Updating 
| 144|0x0000000089000000, 0x0000000089100000, 0x0000000089100000|100%| O|  |TAMS 0x0000000089100000, 0x0000000089000000| Updating 
| 145|0x0000000089100000, 0x0000000089200000, 0x0000000089200000|100%|HS|  |TAMS 0x0000000089200000, 0x0000000089100000| Complete 
| 146|0x0000000089200000, 0x0000000089300000, 0x0000000089300000|100%|HS|  |TAMS 0x0000000089300000, 0x0000000089200000| Complete 
| 147|0x0000000089300000, 0x0000000089400000, 0x0000000089400000|100%| O|  |TAMS 0x0000000089400000, 0x0000000089300000| Updating 
| 148|0x0000000089400000, 0x0000000089500000, 0x0000000089500000|100%| O|  |TAMS 0x0000000089500000, 0x0000000089400000| Updating 
| 149|0x0000000089500000, 0x0000000089600000, 0x0000000089600000|100%| O|  |TAMS 0x0000000089600000, 0x0000000089500000| Updating 
| 150|0x0000000089600000, 0x0000000089700000, 0x0000000089700000|100%| O|  |TAMS 0x0000000089700000, 0x0000000089600000| Updating 
| 151|0x0000000089700000, 0x0000000089800000, 0x0000000089800000|100%| O|  |TAMS 0x0000000089800000, 0x0000000089700000| Updating 
| 152|0x0000000089800000, 0x0000000089900000, 0x0000000089900000|100%| O|  |TAMS 0x0000000089900000, 0x0000000089800000| Updating 
| 153|0x0000000089900000, 0x0000000089a00000, 0x0000000089a00000|100%| O|  |TAMS 0x0000000089a00000, 0x0000000089900000| Updating 
| 154|0x0000000089a00000, 0x0000000089b00000, 0x0000000089b00000|100%| O|  |TAMS 0x0000000089b00000, 0x0000000089a00000| Updating 
| 155|0x0000000089b00000, 0x0000000089c00000, 0x0000000089c00000|100%| O|  |TAMS 0x0000000089c00000, 0x0000000089b00000| Updating 
| 156|0x0000000089c00000, 0x0000000089d00000, 0x0000000089d00000|100%| O|  |TAMS 0x0000000089d00000, 0x0000000089c00000| Updating 
| 157|0x0000000089d00000, 0x0000000089e00000, 0x0000000089e00000|100%| O|  |TAMS 0x0000000089e00000, 0x0000000089d00000| Updating 
| 158|0x0000000089e00000, 0x0000000089f00000, 0x0000000089f00000|100%| O|  |TAMS 0x0000000089f00000, 0x0000000089e00000| Updating 
| 159|0x0000000089f00000, 0x000000008a000000, 0x000000008a000000|100%| O|  |TAMS 0x000000008a000000, 0x0000000089f00000| Updating 
| 160|0x000000008a000000, 0x000000008a100000, 0x000000008a100000|100%| O|  |TAMS 0x000000008a100000, 0x000000008a000000| Updating 
| 161|0x000000008a100000, 0x000000008a200000, 0x000000008a200000|100%| O|  |TAMS 0x000000008a200000, 0x000000008a100000| Updating 
| 162|0x000000008a200000, 0x000000008a300000, 0x000000008a300000|100%| O|  |TAMS 0x000000008a300000, 0x000000008a200000| Updating 
| 163|0x000000008a300000, 0x000000008a400000, 0x000000008a400000|100%| O|  |TAMS 0x000000008a400000, 0x000000008a300000| Updating 
| 164|0x000000008a400000, 0x000000008a500000, 0x000000008a500000|100%| O|  |TAMS 0x000000008a500000, 0x000000008a400000| Updating 
| 165|0x000000008a500000, 0x000000008a600000, 0x000000008a600000|100%| O|  |TAMS 0x000000008a600000, 0x000000008a500000| Updating 
| 166|0x000000008a600000, 0x000000008a700000, 0x000000008a700000|100%| O|  |TAMS 0x000000008a700000, 0x000000008a600000| Updating 
| 167|0x000000008a700000, 0x000000008a800000, 0x000000008a800000|100%| O|  |TAMS 0x000000008a800000, 0x000000008a700000| Updating 
| 168|0x000000008a800000, 0x000000008a900000, 0x000000008a900000|100%| O|  |TAMS 0x000000008a900000, 0x000000008a800000| Updating 
| 169|0x000000008a900000, 0x000000008aa00000, 0x000000008aa00000|100%| O|  |TAMS 0x000000008aa00000, 0x000000008a900000| Updating 
| 170|0x000000008aa00000, 0x000000008ab00000, 0x000000008ab00000|100%| O|  |TAMS 0x000000008ab00000, 0x000000008aa00000| Updating 
| 171|0x000000008ab00000, 0x000000008ac00000, 0x000000008ac00000|100%| O|  |TAMS 0x000000008ac00000, 0x000000008ab00000| Updating 
| 172|0x000000008ac00000, 0x000000008ad00000, 0x000000008ad00000|100%| O|  |TAMS 0x000000008ad00000, 0x000000008ac00000| Updating 
| 173|0x000000008ad00000, 0x000000008ae00000, 0x000000008ae00000|100%| O|  |TAMS 0x000000008ae00000, 0x000000008ad00000| Updating 
| 174|0x000000008ae00000, 0x000000008af00000, 0x000000008af00000|100%| O|  |TAMS 0x000000008af00000, 0x000000008ae00000| Updating 
| 175|0x000000008af00000, 0x000000008b000000, 0x000000008b000000|100%| O|  |TAMS 0x000000008b000000, 0x000000008af00000| Updating 
| 176|0x000000008b000000, 0x000000008b100000, 0x000000008b100000|100%| O|  |TAMS 0x000000008b100000, 0x000000008b000000| Updating 
| 177|0x000000008b100000, 0x000000008b200000, 0x000000008b200000|100%| O|  |TAMS 0x000000008b200000, 0x000000008b100000| Updating 
| 178|0x000000008b200000, 0x000000008b300000, 0x000000008b300000|100%| O|  |TAMS 0x000000008b300000, 0x000000008b200000| Updating 
| 179|0x000000008b300000, 0x000000008b400000, 0x000000008b400000|100%| O|  |TAMS 0x000000008b300000, 0x000000008b300000| Untracked 
| 180|0x000000008b400000, 0x000000008b500000, 0x000000008b500000|100%| O|  |TAMS 0x000000008b400000, 0x000000008b400000| Untracked 
| 181|0x000000008b500000, 0x000000008b600000, 0x000000008b600000|100%| O|  |TAMS 0x000000008b500000, 0x000000008b500000| Untracked 
| 182|0x000000008b600000, 0x000000008b700000, 0x000000008b700000|100%| O|  |TAMS 0x000000008b600000, 0x000000008b600000| Untracked 
| 183|0x000000008b700000, 0x000000008b800000, 0x000000008b800000|100%| O|  |TAMS 0x000000008b700000, 0x000000008b700000| Untracked 
| 184|0x000000008b800000, 0x000000008b900000, 0x000000008b900000|100%| O|  |TAMS 0x000000008b800000, 0x000000008b800000| Untracked 
| 185|0x000000008b900000, 0x000000008ba00000, 0x000000008ba00000|100%| O|  |TAMS 0x000000008b900000, 0x000000008b900000| Untracked 
| 186|0x000000008ba00000, 0x000000008bb00000, 0x000000008bb00000|100%| O|  |TAMS 0x000000008ba00000, 0x000000008ba00000| Untracked 
| 187|0x000000008bb00000, 0x000000008bb7e400, 0x000000008bc00000| 49%| O|  |TAMS 0x000000008bb00000, 0x000000008bb00000| Untracked 
| 188|0x000000008bc00000, 0x000000008bc00000, 0x000000008bd00000|  0%| F|  |TAMS 0x000000008bc00000, 0x000000008bc00000| Untracked 
| 189|0x000000008bd00000, 0x000000008bd00000, 0x000000008be00000|  0%| F|  |TAMS 0x000000008bd00000, 0x000000008bd00000| Untracked 
| 190|0x000000008be00000, 0x000000008be00000, 0x000000008bf00000|  0%| F|  |TAMS 0x000000008be00000, 0x000000008be00000| Untracked 
| 191|0x000000008bf00000, 0x000000008bf00000, 0x000000008c000000|  0%| F|  |TAMS 0x000000008bf00000, 0x000000008bf00000| Untracked 
| 192|0x000000008c000000, 0x000000008c000000, 0x000000008c100000|  0%| F|  |TAMS 0x000000008c000000, 0x000000008c000000| Untracked 
| 193|0x000000008c100000, 0x000000008c100000, 0x000000008c200000|  0%| F|  |TAMS 0x000000008c100000, 0x000000008c100000| Untracked 
| 194|0x000000008c200000, 0x000000008c200000, 0x000000008c300000|  0%| F|  |TAMS 0x000000008c200000, 0x000000008c200000| Untracked 
| 195|0x000000008c300000, 0x000000008c300000, 0x000000008c400000|  0%| F|  |TAMS 0x000000008c300000, 0x000000008c300000| Untracked 
| 196|0x000000008c400000, 0x000000008c400000, 0x000000008c500000|  0%| F|  |TAMS 0x000000008c400000, 0x000000008c400000| Untracked 
| 197|0x000000008c500000, 0x000000008c500000, 0x000000008c600000|  0%| F|  |TAMS 0x000000008c500000, 0x000000008c500000| Untracked 
| 198|0x000000008c600000, 0x000000008c600000, 0x000000008c700000|  0%| F|  |TAMS 0x000000008c600000, 0x000000008c600000| Untracked 
| 199|0x000000008c700000, 0x000000008c700000, 0x000000008c800000|  0%| F|  |TAMS 0x000000008c700000, 0x000000008c700000| Untracked 
| 200|0x000000008c800000, 0x000000008c800000, 0x000000008c900000|  0%| F|  |TAMS 0x000000008c800000, 0x000000008c800000| Untracked 
| 201|0x000000008c900000, 0x000000008c900000, 0x000000008ca00000|  0%| F|  |TAMS 0x000000008c900000, 0x000000008c900000| Untracked 
| 202|0x000000008ca00000, 0x000000008ca00000, 0x000000008cb00000|  0%| F|  |TAMS 0x000000008ca00000, 0x000000008ca00000| Untracked 
| 203|0x000000008cb00000, 0x000000008cb00000, 0x000000008cc00000|  0%| F|  |TAMS 0x000000008cb00000, 0x000000008cb00000| Untracked 
| 204|0x000000008cc00000, 0x000000008cc00000, 0x000000008cd00000|  0%| F|  |TAMS 0x000000008cc00000, 0x000000008cc00000| Untracked 
| 205|0x000000008cd00000, 0x000000008cd00000, 0x000000008ce00000|  0%| F|  |TAMS 0x000000008cd00000, 0x000000008cd00000| Untracked 
| 206|0x000000008ce00000, 0x000000008ce00000, 0x000000008cf00000|  0%| F|  |TAMS 0x000000008ce00000, 0x000000008ce00000| Untracked 
| 207|0x000000008cf00000, 0x000000008cf00000, 0x000000008d000000|  0%| F|  |TAMS 0x000000008cf00000, 0x000000008cf00000| Untracked 
| 208|0x000000008d000000, 0x000000008d000000, 0x000000008d100000|  0%| F|  |TAMS 0x000000008d000000, 0x000000008d000000| Untracked 
| 209|0x000000008d100000, 0x000000008d100000, 0x000000008d200000|  0%| F|  |TAMS 0x000000008d100000, 0x000000008d100000| Untracked 
| 210|0x000000008d200000, 0x000000008d200000, 0x000000008d300000|  0%| F|  |TAMS 0x000000008d200000, 0x000000008d200000| Untracked 
| 211|0x000000008d300000, 0x000000008d300000, 0x000000008d400000|  0%| F|  |TAMS 0x000000008d300000, 0x000000008d300000| Untracked 
| 212|0x000000008d400000, 0x000000008d400000, 0x000000008d500000|  0%| F|  |TAMS 0x000000008d400000, 0x000000008d400000| Untracked 
| 213|0x000000008d500000, 0x000000008d500000, 0x000000008d600000|  0%| F|  |TAMS 0x000000008d500000, 0x000000008d500000| Untracked 
| 214|0x000000008d600000, 0x000000008d600000, 0x000000008d700000|  0%| F|  |TAMS 0x000000008d600000, 0x000000008d600000| Untracked 
| 215|0x000000008d700000, 0x000000008d700000, 0x000000008d800000|  0%| F|  |TAMS 0x000000008d700000, 0x000000008d700000| Untracked 
| 216|0x000000008d800000, 0x000000008d800000, 0x000000008d900000|  0%| F|  |TAMS 0x000000008d800000, 0x000000008d800000| Untracked 
| 217|0x000000008d900000, 0x000000008d900000, 0x000000008da00000|  0%| F|  |TAMS 0x000000008d900000, 0x000000008d900000| Untracked 
| 218|0x000000008da00000, 0x000000008da00000, 0x000000008db00000|  0%| F|  |TAMS 0x000000008da00000, 0x000000008da00000| Untracked 
| 219|0x000000008db00000, 0x000000008db00000, 0x000000008dc00000|  0%| F|  |TAMS 0x000000008db00000, 0x000000008db00000| Untracked 
| 220|0x000000008dc00000, 0x000000008dc00000, 0x000000008dd00000|  0%| F|  |TAMS 0x000000008dc00000, 0x000000008dc00000| Untracked 
| 221|0x000000008dd00000, 0x000000008dd00000, 0x000000008de00000|  0%| F|  |TAMS 0x000000008dd00000, 0x000000008dd00000| Untracked 
| 222|0x000000008de00000, 0x000000008de00000, 0x000000008df00000|  0%| F|  |TAMS 0x000000008de00000, 0x000000008de00000| Untracked 
| 223|0x000000008df00000, 0x000000008df00000, 0x000000008e000000|  0%| F|  |TAMS 0x000000008df00000, 0x000000008df00000| Untracked 
| 224|0x000000008e000000, 0x000000008e000000, 0x000000008e100000|  0%| F|  |TAMS 0x000000008e000000, 0x000000008e000000| Untracked 
| 225|0x000000008e100000, 0x000000008e100000, 0x000000008e200000|  0%| F|  |TAMS 0x000000008e100000, 0x000000008e100000| Untracked 
| 226|0x000000008e200000, 0x000000008e200000, 0x000000008e300000|  0%| F|  |TAMS 0x000000008e200000, 0x000000008e200000| Untracked 
| 227|0x000000008e300000, 0x000000008e400000, 0x000000008e400000|100%| S|CS|TAMS 0x000000008e300000, 0x000000008e300000| Complete 
| 228|0x000000008e400000, 0x000000008e500000, 0x000000008e500000|100%| S|CS|TAMS 0x000000008e400000, 0x000000008e400000| Complete 
| 229|0x000000008e500000, 0x000000008e600000, 0x000000008e600000|100%| S|CS|TAMS 0x000000008e500000, 0x000000008e500000| Complete 
| 230|0x000000008e600000, 0x000000008e600000, 0x000000008e700000|  0%| F|  |TAMS 0x000000008e600000, 0x000000008e600000| Untracked 
| 231|0x000000008e700000, 0x000000008e700000, 0x000000008e800000|  0%| F|  |TAMS 0x000000008e700000, 0x000000008e700000| Untracked 
| 232|0x000000008e800000, 0x000000008e800000, 0x000000008e900000|  0%| F|  |TAMS 0x000000008e800000, 0x000000008e800000| Untracked 
| 233|0x000000008e900000, 0x000000008e900000, 0x000000008ea00000|  0%| F|  |TAMS 0x000000008e900000, 0x000000008e900000| Untracked 
| 234|0x000000008ea00000, 0x000000008ea00000, 0x000000008eb00000|  0%| F|  |TAMS 0x000000008ea00000, 0x000000008ea00000| Untracked 
| 235|0x000000008eb00000, 0x000000008eb00000, 0x000000008ec00000|  0%| F|  |TAMS 0x000000008eb00000, 0x000000008eb00000| Untracked 
| 236|0x000000008ec00000, 0x000000008ec00000, 0x000000008ed00000|  0%| F|  |TAMS 0x000000008ec00000, 0x000000008ec00000| Untracked 
| 237|0x000000008ed00000, 0x000000008ed00000, 0x000000008ee00000|  0%| F|  |TAMS 0x000000008ed00000, 0x000000008ed00000| Untracked 
| 238|0x000000008ee00000, 0x000000008ee00000, 0x000000008ef00000|  0%| F|  |TAMS 0x000000008ee00000, 0x000000008ee00000| Untracked 
| 239|0x000000008ef00000, 0x000000008ef00000, 0x000000008f000000|  0%| F|  |TAMS 0x000000008ef00000, 0x000000008ef00000| Untracked 
| 240|0x000000008f000000, 0x000000008f000000, 0x000000008f100000|  0%| F|  |TAMS 0x000000008f000000, 0x000000008f000000| Untracked 
| 241|0x000000008f100000, 0x000000008f100000, 0x000000008f200000|  0%| F|  |TAMS 0x000000008f100000, 0x000000008f100000| Untracked 
| 242|0x000000008f200000, 0x000000008f200000, 0x000000008f300000|  0%| F|  |TAMS 0x000000008f200000, 0x000000008f200000| Untracked 
| 243|0x000000008f300000, 0x000000008f300000, 0x000000008f400000|  0%| F|  |TAMS 0x000000008f300000, 0x000000008f300000| Untracked 
| 244|0x000000008f400000, 0x000000008f400000, 0x000000008f500000|  0%| F|  |TAMS 0x000000008f400000, 0x000000008f400000| Untracked 
| 245|0x000000008f500000, 0x000000008f500000, 0x000000008f600000|  0%| F|  |TAMS 0x000000008f500000, 0x000000008f500000| Untracked 
| 246|0x000000008f600000, 0x000000008f600000, 0x000000008f700000|  0%| F|  |TAMS 0x000000008f600000, 0x000000008f600000| Untracked 

Card table byte_map: [0x000002adf7610000,0x000002adf7a10000] _byte_map_base: 0x000002adf7210000

Marking Bits (Prev, Next): (CMBitMap*) 0x000002ade28febe0, (CMBitMap*) 0x000002ade28feba8
 Prev Bits: [0x000002adf9e10000, 0x000002adfbe10000)
 Next Bits: [0x000002adf7e10000, 0x000002adf9e10000)

Polling page: 0x000002ade26b0000

Metaspace:

Usage:
  Non-class:     85.51 MB capacity,    83.84 MB ( 98%) used,     1.39 MB (  2%) free+waste,   285.50 KB ( <1%) overhead. 
      Class:     13.28 MB capacity,    12.41 MB ( 93%) used,   767.77 KB (  6%) free+waste,   125.19 KB ( <1%) overhead. 
       Both:     98.79 MB capacity,    96.25 MB ( 97%) used,     2.14 MB (  2%) free+waste,   410.69 KB ( <1%) overhead. 

Virtual space:
  Non-class space:       86.00 MB reserved,      85.75 MB (>99%) committed 
      Class space:        1.00 GB reserved,      13.38 MB (  1%) committed 
             Both:        1.08 GB reserved,      99.13 MB (  9%) committed 

Chunk freelists:
   Non-Class:  56.00 KB
       Class:  2.00 KB
        Both:  58.00 KB

MaxMetaspaceSize: 17179869184.00 GB
CompressedClassSpaceSize: 1.00 GB

CodeHeap 'non-profiled nmethods': size=120064Kb used=10814Kb max_used=10814Kb free=109249Kb
 bounds [0x000002adef6a0000, 0x000002adf0130000, 0x000002adf6be0000]
CodeHeap 'profiled nmethods': size=120000Kb used=33140Kb max_used=33140Kb free=86859Kb
 bounds [0x000002ade8170000, 0x000002adea1d0000, 0x000002adef6a0000]
CodeHeap 'non-nmethods': size=5696Kb used=2315Kb max_used=2367Kb free=3380Kb
 bounds [0x000002ade7be0000, 0x000002ade7e50000, 0x000002ade8170000]
 total_blobs=15577 nmethods=14656 adapters=830
 compilation: enabled
              stopped_count=0, restarted_count=0
 full_count=0

Compilation events (20 events):
Event: 845.771 Thread 0x000002adfe433000 14759       2       com.android.tools.r8.code.e::<init> (7 bytes)
Event: 845.771 Thread 0x000002adfe433000 nmethod 14759 0x000002adea1c8710 code [0x000002adea1c88c0, 0x000002adea1c8a18]
Event: 845.791 Thread 0x000002adfe433000 14760       2       com.android.tools.r8.graph.f0$d::I (2 bytes)
Event: 845.791 Thread 0x000002adfe433000 nmethod 14760 0x000002adea1c8b10 code [0x000002adea1c8cc0, 0x000002adea1c8db8]
Event: 845.804 Thread 0x000002adfe430000 nmethod 14604% 0x000002adf011fd90 code [0x000002adf01203a0, 0x000002adf01284a0]
Event: 845.805 Thread 0x000002adfe430000 14758   !   4       com.android.tools.r8.graph.c0::J (125 bytes)
Event: 845.852 Thread 0x000002adfe430000 nmethod 14758 0x000002adf012dc10 code [0x000002adf012de40, 0x000002adf012ed30]
Event: 845.852 Thread 0x000002adfe430000 14763       4       com.android.tools.r8.dex.j::a (1038 bytes)
Event: 845.880 Thread 0x000002adfe433000 14765       2       com.android.tools.r8.internal.qr::b (142 bytes)
Event: 845.881 Thread 0x000002adfe433000 nmethod 14765 0x000002adea1c8e90 code [0x000002adea1c90e0, 0x000002adea1c9888]
Event: 845.898 Thread 0x000002adfe433000 14766       2       com.android.tools.r8.graph.r::d (73 bytes)
Event: 845.899 Thread 0x000002adfe433000 nmethod 14766 0x000002adea1c9d10 code [0x000002adea1c9f40, 0x000002adea1ca458]
Event: 846.037 Thread 0x000002adfe433000 14772   !   2       com.android.tools.r8.graph.c0::g (24 bytes)
Event: 846.038 Thread 0x000002adfe433000 nmethod 14772 0x000002adea1ca810 code [0x000002adea1caa00, 0x000002adea1cad38]
Event: 846.040 Thread 0x000002adfe433000 14773       2       com.android.tools.r8.dex.j::a (71 bytes)
Event: 846.041 Thread 0x000002adfe433000 nmethod 14773 0x000002adea1caf90 code [0x000002adea1cb240, 0x000002adea1cbb58]
Event: 846.112 Thread 0x000002adfe433000 14774       2       com.android.tools.r8.internal.qr::a (141 bytes)
Event: 846.114 Thread 0x000002adfe433000 nmethod 14774 0x000002adea1cc190 code [0x000002adea1cc3e0, 0x000002adea1ccb88]
Event: 846.121 Thread 0x000002adfe433000 14775       2       com.android.tools.r8.internal.mu::b (27 bytes)
Event: 846.121 Thread 0x000002adfe433000 nmethod 14775 0x000002adea1cd010 code [0x000002adea1cd1c0, 0x000002adea1cd3d8]

GC Heap History (20 events):
Event: 843.031 GC heap after
{Heap after GC invocations=45 (full 0):
 garbage-first heap   total 155648K, used 133802K [0x0000000080000000, 0x0000000100000000)
  region size 1024K, 1 young (1024K), 1 survivors (1024K)
 Metaspace       used 95993K, capacity 98439K, committed 98688K, reserved 1134592K
  class space    used 12208K, capacity 13078K, committed 13184K, reserved 1048576K
}
Event: 843.191 GC heap before
{Heap before GC invocations=45 (full 0):
 garbage-first heap   total 155648K, used 149162K [0x0000000080000000, 0x0000000100000000)
  region size 1024K, 7 young (7168K), 1 survivors (1024K)
 Metaspace       used 96190K, capacity 98641K, committed 98944K, reserved 1134592K
  class space    used 12233K, capacity 13081K, committed 13184K, reserved 1048576K
}
Event: 843.196 GC heap after
{Heap after GC invocations=46 (full 0):
 garbage-first heap   total 155648K, used 141779K [0x0000000080000000, 0x0000000100000000)
  region size 1024K, 1 young (1024K), 1 survivors (1024K)
 Metaspace       used 96190K, capacity 98641K, committed 98944K, reserved 1134592K
  class space    used 12233K, capacity 13081K, committed 13184K, reserved 1048576K
}
Event: 843.453 GC heap before
{Heap before GC invocations=46 (full 0):
 garbage-first heap   total 155648K, used 146899K [0x0000000080000000, 0x0000000100000000)
  region size 1024K, 7 young (7168K), 1 survivors (1024K)
 Metaspace       used 96235K, capacity 98706K, committed 98944K, reserved 1134592K
  class space    used 12233K, capacity 13081K, committed 13184K, reserved 1048576K
}
Event: 843.465 GC heap after
{Heap after GC invocations=47 (full 0):
 garbage-first heap   total 155648K, used 144519K [0x0000000080000000, 0x0000000100000000)
  region size 1024K, 1 young (1024K), 1 survivors (1024K)
 Metaspace       used 96235K, capacity 98706K, committed 98944K, reserved 1134592K
  class space    used 12233K, capacity 13081K, committed 13184K, reserved 1048576K
}
Event: 843.624 GC heap before
{Heap before GC invocations=48 (full 0):
 garbage-first heap   total 155648K, used 149639K [0x0000000080000000, 0x0000000100000000)
  region size 1024K, 7 young (7168K), 1 survivors (1024K)
 Metaspace       used 96235K, capacity 98706K, committed 98944K, reserved 1134592K
  class space    used 12233K, capacity 13081K, committed 13184K, reserved 1048576K
}
Event: 843.637 GC heap after
{Heap after GC invocations=49 (full 0):
 garbage-first heap   total 155648K, used 147523K [0x0000000080000000, 0x0000000100000000)
  region size 1024K, 1 young (1024K), 1 survivors (1024K)
 Metaspace       used 96235K, capacity 98706K, committed 98944K, reserved 1134592K
  class space    used 12233K, capacity 13081K, committed 13184K, reserved 1048576K
}
Event: 843.691 GC heap before
{Heap before GC invocations=49 (full 0):
 garbage-first heap   total 155648K, used 152643K [0x0000000080000000, 0x0000000100000000)
  region size 1024K, 7 young (7168K), 1 survivors (1024K)
 Metaspace       used 96235K, capacity 98706K, committed 98944K, reserved 1134592K
  class space    used 12233K, capacity 13081K, committed 13184K, reserved 1048576K
}
Event: 843.711 GC heap after
{Heap after GC invocations=50 (full 0):
 garbage-first heap   total 159744K, used 149763K [0x0000000080000000, 0x0000000100000000)
  region size 1024K, 1 young (1024K), 1 survivors (1024K)
 Metaspace       used 96235K, capacity 98706K, committed 98944K, reserved 1134592K
  class space    used 12233K, capacity 13081K, committed 13184K, reserved 1048576K
}
Event: 843.761 GC heap before
{Heap before GC invocations=50 (full 0):
 garbage-first heap   total 159744K, used 155907K [0x0000000080000000, 0x0000000100000000)
  region size 1024K, 7 young (7168K), 1 survivors (1024K)
 Metaspace       used 96235K, capacity 98706K, committed 98944K, reserved 1134592K
  class space    used 12233K, capacity 13081K, committed 13184K, reserved 1048576K
}
Event: 843.775 GC heap after
{Heap after GC invocations=51 (full 0):
 garbage-first heap   total 159744K, used 152146K [0x0000000080000000, 0x0000000100000000)
  region size 1024K, 1 young (1024K), 1 survivors (1024K)
 Metaspace       used 96235K, capacity 98706K, committed 98944K, reserved 1134592K
  class space    used 12233K, capacity 13081K, committed 13184K, reserved 1048576K
}
Event: 843.881 GC heap before
{Heap before GC invocations=51 (full 0):
 garbage-first heap   total 159744K, used 158290K [0x0000000080000000, 0x0000000100000000)
  region size 1024K, 7 young (7168K), 1 survivors (1024K)
 Metaspace       used 96237K, capacity 98706K, committed 98944K, reserved 1134592K
  class space    used 12233K, capacity 13081K, committed 13184K, reserved 1048576K
}
Event: 843.901 GC heap after
{Heap after GC invocations=52 (full 0):
 garbage-first heap   total 252928K, used 154455K [0x0000000080000000, 0x0000000100000000)
  region size 1024K, 1 young (1024K), 1 survivors (1024K)
 Metaspace       used 96237K, capacity 98706K, committed 98944K, reserved 1134592K
  class space    used 12233K, capacity 13081K, committed 13184K, reserved 1048576K
}
Event: 844.409 GC heap before
{Heap before GC invocations=52 (full 0):
 garbage-first heap   total 252928K, used 182103K [0x0000000080000000, 0x0000000100000000)
  region size 1024K, 26 young (26624K), 1 survivors (1024K)
 Metaspace       used 96237K, capacity 98706K, committed 98944K, reserved 1134592K
  class space    used 12233K, capacity 13081K, committed 13184K, reserved 1048576K
}
Event: 844.454 GC heap after
{Heap after GC invocations=53 (full 0):
 garbage-first heap   total 252928K, used 166638K [0x0000000080000000, 0x0000000100000000)
  region size 1024K, 4 young (4096K), 4 survivors (4096K)
 Metaspace       used 96237K, capacity 98706K, committed 98944K, reserved 1134592K
  class space    used 12233K, capacity 13081K, committed 13184K, reserved 1048576K
}
Event: 845.046 GC heap before
{Heap before GC invocations=54 (full 0):
 garbage-first heap   total 252928K, used 188142K [0x0000000080000000, 0x0000000100000000)
  region size 1024K, 26 young (26624K), 4 survivors (4096K)
 Metaspace       used 98471K, capacity 101086K, committed 101248K, reserved 1136640K
  class space    used 12705K, capacity 13598K, committed 13696K, reserved 1048576K
}
Event: 845.092 GC heap after
{Heap after GC invocations=55 (full 0):
 garbage-first heap   total 252928K, used 175444K [0x0000000080000000, 0x0000000100000000)
  region size 1024K, 4 young (4096K), 4 survivors (4096K)
 Metaspace       used 98471K, capacity 101086K, committed 101248K, reserved 1136640K
  class space    used 12705K, capacity 13598K, committed 13696K, reserved 1048576K
}
Event: 845.380 GC heap before
{Heap before GC invocations=55 (full 0):
 garbage-first heap   total 252928K, used 195924K [0x0000000080000000, 0x0000000100000000)
  region size 1024K, 24 young (24576K), 4 survivors (4096K)
 Metaspace       used 98509K, capacity 101091K, committed 101248K, reserved 1136640K
  class space    used 12705K, capacity 13598K, committed 13696K, reserved 1048576K
}
Event: 845.424 GC heap after
{Heap after GC invocations=56 (full 0):
 garbage-first heap   total 252928K, used 186368K [0x0000000080000000, 0x0000000100000000)
  region size 1024K, 3 young (3072K), 3 survivors (3072K)
 Metaspace       used 98509K, capacity 101091K, committed 101248K, reserved 1136640K
  class space    used 12705K, capacity 13598K, committed 13696K, reserved 1048576K
}
Event: 846.130 GC heap before
{Heap before GC invocations=56 (full 0):
 garbage-first heap   total 252928K, used 202752K [0x0000000080000000, 0x0000000100000000)
  region size 1024K, 20 young (20480K), 3 survivors (3072K)
 Metaspace       used 98557K, capacity 101158K, committed 101504K, reserved 1136640K
  class space    used 12705K, capacity 13598K, committed 13696K, reserved 1048576K
}

Deoptimization events (20 events):
Event: 845.895 Thread 0x000002ad860b5800 DEOPT PACKING pc=0x000002adea0e9b15 sp=0x000000fa5cbfe970
Event: 845.896 Thread 0x000002ad860b5800 DEOPT UNPACKING pc=0x000002ade7c0764e sp=0x000000fa5cbfdf98 mode 0
Event: 845.910 Thread 0x000002ad860b3000 DEOPT PACKING pc=0x000002adea0e9b15 sp=0x000000fa5c9fed40
Event: 845.910 Thread 0x000002ad860b3000 DEOPT UNPACKING pc=0x000002ade7c0764e sp=0x000000fa5c9fe368 mode 0
Event: 845.933 Thread 0x000002ad860b3800 DEOPT PACKING pc=0x000002adea0e9b15 sp=0x000000fa5c2fed90
Event: 845.933 Thread 0x000002ad860b3800 DEOPT UNPACKING pc=0x000002ade7c0764e sp=0x000000fa5c2fe3b8 mode 0
Event: 845.950 Thread 0x000002ad860b3800 DEOPT PACKING pc=0x000002adea0e9b15 sp=0x000000fa5c2fed90
Event: 845.950 Thread 0x000002ad860b3800 DEOPT UNPACKING pc=0x000002ade7c0764e sp=0x000000fa5c2fe3b8 mode 0
Event: 846.022 Thread 0x000002ad860b1800 DEOPT PACKING pc=0x000002adea0e9b15 sp=0x000000fa5ccfe960
Event: 846.022 Thread 0x000002ad860b1800 DEOPT UNPACKING pc=0x000002ade7c0764e sp=0x000000fa5ccfdf88 mode 0
Event: 846.042 Thread 0x000002ad860b1800 DEOPT PACKING pc=0x000002adea0e9b15 sp=0x000000fa5ccfe960
Event: 846.042 Thread 0x000002ad860b1800 DEOPT UNPACKING pc=0x000002ade7c0764e sp=0x000000fa5ccfdf88 mode 0
Event: 846.083 Thread 0x000002ad860b1800 DEOPT PACKING pc=0x000002adea0e9b15 sp=0x000000fa5ccfe980
Event: 846.083 Thread 0x000002ad860b1800 DEOPT UNPACKING pc=0x000002ade7c0764e sp=0x000000fa5ccfdfa8 mode 0
Event: 846.097 Thread 0x000002ad860b1800 DEOPT PACKING pc=0x000002adea0e9b15 sp=0x000000fa5ccfe960
Event: 846.097 Thread 0x000002ad860b1800 DEOPT UNPACKING pc=0x000002ade7c0764e sp=0x000000fa5ccfdf88 mode 0
Event: 846.103 Thread 0x000002ad860b1800 DEOPT PACKING pc=0x000002adea0e9b15 sp=0x000000fa5ccfe980
Event: 846.103 Thread 0x000002ad860b1800 DEOPT UNPACKING pc=0x000002ade7c0764e sp=0x000000fa5ccfdfa8 mode 0
Event: 846.115 Thread 0x000002ad860b1800 DEOPT PACKING pc=0x000002adea0e9b15 sp=0x000000fa5ccfe980
Event: 846.115 Thread 0x000002ad860b1800 DEOPT UNPACKING pc=0x000002ade7c0764e sp=0x000000fa5ccfdfa8 mode 0

Classes redefined (0 events):
No events

Internal exceptions (20 events):
Event: 838.662 Thread 0x000002ad838c8800 Exception <a 'sun/nio/fs/WindowsException'{0x00000000887bde80}> (0x00000000887bde80) thrown at [./src/hotspot/share/prims/jni.cpp, line 615]
Event: 838.662 Thread 0x000002ad838c8800 Exception <a 'sun/nio/fs/WindowsException'{0x00000000887befd0}> (0x00000000887befd0) thrown at [./src/hotspot/share/prims/jni.cpp, line 615]
Event: 840.615 Thread 0x000002ad86366000 Exception <a 'java/lang/NoSuchMethodError'{0x00000000888a75f0}: <clinit>> (0x00000000888a75f0) thrown at [./src/hotspot/share/prims/jni.cpp, line 1362]
Event: 840.623 Thread 0x000002ad86366000 Exception <a 'java/lang/NoSuchMethodError'{0x00000000888e04a0}: <clinit>> (0x00000000888e04a0) thrown at [./src/hotspot/share/prims/jni.cpp, line 1362]
Event: 840.626 Thread 0x000002ad86366000 Exception <a 'java/lang/NoSuchMethodError'{0x0000000088705150}: <clinit>> (0x0000000088705150) thrown at [./src/hotspot/share/prims/jni.cpp, line 1362]
Event: 840.629 Thread 0x000002ad86366000 Exception <a 'java/lang/NoSuchMethodError'{0x0000000088718b80}: <clinit>> (0x0000000088718b80) thrown at [./src/hotspot/share/prims/jni.cpp, line 1362]
Event: 840.937 Thread 0x000002ad86365000 Exception <a 'java/lang/NoSuchMethodError'{0x0000000087edb288}: 'void java.lang.invoke.DirectMethodHandle$Holder.invokeStatic(java.lang.Object, java.lang.Object, java.lang.Object, java.lang.Object, java.lang.Object, java.lang.Object, java.lang.Object)'> (0x0000000087edb288) thrown at [./src/hotspot/share/interpreter/linkResolver.cpp, line 773]
Event: 841.539 Thread 0x000002ad86368800 Exception <a 'java/lang/NoSuchMethodError'{0x00000000888e2a38}: 'void java.lang.invoke.DirectMethodHandle$Holder.invokeStatic(java.lang.Object, long)'> (0x00000000888e2a38) thrown at [./src/hotspot/share/interpreter/linkResolver.cpp, line 773]
Event: 841.540 Thread 0x000002ad86368800 Exception <a 'java/lang/NoSuchMethodError'{0x0000000088697238}: 'java.lang.Object java.lang.invoke.DirectMethodHandle$Holder.invokeStatic(java.lang.Object, long)'> (0x0000000088697238) thrown at [./src/hotspot/share/interpreter/linkResolver.cpp, line 773]
Event: 841.544 Thread 0x000002ad86368800 Exception <a 'java/lang/NoSuchMethodError'{0x00000000886b2ac8}: 'java.lang.Object java.lang.invoke.DirectMethodHandle$Holder.invokeStaticInit(java.lang.Object, java.lang.Object, long, java.lang.Object)'> (0x00000000886b2ac8) thrown at [./src/hotspot/share/interpreter/linkResolver.cpp, line 773]
Event: 841.545 Thread 0x000002ad86368800 Exception <a 'java/lang/NoSuchMethodError'{0x00000000886b8c60}: 'java.lang.Object java.lang.invoke.DirectMethodHandle$Holder.invokeStatic(java.lang.Object, java.lang.Object, long)'> (0x00000000886b8c60) thrown at [./src/hotspot/share/interpreter/linkResolver.cpp, line 773]
Event: 841.547 Thread 0x000002ad86368800 Exception <a 'java/lang/NoSuchMethodError'{0x00000000886bf1d8}: 'java.lang.Object java.lang.invoke.Invokers$Holder.linkToTargetMethod(java.lang.Object, long, java.lang.Object)'> (0x00000000886bf1d8) thrown at [./src/hotspot/share/interpreter/linkResolver.cpp, line 773]
Event: 842.610 Thread 0x000002ad860b4800 Exception <a 'sun/nio/fs/WindowsException'{0x0000000089243910}> (0x0000000089243910) thrown at [./src/hotspot/share/prims/jni.cpp, line 615]
Event: 842.642 Thread 0x000002ad86368800 Exception <a 'java/lang/NoSuchMethodError'{0x0000000089163f80}: 'int java.lang.invoke.DirectMethodHandle$Holder.invokeSpecialIFC(java.lang.Object, java.lang.Object, java.lang.Object)'> (0x0000000089163f80) thrown at [./src/hotspot/share/interpreter/linkResolver.cpp, line 773]
Event: 842.987 Thread 0x000002ad860b4800 Exception <a 'java/lang/NoSuchMethodError'{0x0000000088b78698}: 'java.lang.Object java.lang.invoke.DirectMethodHandle$Holder.invokeStatic(java.lang.Object, java.lang.Object, java.lang.Object, java.lang.Object, java.lang.Object, java.lang.Object, java.lang.Object, java.lang.Object, java.lang.Object, java.lang.Object, java.lang.Object, java.lang.Object, java.lang.Object, java.lang.Object, java.lang.Object, java.lang.Object, java.lang.Object, java.lang.Object, int, java.lang.Object)'> (0x0000000088b78698) thr
Event: 842.988 Thread 0x000002ad860b4800 Exception <a 'java/lang/NoSuchMethodError'{0x0000000088b7e180}: 'java.lang.Object java.lang.invoke.DirectMethodHandle$Holder.invokeStaticInit(java.lang.Object, java.lang.Object, java.lang.Object, java.lang.Object, java.lang.Object, java.lang.Object, java.lang.Object, java.lang.Object, java.lang.Object, java.lang.Object, java.lang.Object, java.lang.Object, java.lang.Object, java.lang.Object, java.lang.Object, java.lang.Object, java.lang.Object, java.lang.Object, int, java.lang.Object)'> (0x0000000088b7e180)
Event: 844.557 Thread 0x000002ad860b1800 Exception <a 'java/lang/IncompatibleClassChangeError'{0x000000008eea5a58}: Found class java.lang.Object, but interface was expected> (0x000000008eea5a58) thrown at [./src/hotspot/share/interpreter/linkResolver.cpp, line 839]
Event: 844.567 Thread 0x000002ad860b3000 Exception <a 'java/lang/NoSuchMethodError'{0x000000008eee1bb0}: 'java.lang.Object java.lang.invoke.DirectMethodHandle$Holder.newInvokeSpecial(java.lang.Object, int)'> (0x000000008eee1bb0) thrown at [./src/hotspot/share/interpreter/linkResolver.cpp, line 773]
Event: 844.569 Thread 0x000002ad860b1800 Exception <a 'java/lang/IncompatibleClassChangeError'{0x000000008eec4078}: Found class java.lang.Object, but interface was expected> (0x000000008eec4078) thrown at [./src/hotspot/share/interpreter/linkResolver.cpp, line 839]
Event: 844.570 Thread 0x000002ad860b1800 Exception <a 'java/lang/IncompatibleClassChangeError'{0x000000008eef4f88}: Found class java.lang.Object, but interface was expected> (0x000000008eef4f88) thrown at [./src/hotspot/share/interpreter/linkResolver.cpp, line 839]

Events (20 events):
Event: 844.821 loading class com/android/tools/r8/internal/qr done
Event: 844.821 loading class com/android/tools/r8/internal/qr
Event: 844.821 loading class com/android/tools/r8/internal/qr done
Event: 844.821 loading class com/android/tools/r8/internal/qr
Event: 844.821 loading class com/android/tools/r8/internal/qr done
Event: 844.821 loading class com/android/tools/r8/internal/mu$d
Event: 844.821 loading class com/android/tools/r8/internal/mu$d done
Event: 844.822 loading class com/android/tools/r8/internal/nu
Event: 844.822 loading class com/android/tools/r8/internal/nu done
Event: 844.823 loading class com/android/tools/r8/internal/Zc
Event: 844.823 loading class com/android/tools/r8/internal/Zc done
Event: 844.825 loading class com/android/tools/r8/internal/cq
Event: 844.825 loading class com/android/tools/r8/internal/cq done
Event: 845.046 Executing VM operation: G1CollectForAllocation
Event: 845.092 Executing VM operation: G1CollectForAllocation done
Event: 845.378 Executing VM operation: G1CollectForAllocation
Event: 845.424 Executing VM operation: G1CollectForAllocation done
Event: 846.047 Executing VM operation: CGC_Operation
Event: 846.070 Executing VM operation: CGC_Operation done
Event: 846.125 Executing VM operation: G1CollectForAllocation


Dynamic libraries:
0x00007ff7b0ea0000 - 0x00007ff7b0eaa000 	C:\Program Files\Android\Android Studio\jre\bin\java.exe
0x00007ffe72cd0000 - 0x00007ffe72ec5000 	C:\WINDOWS\SYSTEM32\ntdll.dll
0x00007ffe72a90000 - 0x00007ffe72b4d000 	C:\WINDOWS\System32\KERNEL32.DLL
0x00007ffe706c0000 - 0x00007ffe7098d000 	C:\WINDOWS\System32\KERNELBASE.dll
0x00007ffe70520000 - 0x00007ffe70620000 	C:\WINDOWS\System32\ucrtbase.dll
0x00007ffe588d0000 - 0x00007ffe588e9000 	C:\Program Files\Android\Android Studio\jre\bin\jli.dll
0x00007ffe57da0000 - 0x00007ffe57db7000 	C:\Program Files\Android\Android Studio\jre\bin\VCRUNTIME140.dll
0x00007ffe71fe0000 - 0x00007ffe72180000 	C:\WINDOWS\System32\USER32.dll
0x00007ffe704f0000 - 0x00007ffe70512000 	C:\WINDOWS\System32\win32u.dll
0x00007ffe61430000 - 0x00007ffe616ca000 	C:\WINDOWS\WinSxS\amd64_microsoft.windows.common-controls_6595b64144ccf1df_6.0.19041.1110_none_60b5254171f9507e\COMCTL32.dll
0x00007ffe70eb0000 - 0x00007ffe70eda000 	C:\WINDOWS\System32\GDI32.dll
0x00007ffe722a0000 - 0x00007ffe7233e000 	C:\WINDOWS\System32\msvcrt.dll
0x00007ffe703e0000 - 0x00007ffe704eb000 	C:\WINDOWS\System32\gdi32full.dll
0x00007ffe70620000 - 0x00007ffe706bd000 	C:\WINDOWS\System32\msvcp_win.dll
0x00007ffe714e0000 - 0x00007ffe71510000 	C:\WINDOWS\System32\IMM32.DLL
0x00007ffe542f0000 - 0x00007ffe5438d000 	C:\Program Files\Android\Android Studio\jre\bin\msvcp140.dll
0x00007ffe38f60000 - 0x00007ffe39a2f000 	C:\Program Files\Android\Android Studio\jre\bin\server\jvm.dll
0x00007ffe721f0000 - 0x00007ffe7229e000 	C:\WINDOWS\System32\ADVAPI32.dll
0x00007ffe713d0000 - 0x00007ffe7146c000 	C:\WINDOWS\System32\sechost.dll
0x00007ffe711f0000 - 0x00007ffe71315000 	C:\WINDOWS\System32\RPCRT4.dll
0x00007ffe714d0000 - 0x00007ffe714d8000 	C:\WINDOWS\System32\PSAPI.DLL
0x00007ffe60880000 - 0x00007ffe60889000 	C:\WINDOWS\SYSTEM32\WSOCK32.dll
0x00007ffe62f90000 - 0x00007ffe62fb7000 	C:\WINDOWS\SYSTEM32\WINMM.dll
0x00007ffe72180000 - 0x00007ffe721eb000 	C:\WINDOWS\System32\WS2_32.dll
0x00007ffe69130000 - 0x00007ffe6913a000 	C:\WINDOWS\SYSTEM32\VERSION.dll
0x00007ffe6e2e0000 - 0x00007ffe6e2f2000 	C:\WINDOWS\SYSTEM32\kernel.appcore.dll
0x00007ffe6b370000 - 0x00007ffe6b381000 	C:\Program Files\Android\Android Studio\jre\bin\verify.dll
0x00007ffe66dc0000 - 0x00007ffe66fa4000 	C:\WINDOWS\SYSTEM32\DBGHELP.DLL
0x00007ffe66c50000 - 0x00007ffe66c7c000 	C:\WINDOWS\SYSTEM32\dbgcore.DLL
0x00007ffe70ba0000 - 0x00007ffe70c22000 	C:\WINDOWS\System32\bcryptPrimitives.dll
0x00007ffe6b340000 - 0x00007ffe6b369000 	C:\Program Files\Android\Android Studio\jre\bin\java.dll
0x00007ffe6b4f0000 - 0x00007ffe6b4fb000 	C:\Program Files\Android\Android Studio\jre\bin\jimage.dll
0x00007ffe6a180000 - 0x00007ffe6a198000 	C:\Program Files\Android\Android Studio\jre\bin\zip.dll
0x00007ffe72340000 - 0x00007ffe72a84000 	C:\WINDOWS\System32\SHELL32.dll
0x00007ffe6e4e0000 - 0x00007ffe6ec74000 	C:\WINDOWS\SYSTEM32\windows.storage.dll
0x00007ffe71640000 - 0x00007ffe71994000 	C:\WINDOWS\System32\combase.dll
0x00007ffe6fdd0000 - 0x00007ffe6fdfc000 	C:\WINDOWS\SYSTEM32\Wldp.dll
0x00007ffe71320000 - 0x00007ffe713cd000 	C:\WINDOWS\System32\SHCORE.dll
0x00007ffe70fe0000 - 0x00007ffe71035000 	C:\WINDOWS\System32\shlwapi.dll
0x00007ffe70320000 - 0x00007ffe7033f000 	C:\WINDOWS\SYSTEM32\profapi.dll
0x00007ffe6a160000 - 0x00007ffe6a17a000 	C:\Program Files\Android\Android Studio\jre\bin\net.dll
0x00007ffe62100000 - 0x00007ffe6220a000 	C:\WINDOWS\SYSTEM32\WINHTTP.dll
0x00007ffe6fb30000 - 0x00007ffe6fb9a000 	C:\WINDOWS\system32\mswsock.dll
0x00007ffe69be0000 - 0x00007ffe69bf4000 	C:\Program Files\Android\Android Studio\jre\bin\nio.dll
0x00007ffe5bf80000 - 0x00007ffe5bfa7000 	C:\Users\Eddo Yulianda\.gradle\native\8bec1ad78214c89d9ad589b4d07fe93259594b29d510b10fafb7a158f7737e5d\windows-amd64\native-platform.dll
0x00007ffe3a250000 - 0x00007ffe3a38d000 	C:\Users\Eddo Yulianda\.gradle\native\53dbd7edfb1c66fb8903c78663c9afc45aea4f116125fa6feffd364cf09443e8\windows-amd64\native-platform-file-events.dll
0x00007ffe6b330000 - 0x00007ffe6b33a000 	C:\Program Files\Android\Android Studio\jre\bin\management.dll
0x00007ffe6b0d0000 - 0x00007ffe6b0dc000 	C:\Program Files\Android\Android Studio\jre\bin\management_ext.dll
0x00007ffe6fd20000 - 0x00007ffe6fd38000 	C:\WINDOWS\SYSTEM32\CRYPTSP.dll
0x00007ffe6f4b0000 - 0x00007ffe6f4e4000 	C:\WINDOWS\system32\rsaenh.dll
0x00007ffe70c80000 - 0x00007ffe70ca7000 	C:\WINDOWS\System32\bcrypt.dll
0x00007ffe702e0000 - 0x00007ffe7030e000 	C:\WINDOWS\SYSTEM32\USERENV.dll
0x00007ffe6fd40000 - 0x00007ffe6fd4c000 	C:\WINDOWS\SYSTEM32\CRYPTBASE.dll
0x00007ffe6f820000 - 0x00007ffe6f85b000 	C:\WINDOWS\SYSTEM32\IPHLPAPI.DLL
0x00007ffe70e40000 - 0x00007ffe70e48000 	C:\WINDOWS\System32\NSI.dll
0x00007ffe66bc0000 - 0x00007ffe66bd7000 	C:\WINDOWS\SYSTEM32\dhcpcsvc6.DLL
0x00007ffe678e0000 - 0x00007ffe678fd000 	C:\WINDOWS\SYSTEM32\dhcpcsvc.DLL
0x00007ffe6f860000 - 0x00007ffe6f92b000 	C:\WINDOWS\SYSTEM32\DNSAPI.dll

dbghelp: loaded successfully - version: 4.0.5 - missing functions: none
symbol engine: initialized successfully - sym options: 0x614 - pdb path: .;C:\Program Files\Android\Android Studio\jre\bin;C:\WINDOWS\SYSTEM32;C:\WINDOWS\WinSxS\amd64_microsoft.windows.common-controls_6595b64144ccf1df_6.0.19041.1110_none_60b5254171f9507e;C:\Program Files\Android\Android Studio\jre\bin\server;C:\Users\Eddo Yulianda\.gradle\native\8bec1ad78214c89d9ad589b4d07fe93259594b29d510b10fafb7a158f7737e5d\windows-amd64;C:\Users\Eddo Yulianda\.gradle\native\53dbd7edfb1c66fb8903c78663c9afc45aea4f116125fa6feffd364cf09443e8\windows-amd64

VM Arguments:
jvm_args: --add-opens=java.base/java.util=ALL-UNNAMED --add-opens=java.base/java.lang=ALL-UNNAMED --add-opens=java.base/java.lang.invoke=ALL-UNNAMED --add-opens=java.base/java.util=ALL-UNNAMED --add-opens=java.prefs/java.util.prefs=ALL-UNNAMED --add-opens=java.prefs/java.util.prefs=ALL-UNNAMED --add-opens=java.base/java.nio.charset=ALL-UNNAMED --add-opens=java.base/java.net=ALL-UNNAMED --add-opens=java.base/java.util.concurrent.atomic=ALL-UNNAMED -Xmx2048m -Dfile.encoding=UTF-8 -Duser.country=GB -Duser.language=en -Duser.variant 
java_command: org.gradle.launcher.daemon.bootstrap.GradleDaemon 7.0.2
java_class_path (initial): C:\Users\Eddo Yulianda\.gradle\wrapper\dists\gradle-7.0.2-bin\857tjihv64xamwrf0h14cai3r\gradle-7.0.2\lib\gradle-launcher-7.0.2.jar
Launcher Type: SUN_STANDARD

[Global flags]
     intx CICompilerCount                          = 3                                         {product} {ergonomic}
     uint ConcGCThreads                            = 1                                         {product} {ergonomic}
     uint G1ConcRefinementThreads                  = 4                                         {product} {ergonomic}
   size_t G1HeapRegionSize                         = 1048576                                   {product} {ergonomic}
    uintx GCDrainStackTargetSize                   = 64                                        {product} {ergonomic}
   size_t InitialHeapSize                          = 132120576                                 {product} {ergonomic}
   size_t MarkStackSize                            = 4194304                                   {product} {ergonomic}
   size_t MaxHeapSize                              = 2147483648                                {product} {command line}
   size_t MaxNewSize                               = 1287651328                                {product} {ergonomic}
   size_t MinHeapDeltaBytes                        = 1048576                                   {product} {ergonomic}
    uintx NonNMethodCodeHeapSize                   = 5830732                                {pd product} {ergonomic}
    uintx NonProfiledCodeHeapSize                  = 122913754                              {pd product} {ergonomic}
    uintx ProfiledCodeHeapSize                     = 122913754                              {pd product} {ergonomic}
    uintx ReservedCodeCacheSize                    = 251658240                              {pd product} {ergonomic}
     bool SegmentedCodeCache                       = true                                      {product} {ergonomic}
     bool UseCompressedClassPointers               = true                                 {lp64_product} {ergonomic}
     bool UseCompressedOops                        = true                                 {lp64_product} {ergonomic}
     bool UseG1GC                                  = true                                      {product} {ergonomic}
     bool UseLargePagesIndividualAllocation        = false                                  {pd product} {ergonomic}

Logging:
Log output configuration:
 #0: stdout all=warning uptime,level,tags
 #1: stderr all=off uptime,level,tags

Environment Variables:
PATH=C:\WINDOWS\system32;C:\WINDOWS;C:\WINDOWS\System32\Wbem;C:\WINDOWS\System32\WindowsPowerShell\v1.0\;C:\WINDOWS\System32\OpenSSH\;C:\Program Files (x86)\Intel\OpenCL SDK\2.0\bin\x86;C:\Program Files (x86)\Intel\OpenCL SDK\2.0\bin\x64;C:\Program Files\dotnet\;C:\ProgramData\ComposerSetup\bin;C:\xampp2\php;C:\Program Files\Microsoft SQL Server\130\Tools\Binn\;C:\Program Files\Microsoft SQL Server\Client SDK\ODBC\170\Tools\Binn\;C:\Program Files (x86)\dotnet\;C:\Program Files\Microsoft VS Code\bin;C:\Program Files\Git\cmd;C:\Program Files\MySQL\MySQL Shell 8.0\bin\;C:\Users\Eddo Yulianda\AppData\Local\Microsoft\WindowsApps;C:\Users\Eddo Yulianda\.dotnet\tools;C:\Users\Eddo Yulianda\AppData\Roaming\Composer\vendor\bin;C:\Users\Eddo Yulianda\AppData\Local\GitHubDesktop\bin
USERNAME=Eddo Yulianda
OS=Windows_NT
PROCESSOR_IDENTIFIER=Intel64 Family 6 Model 42 Stepping 7, GenuineIntel



---------------  S Y S T E M  ---------------

OS: Windows 10 , 64 bit Build 19041 (10.0.19041.1706)
OS uptime: 0 days 1:23 hours

CPU:total 4 (initial active 4) (2 cores per cpu, 2 threads per core) family 6 model 42 stepping 7 microcode 0x2f, cmov, cx8, fxsr, mmx, sse, sse2, sse3, ssse3, sse4.1, sse4.2, popcnt, avx, aes, clmul, ht, tsc, tscinvbit

Memory: 4k page, system-wide physical 8038M (1290M free)
TotalPageFile size 8038M (AvailPageFile size 237M)
current process WorkingSet (physical memory assigned to process): 448M, peak: 449M
current process commit charge ("private bytes"): 573M, peak: 903M

vm_info: OpenJDK 64-Bit Server VM (11.0.10+0-b96-7249189) for windows-amd64 JRE (11.0.10+0-b96-7249189), built on Mar 31 2021 21:44:00 by "builder" with MS VC++ 14.0 (VS2015)

END.
