#
# There is insufficient memory for the Java Runtime Environment to continue.
# Native memory allocation (malloc) failed to allocate 1283456 bytes for Chunk::new
# Possible reasons:
#   The system is out of physical RAM or swap space
#   The process is running with CompressedOops enabled, and the Java Heap may be blocking the growth of the native heap
# Possible solutions:
#   Reduce memory load on the system
#   Increase physical memory or swap space
#   Check if swap backing store is full
#   Decrease Java heap size (-Xmx/-Xms)
#   Decrease number of Java threads
#   Decrease Java thread stack sizes (-Xss)
#   Set larger code cache with -XX:ReservedCodeCacheSize=
#   JVM is running with Unscaled Compressed Oops mode in which the Java heap is
#     placed in the first 4GB address space. The Java Heap base address is the
#     maximum limit for the native heap growth. Please use -XX:HeapBaseMinAddress
#     to set the Java Heap base and to place the Java Heap above 4GB virtual address.
# This output file may be truncated or incomplete.
#
#  Out of Memory Error (./src/hotspot/share/memory/arena.cpp:197), pid=13752, tid=7044
#
# JRE version: OpenJDK Runtime Environment (11.0.10) (build 11.0.10+0-b96-7249189)
# Java VM: OpenJDK 64-Bit Server VM (11.0.10+0-b96-7249189, mixed mode, tiered, compressed oops, g1 gc, windows-amd64)
# No core dump will be written. Minidumps are not enabled by default on client versions of Windows
#

---------------  S U M M A R Y ------------

Command Line: --add-opens=java.base/java.util=ALL-UNNAMED --add-opens=java.base/java.lang=ALL-UNNAMED --add-opens=java.base/java.lang.invoke=ALL-UNNAMED --add-opens=java.base/java.util=ALL-UNNAMED --add-opens=java.prefs/java.util.prefs=ALL-UNNAMED --add-opens=java.prefs/java.util.prefs=ALL-UNNAMED --add-opens=java.base/java.nio.charset=ALL-UNNAMED --add-opens=java.base/java.net=ALL-UNNAMED --add-opens=java.base/java.util.concurrent.atomic=ALL-UNNAMED -Xmx2048m -Dfile.encoding=UTF-8 -Duser.country=GB -Duser.language=en -Duser.variant org.gradle.launcher.daemon.bootstrap.GradleDaemon 7.0.2

Host: Intel(R) Core(TM) i5-2410M CPU @ 2.30GHz, 4 cores, 7G,  Windows 10 , 64 bit Build 19041 (10.0.19041.1706)
Time: Mon May 23 11:36:12 2022 SE Asia Standard Time elapsed time: 58.757099 seconds (0d 0h 0m 58s)

---------------  T H R E A D  ---------------

Current thread (0x000001f8932e0800):  JavaThread "C2 CompilerThread0" daemon [_thread_in_native, id=7044, stack(0x0000008e8c100000,0x0000008e8c200000)]


Current CompileTask:
C2:  58757 7439 %     4       org.gradle.internal.instantiation.generator.AbstractClassGenerator::inspectType @ 77 (560 bytes)

Stack: [0x0000008e8c100000,0x0000008e8c200000]
Native frames: (J=compiled Java code, j=interpreted, Vv=VM code, C=native code)
V  [jvm.dll+0x5ecfaa]
V  [jvm.dll+0x722bd5]
V  [jvm.dll+0x72412d]
V  [jvm.dll+0x7247e3]
V  [jvm.dll+0x242928]
V  [jvm.dll+0xbc4fc]
V  [jvm.dll+0xbca0c]
V  [jvm.dll+0x2b4fd4]
V  [jvm.dll+0x506028]
V  [jvm.dll+0x203253]
V  [jvm.dll+0x1fd07c]
V  [jvm.dll+0x1fa77f]
V  [jvm.dll+0x18354c]
V  [jvm.dll+0x208ee7]
V  [jvm.dll+0x207731]
V  [jvm.dll+0x6eb1cf]
V  [jvm.dll+0x6e3d45]
V  [jvm.dll+0x5ebe96]
C  [ucrtbase.dll+0x21bb2]
C  [KERNEL32.DLL+0x17034]
C  [ntdll.dll+0x52651]


---------------  P R O C E S S  ---------------

Threads class SMR info:
_java_thread_list=0x000001f89c607ca0, length=42, elements={
0x000001f8f768e000, 0x000001f8932c1000, 0x000001f8932c4000, 0x000001f893c52800,
0x000001f8932dc000, 0x000001f8932dd800, 0x000001f8932e0800, 0x000001f8932e6000,
0x000001f893c98800, 0x000001f893d8f800, 0x000001f894f7f800, 0x000001f895585800,
0x000001f8941c5800, 0x000001f8943f3000, 0x000001f8941f1000, 0x000001f89490b800,
0x000001f893f8a000, 0x000001f89422b800, 0x000001f89422c000, 0x000001f89421b000,
0x000001f89421a000, 0x000001f89421c000, 0x000001f89421c800, 0x000001f894220000,
0x000001f89421f000, 0x000001f894220800, 0x000001f89421d800, 0x000001f89421e000,
0x000001f894ba9000, 0x000001f894baa000, 0x000001f894ba4000, 0x000001f894bac800,
0x000001f894ba6800, 0x000001f894bab000, 0x000001f894ba8800, 0x000001f894baf800,
0x000001f894bb1800, 0x000001f894baf000, 0x000001f894bb0800, 0x000001f894bab800,
0x000001f894bb2000, 0x000001f894bae000
}

Java Threads: ( => current thread )
  0x000001f8f768e000 JavaThread "main" [_thread_blocked, id=9540, stack(0x0000008e8b500000,0x0000008e8b600000)]
  0x000001f8932c1000 JavaThread "Reference Handler" daemon [_thread_blocked, id=13564, stack(0x0000008e8bc00000,0x0000008e8bd00000)]
  0x000001f8932c4000 JavaThread "Finalizer" daemon [_thread_blocked, id=13528, stack(0x0000008e8bd00000,0x0000008e8be00000)]
  0x000001f893c52800 JavaThread "Signal Dispatcher" daemon [_thread_blocked, id=12600, stack(0x0000008e8be00000,0x0000008e8bf00000)]
  0x000001f8932dc000 JavaThread "Attach Listener" daemon [_thread_blocked, id=9928, stack(0x0000008e8bf00000,0x0000008e8c000000)]
  0x000001f8932dd800 JavaThread "Service Thread" daemon [_thread_blocked, id=13828, stack(0x0000008e8c000000,0x0000008e8c100000)]
=>0x000001f8932e0800 JavaThread "C2 CompilerThread0" daemon [_thread_in_native, id=7044, stack(0x0000008e8c100000,0x0000008e8c200000)]
  0x000001f8932e6000 JavaThread "C1 CompilerThread0" daemon [_thread_blocked, id=13724, stack(0x0000008e8c200000,0x0000008e8c300000)]
  0x000001f893c98800 JavaThread "Sweeper thread" daemon [_thread_blocked, id=1940, stack(0x0000008e8c300000,0x0000008e8c400000)]
  0x000001f893d8f800 JavaThread "Common-Cleaner" daemon [_thread_blocked, id=13380, stack(0x0000008e8c400000,0x0000008e8c500000)]
  0x000001f894f7f800 JavaThread "Daemon health stats" [_thread_blocked, id=6748, stack(0x0000008e8c600000,0x0000008e8c700000)]
  0x000001f895585800 JavaThread "Incoming local TCP Connector on port 62862" [_thread_in_native, id=13872, stack(0x0000008e8c900000,0x0000008e8ca00000)]
  0x000001f8941c5800 JavaThread "Daemon periodic checks" [_thread_blocked, id=8820, stack(0x0000008e8ca00000,0x0000008e8cb00000)]
  0x000001f8943f3000 JavaThread "Daemon" [_thread_blocked, id=10316, stack(0x0000008e8cb00000,0x0000008e8cc00000)]
  0x000001f8941f1000 JavaThread "Handler for socket connection from /127.0.0.1:62862 to /127.0.0.1:62863" [_thread_in_native, id=8736, stack(0x0000008e8cd00000,0x0000008e8ce00000)]
  0x000001f89490b800 JavaThread "Cancel handler" [_thread_blocked, id=11140, stack(0x0000008e8ce00000,0x0000008e8cf00000)]
  0x000001f893f8a000 JavaThread "Daemon worker" [_thread_in_vm, id=14272, stack(0x0000008e8cf00000,0x0000008e8d000000)]
  0x000001f89422b800 JavaThread "Asynchronous log dispatcher for DefaultDaemonConnection: socket connection from /127.0.0.1:62862 to /127.0.0.1:62863" [_thread_blocked, id=6848, stack(0x0000008e8d000000,0x0000008e8d100000)]
  0x000001f89422c000 JavaThread "Stdin handler" [_thread_blocked, id=11628, stack(0x0000008e8d100000,0x0000008e8d200000)]
  0x000001f89421b000 JavaThread "Daemon client event forwarder" [_thread_blocked, id=5100, stack(0x0000008e8d200000,0x0000008e8d300000)]
  0x000001f89421a000 JavaThread "Cache worker for file hash cache (C:\Users\Eddo Yulianda\.gradle\caches\7.0.2\fileHashes)" [_thread_blocked, id=14296, stack(0x0000008e8d300000,0x0000008e8d400000)]
  0x000001f89421c000 JavaThread "File lock request listener" [_thread_in_native, id=12256, stack(0x0000008e8d400000,0x0000008e8d500000)]
  0x000001f89421c800 JavaThread "Cache worker for journal cache (C:\Users\Eddo Yulianda\.gradle\caches\journal-1)" [_thread_blocked, id=10328, stack(0x0000008e8d500000,0x0000008e8d600000)]
  0x000001f894220000 JavaThread "Cache worker for file hash cache (C:\Users\Eddo Yulianda\AndroidStudioProjects\PresensiOnlinePNP\.gradle\7.0.2\fileHashes)" [_thread_blocked, id=13480, stack(0x0000008e8d600000,0x0000008e8d700000)]
  0x000001f89421f000 JavaThread "File watcher server" daemon [_thread_in_native, id=3152, stack(0x0000008e8d700000,0x0000008e8d800000)]
  0x000001f894220800 JavaThread "File watcher consumer" daemon [_thread_blocked, id=11088, stack(0x0000008e8d800000,0x0000008e8d900000)]
  0x000001f89421d800 JavaThread "Cache worker for checksums cache (C:\Users\Eddo Yulianda\AndroidStudioProjects\PresensiOnlinePNP\.gradle\checksums)" [_thread_blocked, id=8036, stack(0x0000008e8d900000,0x0000008e8da00000)]
  0x000001f89421e000 JavaThread "Cache worker for cache directory md-supplier (C:\Users\Eddo Yulianda\.gradle\caches\7.0.2\md-supplier)" [_thread_blocked, id=11072, stack(0x0000008e8da00000,0x0000008e8db00000)]
  0x000001f894ba9000 JavaThread "Cache worker for cache directory md-rule (C:\Users\Eddo Yulianda\.gradle\caches\7.0.2\md-rule)" [_thread_blocked, id=9380, stack(0x0000008e8db00000,0x0000008e8dc00000)]
  0x000001f894baa000 JavaThread "Cache worker for execution history cache (C:\Users\Eddo Yulianda\.gradle\caches\7.0.2\executionHistory)" [_thread_blocked, id=6164, stack(0x0000008e8dc00000,0x0000008e8dd00000)]
  0x000001f894ba4000 JavaThread "jar transforms" [_thread_blocked, id=11720, stack(0x0000008e8dd00000,0x0000008e8de00000)]
  0x000001f894bac800 JavaThread "jar transforms Thread 2" [_thread_blocked, id=5688, stack(0x0000008e8de00000,0x0000008e8df00000)]
  0x000001f894ba6800 JavaThread "Cache worker for file content cache (C:\Users\Eddo Yulianda\.gradle\caches\7.0.2\fileContent)" [_thread_blocked, id=12700, stack(0x0000008e8e000000,0x0000008e8e100000)]
  0x000001f894bab000 JavaThread "Cache worker for dependencies-accessors (C:\Users\Eddo Yulianda\AndroidStudioProjects\PresensiOnlinePNP\.gradle\7.0.2\dependencies-accessors)" [_thread_blocked, id=12712, stack(0x0000008e8df00000,0x0000008e8e000000)]
  0x000001f894ba8800 JavaThread "jar transforms Thread 3" [_thread_blocked, id=5408, stack(0x0000008e8e200000,0x0000008e8e300000)]
  0x000001f894baf800 JavaThread "Cache worker for Build Output Cleanup Cache (C:\Users\Eddo Yulianda\AndroidStudioProjects\PresensiOnlinePNP\.gradle\buildOutputCleanup)" [_thread_blocked, id=12812, stack(0x0000008e8e100000,0x0000008e8e200000)]
  0x000001f894bb1800 JavaThread "Build operations" [_thread_blocked, id=13116, stack(0x0000008e8e300000,0x0000008e8e400000)]
  0x000001f894baf000 JavaThread "Build operations Thread 2" [_thread_blocked, id=12480, stack(0x0000008e8e400000,0x0000008e8e500000)]
  0x000001f894bb0800 JavaThread "Build operations Thread 3" [_thread_blocked, id=10548, stack(0x0000008e8e500000,0x0000008e8e600000)]
  0x000001f894bab800 JavaThread "Build operations Thread 4" [_thread_blocked, id=7712, stack(0x0000008e8e600000,0x0000008e8e700000)]
  0x000001f894bb2000 JavaThread "jar transforms Thread 4" [_thread_blocked, id=11760, stack(0x0000008e8b400000,0x0000008e8b500000)]
  0x000001f894bae000 JavaThread "Memory manager" [_thread_blocked, id=12048, stack(0x0000008e8ea00000,0x0000008e8eb00000)]

Other Threads:
  0x000001f8932bc000 VMThread "VM Thread" [stack: 0x0000008e8bb00000,0x0000008e8bc00000] [id=7016]
  0x000001f893d90000 WatcherThread [stack: 0x0000008e8c500000,0x0000008e8c600000] [id=14292]
  0x000001f8f76a6800 GCTaskThread "GC Thread#0" [stack: 0x0000008e8b600000,0x0000008e8b700000] [id=12084]
  0x000001f893e64000 GCTaskThread "GC Thread#1" [stack: 0x0000008e8c700000,0x0000008e8c800000] [id=8744]
  0x000001f894316800 GCTaskThread "GC Thread#2" [stack: 0x0000008e8c800000,0x0000008e8c900000] [id=14232]
  0x000001f894380000 GCTaskThread "GC Thread#3" [stack: 0x0000008e8cc00000,0x0000008e8cd00000] [id=9224]
  0x000001f8f76d8800 ConcurrentGCThread "G1 Main Marker" [stack: 0x0000008e8b700000,0x0000008e8b800000] [id=5260]
  0x000001f8f76d9800 ConcurrentGCThread "G1 Conc#0" [stack: 0x0000008e8b800000,0x0000008e8b900000] [id=13200]
  0x000001f8f776c000 ConcurrentGCThread "G1 Refine#0" [stack: 0x0000008e8b900000,0x0000008e8ba00000] [id=3964]
  0x000001f8f776d000 ConcurrentGCThread "G1 Young RemSet Sampling" [stack: 0x0000008e8ba00000,0x0000008e8bb00000] [id=14172]

Threads with active compile tasks:
C2 CompilerThread0  58844 7439 %     4       org.gradle.internal.instantiation.generator.AbstractClassGenerator::inspectType @ 77 (560 bytes)

VM state:not at safepoint (normal execution)

VM Mutex/Monitor currently owned by a thread: None

Heap address: 0x0000000080000000, size: 2048 MB, Compressed Oops mode: 32-bit
Narrow klass base: 0x0000000000000000, Narrow klass shift: 3
Compressed class space size: 1073741824 Address: 0x0000000100000000

Heap:
 garbage-first heap   total 129024K, used 95943K [0x0000000080000000, 0x0000000100000000)
  region size 1024K, 38 young (38912K), 6 survivors (6144K)
 Metaspace       used 77847K, capacity 79661K, committed 80000K, reserved 1118208K
  class space    used 10105K, capacity 10792K, committed 10880K, reserved 1048576K
Heap Regions: E=young(eden), S=young(survivor), O=old, HS=humongous(starts), HC=humongous(continues), CS=collection set, F=free, A=archive, TAMS=top-at-mark-start (previous, next)
|   0|0x0000000080000000, 0x0000000080100000, 0x0000000080100000|100%|HS|  |TAMS 0x0000000080100000, 0x0000000080000000| Complete 
|   1|0x0000000080100000, 0x0000000080200000, 0x0000000080200000|100%|HC|  |TAMS 0x0000000080200000, 0x0000000080100000| Complete 
|   2|0x0000000080200000, 0x0000000080300000, 0x0000000080300000|100%|HC|  |TAMS 0x0000000080300000, 0x0000000080200000| Complete 
|   3|0x0000000080300000, 0x0000000080400000, 0x0000000080400000|100%| O|  |TAMS 0x0000000080400000, 0x0000000080300000| Untracked 
|   4|0x0000000080400000, 0x0000000080500000, 0x0000000080500000|100%| O|  |TAMS 0x0000000080500000, 0x0000000080400000| Untracked 
|   5|0x0000000080500000, 0x0000000080600000, 0x0000000080600000|100%| O|  |TAMS 0x0000000080600000, 0x0000000080500000| Untracked 
|   6|0x0000000080600000, 0x0000000080700000, 0x0000000080700000|100%| O|  |TAMS 0x0000000080700000, 0x0000000080600000| Untracked 
|   7|0x0000000080700000, 0x0000000080800000, 0x0000000080800000|100%| O|  |TAMS 0x0000000080800000, 0x0000000080700000| Untracked 
|   8|0x0000000080800000, 0x0000000080900000, 0x0000000080900000|100%| O|  |TAMS 0x0000000080900000, 0x0000000080800000| Untracked 
|   9|0x0000000080900000, 0x0000000080a00000, 0x0000000080a00000|100%| O|  |TAMS 0x0000000080a00000, 0x0000000080900000| Untracked 
|  10|0x0000000080a00000, 0x0000000080b00000, 0x0000000080b00000|100%| O|  |TAMS 0x0000000080b00000, 0x0000000080a00000| Untracked 
|  11|0x0000000080b00000, 0x0000000080c00000, 0x0000000080c00000|100%| O|  |TAMS 0x0000000080c00000, 0x0000000080b00000| Untracked 
|  12|0x0000000080c00000, 0x0000000080d00000, 0x0000000080d00000|100%| O|  |TAMS 0x0000000080d00000, 0x0000000080c00000| Untracked 
|  13|0x0000000080d00000, 0x0000000080e00000, 0x0000000080e00000|100%| O|  |TAMS 0x0000000080e00000, 0x0000000080d00000| Untracked 
|  14|0x0000000080e00000, 0x0000000080f00000, 0x0000000080f00000|100%| O|  |TAMS 0x0000000080f00000, 0x0000000080e00000| Untracked 
|  15|0x0000000080f00000, 0x0000000081000000, 0x0000000081000000|100%|HS|  |TAMS 0x0000000081000000, 0x0000000080f00000| Complete 
|  16|0x0000000081000000, 0x0000000081100000, 0x0000000081100000|100%| O|  |TAMS 0x0000000081100000, 0x0000000081000000| Untracked 
|  17|0x0000000081100000, 0x0000000081200000, 0x0000000081200000|100%| O|  |TAMS 0x0000000081200000, 0x0000000081100000| Untracked 
|  18|0x0000000081200000, 0x0000000081300000, 0x0000000081300000|100%| O|  |TAMS 0x0000000081300000, 0x0000000081200000| Untracked 
|  19|0x0000000081300000, 0x0000000081400000, 0x0000000081400000|100%| O|  |TAMS 0x0000000081400000, 0x0000000081300000| Untracked 
|  20|0x0000000081400000, 0x0000000081500000, 0x0000000081500000|100%| O|  |TAMS 0x0000000081500000, 0x0000000081400000| Untracked 
|  21|0x0000000081500000, 0x0000000081600000, 0x0000000081600000|100%| O|  |TAMS 0x0000000081600000, 0x0000000081500000| Untracked 
|  22|0x0000000081600000, 0x0000000081700000, 0x0000000081700000|100%| O|  |TAMS 0x0000000081700000, 0x0000000081600000| Untracked 
|  23|0x0000000081700000, 0x0000000081800000, 0x0000000081800000|100%|HS|  |TAMS 0x0000000081800000, 0x0000000081700000| Complete 
|  24|0x0000000081800000, 0x0000000081900000, 0x0000000081900000|100%|HS|  |TAMS 0x0000000081900000, 0x0000000081800000| Complete 
|  25|0x0000000081900000, 0x0000000081a00000, 0x0000000081a00000|100%|HS|  |TAMS 0x0000000081a00000, 0x0000000081900000| Complete 
|  26|0x0000000081a00000, 0x0000000081b00000, 0x0000000081b00000|100%|HC|  |TAMS 0x0000000081b00000, 0x0000000081a00000| Complete 
|  27|0x0000000081b00000, 0x0000000081c00000, 0x0000000081c00000|100%|HC|  |TAMS 0x0000000081c00000, 0x0000000081b00000| Complete 
|  28|0x0000000081c00000, 0x0000000081d00000, 0x0000000081d00000|100%|HS|  |TAMS 0x0000000081d00000, 0x0000000081c00000| Complete 
|  29|0x0000000081d00000, 0x0000000081e00000, 0x0000000081e00000|100%|HC|  |TAMS 0x0000000081e00000, 0x0000000081d00000| Complete 
|  30|0x0000000081e00000, 0x0000000081f00000, 0x0000000081f00000|100%| O|  |TAMS 0x0000000081f00000, 0x0000000081e00000| Untracked 
|  31|0x0000000081f00000, 0x0000000082000000, 0x0000000082000000|100%| O|  |TAMS 0x0000000082000000, 0x0000000081f00000| Untracked 
|  32|0x0000000082000000, 0x0000000082100000, 0x0000000082100000|100%| O|  |TAMS 0x0000000082100000, 0x0000000082000000| Untracked 
|  33|0x0000000082100000, 0x0000000082200000, 0x0000000082200000|100%| O|  |TAMS 0x0000000082200000, 0x0000000082100000| Untracked 
|  34|0x0000000082200000, 0x0000000082300000, 0x0000000082300000|100%| O|  |TAMS 0x0000000082300000, 0x0000000082200000| Untracked 
|  35|0x0000000082300000, 0x0000000082400000, 0x0000000082400000|100%| O|  |TAMS 0x0000000082400000, 0x0000000082300000| Untracked 
|  36|0x0000000082400000, 0x0000000082500000, 0x0000000082500000|100%| O|  |TAMS 0x0000000082500000, 0x0000000082400000| Untracked 
|  37|0x0000000082500000, 0x0000000082600000, 0x0000000082600000|100%| O|  |TAMS 0x0000000082600000, 0x0000000082500000| Untracked 
|  38|0x0000000082600000, 0x0000000082700000, 0x0000000082700000|100%| O|  |TAMS 0x0000000082700000, 0x0000000082600000| Untracked 
|  39|0x0000000082700000, 0x0000000082800000, 0x0000000082800000|100%| O|  |TAMS 0x0000000082800000, 0x0000000082700000| Untracked 
|  40|0x0000000082800000, 0x0000000082900000, 0x0000000082900000|100%| O|  |TAMS 0x0000000082900000, 0x0000000082800000| Untracked 
|  41|0x0000000082900000, 0x0000000082a00000, 0x0000000082a00000|100%| O|  |TAMS 0x0000000082a00000, 0x0000000082900000| Untracked 
|  42|0x0000000082a00000, 0x0000000082b00000, 0x0000000082b00000|100%| O|  |TAMS 0x0000000082b00000, 0x0000000082a00000| Untracked 
|  43|0x0000000082b00000, 0x0000000082c00000, 0x0000000082c00000|100%| O|  |TAMS 0x0000000082c00000, 0x0000000082b00000| Untracked 
|  44|0x0000000082c00000, 0x0000000082d00000, 0x0000000082d00000|100%| O|  |TAMS 0x0000000082d00000, 0x0000000082c00000| Untracked 
|  45|0x0000000082d00000, 0x0000000082e00000, 0x0000000082e00000|100%| O|  |TAMS 0x0000000082e00000, 0x0000000082d00000| Untracked 
|  46|0x0000000082e00000, 0x0000000082f00000, 0x0000000082f00000|100%| O|  |TAMS 0x0000000082f00000, 0x0000000082e00000| Untracked 
|  47|0x0000000082f00000, 0x0000000083000000, 0x0000000083000000|100%| O|  |TAMS 0x0000000083000000, 0x0000000082f00000| Untracked 
|  48|0x0000000083000000, 0x0000000083100000, 0x0000000083100000|100%| O|  |TAMS 0x0000000083100000, 0x0000000083000000| Untracked 
|  49|0x0000000083100000, 0x0000000083200000, 0x0000000083200000|100%| O|  |TAMS 0x0000000083200000, 0x0000000083100000| Untracked 
|  50|0x0000000083200000, 0x0000000083300000, 0x0000000083300000|100%| O|  |TAMS 0x0000000083300000, 0x0000000083200000| Untracked 
|  51|0x0000000083300000, 0x0000000083400000, 0x0000000083400000|100%| O|  |TAMS 0x0000000083400000, 0x0000000083300000| Untracked 
|  52|0x0000000083400000, 0x0000000083500000, 0x0000000083500000|100%| O|  |TAMS 0x0000000083500000, 0x0000000083400000| Untracked 
|  53|0x0000000083500000, 0x0000000083600000, 0x0000000083600000|100%| O|  |TAMS 0x0000000083600000, 0x0000000083500000| Untracked 
|  54|0x0000000083600000, 0x0000000083700000, 0x0000000083700000|100%| O|  |TAMS 0x0000000083700000, 0x0000000083600000| Untracked 
|  55|0x0000000083700000, 0x0000000083800000, 0x0000000083800000|100%| O|  |TAMS 0x0000000083800000, 0x0000000083700000| Untracked 
|  56|0x0000000083800000, 0x0000000083900000, 0x0000000083900000|100%| O|  |TAMS 0x0000000083900000, 0x0000000083800000| Untracked 
|  57|0x0000000083900000, 0x0000000083938600, 0x0000000083a00000| 22%| O|  |TAMS 0x0000000083938600, 0x0000000083900000| Untracked 
|  58|0x0000000083a00000, 0x0000000083a00000, 0x0000000083b00000|  0%| F|  |TAMS 0x0000000083a00000, 0x0000000083a00000| Untracked 
|  59|0x0000000083b00000, 0x0000000083b00000, 0x0000000083c00000|  0%| F|  |TAMS 0x0000000083b00000, 0x0000000083b00000| Untracked 
|  60|0x0000000083c00000, 0x0000000083c00000, 0x0000000083d00000|  0%| F|  |TAMS 0x0000000083c00000, 0x0000000083c00000| Untracked 
|  61|0x0000000083d00000, 0x0000000083d00000, 0x0000000083e00000|  0%| F|  |TAMS 0x0000000083d00000, 0x0000000083d00000| Untracked 
|  62|0x0000000083e00000, 0x0000000083e00000, 0x0000000083f00000|  0%| F|  |TAMS 0x0000000083e00000, 0x0000000083e00000| Untracked 
|  63|0x0000000083f00000, 0x0000000083f00000, 0x0000000084000000|  0%| F|  |TAMS 0x0000000083f00000, 0x0000000083f00000| Untracked 
|  64|0x0000000084000000, 0x0000000084000000, 0x0000000084100000|  0%| F|  |TAMS 0x0000000084000000, 0x0000000084000000| Untracked 
|  65|0x0000000084100000, 0x0000000084100000, 0x0000000084200000|  0%| F|  |TAMS 0x0000000084100000, 0x0000000084100000| Untracked 
|  66|0x0000000084200000, 0x0000000084200000, 0x0000000084300000|  0%| F|  |TAMS 0x0000000084200000, 0x0000000084200000| Untracked 
|  67|0x0000000084300000, 0x0000000084300000, 0x0000000084400000|  0%| F|  |TAMS 0x0000000084300000, 0x0000000084300000| Untracked 
|  68|0x0000000084400000, 0x0000000084400000, 0x0000000084500000|  0%| F|  |TAMS 0x0000000084400000, 0x0000000084400000| Untracked 
|  69|0x0000000084500000, 0x0000000084500000, 0x0000000084600000|  0%| F|  |TAMS 0x0000000084500000, 0x0000000084500000| Untracked 
|  70|0x0000000084600000, 0x0000000084600000, 0x0000000084700000|  0%| F|  |TAMS 0x0000000084600000, 0x0000000084600000| Untracked 
|  71|0x0000000084700000, 0x0000000084700000, 0x0000000084800000|  0%| F|  |TAMS 0x0000000084700000, 0x0000000084700000| Untracked 
|  72|0x0000000084800000, 0x0000000084800000, 0x0000000084900000|  0%| F|  |TAMS 0x0000000084800000, 0x0000000084800000| Untracked 
|  73|0x0000000084900000, 0x0000000084900000, 0x0000000084a00000|  0%| F|  |TAMS 0x0000000084900000, 0x0000000084900000| Untracked 
|  74|0x0000000084a00000, 0x0000000084a00000, 0x0000000084b00000|  0%| F|  |TAMS 0x0000000084a00000, 0x0000000084a00000| Untracked 
|  75|0x0000000084b00000, 0x0000000084b00000, 0x0000000084c00000|  0%| F|  |TAMS 0x0000000084b00000, 0x0000000084b00000| Untracked 
|  76|0x0000000084c00000, 0x0000000084c00000, 0x0000000084d00000|  0%| F|  |TAMS 0x0000000084c00000, 0x0000000084c00000| Untracked 
|  77|0x0000000084d00000, 0x0000000084d00000, 0x0000000084e00000|  0%| F|  |TAMS 0x0000000084d00000, 0x0000000084d00000| Untracked 
|  78|0x0000000084e00000, 0x0000000084e796b0, 0x0000000084f00000| 47%| S|CS|TAMS 0x0000000084e00000, 0x0000000084e00000| Complete 
|  79|0x0000000084f00000, 0x0000000085000000, 0x0000000085000000|100%| S|CS|TAMS 0x0000000084f00000, 0x0000000084f00000| Complete 
|  80|0x0000000085000000, 0x0000000085100000, 0x0000000085100000|100%| S|CS|TAMS 0x0000000085000000, 0x0000000085000000| Complete 
|  81|0x0000000085100000, 0x0000000085200000, 0x0000000085200000|100%| S|CS|TAMS 0x0000000085100000, 0x0000000085100000| Complete 
|  82|0x0000000085200000, 0x0000000085200000, 0x0000000085300000|  0%| F|  |TAMS 0x0000000085200000, 0x0000000085200000| Untracked 
|  83|0x0000000085300000, 0x0000000085300000, 0x0000000085400000|  0%| F|  |TAMS 0x0000000085300000, 0x0000000085300000| Untracked 
|  84|0x0000000085400000, 0x0000000085500000, 0x0000000085500000|100%| S|CS|TAMS 0x0000000085400000, 0x0000000085400000| Complete 
|  85|0x0000000085500000, 0x0000000085600000, 0x0000000085600000|100%| S|CS|TAMS 0x0000000085500000, 0x0000000085500000| Complete 
|  86|0x0000000085600000, 0x0000000085600000, 0x0000000085700000|  0%| F|  |TAMS 0x0000000085600000, 0x0000000085600000| Untracked 
|  87|0x0000000085700000, 0x0000000085700000, 0x0000000085800000|  0%| F|  |TAMS 0x0000000085700000, 0x0000000085700000| Untracked 
|  88|0x0000000085800000, 0x0000000085800000, 0x0000000085900000|  0%| F|  |TAMS 0x0000000085800000, 0x0000000085800000| Untracked 
|  89|0x0000000085900000, 0x0000000085900000, 0x0000000085a00000|  0%| F|  |TAMS 0x0000000085900000, 0x0000000085900000| Untracked 
|  90|0x0000000085a00000, 0x0000000085a00000, 0x0000000085b00000|  0%| F|  |TAMS 0x0000000085a00000, 0x0000000085a00000| Untracked 
|  91|0x0000000085b00000, 0x0000000085b00000, 0x0000000085c00000|  0%| F|  |TAMS 0x0000000085b00000, 0x0000000085b00000| Untracked 
|  92|0x0000000085c00000, 0x0000000085c00000, 0x0000000085d00000|  0%| F|  |TAMS 0x0000000085c00000, 0x0000000085c00000| Untracked 
|  93|0x0000000085d00000, 0x0000000085d00000, 0x0000000085e00000|  0%| F|  |TAMS 0x0000000085d00000, 0x0000000085d00000| Untracked 
|  94|0x0000000085e00000, 0x0000000085f00000, 0x0000000085f00000|100%| E|  |TAMS 0x0000000085e00000, 0x0000000085e00000| Complete 
|  95|0x0000000085f00000, 0x0000000086000000, 0x0000000086000000|100%| E|CS|TAMS 0x0000000085f00000, 0x0000000085f00000| Complete 
|  96|0x0000000086000000, 0x0000000086100000, 0x0000000086100000|100%| E|CS|TAMS 0x0000000086000000, 0x0000000086000000| Complete 
|  97|0x0000000086100000, 0x0000000086200000, 0x0000000086200000|100%| E|CS|TAMS 0x0000000086100000, 0x0000000086100000| Complete 
|  98|0x0000000086200000, 0x0000000086300000, 0x0000000086300000|100%| E|CS|TAMS 0x0000000086200000, 0x0000000086200000| Complete 
|  99|0x0000000086300000, 0x0000000086400000, 0x0000000086400000|100%| E|CS|TAMS 0x0000000086300000, 0x0000000086300000| Complete 
| 100|0x0000000086400000, 0x0000000086500000, 0x0000000086500000|100%| E|CS|TAMS 0x0000000086400000, 0x0000000086400000| Complete 
| 101|0x0000000086500000, 0x0000000086600000, 0x0000000086600000|100%| E|CS|TAMS 0x0000000086500000, 0x0000000086500000| Complete 
| 102|0x0000000086600000, 0x0000000086700000, 0x0000000086700000|100%| E|CS|TAMS 0x0000000086600000, 0x0000000086600000| Complete 
| 103|0x0000000086700000, 0x0000000086800000, 0x0000000086800000|100%| E|CS|TAMS 0x0000000086700000, 0x0000000086700000| Complete 
| 104|0x0000000086800000, 0x0000000086900000, 0x0000000086900000|100%| E|CS|TAMS 0x0000000086800000, 0x0000000086800000| Complete 
| 105|0x0000000086900000, 0x0000000086a00000, 0x0000000086a00000|100%| E|CS|TAMS 0x0000000086900000, 0x0000000086900000| Complete 
| 106|0x0000000086a00000, 0x0000000086b00000, 0x0000000086b00000|100%| E|CS|TAMS 0x0000000086a00000, 0x0000000086a00000| Complete 
| 107|0x0000000086b00000, 0x0000000086c00000, 0x0000000086c00000|100%| E|CS|TAMS 0x0000000086b00000, 0x0000000086b00000| Complete 
| 108|0x0000000086c00000, 0x0000000086d00000, 0x0000000086d00000|100%| E|CS|TAMS 0x0000000086c00000, 0x0000000086c00000| Complete 
| 109|0x0000000086d00000, 0x0000000086e00000, 0x0000000086e00000|100%| E|CS|TAMS 0x0000000086d00000, 0x0000000086d00000| Complete 
| 110|0x0000000086e00000, 0x0000000086f00000, 0x0000000086f00000|100%| E|CS|TAMS 0x0000000086e00000, 0x0000000086e00000| Complete 
| 111|0x0000000086f00000, 0x0000000087000000, 0x0000000087000000|100%| E|CS|TAMS 0x0000000086f00000, 0x0000000086f00000| Complete 
| 112|0x0000000087000000, 0x0000000087100000, 0x0000000087100000|100%| E|CS|TAMS 0x0000000087000000, 0x0000000087000000| Complete 
| 113|0x0000000087100000, 0x0000000087200000, 0x0000000087200000|100%| E|CS|TAMS 0x0000000087100000, 0x0000000087100000| Complete 
| 114|0x0000000087200000, 0x0000000087300000, 0x0000000087300000|100%| E|CS|TAMS 0x0000000087200000, 0x0000000087200000| Complete 
| 115|0x0000000087300000, 0x0000000087400000, 0x0000000087400000|100%| E|CS|TAMS 0x0000000087300000, 0x0000000087300000| Complete 
| 116|0x0000000087400000, 0x0000000087500000, 0x0000000087500000|100%| E|CS|TAMS 0x0000000087400000, 0x0000000087400000| Complete 
| 117|0x0000000087500000, 0x0000000087600000, 0x0000000087600000|100%| E|CS|TAMS 0x0000000087500000, 0x0000000087500000| Complete 
| 118|0x0000000087600000, 0x0000000087700000, 0x0000000087700000|100%| E|CS|TAMS 0x0000000087600000, 0x0000000087600000| Complete 
| 119|0x0000000087700000, 0x0000000087800000, 0x0000000087800000|100%| E|CS|TAMS 0x0000000087700000, 0x0000000087700000| Complete 
| 120|0x0000000087800000, 0x0000000087900000, 0x0000000087900000|100%| E|CS|TAMS 0x0000000087800000, 0x0000000087800000| Complete 
| 121|0x0000000087900000, 0x0000000087a00000, 0x0000000087a00000|100%| E|CS|TAMS 0x0000000087900000, 0x0000000087900000| Complete 
| 122|0x0000000087a00000, 0x0000000087b00000, 0x0000000087b00000|100%| E|CS|TAMS 0x0000000087a00000, 0x0000000087a00000| Complete 
| 123|0x0000000087b00000, 0x0000000087c00000, 0x0000000087c00000|100%| E|CS|TAMS 0x0000000087b00000, 0x0000000087b00000| Complete 
| 124|0x0000000087c00000, 0x0000000087d00000, 0x0000000087d00000|100%| E|CS|TAMS 0x0000000087c00000, 0x0000000087c00000| Complete 
| 125|0x0000000087d00000, 0x0000000087e00000, 0x0000000087e00000|100%| E|CS|TAMS 0x0000000087d00000, 0x0000000087d00000| Complete 

Card table byte_map: [0x000001f8fd390000,0x000001f8fd790000] _byte_map_base: 0x000001f8fcf90000

Marking Bits (Prev, Next): (CMBitMap*) 0x000001f8f76cf830, (CMBitMap*) 0x000001f8f76cf7f8
 Prev Bits: [0x000001f88f000000, 0x000001f891000000)
 Next Bits: [0x000001f8fdb90000, 0x000001f8ffb90000)

Polling page: 0x000001f8f7470000

Metaspace:

Usage:
  Non-class:     67.25 MB capacity,    66.16 MB ( 98%) used,   929.60 KB (  1%) free+waste,   193.75 KB ( <1%) overhead. 
      Class:     10.54 MB capacity,     9.87 MB ( 94%) used,   596.83 KB (  6%) free+waste,    89.63 KB ( <1%) overhead. 
       Both:     77.79 MB capacity,    76.03 MB ( 98%) used,     1.49 MB (  2%) free+waste,   283.38 KB ( <1%) overhead. 

Virtual space:
  Non-class space:       68.00 MB reserved,      67.50 MB (>99%) committed 
      Class space:        1.00 GB reserved,      10.63 MB (  1%) committed 
             Both:        1.07 GB reserved,      78.13 MB (  7%) committed 

Chunk freelists:
   Non-Class:  0 bytes
       Class:  24.00 KB
        Both:  24.00 KB

MaxMetaspaceSize: 17179869184.00 GB
CompressedClassSpaceSize: 1.00 GB

CodeHeap 'non-profiled nmethods': size=120064Kb used=4639Kb max_used=4639Kb free=115424Kb
 bounds [0x000001f887ac0000, 0x000001f887f50000, 0x000001f88f000000]
CodeHeap 'profiled nmethods': size=120000Kb used=16360Kb max_used=16360Kb free=103639Kb
 bounds [0x000001f880590000, 0x000001f881590000, 0x000001f887ac0000]
CodeHeap 'non-nmethods': size=5696Kb used=2270Kb max_used=2311Kb free=3426Kb
 bounds [0x000001f880000000, 0x000001f880270000, 0x000001f880590000]
 total_blobs=8340 nmethods=7470 adapters=779
 compilation: enabled
              stopped_count=0, restarted_count=0
 full_count=0

Compilation events (20 events):
Event: 58.528 Thread 0x000001f8932e6000 7478       3       org.gradle.internal.typeconversion.NotationParserBuilder::wrapInErrorHandling (43 bytes)
Event: 58.530 Thread 0x000001f8932e6000 nmethod 7478 0x000001f88157cc90 code [0x000001f88157ce80, 0x000001f88157d3d8]
Event: 58.530 Thread 0x000001f8932e6000 7479       3       org.gradle.internal.typeconversion.ErrorHandlingNotationParser::<init> (26 bytes)
Event: 58.530 Thread 0x000001f8932e6000 nmethod 7479 0x000001f88157d590 code [0x000001f88157d740, 0x000001f88157d9b8]
Event: 58.531 Thread 0x000001f8932e6000 7481       1       java.util.Collections$SingletonSet::size (2 bytes)
Event: 58.531 Thread 0x000001f8932e6000 nmethod 7481 0x000001f887f47490 code [0x000001f887f47640, 0x000001f887f476f8]
Event: 58.559 Thread 0x000001f8932e6000 7482       1       org.gradle.api.internal.artifacts.dsl.ArtifactFile::getExtension (5 bytes)
Event: 58.559 Thread 0x000001f8932e6000 nmethod 7482 0x000001f887f47790 code [0x000001f887f47940, 0x000001f887f479f8]
Event: 58.566 Thread 0x000001f8932e6000 7483   !   3       com.sun.proxy.$Proxy1::value (29 bytes)
Event: 58.567 Thread 0x000001f8932e6000 nmethod 7483 0x000001f88157da90 code [0x000001f88157dc80, 0x000001f88157e058]
Event: 58.686 Thread 0x000001f8932e6000 7484       3       jdk.internal.reflect.ClassFileAssembler::opc_sipush (16 bytes)
Event: 58.687 Thread 0x000001f8932e6000 nmethod 7484 0x000001f88157e210 code [0x000001f88157e420, 0x000001f88157e948]
Event: 58.688 Thread 0x000001f8932e6000 7485       3       org.gradle.internal.instantiation.generator.AbstractClassGenerator::isManagedProperty (35 bytes)
Event: 58.689 Thread 0x000001f8932e6000 nmethod 7485 0x000001f88157ec10 code [0x000001f88157ee60, 0x000001f88157f768]
Event: 58.691 Thread 0x000001f8932e6000 7486       3       org.gradle.internal.instantiation.generator.AsmBackedClassGenerator$ClassBuilderImpl::addPropertySetterOverloads (132 bytes)
Event: 58.693 Thread 0x000001f8932e6000 nmethod 7486 0x000001f88157fa90 code [0x000001f88157fde0, 0x000001f881580e58]
Event: 58.719 Thread 0x000001f8932e6000 7487       1       org.gradle.internal.instantiation.generator.AbstractClassGenerator$ExtensibleTypePropertyHandler::access$1400 (5 bytes)
Event: 58.720 Thread 0x000001f8932e6000 nmethod 7487 0x000001f887f47a90 code [0x000001f887f47c40, 0x000001f887f47cd8]
Event: 58.740 Thread 0x000001f8932e6000 7488       3       org.gradle.internal.instantiation.generator.AbstractClassGenerator$DslMixInPropertyType::addSetMethods (180 bytes)
Event: 58.743 Thread 0x000001f8932e6000 nmethod 7488 0x000001f881581490 code [0x000001f881581800, 0x000001f881582fc8]

GC Heap History (20 events):
Event: 18.402 GC heap before
{Heap before GC invocations=5 (full 0):
 garbage-first heap   total 129024K, used 68450K [0x0000000080000000, 0x0000000100000000)
  region size 1024K, 55 young (56320K), 4 survivors (4096K)
 Metaspace       used 35026K, capacity 35807K, committed 35840K, reserved 1081344K
  class space    used 4531K, capacity 4832K, committed 4864K, reserved 1048576K
}
Event: 18.456 GC heap after
{Heap after GC invocations=6 (full 0):
 garbage-first heap   total 129024K, used 22201K [0x0000000080000000, 0x0000000100000000)
  region size 1024K, 8 young (8192K), 8 survivors (8192K)
 Metaspace       used 35026K, capacity 35807K, committed 35840K, reserved 1081344K
  class space    used 4531K, capacity 4832K, committed 4864K, reserved 1048576K
}
Event: 23.382 GC heap before
{Heap before GC invocations=7 (full 0):
 garbage-first heap   total 129024K, used 90809K [0x0000000080000000, 0x0000000100000000)
  region size 1024K, 73 young (74752K), 8 survivors (8192K)
 Metaspace       used 40066K, capacity 41056K, committed 41088K, reserved 1085440K
  class space    used 5126K, capacity 5488K, committed 5504K, reserved 1048576K
}
Event: 23.407 GC heap after
{Heap after GC invocations=8 (full 0):
 garbage-first heap   total 129024K, used 26724K [0x0000000080000000, 0x0000000100000000)
  region size 1024K, 9 young (9216K), 9 survivors (9216K)
 Metaspace       used 40066K, capacity 41056K, committed 41088K, reserved 1085440K
  class space    used 5126K, capacity 5488K, committed 5504K, reserved 1048576K
}
Event: 28.144 GC heap before
{Heap before GC invocations=8 (full 0):
 garbage-first heap   total 129024K, used 92260K [0x0000000080000000, 0x0000000100000000)
  region size 1024K, 73 young (74752K), 9 survivors (9216K)
 Metaspace       used 45865K, capacity 47086K, committed 47360K, reserved 1089536K
  class space    used 5880K, capacity 6300K, committed 6400K, reserved 1048576K
}
Event: 28.180 GC heap after
{Heap after GC invocations=9 (full 0):
 garbage-first heap   total 129024K, used 29145K [0x0000000080000000, 0x0000000100000000)
  region size 1024K, 8 young (8192K), 8 survivors (8192K)
 Metaspace       used 45865K, capacity 47086K, committed 47360K, reserved 1089536K
  class space    used 5880K, capacity 6300K, committed 6400K, reserved 1048576K
}
Event: 35.603 GC heap before
{Heap before GC invocations=9 (full 0):
 garbage-first heap   total 129024K, used 101849K [0x0000000080000000, 0x0000000100000000)
  region size 1024K, 72 young (73728K), 8 survivors (8192K)
 Metaspace       used 49903K, capacity 51208K, committed 51456K, reserved 1093632K
  class space    used 6326K, capacity 6796K, committed 6912K, reserved 1048576K
}
Event: 35.640 GC heap after
{Heap after GC invocations=10 (full 0):
 garbage-first heap   total 129024K, used 46970K [0x0000000080000000, 0x0000000100000000)
  region size 1024K, 9 young (9216K), 9 survivors (9216K)
 Metaspace       used 49903K, capacity 51208K, committed 51456K, reserved 1093632K
  class space    used 6326K, capacity 6796K, committed 6912K, reserved 1048576K
}
Event: 39.466 GC heap before
{Heap before GC invocations=10 (full 0):
 garbage-first heap   total 129024K, used 97146K [0x0000000080000000, 0x0000000100000000)
  region size 1024K, 58 young (59392K), 9 survivors (9216K)
 Metaspace       used 57623K, capacity 59091K, committed 59392K, reserved 1101824K
  class space    used 7285K, capacity 7821K, committed 7936K, reserved 1048576K
}
Event: 39.485 GC heap after
{Heap after GC invocations=11 (full 0):
 garbage-first heap   total 129024K, used 50463K [0x0000000080000000, 0x0000000100000000)
  region size 1024K, 3 young (3072K), 3 survivors (3072K)
 Metaspace       used 57623K, capacity 59091K, committed 59392K, reserved 1101824K
  class space    used 7285K, capacity 7821K, committed 7936K, reserved 1048576K
}
Event: 40.303 GC heap before
{Heap before GC invocations=11 (full 0):
 garbage-first heap   total 129024K, used 57631K [0x0000000080000000, 0x0000000100000000)
  region size 1024K, 11 young (11264K), 3 survivors (3072K)
 Metaspace       used 58561K, capacity 60021K, committed 60160K, reserved 1101824K
  class space    used 7400K, capacity 7938K, committed 8064K, reserved 1048576K
}
Event: 40.316 GC heap after
{Heap after GC invocations=12 (full 0):
 garbage-first heap   total 129024K, used 51142K [0x0000000080000000, 0x0000000100000000)
  region size 1024K, 3 young (3072K), 3 survivors (3072K)
 Metaspace       used 58561K, capacity 60021K, committed 60160K, reserved 1101824K
  class space    used 7400K, capacity 7938K, committed 8064K, reserved 1048576K
}
Event: 45.460 GC heap before
{Heap before GC invocations=13 (full 0):
 garbage-first heap   total 129024K, used 100294K [0x0000000080000000, 0x0000000100000000)
  region size 1024K, 51 young (52224K), 3 survivors (3072K)
 Metaspace       used 63187K, capacity 64791K, committed 64896K, reserved 1105920K
  class space    used 7973K, capacity 8535K, committed 8576K, reserved 1048576K
}
Event: 45.481 GC heap after
{Heap after GC invocations=14 (full 0):
 garbage-first heap   total 129024K, used 55619K [0x0000000080000000, 0x0000000100000000)
  region size 1024K, 7 young (7168K), 7 survivors (7168K)
 Metaspace       used 63187K, capacity 64791K, committed 64896K, reserved 1105920K
  class space    used 7973K, capacity 8535K, committed 8576K, reserved 1048576K
}
Event: 49.267 GC heap before
{Heap before GC invocations=15 (full 0):
 garbage-first heap   total 129024K, used 100675K [0x0000000080000000, 0x0000000100000000)
  region size 1024K, 51 young (52224K), 7 survivors (7168K)
 Metaspace       used 65726K, capacity 67277K, committed 67584K, reserved 1107968K
  class space    used 8309K, capacity 8891K, committed 8960K, reserved 1048576K
}
Event: 49.289 GC heap after
{Heap after GC invocations=16 (full 0):
 garbage-first heap   total 129024K, used 58719K [0x0000000080000000, 0x0000000100000000)
  region size 1024K, 4 young (4096K), 4 survivors (4096K)
 Metaspace       used 65726K, capacity 67277K, committed 67584K, reserved 1107968K
  class space    used 8309K, capacity 8891K, committed 8960K, reserved 1048576K
}
Event: 53.123 GC heap before
{Heap before GC invocations=16 (full 0):
 garbage-first heap   total 129024K, used 101727K [0x0000000080000000, 0x0000000100000000)
  region size 1024K, 46 young (47104K), 4 survivors (4096K)
 Metaspace       used 70087K, capacity 71687K, committed 71936K, reserved 1112064K
  class space    used 9014K, capacity 9611K, committed 9728K, reserved 1048576K
}
Event: 53.136 GC heap after
{Heap after GC invocations=17 (full 0):
 garbage-first heap   total 129024K, used 62275K [0x0000000080000000, 0x0000000100000000)
  region size 1024K, 4 young (4096K), 4 survivors (4096K)
 Metaspace       used 70087K, capacity 71687K, committed 71936K, reserved 1112064K
  class space    used 9014K, capacity 9611K, committed 9728K, reserved 1048576K
}
Event: 56.480 GC heap before
{Heap before GC invocations=17 (full 0):
 garbage-first heap   total 129024K, used 103235K [0x0000000080000000, 0x0000000100000000)
  region size 1024K, 44 young (45056K), 4 survivors (4096K)
 Metaspace       used 74020K, capacity 75623K, committed 75776K, reserved 1114112K
  class space    used 9556K, capacity 10168K, committed 10240K, reserved 1048576K
}
Event: 56.517 GC heap after
{Heap after GC invocations=18 (full 0):
 garbage-first heap   total 129024K, used 64199K [0x0000000080000000, 0x0000000100000000)
  region size 1024K, 6 young (6144K), 6 survivors (6144K)
 Metaspace       used 74020K, capacity 75623K, committed 75776K, reserved 1114112K
  class space    used 9556K, capacity 10168K, committed 10240K, reserved 1048576K
}

Deoptimization events (20 events):
Event: 58.067 Thread 0x000001f893f8a000 Uncommon trap: trap_request=0xffffff4d fr.pc=0x000001f887d82944 relative=0x00000000000000a4
Event: 58.067 Thread 0x000001f893f8a000 Uncommon trap: reason=unstable_if action=reinterpret pc=0x000001f887d82944 method=java.lang.CharacterDataLatin1.digit(II)I @ 12 c2
Event: 58.067 Thread 0x000001f893f8a000 DEOPT PACKING pc=0x000001f887d82944 sp=0x0000008e8cff9bd0
Event: 58.067 Thread 0x000001f893f8a000 DEOPT UNPACKING pc=0x000001f88002782f sp=0x0000008e8cff9b48 mode 2
Event: 58.084 Thread 0x000001f893f8a000 Uncommon trap: trap_request=0xffffff4d fr.pc=0x000001f887e67708 relative=0x00000000000002e8
Event: 58.084 Thread 0x000001f893f8a000 Uncommon trap: reason=unstable_if action=reinterpret pc=0x000001f887e67708 method=com.google.gson.stream.JsonReader.doPeek()I @ 525 c2
Event: 58.084 Thread 0x000001f893f8a000 DEOPT PACKING pc=0x000001f887e67708 sp=0x0000008e8cffa160
Event: 58.084 Thread 0x000001f893f8a000 DEOPT UNPACKING pc=0x000001f88002782f sp=0x0000008e8cffa0e0 mode 2
Event: 58.320 Thread 0x000001f893f8a000 DEOPT PACKING pc=0x000001f881258027 sp=0x0000008e8cff9950
Event: 58.320 Thread 0x000001f893f8a000 DEOPT UNPACKING pc=0x000001f88002764e sp=0x0000008e8cff8e00 mode 0
Event: 58.377 Thread 0x000001f893f8a000 Uncommon trap: trap_request=0xffffff4d fr.pc=0x000001f887d53afc relative=0x00000000000006fc
Event: 58.377 Thread 0x000001f893f8a000 Uncommon trap: reason=unstable_if action=reinterpret pc=0x000001f887d53afc method=java.util.HashMap.putVal(ILjava/lang/Object;Ljava/lang/Object;ZZ)Ljava/lang/Object; @ 109 c2
Event: 58.377 Thread 0x000001f893f8a000 DEOPT PACKING pc=0x000001f887d53afc sp=0x0000008e8cff93b0
Event: 58.377 Thread 0x000001f893f8a000 DEOPT UNPACKING pc=0x000001f88002782f sp=0x0000008e8cff92c8 mode 2
Event: 58.729 Thread 0x000001f893f8a000 DEOPT PACKING pc=0x000001f880cdffc4 sp=0x0000008e8cff82d0
Event: 58.729 Thread 0x000001f893f8a000 DEOPT UNPACKING pc=0x000001f88002764e sp=0x0000008e8cff7708 mode 0
Event: 58.729 Thread 0x000001f893f8a000 DEOPT PACKING pc=0x000001f880ce00cc sp=0x0000008e8cff8340
Event: 58.729 Thread 0x000001f893f8a000 DEOPT UNPACKING pc=0x000001f88002764e sp=0x0000008e8cff77e0 mode 0
Event: 58.729 Thread 0x000001f893f8a000 DEOPT PACKING pc=0x000001f880dc9afc sp=0x0000008e8cff83b0
Event: 58.729 Thread 0x000001f893f8a000 DEOPT UNPACKING pc=0x000001f88002764e sp=0x0000008e8cff77b0 mode 0

Classes redefined (0 events):
No events

Internal exceptions (20 events):
Event: 54.071 Thread 0x000001f893f8a000 Exception <a 'java/lang/ClassNotFoundException'{0x0000000087316640}: com/android/build/gradle/internal/api/ApkVariantOutputImpl_DecoratedBeanInfo> (0x0000000087316640) thrown at [./src/hotspot/share/classfile/systemDictionary.cpp, line 231]
Event: 54.073 Thread 0x000001f893f8a000 Exception <a 'java/lang/ClassNotFoundException'{0x0000000087331258}: com/android/build/gradle/internal/api/ApkVariantOutputImplBeanInfo> (0x0000000087331258) thrown at [./src/hotspot/share/classfile/systemDictionary.cpp, line 231]
Event: 54.075 Thread 0x000001f893f8a000 Exception <a 'java/lang/ClassNotFoundException'{0x000000008734c6d8}: com/android/build/gradle/internal/api/BaseVariantOutputImplBeanInfo> (0x000000008734c6d8) thrown at [./src/hotspot/share/classfile/systemDictionary.cpp, line 231]
Event: 54.076 Thread 0x000001f893f8a000 Exception <a 'java/lang/ClassNotFoundException'{0x0000000087367bc0}: com/android/build/gradle/internal/api/BaseVariantOutputImplCustomizer> (0x0000000087367bc0) thrown at [./src/hotspot/share/classfile/systemDictionary.cpp, line 231]
Event: 54.079 Thread 0x000001f893f8a000 Exception <a 'java/lang/ClassNotFoundException'{0x00000000873959b8}: com/android/build/gradle/internal/api/ApkVariantOutputImplCustomizer> (0x00000000873959b8) thrown at [./src/hotspot/share/classfile/systemDictionary.cpp, line 231]
Event: 54.087 Thread 0x000001f893f8a000 Exception <a 'java/lang/ClassNotFoundException'{0x00000000873bfa90}: com/android/build/gradle/internal/api/ApkVariantOutputImpl_DecoratedCustomizer> (0x00000000873bfa90) thrown at [./src/hotspot/share/classfile/systemDictionary.cpp, line 231]
Event: 54.165 Thread 0x000001f893f8a000 Exception <a 'java/lang/ClassNotFoundException'{0x000000008712d5e0}: com/android/build/gradle/internal/api/ReadOnlyBuildTypeBeanInfo> (0x000000008712d5e0) thrown at [./src/hotspot/share/classfile/systemDictionary.cpp, line 231]
Event: 54.166 Thread 0x000001f893f8a000 Exception <a 'java/lang/ClassNotFoundException'{0x0000000087147918}: com/android/build/gradle/internal/api/ReadOnlyBaseConfigBeanInfo> (0x0000000087147918) thrown at [./src/hotspot/share/classfile/systemDictionary.cpp, line 231]
Event: 54.187 Thread 0x000001f893f8a000 Exception <a 'java/lang/ClassNotFoundException'{0x00000000871624f8}: com/android/build/gradle/internal/api/ReadOnlyBaseConfigCustomizer> (0x00000000871624f8) thrown at [./src/hotspot/share/classfile/systemDictionary.cpp, line 231]
Event: 54.189 Thread 0x000001f893f8a000 Exception <a 'java/lang/ClassNotFoundException'{0x000000008718d1d8}: com/android/build/gradle/internal/api/ReadOnlyBuildTypeCustomizer> (0x000000008718d1d8) thrown at [./src/hotspot/share/classfile/systemDictionary.cpp, line 231]
Event: 55.925 Thread 0x000001f893f8a000 Exception <a 'sun/nio/fs/WindowsException'{0x0000000085e7c718}> (0x0000000085e7c718) thrown at [./src/hotspot/share/prims/jni.cpp, line 615]
Event: 55.927 Thread 0x000001f893f8a000 Exception <a 'sun/nio/fs/WindowsException'{0x0000000085e7cd28}> (0x0000000085e7cd28) thrown at [./src/hotspot/share/prims/jni.cpp, line 615]
Event: 56.621 Thread 0x000001f893f8a000 Exception <a 'java/lang/NullPointerException'{0x0000000087d80c48}> (0x0000000087d80c48) thrown at [./src/hotspot/share/interpreter/linkResolver.cpp, line 1440]
Event: 57.341 Thread 0x000001f893f8a000 Implicit null exception at 0x000001f887f0490d to 0x000001f887f04fc8
Event: 57.801 Thread 0x000001f893f8a000 Exception <a 'java/lang/NoSuchMethodError'{0x0000000086e891f0}: 'int java.lang.invoke.DirectMethodHandle$Holder.invokeStatic(java.lang.Object, java.lang.Object, int, java.lang.Object)'> (0x0000000086e891f0) thrown at [./src/hotspot/share/interpreter/linkResolver.cpp, line 773]
Event: 57.802 Thread 0x000001f893f8a000 Exception <a 'java/lang/NoSuchMethodError'{0x0000000086e90098}: 'java.lang.Object java.lang.invoke.Invokers$Holder.linkToTargetMethod(java.lang.Object, int, java.lang.Object)'> (0x0000000086e90098) thrown at [./src/hotspot/share/interpreter/linkResolver.cpp, line 773]
Event: 58.010 Thread 0x000001f893f8a000 Exception <a 'sun/nio/fs/WindowsException'{0x0000000086dbd6b0}> (0x0000000086dbd6b0) thrown at [./src/hotspot/share/prims/jni.cpp, line 615]
Event: 58.010 Thread 0x000001f893f8a000 Exception <a 'sun/nio/fs/WindowsException'{0x0000000086dbe7c8}> (0x0000000086dbe7c8) thrown at [./src/hotspot/share/prims/jni.cpp, line 615]
Event: 58.010 Thread 0x000001f893f8a000 Exception <a 'sun/nio/fs/WindowsException'{0x0000000086dbf918}> (0x0000000086dbf918) thrown at [./src/hotspot/share/prims/jni.cpp, line 615]
Event: 58.011 Thread 0x000001f893f8a000 Exception <a 'sun/nio/fs/WindowsException'{0x0000000086dc0a68}> (0x0000000086dc0a68) thrown at [./src/hotspot/share/prims/jni.cpp, line 615]

Events (20 events):
Event: 58.702 loading class com/android/build/api/variant/impl/AndroidResourcesImpl
Event: 58.702 loading class com/android/build/api/variant/impl/AndroidResourcesImpl done
Event: 58.711 loading class org/gradle/api/provider/HasMultipleValues
Event: 58.711 loading class org/gradle/api/provider/HasMultipleValues done
Event: 58.714 loading class com/android/build/gradle/internal/signing/SigningConfigData
Event: 58.714 loading class com/android/build/gradle/internal/signing/SigningConfigData done
Event: 58.725 loading class com/android/build/gradle/internal/tasks/SigningConfigWriterTask$CreationAction$configure$1
Event: 58.725 loading class com/android/build/gradle/internal/tasks/SigningConfigWriterTask$CreationAction$configure$1 done
Event: 58.727 loading class sun/reflect/generics/scope/DummyScope
Event: 58.728 loading class sun/reflect/generics/scope/DummyScope done
Event: 58.728 Executing VM operation: Deoptimize
Event: 58.729 Executing VM operation: Deoptimize done
Event: 58.729 loading class com/android/build/gradle/internal/tasks/SigningConfigWriterTask$CreationAction$configure$2
Event: 58.729 loading class com/android/build/gradle/internal/tasks/SigningConfigWriterTask$CreationAction$configure$2 done
Event: 58.731 loading class com/android/build/gradle/internal/scope/InternalArtifactType$FEATURE_DATA_BINDING_BASE_FEATURE_INFO
Event: 58.731 loading class com/android/build/gradle/internal/scope/InternalArtifactType$FEATURE_DATA_BINDING_BASE_FEATURE_INFO done
Event: 58.732 loading class com/android/build/gradle/internal/scope/InternalArtifactType$FEATURE_DATA_BINDING_FEATURE_INFO
Event: 58.732 loading class com/android/build/gradle/internal/scope/InternalArtifactType$FEATURE_DATA_BINDING_FEATURE_INFO done
Event: 58.733 loading class com/android/build/gradle/internal/scope/InternalArtifactType$FEATURE_DEX
Event: 58.733 loading class com/android/build/gradle/internal/scope/InternalArtifactType$FEATURE_DEX done


Dynamic libraries:
0x00007ff62d5c0000 - 0x00007ff62d5ca000 	C:\Program Files\Android\Android Studio\jre\bin\java.exe
0x00007ffdaefd0000 - 0x00007ffdaf1c5000 	C:\WINDOWS\SYSTEM32\ntdll.dll
0x00007ffdaec40000 - 0x00007ffdaecfd000 	C:\WINDOWS\System32\KERNEL32.DLL
0x00007ffdaca00000 - 0x00007ffdacccd000 	C:\WINDOWS\System32\KERNELBASE.dll
0x00007ffdace20000 - 0x00007ffdacf20000 	C:\WINDOWS\System32\ucrtbase.dll
0x00007ffd98270000 - 0x00007ffd98287000 	C:\Program Files\Android\Android Studio\jre\bin\VCRUNTIME140.dll
0x00007ffd8c660000 - 0x00007ffd8c679000 	C:\Program Files\Android\Android Studio\jre\bin\jli.dll
0x00007ffdad980000 - 0x00007ffdadb20000 	C:\WINDOWS\System32\USER32.dll
0x00007ffdac950000 - 0x00007ffdac972000 	C:\WINDOWS\System32\win32u.dll
0x00007ffd9f5d0000 - 0x00007ffd9f86a000 	C:\WINDOWS\WinSxS\amd64_microsoft.windows.common-controls_6595b64144ccf1df_6.0.19041.1110_none_60b5254171f9507e\COMCTL32.dll
0x00007ffdae5d0000 - 0x00007ffdae5fa000 	C:\WINDOWS\System32\GDI32.dll
0x00007ffdaeda0000 - 0x00007ffdaee3e000 	C:\WINDOWS\System32\msvcrt.dll
0x00007ffdac6e0000 - 0x00007ffdac7eb000 	C:\WINDOWS\System32\gdi32full.dll
0x00007ffdaccd0000 - 0x00007ffdacd6d000 	C:\WINDOWS\System32\msvcp_win.dll
0x00007ffdaea60000 - 0x00007ffdaea90000 	C:\WINDOWS\System32\IMM32.DLL
0x00007ffd79a60000 - 0x00007ffd79afd000 	C:\Program Files\Android\Android Studio\jre\bin\msvcp140.dll
0x00007ffd51130000 - 0x00007ffd51bff000 	C:\Program Files\Android\Android Studio\jre\bin\server\jvm.dll
0x00007ffdad820000 - 0x00007ffdad8ce000 	C:\WINDOWS\System32\ADVAPI32.dll
0x00007ffdaed00000 - 0x00007ffdaed9c000 	C:\WINDOWS\System32\sechost.dll
0x00007ffdae8a0000 - 0x00007ffdae9c5000 	C:\WINDOWS\System32\RPCRT4.dll
0x00007ffdaeaf0000 - 0x00007ffdaeaf8000 	C:\WINDOWS\System32\PSAPI.DLL
0x00007ffda5160000 - 0x00007ffda516a000 	C:\WINDOWS\SYSTEM32\VERSION.dll
0x00007ffda0630000 - 0x00007ffda0657000 	C:\WINDOWS\SYSTEM32\WINMM.dll
0x00007ffd9b7f0000 - 0x00007ffd9b7f9000 	C:\WINDOWS\SYSTEM32\WSOCK32.dll
0x00007ffdaeb00000 - 0x00007ffdaeb6b000 	C:\WINDOWS\System32\WS2_32.dll
0x00007ffdaa5e0000 - 0x00007ffdaa5f2000 	C:\WINDOWS\SYSTEM32\kernel.appcore.dll
0x00007ffd89e20000 - 0x00007ffd89e31000 	C:\Program Files\Android\Android Studio\jre\bin\verify.dll
0x00007ffda39c0000 - 0x00007ffda3ba4000 	C:\WINDOWS\SYSTEM32\DBGHELP.DLL
0x00007ffda3990000 - 0x00007ffda39bc000 	C:\WINDOWS\SYSTEM32\dbgcore.DLL
0x00007ffdacf20000 - 0x00007ffdacfa2000 	C:\WINDOWS\System32\bcryptPrimitives.dll
0x00007ffd86c80000 - 0x00007ffd86ca9000 	C:\Program Files\Android\Android Studio\jre\bin\java.dll
0x00007ffda7170000 - 0x00007ffda717b000 	C:\Program Files\Android\Android Studio\jre\bin\jimage.dll
0x00007ffd89d50000 - 0x00007ffd89d68000 	C:\Program Files\Android\Android Studio\jre\bin\zip.dll
0x00007ffdadb20000 - 0x00007ffdae264000 	C:\WINDOWS\System32\SHELL32.dll
0x00007ffdaa7e0000 - 0x00007ffdaaf74000 	C:\WINDOWS\SYSTEM32\windows.storage.dll
0x00007ffdae270000 - 0x00007ffdae5c4000 	C:\WINDOWS\System32\combase.dll
0x00007ffdac0d0000 - 0x00007ffdac0fc000 	C:\WINDOWS\SYSTEM32\Wldp.dll
0x00007ffdaeb90000 - 0x00007ffdaec3d000 	C:\WINDOWS\System32\SHCORE.dll
0x00007ffdaea90000 - 0x00007ffdaeae5000 	C:\WINDOWS\System32\shlwapi.dll
0x00007ffdac620000 - 0x00007ffdac63f000 	C:\WINDOWS\SYSTEM32\profapi.dll
0x00007ffd867d0000 - 0x00007ffd867ea000 	C:\Program Files\Android\Android Studio\jre\bin\net.dll
0x00007ffd9f990000 - 0x00007ffd9fa9a000 	C:\WINDOWS\SYSTEM32\WINHTTP.dll
0x00007ffdabe30000 - 0x00007ffdabe9a000 	C:\WINDOWS\system32\mswsock.dll
0x00007ffd86560000 - 0x00007ffd86574000 	C:\Program Files\Android\Android Studio\jre\bin\nio.dll
0x00007ffd9c9a0000 - 0x00007ffd9c9c7000 	C:\Users\Eddo Yulianda\.gradle\native\8bec1ad78214c89d9ad589b4d07fe93259594b29d510b10fafb7a158f7737e5d\windows-amd64\native-platform.dll
0x00007ffd84fd0000 - 0x00007ffd8510d000 	C:\Users\Eddo Yulianda\.gradle\native\53dbd7edfb1c66fb8903c78663c9afc45aea4f116125fa6feffd364cf09443e8\windows-amd64\native-platform-file-events.dll
0x00007ffd9e500000 - 0x00007ffd9e50a000 	C:\Program Files\Android\Android Studio\jre\bin\management.dll
0x00007ffd9e160000 - 0x00007ffd9e16c000 	C:\Program Files\Android\Android Studio\jre\bin\management_ext.dll
0x00007ffdac020000 - 0x00007ffdac038000 	C:\WINDOWS\SYSTEM32\CRYPTSP.dll
0x00007ffdab7b0000 - 0x00007ffdab7e4000 	C:\WINDOWS\system32\rsaenh.dll
0x00007ffdac9d0000 - 0x00007ffdac9f7000 	C:\WINDOWS\System32\bcrypt.dll
0x00007ffdac5e0000 - 0x00007ffdac60e000 	C:\WINDOWS\SYSTEM32\USERENV.dll
0x00007ffdac040000 - 0x00007ffdac04c000 	C:\WINDOWS\SYSTEM32\CRYPTBASE.dll
0x00007ffdabb20000 - 0x00007ffdabb5b000 	C:\WINDOWS\SYSTEM32\IPHLPAPI.DLL
0x00007ffdae6e0000 - 0x00007ffdae6e8000 	C:\WINDOWS\System32\NSI.dll
0x00007ffda55b0000 - 0x00007ffda55c7000 	C:\WINDOWS\SYSTEM32\dhcpcsvc6.DLL
0x00007ffda57b0000 - 0x00007ffda57cd000 	C:\WINDOWS\SYSTEM32\dhcpcsvc.DLL
0x00007ffdabb60000 - 0x00007ffdabc2b000 	C:\WINDOWS\SYSTEM32\DNSAPI.dll

dbghelp: loaded successfully - version: 4.0.5 - missing functions: none
symbol engine: initialized successfully - sym options: 0x614 - pdb path: .;C:\Program Files\Android\Android Studio\jre\bin;C:\WINDOWS\SYSTEM32;C:\WINDOWS\WinSxS\amd64_microsoft.windows.common-controls_6595b64144ccf1df_6.0.19041.1110_none_60b5254171f9507e;C:\Program Files\Android\Android Studio\jre\bin\server;C:\Users\Eddo Yulianda\.gradle\native\8bec1ad78214c89d9ad589b4d07fe93259594b29d510b10fafb7a158f7737e5d\windows-amd64;C:\Users\Eddo Yulianda\.gradle\native\53dbd7edfb1c66fb8903c78663c9afc45aea4f116125fa6feffd364cf09443e8\windows-amd64

VM Arguments:
jvm_args: --add-opens=java.base/java.util=ALL-UNNAMED --add-opens=java.base/java.lang=ALL-UNNAMED --add-opens=java.base/java.lang.invoke=ALL-UNNAMED --add-opens=java.base/java.util=ALL-UNNAMED --add-opens=java.prefs/java.util.prefs=ALL-UNNAMED --add-opens=java.prefs/java.util.prefs=ALL-UNNAMED --add-opens=java.base/java.nio.charset=ALL-UNNAMED --add-opens=java.base/java.net=ALL-UNNAMED --add-opens=java.base/java.util.concurrent.atomic=ALL-UNNAMED -Xmx2048m -Dfile.encoding=UTF-8 -Duser.country=GB -Duser.language=en -Duser.variant 
java_command: org.gradle.launcher.daemon.bootstrap.GradleDaemon 7.0.2
java_class_path (initial): C:\Users\Eddo Yulianda\.gradle\wrapper\dists\gradle-7.0.2-bin\857tjihv64xamwrf0h14cai3r\gradle-7.0.2\lib\gradle-launcher-7.0.2.jar
Launcher Type: SUN_STANDARD

[Global flags]
     intx CICompilerCount                          = 3                                         {product} {ergonomic}
     uint ConcGCThreads                            = 1                                         {product} {ergonomic}
     uint G1ConcRefinementThreads                  = 4                                         {product} {ergonomic}
   size_t G1HeapRegionSize                         = 1048576                                   {product} {ergonomic}
    uintx GCDrainStackTargetSize                   = 64                                        {product} {ergonomic}
   size_t InitialHeapSize                          = 132120576                                 {product} {ergonomic}
   size_t MarkStackSize                            = 4194304                                   {product} {ergonomic}
   size_t MaxHeapSize                              = 2147483648                                {product} {command line}
   size_t MaxNewSize                               = 1287651328                                {product} {ergonomic}
   size_t MinHeapDeltaBytes                        = 1048576                                   {product} {ergonomic}
    uintx NonNMethodCodeHeapSize                   = 5830732                                {pd product} {ergonomic}
    uintx NonProfiledCodeHeapSize                  = 122913754                              {pd product} {ergonomic}
    uintx ProfiledCodeHeapSize                     = 122913754                              {pd product} {ergonomic}
    uintx ReservedCodeCacheSize                    = 251658240                              {pd product} {ergonomic}
     bool SegmentedCodeCache                       = true                                      {product} {ergonomic}
     bool UseCompressedClassPointers               = true                                 {lp64_product} {ergonomic}
     bool UseCompressedOops                        = true                                 {lp64_product} {ergonomic}
     bool UseG1GC                                  = true                                      {product} {ergonomic}
     bool UseLargePagesIndividualAllocation        = false                                  {pd product} {ergonomic}

Logging:
Log output configuration:
 #0: stdout all=warning uptime,level,tags
 #1: stderr all=off uptime,level,tags

Environment Variables:
PATH=C:\WINDOWS\system32;C:\WINDOWS;C:\WINDOWS\System32\Wbem;C:\WINDOWS\System32\WindowsPowerShell\v1.0\;C:\WINDOWS\System32\OpenSSH\;C:\Program Files (x86)\Intel\OpenCL SDK\2.0\bin\x86;C:\Program Files (x86)\Intel\OpenCL SDK\2.0\bin\x64;C:\Program Files\dotnet\;C:\ProgramData\ComposerSetup\bin;C:\xampp2\php;C:\Program Files\Microsoft SQL Server\130\Tools\Binn\;C:\Program Files\Microsoft SQL Server\Client SDK\ODBC\170\Tools\Binn\;C:\Program Files (x86)\dotnet\;C:\Program Files\Microsoft VS Code\bin;C:\Program Files\Git\cmd;C:\Program Files\MySQL\MySQL Shell 8.0\bin\;C:\Users\Eddo Yulianda\AppData\Local\Microsoft\WindowsApps;C:\Users\Eddo Yulianda\.dotnet\tools;C:\Users\Eddo Yulianda\AppData\Roaming\Composer\vendor\bin;C:\Users\Eddo Yulianda\AppData\Local\GitHubDesktop\bin
USERNAME=Eddo Yulianda
OS=Windows_NT
PROCESSOR_IDENTIFIER=Intel64 Family 6 Model 42 Stepping 7, GenuineIntel



---------------  S Y S T E M  ---------------

OS: Windows 10 , 64 bit Build 19041 (10.0.19041.1706)
OS uptime: 0 days 0:12 hours

CPU:total 4 (initial active 4) (2 cores per cpu, 2 threads per core) family 6 model 42 stepping 7 microcode 0x2f, cmov, cx8, fxsr, mmx, sse, sse2, sse3, ssse3, sse4.1, sse4.2, popcnt, avx, aes, clmul, ht, tsc, tscinvbit

Memory: 4k page, system-wide physical 8038M (392M free)
TotalPageFile size 8038M (AvailPageFile size 4M)
current process WorkingSet (physical memory assigned to process): 336M, peak: 337M
current process commit charge ("private bytes"): 367M, peak: 368M

vm_info: OpenJDK 64-Bit Server VM (11.0.10+0-b96-7249189) for windows-amd64 JRE (11.0.10+0-b96-7249189), built on Mar 31 2021 21:44:00 by "builder" with MS VC++ 14.0 (VS2015)

END.
