#
# There is insufficient memory for the Java Runtime Environment to continue.
# Native memory allocation (mmap) failed to map 255852544 bytes for Failed to commit area from 0x0000000092c00000 to 0x00000000a2000000 of length 255852544.
# Possible reasons:
#   The system is out of physical RAM or swap space
#   The process is running with CompressedOops enabled, and the Java Heap may be blocking the growth of the native heap
# Possible solutions:
#   Reduce memory load on the system
#   Increase physical memory or swap space
#   Check if swap backing store is full
#   Decrease Java heap size (-Xmx/-Xms)
#   Decrease number of Java threads
#   Decrease Java thread stack sizes (-Xss)
#   Set larger code cache with -XX:ReservedCodeCacheSize=
#   JVM is running with Unscaled Compressed Oops mode in which the Java heap is
#     placed in the first 4GB address space. The Java Heap base address is the
#     maximum limit for the native heap growth. Please use -XX:HeapBaseMinAddress
#     to set the Java Heap base and to place the Java Heap above 4GB virtual address.
# This output file may be truncated or incomplete.
#
#  Out of Memory Error (./src/hotspot/os/windows/os_windows.cpp:3301), pid=1992, tid=7308
#
# JRE version: OpenJDK Runtime Environment (11.0.10) (build 11.0.10+0-b96-7249189)
# Java VM: OpenJDK 64-Bit Server VM (11.0.10+0-b96-7249189, mixed mode, tiered, compressed oops, g1 gc, windows-amd64)
# No core dump will be written. Minidumps are not enabled by default on client versions of Windows
#

---------------  S U M M A R Y ------------

Command Line: --add-opens=java.base/java.util=ALL-UNNAMED --add-opens=java.base/java.lang=ALL-UNNAMED --add-opens=java.base/java.lang.invoke=ALL-UNNAMED --add-opens=java.base/java.util=ALL-UNNAMED --add-opens=java.prefs/java.util.prefs=ALL-UNNAMED --add-opens=java.prefs/java.util.prefs=ALL-UNNAMED --add-opens=java.base/java.nio.charset=ALL-UNNAMED --add-opens=java.base/java.net=ALL-UNNAMED --add-opens=java.base/java.util.concurrent.atomic=ALL-UNNAMED -Xmx2048m -Dfile.encoding=UTF-8 -Duser.country=GB -Duser.language=en -Duser.variant org.gradle.launcher.daemon.bootstrap.GradleDaemon 7.0.2

Host: Intel(R) Core(TM) i5-2410M CPU @ 2.30GHz, 4 cores, 7G,  Windows 10 , 64 bit Build 19041 (10.0.19041.1706)
Time: Mon May 23 11:15:25 2022 SE Asia Standard Time elapsed time: 134.102898 seconds (0d 0h 2m 14s)

---------------  T H R E A D  ---------------

Current thread (0x00000215ff4a0000):  VMThread "VM Thread" [stack: 0x000000a612a00000,0x000000a612b00000] [id=7308]

Stack: [0x000000a612a00000,0x000000a612b00000]
[error occurred during error reporting (printing stack bounds), id 0xc0000005, EXCEPTION_ACCESS_VIOLATION (0xc0000005) at pc=0x0000021580000f2d]

Native frames: (J=compiled Java code, j=interpreted, Vv=VM code, C=native code)
V  [jvm.dll+0x5ecfaa]
V  [jvm.dll+0x722bd5]
V  [jvm.dll+0x72412d]
V  [jvm.dll+0x724745]
V  [jvm.dll+0x7246fb]
V  [jvm.dll+0x5ec348]
V  [jvm.dll+0x5ecad8]
C  [ntdll.dll+0xa209f]
C  [ntdll.dll+0x51454]
C  [ntdll.dll+0xa0bce]
C  0x0000021580000f2d

VM_Operation (0x000000a6153f5bb0): G1CollectForAllocation, mode: safepoint, requested by thread 0x000002158f58f800


---------------  P R O C E S S  ---------------

Threads class SMR info:
_java_thread_list=0x0000021597e687a0, length=55, elements={
0x00000215f48bd000, 0x00000215ff4a6800, 0x00000215ff4b4800, 0x00000215ff4bd800,
0x00000215ff4be800, 0x00000215ff4c0800, 0x00000215ff4c7000, 0x00000215ff4da000,
0x00000215ff4ee000, 0x000002158f17c000, 0x0000021590ee9800, 0x000002159152e800,
0x0000021590f30800, 0x0000021590991800, 0x0000021592385800, 0x0000021590cd1800,
0x0000021590c13800, 0x00000215918fa800, 0x00000215ff4db800, 0x00000215ff4da800,
0x00000215ff4dc000, 0x00000215ff4dd000, 0x00000215ff4de000, 0x00000215ff4d8000,
0x00000215ff4d9000, 0x000002158f586800, 0x000002158f586000, 0x000002158f584000,
0x000002158f585000, 0x000002158f589000, 0x000002158f583800, 0x000002158f58a000,
0x000002158f58d000, 0x000002158f58f000, 0x000002158f58b800, 0x000002158f58f800,
0x000002158f590800, 0x00000215928c9000, 0x00000215928c8000, 0x00000215928c5000,
0x00000215928c6800, 0x00000215928ca800, 0x00000215928c5800, 0x00000215928cf800,
0x00000215928d0800, 0x00000215928cc000, 0x00000215928cd000, 0x00000215928d2000,
0x00000215928d3800, 0x00000215928ce000, 0x00000215ff4d7800, 0x00000215928d1000,
0x0000021591ad2800, 0x0000021591ad3000, 0x0000021591ace800
}

Java Threads: ( => current thread )
  0x00000215f48bd000 JavaThread "main" [_thread_blocked, id=9488, stack(0x000000a612400000,0x000000a612500000)]
  0x00000215ff4a6800 JavaThread "Reference Handler" daemon [_thread_blocked, id=9384, stack(0x000000a612b00000,0x000000a612c00000)]
  0x00000215ff4b4800 JavaThread "Finalizer" daemon [_thread_blocked, id=9940, stack(0x000000a612c00000,0x000000a612d00000)]
  0x00000215ff4bd800 JavaThread "Signal Dispatcher" daemon [_thread_blocked, id=11776, stack(0x000000a612d00000,0x000000a612e00000)]
  0x00000215ff4be800 JavaThread "Attach Listener" daemon [_thread_blocked, id=11744, stack(0x000000a612e00000,0x000000a612f00000)]
  0x00000215ff4c0800 JavaThread "Service Thread" daemon [_thread_blocked, id=1396, stack(0x000000a612f00000,0x000000a613000000)]
  0x00000215ff4c7000 JavaThread "C2 CompilerThread0" daemon [_thread_blocked, id=14296, stack(0x000000a613000000,0x000000a613100000)]
  0x00000215ff4da000 JavaThread "C1 CompilerThread0" daemon [_thread_blocked, id=10644, stack(0x000000a613100000,0x000000a613200000)]
  0x00000215ff4ee000 JavaThread "Sweeper thread" daemon [_thread_blocked, id=14216, stack(0x000000a613200000,0x000000a613300000)]
  0x000002158f17c000 JavaThread "Common-Cleaner" daemon [_thread_blocked, id=7484, stack(0x000000a613300000,0x000000a613400000)]
  0x0000021590ee9800 JavaThread "Daemon health stats" [_thread_blocked, id=9848, stack(0x000000a613800000,0x000000a613900000)]
  0x000002159152e800 JavaThread "Incoming local TCP Connector on port 58584" [_thread_in_native, id=12588, stack(0x000000a613500000,0x000000a613600000)]
  0x0000021590f30800 JavaThread "Daemon periodic checks" [_thread_blocked, id=12924, stack(0x000000a613900000,0x000000a613a00000)]
  0x0000021590991800 JavaThread "Daemon" [_thread_blocked, id=4804, stack(0x000000a613a00000,0x000000a613b00000)]
  0x0000021592385800 JavaThread "Handler for socket connection from /127.0.0.1:58584 to /127.0.0.1:58585" [_thread_in_native, id=1180, stack(0x000000a613b00000,0x000000a613c00000)]
  0x0000021590cd1800 JavaThread "Cancel handler" [_thread_blocked, id=11040, stack(0x000000a613c00000,0x000000a613d00000)]
  0x0000021590c13800 JavaThread "Daemon worker" [_thread_blocked, id=3776, stack(0x000000a613d00000,0x000000a613e00000)]
  0x00000215918fa800 JavaThread "Asynchronous log dispatcher for DefaultDaemonConnection: socket connection from /127.0.0.1:58584 to /127.0.0.1:58585" [_thread_blocked, id=4656, stack(0x000000a613e00000,0x000000a613f00000)]
  0x00000215ff4db800 JavaThread "Daemon client event forwarder" [_thread_blocked, id=3676, stack(0x000000a614000000,0x000000a614100000)]
  0x00000215ff4da800 JavaThread "Cache worker for file hash cache (C:\Users\Eddo Yulianda\.gradle\caches\7.0.2\fileHashes)" [_thread_blocked, id=6536, stack(0x000000a614200000,0x000000a614300000)]
  0x00000215ff4dc000 JavaThread "File lock request listener" [_thread_in_native, id=14580, stack(0x000000a614300000,0x000000a614400000)]
  0x00000215ff4dd000 JavaThread "Cache worker for journal cache (C:\Users\Eddo Yulianda\.gradle\caches\journal-1)" [_thread_blocked, id=12676, stack(0x000000a614400000,0x000000a614500000)]
  0x00000215ff4de000 JavaThread "Cache worker for file hash cache (C:\Users\Eddo Yulianda\AndroidStudioProjects\PresensiOnlinePNP\.gradle\7.0.2\fileHashes)" [_thread_blocked, id=8084, stack(0x000000a614600000,0x000000a614700000)]
  0x00000215ff4d8000 JavaThread "File watcher server" daemon [_thread_blocked, id=5068, stack(0x000000a614700000,0x000000a614800000)]
  0x00000215ff4d9000 JavaThread "File watcher consumer" daemon [_thread_blocked, id=13816, stack(0x000000a614800000,0x000000a614900000)]
  0x000002158f586800 JavaThread "Cache worker for checksums cache (C:\Users\Eddo Yulianda\AndroidStudioProjects\PresensiOnlinePNP\.gradle\checksums)" [_thread_blocked, id=3388, stack(0x000000a614900000,0x000000a614a00000)]
  0x000002158f586000 JavaThread "Cache worker for cache directory md-supplier (C:\Users\Eddo Yulianda\.gradle\caches\7.0.2\md-supplier)" [_thread_blocked, id=12712, stack(0x000000a614a00000,0x000000a614b00000)]
  0x000002158f584000 JavaThread "Cache worker for cache directory md-rule (C:\Users\Eddo Yulianda\.gradle\caches\7.0.2\md-rule)" [_thread_blocked, id=8724, stack(0x000000a614b00000,0x000000a614c00000)]
  0x000002158f585000 JavaThread "Cache worker for execution history cache (C:\Users\Eddo Yulianda\.gradle\caches\7.0.2\executionHistory)" [_thread_blocked, id=11144, stack(0x000000a614c00000,0x000000a614d00000)]
  0x000002158f589000 JavaThread "jar transforms" [_thread_blocked, id=3948, stack(0x000000a614d00000,0x000000a614e00000)]
  0x000002158f583800 JavaThread "jar transforms Thread 2" [_thread_blocked, id=4556, stack(0x000000a614e00000,0x000000a614f00000)]
  0x000002158f58a000 JavaThread "Cache worker for file content cache (C:\Users\Eddo Yulianda\.gradle\caches\7.0.2\fileContent)" [_thread_blocked, id=9136, stack(0x000000a614f00000,0x000000a615000000)]
  0x000002158f58d000 JavaThread "Cache worker for dependencies-accessors (C:\Users\Eddo Yulianda\AndroidStudioProjects\PresensiOnlinePNP\.gradle\7.0.2\dependencies-accessors)" [_thread_blocked, id=8004, stack(0x000000a615000000,0x000000a615100000)]
  0x000002158f58f000 JavaThread "jar transforms Thread 3" [_thread_blocked, id=6960, stack(0x000000a615100000,0x000000a615200000)]
  0x000002158f58b800 JavaThread "Cache worker for Build Output Cleanup Cache (C:\Users\Eddo Yulianda\AndroidStudioProjects\PresensiOnlinePNP\.gradle\buildOutputCleanup)" [_thread_blocked, id=6540, stack(0x000000a615200000,0x000000a615300000)]
  0x000002158f58f800 JavaThread "Build operations" [_thread_blocked, id=196, stack(0x000000a615300000,0x000000a615400000)]
  0x000002158f590800 JavaThread "Build operations Thread 2" [_thread_blocked, id=13392, stack(0x000000a615400000,0x000000a615500000)]
  0x00000215928c9000 JavaThread "Build operations Thread 3" [_thread_blocked, id=10024, stack(0x000000a615500000,0x000000a615600000)]
  0x00000215928c8000 JavaThread "Build operations Thread 4" [_thread_blocked, id=10168, stack(0x000000a615600000,0x000000a615700000)]
  0x00000215928c5000 JavaThread "jar transforms Thread 4" [_thread_blocked, id=8828, stack(0x000000a615700000,0x000000a615800000)]
  0x00000215928c6800 JavaThread "Memory manager" [_thread_blocked, id=5800, stack(0x000000a615800000,0x000000a615900000)]
  0x00000215928ca800 JavaThread "build event listener" [_thread_blocked, id=14876, stack(0x000000a615900000,0x000000a615a00000)]
  0x00000215928c5800 JavaThread "Execution worker for ':'" [_thread_blocked, id=5872, stack(0x000000a615a00000,0x000000a615b00000)]
  0x00000215928cf800 JavaThread "Execution worker for ':' Thread 2" [_thread_blocked, id=12628, stack(0x000000a615b00000,0x000000a615c00000)]
  0x00000215928d0800 JavaThread "Execution worker for ':' Thread 3" [_thread_blocked, id=3892, stack(0x000000a615c00000,0x000000a615d00000)]
  0x00000215928cc000 JavaThread "Cache worker for execution history cache (C:\Users\Eddo Yulianda\AndroidStudioProjects\PresensiOnlinePNP\.gradle\7.0.2\executionHistory)" [_thread_blocked, id=6764, stack(0x000000a615d00000,0x000000a615e00000)]
  0x00000215928cd000 JavaThread "RMI Scheduler(0)" daemon [_thread_blocked, id=14840, stack(0x000000a612100000,0x000000a612200000)]
  0x00000215928d2000 JavaThread "RMI GC Daemon" daemon [_thread_blocked, id=9540, stack(0x000000a613f00000,0x000000a614000000)]
  0x00000215928d3800 JavaThread "RMI TCP Accept-0" daemon [_thread_in_native, id=12120, stack(0x000000a616000000,0x000000a616100000)]
  0x00000215928ce000 JavaThread "RMI Reaper" [_thread_blocked, id=6100, stack(0x000000a616100000,0x000000a616200000)]
  0x00000215ff4d7800 JavaThread "RMI TCP Connection(idle)" daemon [_thread_blocked, id=11392, stack(0x000000a616200000,0x000000a616300000)]
  0x00000215928d1000 JavaThread "Cache worker for Java compile cache (C:\Users\Eddo Yulianda\.gradle\caches\7.0.2\javaCompile)" [_thread_blocked, id=9644, stack(0x000000a612300000,0x000000a612400000)]
  0x0000021591ad2800 JavaThread "Cache worker for Java compile cache (C:\Users\Eddo Yulianda\AndroidStudioProjects\PresensiOnlinePNP\.gradle\7.0.2\javaCompile)" [_thread_blocked, id=13740, stack(0x000000a616300000,0x000000a616400000)]
  0x0000021591ad3000 JavaThread "C2 CompilerThread1" daemon [_thread_in_native, id=6732, stack(0x000000a612200000,0x000000a612300000)]
  0x0000021591ace800 JavaThread "WorkerExecutor Queue" [_thread_blocked, id=8896, stack(0x000000a616400000,0x000000a616500000)]

Other Threads:
=>0x00000215ff4a0000 VMThread "VM Thread" [stack: 0x000000a612a00000,0x000000a612b00000] [id=7308]
  0x000002158f1da000 WatcherThread [stack: 0x000000a613400000,0x000000a613500000] [id=2248]
  0x00000215f48d4800 GCTaskThread "GC Thread#0" [stack: 0x000000a612500000,0x000000a612600000] [id=7664]
  0x000002158fd34000 GCTaskThread "GC Thread#1" [stack: 0x000000a613600000,0x000000a613700000] [id=10908]
  0x000002158f7e0000 GCTaskThread "GC Thread#2" [stack: 0x000000a613700000,0x000000a613800000] [id=592]
  0x000002159076d800 GCTaskThread "GC Thread#3" [stack: 0x000000a614100000,0x000000a614200000] [id=4668]
  0x00000215f4905800 ConcurrentGCThread "G1 Main Marker" [stack: 0x000000a612600000,0x000000a612700000] [id=14544]
  0x00000215f4906800 ConcurrentGCThread "G1 Conc#0" [stack: 0x000000a612700000,0x000000a612800000] [id=1012]
  0x00000215f4997800 ConcurrentGCThread "G1 Refine#0" [stack: 0x000000a612800000,0x000000a612900000] [id=7416]
  0x00000215f499a000 ConcurrentGCThread "G1 Young RemSet Sampling" [stack: 0x000000a612900000,0x000000a612a00000] [id=9316]

Threads with active compile tasks:
C2 CompilerThread0 134153 16484       4       java.util.LinkedList::checkPositionIndex (22 bytes)
C2 CompilerThread1 134153 15722 %     4       com.android.tools.r8.internal.U6::a @ 2560 (6044 bytes)

VM state:at safepoint (normal execution)

VM Mutex/Monitor currently owned by a thread:  ([mutex/lock_event])
[0x00000215f48ba140] Threads_lock - owner thread: 0x00000215ff4a0000
[0x00000215f48bb730] Heap_lock - owner thread: 0x000002158f58f800

Heap address: 0x0000000080000000, size: 2048 MB, Compressed Oops mode: 32-bit
Narrow klass base: 0x0000000000000000, Narrow klass shift: 3
Compressed class space size: 1073741824 Address: 0x0000000100000000

Heap:
 garbage-first heap   total 557056K, used 199935K [0x0000000080000000, 0x0000000100000000)
  region size 1024K, 6 young (6144K), 6 survivors (6144K)
 Metaspace       used 119606K, capacity 122575K, committed 122828K, reserved 1155072K
  class space    used 15445K, capacity 16563K, committed 16588K, reserved 1048576K
Heap Regions: E=young(eden), S=young(survivor), O=old, HS=humongous(starts), HC=humongous(continues), CS=collection set, F=free, A=archive, TAMS=top-at-mark-start (previous, next)
|   0|0x0000000080000000, 0x0000000080100000, 0x0000000080100000|100%|HS|  |TAMS 0x0000000080100000, 0x0000000080000000| Complete 
|   1|0x0000000080100000, 0x0000000080200000, 0x0000000080200000|100%|HC|  |TAMS 0x0000000080200000, 0x0000000080100000| Complete 
|   2|0x0000000080200000, 0x0000000080300000, 0x0000000080300000|100%|HC|  |TAMS 0x0000000080300000, 0x0000000080200000| Complete 
|   3|0x0000000080300000, 0x0000000080400000, 0x0000000080400000|100%| O|  |TAMS 0x0000000080400000, 0x0000000080300000| Untracked 
|   4|0x0000000080400000, 0x0000000080500000, 0x0000000080500000|100%| O|  |TAMS 0x0000000080500000, 0x0000000080400000| Untracked 
|   5|0x0000000080500000, 0x0000000080600000, 0x0000000080600000|100%| O|  |TAMS 0x0000000080600000, 0x0000000080500000| Untracked 
|   6|0x0000000080600000, 0x0000000080700000, 0x0000000080700000|100%| O|  |TAMS 0x0000000080700000, 0x0000000080600000| Untracked 
|   7|0x0000000080700000, 0x0000000080800000, 0x0000000080800000|100%| O|  |TAMS 0x0000000080800000, 0x0000000080700000| Untracked 
|   8|0x0000000080800000, 0x0000000080900000, 0x0000000080900000|100%| O|  |TAMS 0x0000000080900000, 0x0000000080800000| Untracked 
|   9|0x0000000080900000, 0x0000000080a00000, 0x0000000080a00000|100%| O|  |TAMS 0x0000000080a00000, 0x0000000080900000| Untracked 
|  10|0x0000000080a00000, 0x0000000080b00000, 0x0000000080b00000|100%| O|  |TAMS 0x0000000080b00000, 0x0000000080a00000| Untracked 
|  11|0x0000000080b00000, 0x0000000080c00000, 0x0000000080c00000|100%| O|  |TAMS 0x0000000080c00000, 0x0000000080b00000| Untracked 
|  12|0x0000000080c00000, 0x0000000080d00000, 0x0000000080d00000|100%| O|  |TAMS 0x0000000080d00000, 0x0000000080c00000| Untracked 
|  13|0x0000000080d00000, 0x0000000080e00000, 0x0000000080e00000|100%| O|  |TAMS 0x0000000080e00000, 0x0000000080d00000| Untracked 
|  14|0x0000000080e00000, 0x0000000080f00000, 0x0000000080f00000|100%|HS|  |TAMS 0x0000000080f00000, 0x0000000080e00000| Complete 
|  15|0x0000000080f00000, 0x0000000081000000, 0x0000000081000000|100%| O|  |TAMS 0x0000000081000000, 0x0000000080f00000| Untracked 
|  16|0x0000000081000000, 0x0000000081100000, 0x0000000081100000|100%| O|  |TAMS 0x0000000081100000, 0x0000000081000000| Untracked 
|  17|0x0000000081100000, 0x0000000081200000, 0x0000000081200000|100%| O|  |TAMS 0x0000000081200000, 0x0000000081100000| Untracked 
|  18|0x0000000081200000, 0x0000000081300000, 0x0000000081300000|100%| O|  |TAMS 0x0000000081300000, 0x0000000081200000| Untracked 
|  19|0x0000000081300000, 0x0000000081400000, 0x0000000081400000|100%| O|  |TAMS 0x0000000081400000, 0x0000000081300000| Untracked 
|  20|0x0000000081400000, 0x0000000081500000, 0x0000000081500000|100%| O|  |TAMS 0x0000000081500000, 0x0000000081400000| Untracked 
|  21|0x0000000081500000, 0x0000000081600000, 0x0000000081600000|100%| O|  |TAMS 0x0000000081600000, 0x0000000081500000| Untracked 
|  22|0x0000000081600000, 0x0000000081700000, 0x0000000081700000|100%| O|  |TAMS 0x0000000081700000, 0x0000000081600000| Untracked 
|  23|0x0000000081700000, 0x0000000081800000, 0x0000000081800000|100%|HS|  |TAMS 0x0000000081800000, 0x0000000081700000| Complete 
|  24|0x0000000081800000, 0x0000000081900000, 0x0000000081900000|100%|HS|  |TAMS 0x0000000081900000, 0x0000000081800000| Complete 
|  25|0x0000000081900000, 0x0000000081a00000, 0x0000000081a00000|100%|HS|  |TAMS 0x0000000081a00000, 0x0000000081900000| Complete 
|  26|0x0000000081a00000, 0x0000000081b00000, 0x0000000081b00000|100%|HC|  |TAMS 0x0000000081b00000, 0x0000000081a00000| Complete 
|  27|0x0000000081b00000, 0x0000000081c00000, 0x0000000081c00000|100%|HC|  |TAMS 0x0000000081c00000, 0x0000000081b00000| Complete 
|  28|0x0000000081c00000, 0x0000000081d00000, 0x0000000081d00000|100%|HS|  |TAMS 0x0000000081d00000, 0x0000000081c00000| Complete 
|  29|0x0000000081d00000, 0x0000000081e00000, 0x0000000081e00000|100%|HC|  |TAMS 0x0000000081e00000, 0x0000000081d00000| Complete 
|  30|0x0000000081e00000, 0x0000000081f00000, 0x0000000081f00000|100%| O|  |TAMS 0x0000000081f00000, 0x0000000081e00000| Untracked 
|  31|0x0000000081f00000, 0x0000000082000000, 0x0000000082000000|100%| O|  |TAMS 0x0000000082000000, 0x0000000081f00000| Untracked 
|  32|0x0000000082000000, 0x0000000082100000, 0x0000000082100000|100%| O|  |TAMS 0x0000000082100000, 0x0000000082000000| Untracked 
|  33|0x0000000082100000, 0x0000000082200000, 0x0000000082200000|100%| O|  |TAMS 0x0000000082200000, 0x0000000082100000| Untracked 
|  34|0x0000000082200000, 0x0000000082300000, 0x0000000082300000|100%| O|  |TAMS 0x0000000082300000, 0x0000000082200000| Untracked 
|  35|0x0000000082300000, 0x0000000082400000, 0x0000000082400000|100%| O|  |TAMS 0x0000000082400000, 0x0000000082300000| Untracked 
|  36|0x0000000082400000, 0x0000000082500000, 0x0000000082500000|100%| O|  |TAMS 0x0000000082500000, 0x0000000082400000| Untracked 
|  37|0x0000000082500000, 0x0000000082600000, 0x0000000082600000|100%| O|  |TAMS 0x0000000082600000, 0x0000000082500000| Untracked 
|  38|0x0000000082600000, 0x0000000082700000, 0x0000000082700000|100%| O|  |TAMS 0x0000000082700000, 0x0000000082600000| Untracked 
|  39|0x0000000082700000, 0x0000000082800000, 0x0000000082800000|100%| O|  |TAMS 0x0000000082800000, 0x0000000082700000| Untracked 
|  40|0x0000000082800000, 0x0000000082900000, 0x0000000082900000|100%| O|  |TAMS 0x0000000082900000, 0x0000000082800000| Untracked 
|  41|0x0000000082900000, 0x0000000082a00000, 0x0000000082a00000|100%| O|  |TAMS 0x0000000082a00000, 0x0000000082900000| Untracked 
|  42|0x0000000082a00000, 0x0000000082b00000, 0x0000000082b00000|100%| O|  |TAMS 0x0000000082b00000, 0x0000000082a00000| Untracked 
|  43|0x0000000082b00000, 0x0000000082c00000, 0x0000000082c00000|100%| O|  |TAMS 0x0000000082c00000, 0x0000000082b00000| Untracked 
|  44|0x0000000082c00000, 0x0000000082d00000, 0x0000000082d00000|100%| O|  |TAMS 0x0000000082d00000, 0x0000000082c00000| Untracked 
|  45|0x0000000082d00000, 0x0000000082e00000, 0x0000000082e00000|100%| O|  |TAMS 0x0000000082e00000, 0x0000000082d00000| Untracked 
|  46|0x0000000082e00000, 0x0000000082f00000, 0x0000000082f00000|100%| O|  |TAMS 0x0000000082f00000, 0x0000000082e00000| Untracked 
|  47|0x0000000082f00000, 0x0000000083000000, 0x0000000083000000|100%| O|  |TAMS 0x0000000083000000, 0x0000000082f00000| Untracked 
|  48|0x0000000083000000, 0x0000000083100000, 0x0000000083100000|100%| O|  |TAMS 0x0000000083100000, 0x0000000083000000| Untracked 
|  49|0x0000000083100000, 0x0000000083200000, 0x0000000083200000|100%| O|  |TAMS 0x0000000083200000, 0x0000000083100000| Untracked 
|  50|0x0000000083200000, 0x0000000083300000, 0x0000000083300000|100%| O|  |TAMS 0x0000000083300000, 0x0000000083200000| Untracked 
|  51|0x0000000083300000, 0x0000000083400000, 0x0000000083400000|100%| O|  |TAMS 0x0000000083400000, 0x0000000083300000| Untracked 
|  52|0x0000000083400000, 0x0000000083500000, 0x0000000083500000|100%| O|  |TAMS 0x0000000083500000, 0x0000000083400000| Untracked 
|  53|0x0000000083500000, 0x0000000083600000, 0x0000000083600000|100%| O|  |TAMS 0x0000000083600000, 0x0000000083500000| Untracked 
|  54|0x0000000083600000, 0x0000000083700000, 0x0000000083700000|100%| O|  |TAMS 0x0000000083700000, 0x0000000083600000| Untracked 
|  55|0x0000000083700000, 0x0000000083800000, 0x0000000083800000|100%| O|  |TAMS 0x0000000083800000, 0x0000000083700000| Untracked 
|  56|0x0000000083800000, 0x0000000083900000, 0x0000000083900000|100%| O|  |TAMS 0x0000000083900000, 0x0000000083800000| Untracked 
|  57|0x0000000083900000, 0x0000000083a00000, 0x0000000083a00000|100%| O|  |TAMS 0x0000000083a00000, 0x0000000083900000| Untracked 
|  58|0x0000000083a00000, 0x0000000083b00000, 0x0000000083b00000|100%| O|  |TAMS 0x0000000083b00000, 0x0000000083a00000| Untracked 
|  59|0x0000000083b00000, 0x0000000083c00000, 0x0000000083c00000|100%| O|  |TAMS 0x0000000083c00000, 0x0000000083b00000| Untracked 
|  60|0x0000000083c00000, 0x0000000083d00000, 0x0000000083d00000|100%| O|  |TAMS 0x0000000083d00000, 0x0000000083c00000| Untracked 
|  61|0x0000000083d00000, 0x0000000083e00000, 0x0000000083e00000|100%| O|  |TAMS 0x0000000083e00000, 0x0000000083d00000| Untracked 
|  62|0x0000000083e00000, 0x0000000083f00000, 0x0000000083f00000|100%| O|  |TAMS 0x0000000083f00000, 0x0000000083e00000| Untracked 
|  63|0x0000000083f00000, 0x0000000084000000, 0x0000000084000000|100%| O|  |TAMS 0x0000000084000000, 0x0000000083f00000| Untracked 
|  64|0x0000000084000000, 0x0000000084100000, 0x0000000084100000|100%| O|  |TAMS 0x0000000084100000, 0x0000000084000000| Untracked 
|  65|0x0000000084100000, 0x0000000084200000, 0x0000000084200000|100%| O|  |TAMS 0x0000000084200000, 0x0000000084100000| Untracked 
|  66|0x0000000084200000, 0x0000000084300000, 0x0000000084300000|100%| O|  |TAMS 0x0000000084300000, 0x0000000084200000| Untracked 
|  67|0x0000000084300000, 0x0000000084400000, 0x0000000084400000|100%| O|  |TAMS 0x0000000084400000, 0x0000000084300000| Untracked 
|  68|0x0000000084400000, 0x0000000084500000, 0x0000000084500000|100%| O|  |TAMS 0x0000000084500000, 0x0000000084400000| Untracked 
|  69|0x0000000084500000, 0x0000000084600000, 0x0000000084600000|100%| O|  |TAMS 0x0000000084600000, 0x0000000084500000| Untracked 
|  70|0x0000000084600000, 0x0000000084700000, 0x0000000084700000|100%| O|  |TAMS 0x0000000084700000, 0x0000000084600000| Untracked 
|  71|0x0000000084700000, 0x0000000084800000, 0x0000000084800000|100%| O|  |TAMS 0x0000000084800000, 0x0000000084700000| Untracked 
|  72|0x0000000084800000, 0x0000000084900000, 0x0000000084900000|100%| O|  |TAMS 0x0000000084900000, 0x0000000084800000| Untracked 
|  73|0x0000000084900000, 0x0000000084a00000, 0x0000000084a00000|100%| O|  |TAMS 0x0000000084a00000, 0x0000000084900000| Untracked 
|  74|0x0000000084a00000, 0x0000000084b00000, 0x0000000084b00000|100%| O|  |TAMS 0x0000000084b00000, 0x0000000084a00000| Untracked 
|  75|0x0000000084b00000, 0x0000000084c00000, 0x0000000084c00000|100%| O|  |TAMS 0x0000000084c00000, 0x0000000084b00000| Untracked 
|  76|0x0000000084c00000, 0x0000000084d00000, 0x0000000084d00000|100%| O|  |TAMS 0x0000000084d00000, 0x0000000084c00000| Untracked 
|  77|0x0000000084d00000, 0x0000000084e00000, 0x0000000084e00000|100%| O|  |TAMS 0x0000000084e00000, 0x0000000084d00000| Untracked 
|  78|0x0000000084e00000, 0x0000000084f00000, 0x0000000084f00000|100%| O|  |TAMS 0x0000000084f00000, 0x0000000084e00000| Untracked 
|  79|0x0000000084f00000, 0x0000000085000000, 0x0000000085000000|100%| O|  |TAMS 0x0000000085000000, 0x0000000084f00000| Untracked 
|  80|0x0000000085000000, 0x0000000085100000, 0x0000000085100000|100%| O|  |TAMS 0x0000000085100000, 0x0000000085000000| Untracked 
|  81|0x0000000085100000, 0x0000000085200000, 0x0000000085200000|100%| O|  |TAMS 0x0000000085200000, 0x0000000085100000| Untracked 
|  82|0x0000000085200000, 0x0000000085300000, 0x0000000085300000|100%| O|  |TAMS 0x0000000085300000, 0x0000000085200000| Untracked 
|  83|0x0000000085300000, 0x0000000085400000, 0x0000000085400000|100%| O|  |TAMS 0x0000000085400000, 0x0000000085300000| Untracked 
|  84|0x0000000085400000, 0x0000000085500000, 0x0000000085500000|100%| O|  |TAMS 0x0000000085500000, 0x0000000085400000| Untracked 
|  85|0x0000000085500000, 0x0000000085600000, 0x0000000085600000|100%|HS|  |TAMS 0x0000000085600000, 0x0000000085500000| Complete 
|  86|0x0000000085600000, 0x0000000085700000, 0x0000000085700000|100%| O|  |TAMS 0x0000000085700000, 0x0000000085600000| Untracked 
|  87|0x0000000085700000, 0x0000000085800000, 0x0000000085800000|100%| O|  |TAMS 0x0000000085800000, 0x0000000085700000| Untracked 
|  88|0x0000000085800000, 0x0000000085900000, 0x0000000085900000|100%| O|  |TAMS 0x0000000085900000, 0x0000000085800000| Untracked 
|  89|0x0000000085900000, 0x0000000085a00000, 0x0000000085a00000|100%| O|  |TAMS 0x0000000085a00000, 0x0000000085900000| Untracked 
|  90|0x0000000085a00000, 0x0000000085b00000, 0x0000000085b00000|100%| O|  |TAMS 0x0000000085b00000, 0x0000000085a00000| Untracked 
|  91|0x0000000085b00000, 0x0000000085c00000, 0x0000000085c00000|100%| O|  |TAMS 0x0000000085c00000, 0x0000000085b00000| Untracked 
|  92|0x0000000085c00000, 0x0000000085d00000, 0x0000000085d00000|100%| O|  |TAMS 0x0000000085d00000, 0x0000000085c00000| Untracked 
|  93|0x0000000085d00000, 0x0000000085e00000, 0x0000000085e00000|100%| O|  |TAMS 0x0000000085e00000, 0x0000000085d00000| Untracked 
|  94|0x0000000085e00000, 0x0000000085f00000, 0x0000000085f00000|100%| O|  |TAMS 0x0000000085f00000, 0x0000000085e00000| Untracked 
|  95|0x0000000085f00000, 0x0000000086000000, 0x0000000086000000|100%| O|  |TAMS 0x0000000086000000, 0x0000000085f00000| Untracked 
|  96|0x0000000086000000, 0x0000000086100000, 0x0000000086100000|100%| O|  |TAMS 0x0000000086100000, 0x0000000086000000| Untracked 
|  97|0x0000000086100000, 0x0000000086200000, 0x0000000086200000|100%| O|  |TAMS 0x0000000086200000, 0x0000000086100000| Untracked 
|  98|0x0000000086200000, 0x0000000086300000, 0x0000000086300000|100%| O|  |TAMS 0x0000000086300000, 0x0000000086200000| Untracked 
|  99|0x0000000086300000, 0x0000000086400000, 0x0000000086400000|100%| O|  |TAMS 0x0000000086400000, 0x0000000086300000| Untracked 
| 100|0x0000000086400000, 0x0000000086500000, 0x0000000086500000|100%| O|  |TAMS 0x0000000086500000, 0x0000000086400000| Untracked 
| 101|0x0000000086500000, 0x0000000086600000, 0x0000000086600000|100%| O|  |TAMS 0x0000000086600000, 0x0000000086500000| Untracked 
| 102|0x0000000086600000, 0x0000000086700000, 0x0000000086700000|100%| O|  |TAMS 0x0000000086700000, 0x0000000086600000| Untracked 
| 103|0x0000000086700000, 0x0000000086800000, 0x0000000086800000|100%| O|  |TAMS 0x0000000086800000, 0x0000000086700000| Untracked 
| 104|0x0000000086800000, 0x0000000086900000, 0x0000000086900000|100%| O|  |TAMS 0x0000000086900000, 0x0000000086800000| Untracked 
| 105|0x0000000086900000, 0x0000000086a00000, 0x0000000086a00000|100%| O|  |TAMS 0x0000000086a00000, 0x0000000086900000| Untracked 
| 106|0x0000000086a00000, 0x0000000086b00000, 0x0000000086b00000|100%| O|  |TAMS 0x0000000086b00000, 0x0000000086a00000| Untracked 
| 107|0x0000000086b00000, 0x0000000086c00000, 0x0000000086c00000|100%| O|  |TAMS 0x0000000086c00000, 0x0000000086b00000| Untracked 
| 108|0x0000000086c00000, 0x0000000086d00000, 0x0000000086d00000|100%| O|  |TAMS 0x0000000086d00000, 0x0000000086c00000| Untracked 
| 109|0x0000000086d00000, 0x0000000086e00000, 0x0000000086e00000|100%| O|  |TAMS 0x0000000086e00000, 0x0000000086d00000| Untracked 
| 110|0x0000000086e00000, 0x0000000086f00000, 0x0000000086f00000|100%| O|  |TAMS 0x0000000086f00000, 0x0000000086e00000| Untracked 
| 111|0x0000000086f00000, 0x0000000087000000, 0x0000000087000000|100%| O|  |TAMS 0x0000000087000000, 0x0000000086f00000| Untracked 
| 112|0x0000000087000000, 0x0000000087100000, 0x0000000087100000|100%| O|  |TAMS 0x0000000087100000, 0x0000000087000000| Untracked 
| 113|0x0000000087100000, 0x0000000087200000, 0x0000000087200000|100%| O|  |TAMS 0x0000000087200000, 0x0000000087100000| Untracked 
| 114|0x0000000087200000, 0x0000000087300000, 0x0000000087300000|100%| O|  |TAMS 0x0000000087300000, 0x0000000087200000| Untracked 
| 115|0x0000000087300000, 0x0000000087400000, 0x0000000087400000|100%| O|  |TAMS 0x0000000087400000, 0x0000000087300000| Untracked 
| 116|0x0000000087400000, 0x0000000087500000, 0x0000000087500000|100%| O|  |TAMS 0x0000000087500000, 0x0000000087400000| Untracked 
| 117|0x0000000087500000, 0x0000000087600000, 0x0000000087600000|100%| O|  |TAMS 0x0000000087600000, 0x0000000087500000| Untracked 
| 118|0x0000000087600000, 0x0000000087700000, 0x0000000087700000|100%| O|  |TAMS 0x0000000087700000, 0x0000000087600000| Untracked 
| 119|0x0000000087700000, 0x0000000087800000, 0x0000000087800000|100%| O|  |TAMS 0x0000000087800000, 0x0000000087700000| Untracked 
| 120|0x0000000087800000, 0x0000000087900000, 0x0000000087900000|100%| O|  |TAMS 0x0000000087900000, 0x0000000087800000| Untracked 
| 121|0x0000000087900000, 0x0000000087a00000, 0x0000000087a00000|100%| O|  |TAMS 0x0000000087a00000, 0x0000000087900000| Untracked 
| 122|0x0000000087a00000, 0x0000000087b00000, 0x0000000087b00000|100%| O|  |TAMS 0x0000000087b00000, 0x0000000087a00000| Untracked 
| 123|0x0000000087b00000, 0x0000000087c00000, 0x0000000087c00000|100%| O|  |TAMS 0x0000000087c00000, 0x0000000087b00000| Untracked 
| 124|0x0000000087c00000, 0x0000000087d00000, 0x0000000087d00000|100%| O|  |TAMS 0x0000000087d00000, 0x0000000087c00000| Untracked 
| 125|0x0000000087d00000, 0x0000000087e00000, 0x0000000087e00000|100%| O|  |TAMS 0x0000000087e00000, 0x0000000087d00000| Untracked 
| 126|0x0000000087e00000, 0x0000000087f00000, 0x0000000087f00000|100%| O|  |TAMS 0x0000000087f00000, 0x0000000087e00000| Untracked 
| 127|0x0000000087f00000, 0x0000000088000000, 0x0000000088000000|100%| O|  |TAMS 0x0000000088000000, 0x0000000087f00000| Untracked 
| 128|0x0000000088000000, 0x0000000088100000, 0x0000000088100000|100%| O|  |TAMS 0x0000000088100000, 0x0000000088000000| Untracked 
| 129|0x0000000088100000, 0x0000000088200000, 0x0000000088200000|100%| O|  |TAMS 0x0000000088200000, 0x0000000088100000| Untracked 
| 130|0x0000000088200000, 0x0000000088300000, 0x0000000088300000|100%| O|  |TAMS 0x0000000088300000, 0x0000000088200000| Untracked 
| 131|0x0000000088300000, 0x0000000088400000, 0x0000000088400000|100%| O|  |TAMS 0x0000000088400000, 0x0000000088300000| Untracked 
| 132|0x0000000088400000, 0x0000000088500000, 0x0000000088500000|100%| O|  |TAMS 0x0000000088500000, 0x0000000088400000| Untracked 
| 133|0x0000000088500000, 0x0000000088600000, 0x0000000088600000|100%| O|  |TAMS 0x0000000088600000, 0x0000000088500000| Untracked 
| 134|0x0000000088600000, 0x0000000088700000, 0x0000000088700000|100%| O|  |TAMS 0x0000000088700000, 0x0000000088600000| Untracked 
| 135|0x0000000088700000, 0x0000000088800000, 0x0000000088800000|100%| O|  |TAMS 0x0000000088800000, 0x0000000088700000| Untracked 
| 136|0x0000000088800000, 0x0000000088900000, 0x0000000088900000|100%| O|  |TAMS 0x0000000088900000, 0x0000000088800000| Untracked 
| 137|0x0000000088900000, 0x0000000088a00000, 0x0000000088a00000|100%| O|  |TAMS 0x0000000088a00000, 0x0000000088900000| Untracked 
| 138|0x0000000088a00000, 0x0000000088b00000, 0x0000000088b00000|100%| O|  |TAMS 0x0000000088b00000, 0x0000000088a00000| Untracked 
| 139|0x0000000088b00000, 0x0000000088c00000, 0x0000000088c00000|100%| O|  |TAMS 0x0000000088c00000, 0x0000000088b00000| Untracked 
| 140|0x0000000088c00000, 0x0000000088d00000, 0x0000000088d00000|100%| O|  |TAMS 0x0000000088d00000, 0x0000000088c00000| Untracked 
| 141|0x0000000088d00000, 0x0000000088e00000, 0x0000000088e00000|100%| O|  |TAMS 0x0000000088e00000, 0x0000000088d00000| Untracked 
| 142|0x0000000088e00000, 0x0000000088f00000, 0x0000000088f00000|100%| O|  |TAMS 0x0000000088f00000, 0x0000000088e00000| Untracked 
| 143|0x0000000088f00000, 0x0000000089000000, 0x0000000089000000|100%| O|  |TAMS 0x0000000089000000, 0x0000000088f00000| Untracked 
| 144|0x0000000089000000, 0x0000000089100000, 0x0000000089100000|100%| O|  |TAMS 0x0000000089100000, 0x0000000089000000| Untracked 
| 145|0x0000000089100000, 0x0000000089200000, 0x0000000089200000|100%| O|  |TAMS 0x0000000089200000, 0x0000000089100000| Untracked 
| 146|0x0000000089200000, 0x0000000089300000, 0x0000000089300000|100%| O|  |TAMS 0x0000000089300000, 0x0000000089200000| Untracked 
| 147|0x0000000089300000, 0x0000000089400000, 0x0000000089400000|100%| O|  |TAMS 0x0000000089400000, 0x0000000089300000| Untracked 
| 148|0x0000000089400000, 0x0000000089500000, 0x0000000089500000|100%| O|  |TAMS 0x0000000089500000, 0x0000000089400000| Untracked 
| 149|0x0000000089500000, 0x0000000089600000, 0x0000000089600000|100%| O|  |TAMS 0x0000000089600000, 0x0000000089500000| Untracked 
| 150|0x0000000089600000, 0x0000000089700000, 0x0000000089700000|100%| O|  |TAMS 0x0000000089700000, 0x0000000089600000| Untracked 
| 151|0x0000000089700000, 0x0000000089800000, 0x0000000089800000|100%| O|  |TAMS 0x0000000089800000, 0x0000000089700000| Untracked 
| 152|0x0000000089800000, 0x0000000089900000, 0x0000000089900000|100%| O|  |TAMS 0x0000000089900000, 0x0000000089800000| Untracked 
| 153|0x0000000089900000, 0x0000000089a00000, 0x0000000089a00000|100%| O|  |TAMS 0x0000000089a00000, 0x0000000089900000| Untracked 
| 154|0x0000000089a00000, 0x0000000089b00000, 0x0000000089b00000|100%| O|  |TAMS 0x0000000089b00000, 0x0000000089a00000| Untracked 
| 155|0x0000000089b00000, 0x0000000089c00000, 0x0000000089c00000|100%| O|  |TAMS 0x0000000089c00000, 0x0000000089b00000| Untracked 
| 156|0x0000000089c00000, 0x0000000089d00000, 0x0000000089d00000|100%| O|  |TAMS 0x0000000089d00000, 0x0000000089c00000| Untracked 
| 157|0x0000000089d00000, 0x0000000089e00000, 0x0000000089e00000|100%| O|  |TAMS 0x0000000089e00000, 0x0000000089d00000| Untracked 
| 158|0x0000000089e00000, 0x0000000089f00000, 0x0000000089f00000|100%| O|  |TAMS 0x0000000089f00000, 0x0000000089e00000| Untracked 
| 159|0x0000000089f00000, 0x000000008a000000, 0x000000008a000000|100%| O|  |TAMS 0x000000008a000000, 0x0000000089f00000| Untracked 
| 160|0x000000008a000000, 0x000000008a100000, 0x000000008a100000|100%| O|  |TAMS 0x000000008a100000, 0x000000008a000000| Untracked 
| 161|0x000000008a100000, 0x000000008a200000, 0x000000008a200000|100%| O|  |TAMS 0x000000008a200000, 0x000000008a100000| Untracked 
| 162|0x000000008a200000, 0x000000008a300000, 0x000000008a300000|100%| O|  |TAMS 0x000000008a240e00, 0x000000008a200000| Untracked 
| 163|0x000000008a300000, 0x000000008a400000, 0x000000008a400000|100%| O|  |TAMS 0x000000008a300000, 0x000000008a300000| Untracked 
| 164|0x000000008a400000, 0x000000008a500000, 0x000000008a500000|100%| O|  |TAMS 0x000000008a400000, 0x000000008a400000| Untracked 
| 165|0x000000008a500000, 0x000000008a600000, 0x000000008a600000|100%| O|  |TAMS 0x000000008a500000, 0x000000008a500000| Untracked 
| 166|0x000000008a600000, 0x000000008a700000, 0x000000008a700000|100%| O|  |TAMS 0x000000008a600000, 0x000000008a600000| Untracked 
| 167|0x000000008a700000, 0x000000008a800000, 0x000000008a800000|100%| O|  |TAMS 0x000000008a700000, 0x000000008a700000| Untracked 
| 168|0x000000008a800000, 0x000000008a900000, 0x000000008a900000|100%| O|  |TAMS 0x000000008a800000, 0x000000008a800000| Untracked 
| 169|0x000000008a900000, 0x000000008aa00000, 0x000000008aa00000|100%| O|  |TAMS 0x000000008a900000, 0x000000008a900000| Untracked 
| 170|0x000000008aa00000, 0x000000008ab00000, 0x000000008ab00000|100%| O|  |TAMS 0x000000008aa00000, 0x000000008aa00000| Untracked 
| 171|0x000000008ab00000, 0x000000008ac00000, 0x000000008ac00000|100%| O|  |TAMS 0x000000008ab00000, 0x000000008ab00000| Untracked 
| 172|0x000000008ac00000, 0x000000008ad00000, 0x000000008ad00000|100%| O|  |TAMS 0x000000008ac00000, 0x000000008ac00000| Untracked 
| 173|0x000000008ad00000, 0x000000008ae00000, 0x000000008ae00000|100%| O|  |TAMS 0x000000008ad00000, 0x000000008ad00000| Untracked 
| 174|0x000000008ae00000, 0x000000008af00000, 0x000000008af00000|100%| O|  |TAMS 0x000000008ae00000, 0x000000008ae00000| Untracked 
| 175|0x000000008af00000, 0x000000008b000000, 0x000000008b000000|100%| O|  |TAMS 0x000000008af00000, 0x000000008af00000| Untracked 
| 176|0x000000008b000000, 0x000000008b100000, 0x000000008b100000|100%| O|  |TAMS 0x000000008b000000, 0x000000008b000000| Untracked 
| 177|0x000000008b100000, 0x000000008b200000, 0x000000008b200000|100%| O|  |TAMS 0x000000008b100000, 0x000000008b100000| Untracked 
| 178|0x000000008b200000, 0x000000008b300000, 0x000000008b300000|100%| O|  |TAMS 0x000000008b200000, 0x000000008b200000| Untracked 
| 179|0x000000008b300000, 0x000000008b400000, 0x000000008b400000|100%| O|  |TAMS 0x000000008b300000, 0x000000008b300000| Untracked 
| 180|0x000000008b400000, 0x000000008b500000, 0x000000008b500000|100%| O|  |TAMS 0x000000008b400000, 0x000000008b400000| Untracked 
| 181|0x000000008b500000, 0x000000008b600000, 0x000000008b600000|100%| O|  |TAMS 0x000000008b500000, 0x000000008b500000| Untracked 
| 182|0x000000008b600000, 0x000000008b700000, 0x000000008b700000|100%| O|  |TAMS 0x000000008b600000, 0x000000008b600000| Untracked 
| 183|0x000000008b700000, 0x000000008b800000, 0x000000008b800000|100%| O|  |TAMS 0x000000008b700000, 0x000000008b700000| Untracked 
| 184|0x000000008b800000, 0x000000008b900000, 0x000000008b900000|100%| O|  |TAMS 0x000000008b800000, 0x000000008b800000| Untracked 
| 185|0x000000008b900000, 0x000000008ba00000, 0x000000008ba00000|100%| O|  |TAMS 0x000000008b900000, 0x000000008b900000| Untracked 
| 186|0x000000008ba00000, 0x000000008bb00000, 0x000000008bb00000|100%| O|  |TAMS 0x000000008ba00000, 0x000000008ba00000| Untracked 
| 187|0x000000008bb00000, 0x000000008bc00000, 0x000000008bc00000|100%| O|  |TAMS 0x000000008bb00000, 0x000000008bb00000| Untracked 
| 188|0x000000008bc00000, 0x000000008bd00000, 0x000000008bd00000|100%| O|  |TAMS 0x000000008bc00000, 0x000000008bc00000| Untracked 
| 189|0x000000008bd00000, 0x000000008bde6e00, 0x000000008be00000| 90%| O|  |TAMS 0x000000008bd00000, 0x000000008bd00000| Untracked 
| 190|0x000000008be00000, 0x000000008be00000, 0x000000008bf00000|  0%| F|  |TAMS 0x000000008be00000, 0x000000008be00000| Untracked 
| 191|0x000000008bf00000, 0x000000008bf00000, 0x000000008c000000|  0%| F|  |TAMS 0x000000008bf00000, 0x000000008bf00000| Untracked 
| 192|0x000000008c000000, 0x000000008c000000, 0x000000008c100000|  0%| F|  |TAMS 0x000000008c000000, 0x000000008c000000| Untracked 
| 193|0x000000008c100000, 0x000000008c100000, 0x000000008c200000|  0%| F|  |TAMS 0x000000008c100000, 0x000000008c100000| Untracked 
| 194|0x000000008c200000, 0x000000008c200000, 0x000000008c300000|  0%| F|  |TAMS 0x000000008c200000, 0x000000008c200000| Untracked 
| 195|0x000000008c300000, 0x000000008c300000, 0x000000008c400000|  0%| F|  |TAMS 0x000000008c300000, 0x000000008c300000| Untracked 
| 196|0x000000008c400000, 0x000000008c400000, 0x000000008c500000|  0%| F|  |TAMS 0x000000008c400000, 0x000000008c400000| Untracked 
| 197|0x000000008c500000, 0x000000008c500000, 0x000000008c600000|  0%| F|  |TAMS 0x000000008c500000, 0x000000008c500000| Untracked 
| 198|0x000000008c600000, 0x000000008c600000, 0x000000008c700000|  0%| F|  |TAMS 0x000000008c600000, 0x000000008c600000| Untracked 
| 199|0x000000008c700000, 0x000000008c700000, 0x000000008c800000|  0%| F|  |TAMS 0x000000008c700000, 0x000000008c700000| Untracked 
| 200|0x000000008c800000, 0x000000008c800000, 0x000000008c900000|  0%| F|  |TAMS 0x000000008c800000, 0x000000008c800000| Untracked 
| 201|0x000000008c900000, 0x000000008c900000, 0x000000008ca00000|  0%| F|  |TAMS 0x000000008c900000, 0x000000008c900000| Untracked 
| 202|0x000000008ca00000, 0x000000008ca00000, 0x000000008cb00000|  0%| F|  |TAMS 0x000000008ca00000, 0x000000008ca00000| Untracked 
| 203|0x000000008cb00000, 0x000000008cb00000, 0x000000008cc00000|  0%| F|  |TAMS 0x000000008cb00000, 0x000000008cb00000| Untracked 
| 204|0x000000008cc00000, 0x000000008cc00000, 0x000000008cd00000|  0%| F|  |TAMS 0x000000008cc00000, 0x000000008cc00000| Untracked 
| 205|0x000000008cd00000, 0x000000008cd00000, 0x000000008ce00000|  0%| F|  |TAMS 0x000000008cd00000, 0x000000008cd00000| Untracked 
| 206|0x000000008ce00000, 0x000000008ce00000, 0x000000008cf00000|  0%| F|  |TAMS 0x000000008ce00000, 0x000000008ce00000| Untracked 
| 207|0x000000008cf00000, 0x000000008cf00000, 0x000000008d000000|  0%| F|  |TAMS 0x000000008cf00000, 0x000000008cf00000| Untracked 
| 208|0x000000008d000000, 0x000000008d000000, 0x000000008d100000|  0%| F|  |TAMS 0x000000008d000000, 0x000000008d000000| Untracked 
| 209|0x000000008d100000, 0x000000008d100000, 0x000000008d200000|  0%| F|  |TAMS 0x000000008d100000, 0x000000008d100000| Untracked 
| 210|0x000000008d200000, 0x000000008d200000, 0x000000008d300000|  0%| F|  |TAMS 0x000000008d200000, 0x000000008d200000| Untracked 
| 211|0x000000008d300000, 0x000000008d300000, 0x000000008d400000|  0%| F|  |TAMS 0x000000008d300000, 0x000000008d300000| Untracked 
| 212|0x000000008d400000, 0x000000008d400000, 0x000000008d500000|  0%| F|  |TAMS 0x000000008d400000, 0x000000008d400000| Untracked 
| 213|0x000000008d500000, 0x000000008d500000, 0x000000008d600000|  0%| F|  |TAMS 0x000000008d500000, 0x000000008d500000| Untracked 
| 214|0x000000008d600000, 0x000000008d600000, 0x000000008d700000|  0%| F|  |TAMS 0x000000008d600000, 0x000000008d600000| Untracked 
| 215|0x000000008d700000, 0x000000008d700000, 0x000000008d800000|  0%| F|  |TAMS 0x000000008d700000, 0x000000008d700000| Untracked 
| 216|0x000000008d800000, 0x000000008d800000, 0x000000008d900000|  0%| F|  |TAMS 0x000000008d800000, 0x000000008d800000| Untracked 
| 217|0x000000008d900000, 0x000000008d900000, 0x000000008da00000|  0%| F|  |TAMS 0x000000008d900000, 0x000000008d900000| Untracked 
| 218|0x000000008da00000, 0x000000008da00000, 0x000000008db00000|  0%| F|  |TAMS 0x000000008da00000, 0x000000008da00000| Untracked 
| 219|0x000000008db00000, 0x000000008db00000, 0x000000008dc00000|  0%| F|  |TAMS 0x000000008db00000, 0x000000008db00000| Untracked 
| 220|0x000000008dc00000, 0x000000008dc00000, 0x000000008dd00000|  0%| F|  |TAMS 0x000000008dc00000, 0x000000008dc00000| Untracked 
| 221|0x000000008dd00000, 0x000000008dd00000, 0x000000008de00000|  0%| F|  |TAMS 0x000000008dd00000, 0x000000008dd00000| Untracked 
| 222|0x000000008de00000, 0x000000008de00000, 0x000000008df00000|  0%| F|  |TAMS 0x000000008de00000, 0x000000008de00000| Untracked 
| 223|0x000000008df00000, 0x000000008df00000, 0x000000008e000000|  0%| F|  |TAMS 0x000000008df00000, 0x000000008df00000| Untracked 
| 224|0x000000008e000000, 0x000000008e000000, 0x000000008e100000|  0%| F|  |TAMS 0x000000008e000000, 0x000000008e000000| Untracked 
| 225|0x000000008e100000, 0x000000008e100000, 0x000000008e200000|  0%| F|  |TAMS 0x000000008e100000, 0x000000008e100000| Untracked 
| 226|0x000000008e200000, 0x000000008e200000, 0x000000008e300000|  0%| F|  |TAMS 0x000000008e200000, 0x000000008e200000| Untracked 
| 227|0x000000008e300000, 0x000000008e300000, 0x000000008e400000|  0%| F|  |TAMS 0x000000008e300000, 0x000000008e300000| Untracked 
| 228|0x000000008e400000, 0x000000008e400000, 0x000000008e500000|  0%| F|  |TAMS 0x000000008e400000, 0x000000008e400000| Untracked 
| 229|0x000000008e500000, 0x000000008e500000, 0x000000008e600000|  0%| F|  |TAMS 0x000000008e500000, 0x000000008e500000| Untracked 
| 230|0x000000008e600000, 0x000000008e600000, 0x000000008e700000|  0%| F|  |TAMS 0x000000008e600000, 0x000000008e600000| Untracked 
| 231|0x000000008e700000, 0x000000008e700000, 0x000000008e800000|  0%| F|  |TAMS 0x000000008e700000, 0x000000008e700000| Untracked 
| 232|0x000000008e800000, 0x000000008e800000, 0x000000008e900000|  0%| F|  |TAMS 0x000000008e800000, 0x000000008e800000| Untracked 
| 233|0x000000008e900000, 0x000000008e900000, 0x000000008ea00000|  0%| F|  |TAMS 0x000000008e900000, 0x000000008e900000| Untracked 
| 234|0x000000008ea00000, 0x000000008ea00000, 0x000000008eb00000|  0%| F|  |TAMS 0x000000008ea00000, 0x000000008ea00000| Untracked 
| 235|0x000000008eb00000, 0x000000008eb00000, 0x000000008ec00000|  0%| F|  |TAMS 0x000000008eb00000, 0x000000008eb00000| Untracked 
| 236|0x000000008ec00000, 0x000000008ec00000, 0x000000008ed00000|  0%| F|  |TAMS 0x000000008ec00000, 0x000000008ec00000| Untracked 
| 237|0x000000008ed00000, 0x000000008ed00000, 0x000000008ee00000|  0%| F|  |TAMS 0x000000008ed00000, 0x000000008ed00000| Untracked 
| 238|0x000000008ee00000, 0x000000008ee00000, 0x000000008ef00000|  0%| F|  |TAMS 0x000000008ee00000, 0x000000008ee00000| Untracked 
| 239|0x000000008ef00000, 0x000000008ef00000, 0x000000008f000000|  0%| F|  |TAMS 0x000000008ef00000, 0x000000008ef00000| Untracked 
| 240|0x000000008f000000, 0x000000008f000000, 0x000000008f100000|  0%| F|  |TAMS 0x000000008f000000, 0x000000008f000000| Untracked 
| 241|0x000000008f100000, 0x000000008f159038, 0x000000008f200000| 34%| S|CS|TAMS 0x000000008f100000, 0x000000008f100000| Complete 
| 242|0x000000008f200000, 0x000000008f300000, 0x000000008f300000|100%| S|CS|TAMS 0x000000008f200000, 0x000000008f200000| Complete 
| 243|0x000000008f300000, 0x000000008f400000, 0x000000008f400000|100%| S|CS|TAMS 0x000000008f300000, 0x000000008f300000| Complete 
| 244|0x000000008f400000, 0x000000008f400000, 0x000000008f500000|  0%| F|  |TAMS 0x000000008f400000, 0x000000008f400000| Untracked 
| 245|0x000000008f500000, 0x000000008f500000, 0x000000008f600000|  0%| F|  |TAMS 0x000000008f500000, 0x000000008f500000| Untracked 
| 246|0x000000008f600000, 0x000000008f600000, 0x000000008f700000|  0%| F|  |TAMS 0x000000008f600000, 0x000000008f600000| Untracked 
| 247|0x000000008f700000, 0x000000008f700000, 0x000000008f800000|  0%| F|  |TAMS 0x000000008f700000, 0x000000008f700000| Untracked 
| 248|0x000000008f800000, 0x000000008f800000, 0x000000008f900000|  0%| F|  |TAMS 0x000000008f800000, 0x000000008f800000| Untracked 
| 249|0x000000008f900000, 0x000000008f900000, 0x000000008fa00000|  0%| F|  |TAMS 0x000000008f900000, 0x000000008f900000| Untracked 
| 250|0x000000008fa00000, 0x000000008fb00000, 0x000000008fb00000|100%| S|CS|TAMS 0x000000008fa00000, 0x000000008fa00000| Complete 
| 251|0x000000008fb00000, 0x000000008fb00000, 0x000000008fc00000|  0%| F|  |TAMS 0x000000008fb00000, 0x000000008fb00000| Untracked 
| 252|0x000000008fc00000, 0x000000008fd00000, 0x000000008fd00000|100%| S|CS|TAMS 0x000000008fc00000, 0x000000008fc00000| Complete 
| 253|0x000000008fd00000, 0x000000008fe00000, 0x000000008fe00000|100%| S|CS|TAMS 0x000000008fd00000, 0x000000008fd00000| Complete 
| 254|0x000000008fe00000, 0x000000008fe00000, 0x000000008ff00000|  0%| F|  |TAMS 0x000000008fe00000, 0x000000008fe00000| Untracked 
| 255|0x000000008ff00000, 0x000000008ff00000, 0x0000000090000000|  0%| F|  |TAMS 0x000000008ff00000, 0x000000008ff00000| Untracked 
| 256|0x0000000090000000, 0x0000000090000000, 0x0000000090100000|  0%| F|  |TAMS 0x0000000090000000, 0x0000000090000000| Untracked 
| 257|0x0000000090100000, 0x0000000090100000, 0x0000000090200000|  0%| F|  |TAMS 0x0000000090100000, 0x0000000090100000| Untracked 
| 258|0x0000000090200000, 0x0000000090200000, 0x0000000090300000|  0%| F|  |TAMS 0x0000000090200000, 0x0000000090200000| Untracked 
| 259|0x0000000090300000, 0x0000000090300000, 0x0000000090400000|  0%| F|  |TAMS 0x0000000090300000, 0x0000000090300000| Untracked 
| 260|0x0000000090400000, 0x0000000090400000, 0x0000000090500000|  0%| F|  |TAMS 0x0000000090400000, 0x0000000090400000| Untracked 
| 261|0x0000000090500000, 0x0000000090500000, 0x0000000090600000|  0%| F|  |TAMS 0x0000000090500000, 0x0000000090500000| Untracked 
| 262|0x0000000090600000, 0x0000000090600000, 0x0000000090700000|  0%| F|  |TAMS 0x0000000090600000, 0x0000000090600000| Untracked 
| 263|0x0000000090700000, 0x0000000090700000, 0x0000000090800000|  0%| F|  |TAMS 0x0000000090700000, 0x0000000090700000| Untracked 
| 264|0x0000000090800000, 0x0000000090800000, 0x0000000090900000|  0%| F|  |TAMS 0x0000000090800000, 0x0000000090800000| Untracked 
| 265|0x0000000090900000, 0x0000000090900000, 0x0000000090a00000|  0%| F|  |TAMS 0x0000000090900000, 0x0000000090900000| Untracked 
| 266|0x0000000090a00000, 0x0000000090a00000, 0x0000000090b00000|  0%| F|  |TAMS 0x0000000090a00000, 0x0000000090a00000| Untracked 
| 267|0x0000000090b00000, 0x0000000090b00000, 0x0000000090c00000|  0%| F|  |TAMS 0x0000000090b00000, 0x0000000090b00000| Untracked 
| 268|0x0000000090c00000, 0x0000000090c00000, 0x0000000090d00000|  0%| F|  |TAMS 0x0000000090c00000, 0x0000000090c00000| Untracked 
| 269|0x0000000090d00000, 0x0000000090d00000, 0x0000000090e00000|  0%| F|  |TAMS 0x0000000090d00000, 0x0000000090d00000| Untracked 
| 270|0x0000000090e00000, 0x0000000090e00000, 0x0000000090f00000|  0%| F|  |TAMS 0x0000000090e00000, 0x0000000090e00000| Untracked 
| 271|0x0000000090f00000, 0x0000000090f00000, 0x0000000091000000|  0%| F|  |TAMS 0x0000000090f00000, 0x0000000090f00000| Untracked 
| 272|0x0000000091000000, 0x0000000091000000, 0x0000000091100000|  0%| F|  |TAMS 0x0000000091000000, 0x0000000091000000| Untracked 
| 273|0x0000000091100000, 0x0000000091100000, 0x0000000091200000|  0%| F|  |TAMS 0x0000000091100000, 0x0000000091100000| Untracked 
| 274|0x0000000091200000, 0x0000000091200000, 0x0000000091300000|  0%| F|  |TAMS 0x0000000091200000, 0x0000000091200000| Untracked 
| 275|0x0000000091300000, 0x0000000091300000, 0x0000000091400000|  0%| F|  |TAMS 0x0000000091300000, 0x0000000091300000| Untracked 
| 276|0x0000000091400000, 0x0000000091400000, 0x0000000091500000|  0%| F|  |TAMS 0x0000000091400000, 0x0000000091400000| Untracked 
| 277|0x0000000091500000, 0x0000000091500000, 0x0000000091600000|  0%| F|  |TAMS 0x0000000091500000, 0x0000000091500000| Untracked 
| 278|0x0000000091600000, 0x0000000091600000, 0x0000000091700000|  0%| F|  |TAMS 0x0000000091600000, 0x0000000091600000| Untracked 
| 279|0x0000000091700000, 0x0000000091700000, 0x0000000091800000|  0%| F|  |TAMS 0x0000000091700000, 0x0000000091700000| Untracked 
| 280|0x0000000091800000, 0x0000000091800000, 0x0000000091900000|  0%| F|  |TAMS 0x0000000091800000, 0x0000000091800000| Untracked 
| 281|0x0000000091900000, 0x0000000091900000, 0x0000000091a00000|  0%| F|  |TAMS 0x0000000091900000, 0x0000000091900000| Untracked 
| 282|0x0000000091a00000, 0x0000000091a00000, 0x0000000091b00000|  0%| F|  |TAMS 0x0000000091a00000, 0x0000000091a00000| Untracked 
| 283|0x0000000091b00000, 0x0000000091b00000, 0x0000000091c00000|  0%| F|  |TAMS 0x0000000091b00000, 0x0000000091b00000| Untracked 
| 284|0x0000000091c00000, 0x0000000091c00000, 0x0000000091d00000|  0%| F|  |TAMS 0x0000000091c00000, 0x0000000091c00000| Untracked 
| 285|0x0000000091d00000, 0x0000000091d00000, 0x0000000091e00000|  0%| F|  |TAMS 0x0000000091d00000, 0x0000000091d00000| Untracked 
| 286|0x0000000091e00000, 0x0000000091e00000, 0x0000000091f00000|  0%| F|  |TAMS 0x0000000091e00000, 0x0000000091e00000| Untracked 
| 287|0x0000000091f00000, 0x0000000091f00000, 0x0000000092000000|  0%| F|  |TAMS 0x0000000091f00000, 0x0000000091f00000| Untracked 
| 288|0x0000000092000000, 0x0000000092000000, 0x0000000092100000|  0%| F|  |TAMS 0x0000000092000000, 0x0000000092000000| Untracked 
| 289|0x0000000092100000, 0x0000000092100000, 0x0000000092200000|  0%| F|  |TAMS 0x0000000092100000, 0x0000000092100000| Untracked 
| 290|0x0000000092200000, 0x0000000092200000, 0x0000000092300000|  0%| F|  |TAMS 0x0000000092200000, 0x0000000092200000| Untracked 
| 291|0x0000000092300000, 0x0000000092300000, 0x0000000092400000|  0%| F|  |TAMS 0x0000000092300000, 0x0000000092300000| Untracked 
| 292|0x0000000092400000, 0x0000000092400000, 0x0000000092500000|  0%| F|  |TAMS 0x0000000092400000, 0x0000000092400000| Untracked 
| 293|0x0000000092500000, 0x0000000092500000, 0x0000000092600000|  0%| F|  |TAMS 0x0000000092500000, 0x0000000092500000| Untracked 
| 294|0x0000000092600000, 0x0000000092600000, 0x0000000092700000|  0%| F|  |TAMS 0x0000000092600000, 0x0000000092600000| Untracked 
| 295|0x0000000092700000, 0x0000000092700000, 0x0000000092800000|  0%| F|  |TAMS 0x0000000092700000, 0x0000000092700000| Untracked 
| 296|0x0000000092800000, 0x0000000092800000, 0x0000000092900000|  0%| F|  |TAMS 0x0000000092800000, 0x0000000092800000| Untracked 
| 297|0x0000000092900000, 0x0000000092900000, 0x0000000092a00000|  0%| F|  |TAMS 0x0000000092900000, 0x0000000092900000| Untracked 
| 298|0x0000000092a00000, 0x0000000092a00000, 0x0000000092b00000|  0%| F|  |TAMS 0x0000000092a00000, 0x0000000092a00000| Untracked 
| 299|0x0000000092b00000, 0x0000000092b00000, 0x0000000092c00000|  0%| F|  |TAMS 0x0000000092b00000, 0x0000000092b00000| Untracked 

Card table byte_map: [0x00000215f87b0000,0x00000215f8bb0000] _byte_map_base: 0x00000215f83b0000

Marking Bits (Prev, Next): (CMBitMap*) 0x00000215f48fc778, (CMBitMap*) 0x00000215f48fc7b0
 Prev Bits: [0x00000215f8fb0000, 0x00000215fafb0000)
 Next Bits: [0x00000215fafb0000, 0x00000215fcfb0000)

Polling page: 0x00000215f40a0000

Metaspace:

Usage:
  Non-class:    103.53 MB capacity,   101.72 MB ( 98%) used,     1.46 MB (  1%) free+waste,   359.50 KB ( <1%) overhead. 
      Class:     16.17 MB capacity,    15.08 MB ( 93%) used,   956.01 KB (  6%) free+waste,   161.56 KB ( <1%) overhead. 
       Both:    119.70 MB capacity,   116.80 MB ( 98%) used,     2.39 MB (  2%) free+waste,   521.06 KB ( <1%) overhead. 

Virtual space:
  Non-class space:      104.00 MB reserved,     103.75 MB (>99%) committed 
      Class space:        1.00 GB reserved,      16.20 MB (  2%) committed 
             Both:        1.10 GB reserved,     119.95 MB ( 11%) committed 

Chunk freelists:
   Non-Class:  36.00 KB
       Class:  13.00 KB
        Both:  49.00 KB

MaxMetaspaceSize: 17179869184.00 GB
CompressedClassSpaceSize: 1.00 GB

CodeHeap 'non-profiled nmethods': size=120064Kb used=11232Kb max_used=11232Kb free=108831Kb
 bounds [0x0000021587ac0000, 0x00000215885c0000, 0x000002158f000000]
CodeHeap 'profiled nmethods': size=120000Kb used=35306Kb max_used=35306Kb free=84693Kb
 bounds [0x0000021580590000, 0x0000021582830000, 0x0000021587ac0000]
CodeHeap 'non-nmethods': size=5696Kb used=2369Kb max_used=2427Kb free=3326Kb
 bounds [0x0000021580000000, 0x0000021580270000, 0x0000021580590000]
 total_blobs=16540 nmethods=15530 adapters=920
 compilation: enabled
              stopped_count=0, restarted_count=0
 full_count=0

Compilation events (20 events):
Event: 134.061 Thread 0x00000215ff4da000 16477       1       com.android.tools.r8.internal.rH::G (2 bytes)
Event: 134.061 Thread 0x00000215ff4da000 nmethod 16477 0x00000215885b7810 code [0x00000215885b79c0, 0x00000215885b7a78]
Event: 134.061 Thread 0x00000215ff4da000 16488       1       com.android.tools.r8.internal.ha::f (5 bytes)
Event: 134.061 Thread 0x00000215ff4da000 nmethod 16488 0x00000215885b7b10 code [0x00000215885b7cc0, 0x00000215885b7d78]
Event: 134.061 Thread 0x00000215ff4da000 16489       1       com.android.tools.r8.internal.ha::e (5 bytes)
Event: 134.061 Thread 0x00000215ff4da000 nmethod 16489 0x00000215885b7e10 code [0x00000215885b7fc0, 0x00000215885b8078]
Event: 134.062 Thread 0x00000215ff4da000 16494       2       com.android.tools.r8.internal.Me::a (128 bytes)
Event: 134.063 Thread 0x00000215ff4da000 nmethod 16494 0x0000021580fb4410 code [0x0000021580fb4660, 0x0000021580fb4c58]
Event: 134.063 Thread 0x00000215ff4da000 16495       2       com.android.tools.r8.internal.dj::<init> (12 bytes)
Event: 134.063 Thread 0x00000215ff4da000 nmethod 16495 0x0000021580e5ad90 code [0x0000021580e5af40, 0x0000021580e5b0c8]
Event: 134.063 Thread 0x00000215ff4da000 16496       2       com.android.tools.r8.internal.Xi::<init> (7 bytes)
Event: 134.063 Thread 0x00000215ff4da000 nmethod 16496 0x0000021580db3890 code [0x0000021580db3a40, 0x0000021580db3b48]
Event: 134.063 Thread 0x00000215ff4da000 16497       2       com.android.tools.r8.internal.c5::c (14 bytes)
Event: 134.064 Thread 0x00000215ff4da000 nmethod 16497 0x0000021580dc6d10 code [0x0000021580dc6ec0, 0x0000021580dc6fe8]
Event: 134.064 Thread 0x00000215ff4da000 16498       2       com.android.tools.r8.internal.Xi::a (220 bytes)
Event: 134.066 Thread 0x00000215ff4da000 nmethod 16498 0x0000021581038b10 code [0x0000021581038e00, 0x0000021581039c08]
Event: 134.067 Thread 0x00000215ff4c7000 nmethod 16467 0x00000215885b8110 code [0x00000215885b82e0, 0x00000215885b8cc8]
Event: 134.067 Thread 0x00000215ff4c7000 16451       4       com.android.tools.r8.internal.jt$$Lambda$1504/0x0000000100f8f440::apply (16 bytes)
Event: 134.068 Thread 0x00000215ff4c7000 nmethod 16451 0x00000215885b9090 code [0x00000215885b9220, 0x00000215885b9318]
Event: 134.069 Thread 0x00000215ff4c7000 16484       4       java.util.LinkedList::checkPositionIndex (22 bytes)

GC Heap History (20 events):
Event: 128.700 GC heap after
{Heap after GC invocations=60 (full 0):
 garbage-first heap   total 187392K, used 134047K [0x0000000080000000, 0x0000000100000000)
  region size 1024K, 4 young (4096K), 4 survivors (4096K)
 Metaspace       used 113538K, capacity 116258K, committed 116428K, reserved 1150976K
  class space    used 14495K, capacity 15515K, committed 15564K, reserved 1048576K
}
Event: 128.825 GC heap before
{Heap before GC invocations=60 (full 0):
 garbage-first heap   total 187392K, used 155551K [0x0000000080000000, 0x0000000100000000)
  region size 1024K, 26 young (26624K), 4 survivors (4096K)
 Metaspace       used 113548K, capacity 116258K, committed 116428K, reserved 1150976K
  class space    used 14495K, capacity 15515K, committed 15564K, reserved 1048576K
}
Event: 128.846 GC heap after
{Heap after GC invocations=61 (full 0):
 garbage-first heap   total 187392K, used 139049K [0x0000000080000000, 0x0000000100000000)
  region size 1024K, 4 young (4096K), 4 survivors (4096K)
 Metaspace       used 113548K, capacity 116258K, committed 116428K, reserved 1150976K
  class space    used 14495K, capacity 15515K, committed 15564K, reserved 1048576K
}
Event: 129.167 GC heap before
{Heap before GC invocations=61 (full 0):
 garbage-first heap   total 187392K, used 158505K [0x0000000080000000, 0x0000000100000000)
  region size 1024K, 23 young (23552K), 4 survivors (4096K)
 Metaspace       used 113623K, capacity 116326K, committed 116428K, reserved 1150976K
  class space    used 14503K, capacity 15516K, committed 15564K, reserved 1048576K
}
Event: 129.193 GC heap after
{Heap after GC invocations=62 (full 0):
 garbage-first heap   total 225280K, used 143360K [0x0000000080000000, 0x0000000100000000)
  region size 1024K, 3 young (3072K), 3 survivors (3072K)
 Metaspace       used 113623K, capacity 116326K, committed 116428K, reserved 1150976K
  class space    used 14503K, capacity 15516K, committed 15564K, reserved 1048576K
}
Event: 129.856 GC heap before
{Heap before GC invocations=63 (full 0):
 garbage-first heap   total 225280K, used 175104K [0x0000000080000000, 0x0000000100000000)
  region size 1024K, 34 young (34816K), 3 survivors (3072K)
 Metaspace       used 114638K, capacity 117349K, committed 117708K, reserved 1150976K
  class space    used 14650K, capacity 15682K, committed 15820K, reserved 1048576K
}
Event: 129.888 GC heap after
{Heap after GC invocations=64 (full 0):
 garbage-first heap   total 225280K, used 148973K [0x0000000080000000, 0x0000000100000000)
  region size 1024K, 5 young (5120K), 5 survivors (5120K)
 Metaspace       used 114638K, capacity 117349K, committed 117708K, reserved 1150976K
  class space    used 14650K, capacity 15682K, committed 15820K, reserved 1048576K
}
Event: 130.146 GC heap before
{Heap before GC invocations=64 (full 0):
 garbage-first heap   total 225280K, used 179693K [0x0000000080000000, 0x0000000100000000)
  region size 1024K, 35 young (35840K), 5 survivors (5120K)
 Metaspace       used 114698K, capacity 117417K, committed 117708K, reserved 1150976K
  class space    used 14653K, capacity 15682K, committed 15820K, reserved 1048576K
}
Event: 130.172 GC heap after
{Heap after GC invocations=65 (full 0):
 garbage-first heap   total 225280K, used 154343K [0x0000000080000000, 0x0000000100000000)
  region size 1024K, 5 young (5120K), 5 survivors (5120K)
 Metaspace       used 114698K, capacity 117417K, committed 117708K, reserved 1150976K
  class space    used 14653K, capacity 15682K, committed 15820K, reserved 1048576K
}
Event: 130.966 GC heap before
{Heap before GC invocations=65 (full 0):
 garbage-first heap   total 225280K, used 183015K [0x0000000080000000, 0x0000000100000000)
  region size 1024K, 34 young (34816K), 5 survivors (5120K)
 Metaspace       used 115409K, capacity 118089K, committed 118220K, reserved 1150976K
  class space    used 14760K, capacity 15778K, committed 15820K, reserved 1048576K
}
Event: 130.993 GC heap after
{Heap after GC invocations=66 (full 0):
 garbage-first heap   total 225280K, used 159744K [0x0000000080000000, 0x0000000100000000)
  region size 1024K, 5 young (5120K), 5 survivors (5120K)
 Metaspace       used 115409K, capacity 118089K, committed 118220K, reserved 1150976K
  class space    used 14760K, capacity 15778K, committed 15820K, reserved 1048576K
}
Event: 131.318 GC heap before
{Heap before GC invocations=67 (full 0):
 garbage-first heap   total 225280K, used 187392K [0x0000000080000000, 0x0000000100000000)
  region size 1024K, 32 young (32768K), 5 survivors (5120K)
 Metaspace       used 116112K, capacity 118879K, committed 119116K, reserved 1153024K
  class space    used 14852K, capacity 15908K, committed 15948K, reserved 1048576K
}
Event: 131.348 GC heap after
{Heap after GC invocations=68 (full 0):
 garbage-first heap   total 307200K, used 164580K [0x0000000080000000, 0x0000000100000000)
  region size 1024K, 4 young (4096K), 4 survivors (4096K)
 Metaspace       used 116112K, capacity 118879K, committed 119116K, reserved 1153024K
  class space    used 14852K, capacity 15908K, committed 15948K, reserved 1048576K
}
Event: 131.711 GC heap before
{Heap before GC invocations=68 (full 0):
 garbage-first heap   total 307200K, used 214756K [0x0000000080000000, 0x0000000100000000)
  region size 1024K, 54 young (55296K), 4 survivors (4096K)
 Metaspace       used 116117K, capacity 118879K, committed 119116K, reserved 1153024K
  class space    used 14852K, capacity 15908K, committed 15948K, reserved 1048576K
}
Event: 131.743 GC heap after
{Heap after GC invocations=69 (full 0):
 garbage-first heap   total 307200K, used 173315K [0x0000000080000000, 0x0000000100000000)
  region size 1024K, 7 young (7168K), 7 survivors (7168K)
 Metaspace       used 116117K, capacity 118879K, committed 119116K, reserved 1153024K
  class space    used 14852K, capacity 15908K, committed 15948K, reserved 1048576K
}
Event: 132.357 GC heap before
{Heap before GC invocations=69 (full 0):
 garbage-first heap   total 307200K, used 223491K [0x0000000080000000, 0x0000000100000000)
  region size 1024K, 56 young (57344K), 7 survivors (7168K)
 Metaspace       used 116129K, capacity 118890K, committed 119116K, reserved 1153024K
  class space    used 14855K, capacity 15912K, committed 15948K, reserved 1048576K
}
Event: 132.402 GC heap after
{Heap after GC invocations=70 (full 0):
 garbage-first heap   total 307200K, used 182796K [0x0000000080000000, 0x0000000100000000)
  region size 1024K, 7 young (7168K), 7 survivors (7168K)
 Metaspace       used 116129K, capacity 118890K, committed 119116K, reserved 1153024K
  class space    used 14855K, capacity 15912K, committed 15948K, reserved 1048576K
}
Event: 132.903 GC heap before
{Heap before GC invocations=70 (full 0):
 garbage-first heap   total 307200K, used 231948K [0x0000000080000000, 0x0000000100000000)
  region size 1024K, 55 young (56320K), 7 survivors (7168K)
 Metaspace       used 116367K, capacity 119169K, committed 119500K, reserved 1153024K
  class space    used 14901K, capacity 15963K, committed 16076K, reserved 1048576K
}
Event: 132.950 GC heap after
{Heap after GC invocations=71 (full 0):
 garbage-first heap   total 307200K, used 193536K [0x0000000080000000, 0x0000000100000000)
  region size 1024K, 7 young (7168K), 7 survivors (7168K)
 Metaspace       used 116367K, capacity 119169K, committed 119500K, reserved 1153024K
  class space    used 14901K, capacity 15963K, committed 16076K, reserved 1048576K
}
Event: 134.070 GC heap before
{Heap before GC invocations=72 (full 0):
 garbage-first heap   total 307200K, used 239616K [0x0000000080000000, 0x0000000100000000)
  region size 1024K, 53 young (54272K), 7 survivors (7168K)
 Metaspace       used 119606K, capacity 122575K, committed 122828K, reserved 1155072K
  class space    used 15445K, capacity 16563K, committed 16588K, reserved 1048576K
}

Deoptimization events (20 events):
Event: 133.542 Thread 0x000002158f590800 Uncommon trap: trap_request=0xffffffc6 fr.pc=0x0000021588573cb8 relative=0x0000000000000618
Event: 133.542 Thread 0x000002158f590800 Uncommon trap: reason=bimorphic_or_optimized_type_check action=maybe_recompile pc=0x0000021588573cb8 method=com.android.tools.r8.internal.Sb$a.hashCode()I @ 26 c2
Event: 133.542 Thread 0x000002158f590800 DEOPT PACKING pc=0x0000021588573cb8 sp=0x000000a6154fa150
Event: 133.542 Thread 0x000002158f590800 DEOPT UNPACKING pc=0x000002158002782f sp=0x000000a6154fa0f8 mode 2
Event: 133.543 Thread 0x000002158f590800 Uncommon trap: trap_request=0xffffffc6 fr.pc=0x0000021588573cb8 relative=0x0000000000000618
Event: 133.543 Thread 0x000002158f590800 Uncommon trap: reason=bimorphic_or_optimized_type_check action=maybe_recompile pc=0x0000021588573cb8 method=com.android.tools.r8.internal.Sb$a.hashCode()I @ 26 c2
Event: 133.543 Thread 0x000002158f590800 DEOPT PACKING pc=0x0000021588573cb8 sp=0x000000a6154fa110
Event: 133.543 Thread 0x000002158f590800 DEOPT UNPACKING pc=0x000002158002782f sp=0x000000a6154fa0b8 mode 2
Event: 133.543 Thread 0x000002158f590800 Uncommon trap: trap_request=0xffffffc6 fr.pc=0x0000021588573cb8 relative=0x0000000000000618
Event: 133.543 Thread 0x000002158f590800 Uncommon trap: reason=bimorphic_or_optimized_type_check action=maybe_recompile pc=0x0000021588573cb8 method=com.android.tools.r8.internal.Sb$a.hashCode()I @ 26 c2
Event: 133.543 Thread 0x000002158f590800 DEOPT PACKING pc=0x0000021588573cb8 sp=0x000000a6154fa150
Event: 133.543 Thread 0x000002158f590800 DEOPT UNPACKING pc=0x000002158002782f sp=0x000000a6154fa0f8 mode 2
Event: 133.543 Thread 0x000002158f590800 Uncommon trap: trap_request=0xffffffc6 fr.pc=0x0000021588573cb8 relative=0x0000000000000618
Event: 133.543 Thread 0x000002158f590800 Uncommon trap: reason=bimorphic_or_optimized_type_check action=maybe_recompile pc=0x0000021588573cb8 method=com.android.tools.r8.internal.Sb$a.hashCode()I @ 26 c2
Event: 133.543 Thread 0x000002158f590800 DEOPT PACKING pc=0x0000021588573cb8 sp=0x000000a6154fa110
Event: 133.543 Thread 0x000002158f590800 DEOPT UNPACKING pc=0x000002158002782f sp=0x000000a6154fa0b8 mode 2
Event: 133.697 Thread 0x000002158f58f800 DEOPT PACKING pc=0x0000021580793fc7 sp=0x000000a6153f87f0
Event: 133.697 Thread 0x000002158f58f800 DEOPT UNPACKING pc=0x000002158002764e sp=0x000000a6153f7c58 mode 0
Event: 133.974 Thread 0x00000215928c9000 DEOPT PACKING pc=0x0000021580a7b663 sp=0x000000a6155f6ea0
Event: 133.974 Thread 0x00000215928c9000 DEOPT UNPACKING pc=0x000002158002764e sp=0x000000a6155f6338 mode 0

Classes redefined (0 events):
No events

Internal exceptions (20 events):
Event: 126.892 Thread 0x00000215928c9000 Exception <a 'sun/nio/fs/WindowsException'{0x000000008b6a8748}> (0x000000008b6a8748) thrown at [./src/hotspot/share/prims/jni.cpp, line 615]
Event: 126.995 Thread 0x000002158f58f800 Exception <a 'sun/nio/fs/WindowsException'{0x000000008a6f59f8}> (0x000000008a6f59f8) thrown at [./src/hotspot/share/prims/jni.cpp, line 615]
Event: 127.311 Thread 0x000002158f590800 Exception <a 'sun/nio/fs/WindowsException'{0x000000008a9e1720}> (0x000000008a9e1720) thrown at [./src/hotspot/share/prims/jni.cpp, line 615]
Event: 127.381 Thread 0x000002158f58f800 Exception <a 'java/lang/NoSuchMethodError'{0x000000008a569070}: 'java.lang.Object java.lang.invoke.DirectMethodHandle$Holder.invokeStatic(java.lang.Object, java.lang.Object, java.lang.Object, java.lang.Object, java.lang.Object, java.lang.Object, java.lang.Object, java.lang.Object, java.lang.Object, java.lang.Object, java.lang.Object, java.lang.Object, java.lang.Object, java.lang.Object, java.lang.Object, java.lang.Object, java.lang.Object, java.lang.Object, int, java.lang.Object)'> (0x000000008a569070) thr
Event: 127.381 Thread 0x000002158f58f800 Exception <a 'java/lang/NoSuchMethodError'{0x000000008a41c178}: 'java.lang.Object java.lang.invoke.DirectMethodHandle$Holder.invokeStaticInit(java.lang.Object, java.lang.Object, java.lang.Object, java.lang.Object, java.lang.Object, java.lang.Object, java.lang.Object, java.lang.Object, java.lang.Object, java.lang.Object, java.lang.Object, java.lang.Object, java.lang.Object, java.lang.Object, java.lang.Object, java.lang.Object, java.lang.Object, java.lang.Object, int, java.lang.Object)'> (0x000000008a41c178)
Event: 127.430 Thread 0x000002158f590800 Exception <a 'java/lang/IncompatibleClassChangeError'{0x000000008a334940}: Found class java.lang.Object, but interface was expected> (0x000000008a334940) thrown at [./src/hotspot/share/interpreter/linkResolver.cpp, line 839]
Event: 127.430 Thread 0x00000215928c9000 Exception <a 'java/lang/IncompatibleClassChangeError'{0x000000008a199550}: Found class java.lang.Object, but interface was expected> (0x000000008a199550) thrown at [./src/hotspot/share/interpreter/linkResolver.cpp, line 839]
Event: 127.430 Thread 0x000002158f58f800 Exception <a 'java/lang/IncompatibleClassChangeError'{0x000000008a43b2d8}: Found class java.lang.Object, but interface was expected> (0x000000008a43b2d8) thrown at [./src/hotspot/share/interpreter/linkResolver.cpp, line 839]
Event: 129.569 Thread 0x000002158f58f800 Exception <a 'java/lang/NoSuchMethodError'{0x000000008cd2d2f0}: 'void java.lang.invoke.DirectMethodHandle$Holder.invokeStatic(java.lang.Object, java.lang.Object, java.lang.Object, int)'> (0x000000008cd2d2f0) thrown at [./src/hotspot/share/interpreter/linkResolver.cpp, line 773]
Event: 129.610 Thread 0x000002158f58f800 Exception <a 'java/lang/IncompatibleClassChangeError'{0x000000008cd37130}: Found class java.lang.Object, but interface was expected> (0x000000008cd37130) thrown at [./src/hotspot/share/interpreter/linkResolver.cpp, line 839]
Event: 129.688 Thread 0x000002158f58f800 Implicit null exception at 0x0000021587b23790 to 0x0000021587b25080
Event: 129.688 Thread 0x000002158f58f800 Implicit null exception at 0x0000021587b23790 to 0x0000021587b25080
Event: 131.156 Thread 0x000002158f590800 Exception <a 'java/lang/NoSuchMethodError'{0x000000008d4fd220}: 'java.lang.Object java.lang.invoke.DirectMethodHandle$Holder.invokeStatic(java.lang.Object, int, java.lang.Object, java.lang.Object)'> (0x000000008d4fd220) thrown at [./src/hotspot/share/interpreter/linkResolver.cpp, line 773]
Event: 132.666 Thread 0x00000215928c9000 Exception <a 'java/lang/NoSuchMethodError'{0x000000009116ab10}: 'java.lang.Object java.lang.invoke.Invokers$Holder.linkToTargetMethod(java.lang.Object, java.lang.Object, java.lang.Object, java.lang.Object, java.lang.Object, java.lang.Object, java.lang.Object)'> (0x000000009116ab10) thrown at [./src/hotspot/share/interpreter/linkResolver.cpp, line 773]
Event: 133.175 Thread 0x00000215928c9000 Exception <a 'java/lang/NoSuchMethodError'{0x0000000091e29620}: 'java.lang.Object java.lang.invoke.DirectMethodHandle$Holder.invokeVirtual(java.lang.Object, java.lang.Object, int, java.lang.Object)'> (0x0000000091e29620) thrown at [./src/hotspot/share/interpreter/linkResolver.cpp, line 773]
Event: 133.220 Thread 0x000002158f590800 Exception <a 'java/lang/IncompatibleClassChangeError'{0x0000000091b953c8}: Found class java.lang.Object, but interface was expected> (0x0000000091b953c8) thrown at [./src/hotspot/share/interpreter/linkResolver.cpp, line 839]
Event: 133.222 Thread 0x000002158f590800 Exception <a 'java/lang/IncompatibleClassChangeError'{0x0000000091b9fdd0}: Found class java.lang.Object, but interface was expected> (0x0000000091b9fdd0) thrown at [./src/hotspot/share/interpreter/linkResolver.cpp, line 839]
Event: 133.271 Thread 0x000002158f58f800 Exception <a 'java/lang/NoSuchMethodError'{0x0000000091af4970}: 'void java.lang.invoke.DirectMethodHandle$Holder.invokeVirtual(java.lang.Object, java.lang.Object, int, java.lang.Object)'> (0x0000000091af4970) thrown at [./src/hotspot/share/interpreter/linkResolver.cpp, line 773]
Event: 133.376 Thread 0x000002158f58f800 Exception <a 'java/lang/NoSuchMethodError'{0x0000000091405f30}: 'int java.lang.invoke.DirectMethodHandle$Holder.invokeSpecial(java.lang.Object, java.lang.Object, java.lang.Object, int, java.lang.Object)'> (0x0000000091405f30) thrown at [./src/hotspot/share/interpreter/linkResolver.cpp, line 773]
Event: 133.400 Thread 0x00000215928c9000 Exception <a 'java/lang/NoSuchMethodError'{0x00000000913b8498}: 'java.lang.Object java.lang.invoke.DirectMethodHandle$Holder.newInvokeSpecial(java.lang.Object, int)'> (0x00000000913b8498) thrown at [./src/hotspot/share/interpreter/linkResolver.cpp, line 773]

Events (20 events):
Event: 134.033 loading class com/android/tools/r8/internal/E done
Event: 134.064 loading class com/android/tools/r8/code/d
Event: 134.064 loading class com/android/tools/r8/code/d done
Event: 134.065 loading class com/android/tools/r8/code/a
Event: 134.065 loading class com/android/tools/r8/code/a done
Event: 134.065 loading class com/android/tools/r8/code/c
Event: 134.065 loading class com/android/tools/r8/code/c done
Event: 134.066 loading class com/android/tools/r8/code/f
Event: 134.066 loading class com/android/tools/r8/code/f done
Event: 134.066 loading class com/android/tools/r8/code/j
Event: 134.066 loading class com/android/tools/r8/code/j done
Event: 134.067 loading class com/android/tools/r8/code/g
Event: 134.067 loading class com/android/tools/r8/code/g done
Event: 134.068 loading class com/android/tools/r8/code/e
Event: 134.068 loading class com/android/tools/r8/code/e done
Event: 134.069 loading class com/android/tools/r8/code/b
Event: 134.069 loading class com/android/tools/r8/code/b done
Event: 134.069 loading class com/android/tools/r8/code/i
Event: 134.069 loading class com/android/tools/r8/code/i done
Event: 134.070 Executing VM operation: G1CollectForAllocation


Dynamic libraries:
0x00007ff616780000 - 0x00007ff61678a000 	C:\Program Files\Android\Android Studio\jre\bin\java.exe
0x00007ffca6cb0000 - 0x00007ffca6ea5000 	C:\WINDOWS\SYSTEM32\ntdll.dll
0x00007ffca6bb0000 - 0x00007ffca6c6d000 	C:\WINDOWS\System32\KERNEL32.DLL
0x00007ffca4720000 - 0x00007ffca49ed000 	C:\WINDOWS\System32\KERNELBASE.dll
0x00007ffca4620000 - 0x00007ffca4720000 	C:\WINDOWS\System32\ucrtbase.dll
0x00007ffc8d420000 - 0x00007ffc8d439000 	C:\Program Files\Android\Android Studio\jre\bin\jli.dll
0x00007ffc89e80000 - 0x00007ffc89e97000 	C:\Program Files\Android\Android Studio\jre\bin\VCRUNTIME140.dll
0x00007ffca5510000 - 0x00007ffca56b0000 	C:\WINDOWS\System32\USER32.dll
0x00007ffca4b70000 - 0x00007ffca4b92000 	C:\WINDOWS\System32\win32u.dll
0x00007ffc955f0000 - 0x00007ffc9588a000 	C:\WINDOWS\WinSxS\amd64_microsoft.windows.common-controls_6595b64144ccf1df_6.0.19041.1110_none_60b5254171f9507e\COMCTL32.dll
0x00007ffca5330000 - 0x00007ffca535a000 	C:\WINDOWS\System32\GDI32.dll
0x00007ffca69d0000 - 0x00007ffca6a6e000 	C:\WINDOWS\System32\msvcrt.dll
0x00007ffca49f0000 - 0x00007ffca4afb000 	C:\WINDOWS\System32\gdi32full.dll
0x00007ffca4580000 - 0x00007ffca461d000 	C:\WINDOWS\System32\msvcp_win.dll
0x00007ffca6170000 - 0x00007ffca61a0000 	C:\WINDOWS\System32\IMM32.DLL
0x00007ffc88ca0000 - 0x00007ffc88d3d000 	C:\Program Files\Android\Android Studio\jre\bin\msvcp140.dll
0x00007ffc3fdb0000 - 0x00007ffc4087f000 	C:\Program Files\Android\Android Studio\jre\bin\server\jvm.dll
0x00007ffca5f20000 - 0x00007ffca5fce000 	C:\WINDOWS\System32\ADVAPI32.dll
0x00007ffca62e0000 - 0x00007ffca637c000 	C:\WINDOWS\System32\sechost.dll
0x00007ffca61b0000 - 0x00007ffca62d5000 	C:\WINDOWS\System32\RPCRT4.dll
0x00007ffca61a0000 - 0x00007ffca61a8000 	C:\WINDOWS\System32\PSAPI.DLL
0x00007ffc93e40000 - 0x00007ffc93e49000 	C:\WINDOWS\SYSTEM32\WSOCK32.dll
0x00007ffca5fd0000 - 0x00007ffca603b000 	C:\WINDOWS\System32\WS2_32.dll
0x00007ffc96a50000 - 0x00007ffc96a77000 	C:\WINDOWS\SYSTEM32\WINMM.dll
0x00007ffc9c7f0000 - 0x00007ffc9c7fa000 	C:\WINDOWS\SYSTEM32\VERSION.dll
0x00007ffca22c0000 - 0x00007ffca22d2000 	C:\WINDOWS\SYSTEM32\kernel.appcore.dll
0x00007ffc95240000 - 0x00007ffc95251000 	C:\Program Files\Android\Android Studio\jre\bin\verify.dll
0x00007ffc9ab30000 - 0x00007ffc9ad14000 	C:\WINDOWS\SYSTEM32\DBGHELP.DLL
0x00007ffc9aa90000 - 0x00007ffc9aabc000 	C:\WINDOWS\SYSTEM32\dbgcore.DLL
0x00007ffca4440000 - 0x00007ffca44c2000 	C:\WINDOWS\System32\bcryptPrimitives.dll
0x00007ffc94410000 - 0x00007ffc94439000 	C:\Program Files\Android\Android Studio\jre\bin\java.dll
0x00007ffc9f490000 - 0x00007ffc9f49b000 	C:\Program Files\Android\Android Studio\jre\bin\jimage.dll
0x00007ffc889c0000 - 0x00007ffc889d8000 	C:\Program Files\Android\Android Studio\jre\bin\zip.dll
0x00007ffca5720000 - 0x00007ffca5e64000 	C:\WINDOWS\System32\SHELL32.dll
0x00007ffca24c0000 - 0x00007ffca2c54000 	C:\WINDOWS\SYSTEM32\windows.storage.dll
0x00007ffca4d00000 - 0x00007ffca5054000 	C:\WINDOWS\System32\combase.dll
0x00007ffca3db0000 - 0x00007ffca3ddc000 	C:\WINDOWS\SYSTEM32\Wldp.dll
0x00007ffca5e70000 - 0x00007ffca5f1d000 	C:\WINDOWS\System32\SHCORE.dll
0x00007ffca6a70000 - 0x00007ffca6ac5000 	C:\WINDOWS\System32\shlwapi.dll
0x00007ffca4300000 - 0x00007ffca431f000 	C:\WINDOWS\SYSTEM32\profapi.dll
0x00007ffc889a0000 - 0x00007ffc889ba000 	C:\Program Files\Android\Android Studio\jre\bin\net.dll
0x00007ffc96390000 - 0x00007ffc9649a000 	C:\WINDOWS\SYSTEM32\WINHTTP.dll
0x00007ffca3b10000 - 0x00007ffca3b7a000 	C:\WINDOWS\system32\mswsock.dll
0x00007ffc88980000 - 0x00007ffc88994000 	C:\Program Files\Android\Android Studio\jre\bin\nio.dll
0x00007ffc71570000 - 0x00007ffc71597000 	C:\Users\Eddo Yulianda\.gradle\native\8bec1ad78214c89d9ad589b4d07fe93259594b29d510b10fafb7a158f7737e5d\windows-amd64\native-platform.dll
0x00007ffc436f0000 - 0x00007ffc4382d000 	C:\Users\Eddo Yulianda\.gradle\native\53dbd7edfb1c66fb8903c78663c9afc45aea4f116125fa6feffd364cf09443e8\windows-amd64\native-platform-file-events.dll
0x00007ffc9d940000 - 0x00007ffc9d94a000 	C:\Program Files\Android\Android Studio\jre\bin\management.dll
0x00007ffc9a790000 - 0x00007ffc9a79c000 	C:\Program Files\Android\Android Studio\jre\bin\management_ext.dll
0x00007ffca3d00000 - 0x00007ffca3d18000 	C:\WINDOWS\SYSTEM32\CRYPTSP.dll
0x00007ffca3490000 - 0x00007ffca34c4000 	C:\WINDOWS\system32\rsaenh.dll
0x00007ffca43c0000 - 0x00007ffca43e7000 	C:\WINDOWS\System32\bcrypt.dll
0x00007ffca42c0000 - 0x00007ffca42ee000 	C:\WINDOWS\SYSTEM32\USERENV.dll
0x00007ffca3d20000 - 0x00007ffca3d2c000 	C:\WINDOWS\SYSTEM32\CRYPTBASE.dll
0x00007ffca3800000 - 0x00007ffca383b000 	C:\WINDOWS\SYSTEM32\IPHLPAPI.DLL
0x00007ffca6450000 - 0x00007ffca6458000 	C:\WINDOWS\System32\NSI.dll
0x00007ffc9b110000 - 0x00007ffc9b127000 	C:\WINDOWS\SYSTEM32\dhcpcsvc6.DLL
0x00007ffc9bbc0000 - 0x00007ffc9bbdd000 	C:\WINDOWS\SYSTEM32\dhcpcsvc.DLL
0x00007ffca3840000 - 0x00007ffca390b000 	C:\WINDOWS\SYSTEM32\DNSAPI.dll
0x00007ffc7cf30000 - 0x00007ffc7cf57000 	C:\Program Files\Android\Android Studio\jre\bin\sunec.dll
0x00007ffc95a00000 - 0x00007ffc95a0a000 	C:\Windows\System32\rasadhlp.dll
0x00007ffc962e0000 - 0x00007ffc96360000 	C:\WINDOWS\System32\fwpuclnt.dll
0x00007ffc94570000 - 0x00007ffc9458e000 	C:\Users\Eddo Yulianda\AppData\Local\Temp\native-platform5593428165652494878dir\native-platform.dll
0x00007ffc9f710000 - 0x00007ffc9f718000 	C:\Program Files\Android\Android Studio\jre\bin\rmi.dll

dbghelp: loaded successfully - version: 4.0.5 - missing functions: none
symbol engine: initialized successfully - sym options: 0x614 - pdb path: .;C:\Program Files\Android\Android Studio\jre\bin;C:\WINDOWS\SYSTEM32;C:\WINDOWS\WinSxS\amd64_microsoft.windows.common-controls_6595b64144ccf1df_6.0.19041.1110_none_60b5254171f9507e;C:\Program Files\Android\Android Studio\jre\bin\server;C:\Users\Eddo Yulianda\.gradle\native\8bec1ad78214c89d9ad589b4d07fe93259594b29d510b10fafb7a158f7737e5d\windows-amd64;C:\Users\Eddo Yulianda\.gradle\native\53dbd7edfb1c66fb8903c78663c9afc45aea4f116125fa6feffd364cf09443e8\windows-amd64;C:\Users\Eddo Yulianda\AppData\Local\Temp\native-platform5593428165652494878dir

VM Arguments:
jvm_args: --add-opens=java.base/java.util=ALL-UNNAMED --add-opens=java.base/java.lang=ALL-UNNAMED --add-opens=java.base/java.lang.invoke=ALL-UNNAMED --add-opens=java.base/java.util=ALL-UNNAMED --add-opens=java.prefs/java.util.prefs=ALL-UNNAMED --add-opens=java.prefs/java.util.prefs=ALL-UNNAMED --add-opens=java.base/java.nio.charset=ALL-UNNAMED --add-opens=java.base/java.net=ALL-UNNAMED --add-opens=java.base/java.util.concurrent.atomic=ALL-UNNAMED -Xmx2048m -Dfile.encoding=UTF-8 -Duser.country=GB -Duser.language=en -Duser.variant 
java_command: org.gradle.launcher.daemon.bootstrap.GradleDaemon 7.0.2
java_class_path (initial): C:\Users\Eddo Yulianda\.gradle\wrapper\dists\gradle-7.0.2-bin\857tjihv64xamwrf0h14cai3r\gradle-7.0.2\lib\gradle-launcher-7.0.2.jar
Launcher Type: SUN_STANDARD

[Global flags]
     intx CICompilerCount                          = 3                                         {product} {ergonomic}
     uint ConcGCThreads                            = 1                                         {product} {ergonomic}
     uint G1ConcRefinementThreads                  = 4                                         {product} {ergonomic}
   size_t G1HeapRegionSize                         = 1048576                                   {product} {ergonomic}
    uintx GCDrainStackTargetSize                   = 64                                        {product} {ergonomic}
   size_t InitialHeapSize                          = 132120576                                 {product} {ergonomic}
   size_t MarkStackSize                            = 4194304                                   {product} {ergonomic}
   size_t MaxHeapSize                              = 2147483648                                {product} {command line}
   size_t MaxNewSize                               = 1287651328                                {product} {ergonomic}
   size_t MinHeapDeltaBytes                        = 1048576                                   {product} {ergonomic}
    uintx NonNMethodCodeHeapSize                   = 5830732                                {pd product} {ergonomic}
    uintx NonProfiledCodeHeapSize                  = 122913754                              {pd product} {ergonomic}
    uintx ProfiledCodeHeapSize                     = 122913754                              {pd product} {ergonomic}
    uintx ReservedCodeCacheSize                    = 251658240                              {pd product} {ergonomic}
     bool SegmentedCodeCache                       = true                                      {product} {ergonomic}
     bool UseCompressedClassPointers               = true                                 {lp64_product} {ergonomic}
     bool UseCompressedOops                        = true                                 {lp64_product} {ergonomic}
     bool UseG1GC                                  = true                                      {product} {ergonomic}
     bool UseLargePagesIndividualAllocation        = false                                  {pd product} {ergonomic}

Logging:
Log output configuration:
 #0: stdout all=warning uptime,level,tags
 #1: stderr all=off uptime,level,tags

Environment Variables:
PATH=C:\WINDOWS\system32;C:\WINDOWS;C:\WINDOWS\System32\Wbem;C:\WINDOWS\System32\WindowsPowerShell\v1.0\;C:\WINDOWS\System32\OpenSSH\;C:\Program Files (x86)\Intel\OpenCL SDK\2.0\bin\x86;C:\Program Files (x86)\Intel\OpenCL SDK\2.0\bin\x64;C:\Program Files\dotnet\;C:\ProgramData\ComposerSetup\bin;C:\xampp2\php;C:\Program Files\Microsoft SQL Server\130\Tools\Binn\;C:\Program Files\Microsoft SQL Server\Client SDK\ODBC\170\Tools\Binn\;C:\Program Files (x86)\dotnet\;C:\Program Files\Microsoft VS Code\bin;C:\Program Files\Git\cmd;C:\Program Files\MySQL\MySQL Shell 8.0\bin\;C:\Users\Eddo Yulianda\AppData\Local\Microsoft\WindowsApps;C:\Users\Eddo Yulianda\.dotnet\tools;C:\Users\Eddo Yulianda\AppData\Roaming\Composer\vendor\bin;C:\Users\Eddo Yulianda\AppData\Local\GitHubDesktop\bin
USERNAME=Eddo Yulianda
OS=Windows_NT
PROCESSOR_IDENTIFIER=Intel64 Family 6 Model 42 Stepping 7, GenuineIntel



---------------  S Y S T E M  ---------------

OS: Windows 10 , 64 bit Build 19041 (10.0.19041.1706)
OS uptime: 0 days 2:06 hours

CPU:total 4 (initial active 4) (2 cores per cpu, 2 threads per core) family 6 model 42 stepping 7 microcode 0x2f, cmov, cx8, fxsr, mmx, sse, sse2, sse3, ssse3, sse4.1, sse4.2, popcnt, avx, aes, clmul, ht, tsc, tscinvbit

Memory: 4k page, system-wide physical 8038M (446M free)
TotalPageFile size 8038M (AvailPageFile size 150M)
current process WorkingSet (physical memory assigned to process): 681M, peak: 681M
current process commit charge ("private bytes"): 739M, peak: 982M

vm_info: OpenJDK 64-Bit Server VM (11.0.10+0-b96-7249189) for windows-amd64 JRE (11.0.10+0-b96-7249189), built on Mar 31 2021 21:44:00 by "builder" with MS VC++ 14.0 (VS2015)

END.
