#
# There is insufficient memory for the Java Runtime Environment to continue.
# Native memory allocation (mmap) failed to map 395313152 bytes for Failed to commit area from 0x0000000091e00000 to 0x00000000a9700000 of length 395313152.
# Possible reasons:
#   The system is out of physical RAM or swap space
#   The process is running with CompressedOops enabled, and the Java Heap may be blocking the growth of the native heap
# Possible solutions:
#   Reduce memory load on the system
#   Increase physical memory or swap space
#   Check if swap backing store is full
#   Decrease Java heap size (-Xmx/-Xms)
#   Decrease number of Java threads
#   Decrease Java thread stack sizes (-Xss)
#   Set larger code cache with -XX:ReservedCodeCacheSize=
#   JVM is running with Unscaled Compressed Oops mode in which the Java heap is
#     placed in the first 4GB address space. The Java Heap base address is the
#     maximum limit for the native heap growth. Please use -XX:HeapBaseMinAddress
#     to set the Java Heap base and to place the Java Heap above 4GB virtual address.
# This output file may be truncated or incomplete.
#
#  Out of Memory Error (./src/hotspot/os/windows/os_windows.cpp:3301), pid=14320, tid=12596
#
# JRE version: OpenJDK Runtime Environment (11.0.10) (build 11.0.10+0-b96-7249189)
# Java VM: OpenJDK 64-Bit Server VM (11.0.10+0-b96-7249189, mixed mode, tiered, compressed oops, g1 gc, windows-amd64)
# No core dump will be written. Minidumps are not enabled by default on client versions of Windows
#

---------------  S U M M A R Y ------------

Command Line: --add-opens=java.base/java.util=ALL-UNNAMED --add-opens=java.base/java.lang=ALL-UNNAMED --add-opens=java.base/java.lang.invoke=ALL-UNNAMED --add-opens=java.base/java.util=ALL-UNNAMED --add-opens=java.prefs/java.util.prefs=ALL-UNNAMED --add-opens=java.prefs/java.util.prefs=ALL-UNNAMED --add-opens=java.base/java.nio.charset=ALL-UNNAMED --add-opens=java.base/java.net=ALL-UNNAMED --add-opens=java.base/java.util.concurrent.atomic=ALL-UNNAMED -Xmx2048m -Dfile.encoding=UTF-8 -Duser.country=GB -Duser.language=en -Duser.variant org.gradle.launcher.daemon.bootstrap.GradleDaemon 7.0.2

Host: Intel(R) Core(TM) i5-2410M CPU @ 2.30GHz, 4 cores, 7G,  Windows 10 , 64 bit Build 19041 (10.0.19041.1706)
Time: Mon May 23 16:44:30 2022 SE Asia Standard Time elapsed time: 66.194236 seconds (0d 0h 1m 6s)

---------------  T H R E A D  ---------------

Current thread (0x000002657c7d8800):  VMThread "VM Thread" [stack: 0x0000006e72d00000,0x0000006e72e00000] [id=12596]

Stack: [0x0000006e72d00000,0x0000006e72e00000]
[error occurred during error reporting (printing stack bounds), id 0xc0000005, EXCEPTION_ACCESS_VIOLATION (0xc0000005) at pc=0x0000026500000f2d]

Native frames: (J=compiled Java code, j=interpreted, Vv=VM code, C=native code)
V  [jvm.dll+0x5ecfaa]
V  [jvm.dll+0x722bd5]
V  [jvm.dll+0x72412d]
V  [jvm.dll+0x724745]
V  [jvm.dll+0x7246fb]
V  [jvm.dll+0x5ec348]
V  [jvm.dll+0x5ecad8]
C  [ntdll.dll+0xa209f]
C  [ntdll.dll+0x51454]
C  [ntdll.dll+0xa0bce]
C  0x0000026500000f2d

VM_Operation (0x0000006e724fe1f0): G1CollectForAllocation, mode: safepoint, requested by thread 0x0000026511c9c800


---------------  P R O C E S S  ---------------

Threads class SMR info:
_java_thread_list=0x0000026514f39b70, length=59, elements={
0x000002656fc9f800, 0x000002657c7de800, 0x000002657c7e1800, 0x000002657d173800,
0x000002657c7fa800, 0x000002657c7fc800, 0x000002657c800000, 0x000002657d1ac800,
0x000002657d1b2000, 0x000002657d2a1000, 0x000002657ebf0800, 0x000002657ec2b800,
0x000002650f110000, 0x000002650f111000, 0x000002657ec16000, 0x000002657e0ae000,
0x000002657e0af000, 0x000002650f06a000, 0x000002650f0c0800, 0x000002657ebea800,
0x000002657ebe8800, 0x000002657ebe9000, 0x000002657ebeb800, 0x000002657ebed000,
0x000002657ebec800, 0x000002657ebea000, 0x000002657ebee000, 0x000002657ebef000,
0x000002650f8ce800, 0x000002650f8cd800, 0x000002650f8cd000, 0x000002650f8d4000,
0x000002650f8d0000, 0x000002650f8d6800, 0x000002650f8d1000, 0x000002650f8d5000,
0x000002650f8d7800, 0x000002650f8d3800, 0x000002650f8d1800, 0x000002650f8d2800,
0x000002650f8db800, 0x000002650f8da800, 0x000002650f8d9000, 0x000002650f8da000,
0x0000026511c92800, 0x0000026511c90000, 0x0000026511c93800, 0x0000026511c96800,
0x0000026511c91000, 0x0000026511c95000, 0x0000026511c96000, 0x0000026511c97800,
0x0000026511c91800, 0x0000026511c99000, 0x0000026511c9c800, 0x0000026511c9a800,
0x0000026511c9a000, 0x0000026511c9b800, 0x00000265153a4000
}

Java Threads: ( => current thread )
  0x000002656fc9f800 JavaThread "main" [_thread_blocked, id=8212, stack(0x0000006e72700000,0x0000006e72800000)]
  0x000002657c7de800 JavaThread "Reference Handler" daemon [_thread_blocked, id=7396, stack(0x0000006e72e00000,0x0000006e72f00000)]
  0x000002657c7e1800 JavaThread "Finalizer" daemon [_thread_blocked, id=11140, stack(0x0000006e72f00000,0x0000006e73000000)]
  0x000002657d173800 JavaThread "Signal Dispatcher" daemon [_thread_blocked, id=200, stack(0x0000006e73000000,0x0000006e73100000)]
  0x000002657c7fa800 JavaThread "Attach Listener" daemon [_thread_blocked, id=4284, stack(0x0000006e73100000,0x0000006e73200000)]
  0x000002657c7fc800 JavaThread "Service Thread" daemon [_thread_blocked, id=2972, stack(0x0000006e73200000,0x0000006e73300000)]
  0x000002657c800000 JavaThread "C2 CompilerThread0" daemon [_thread_blocked, id=3304, stack(0x0000006e73300000,0x0000006e73400000)]
  0x000002657d1ac800 JavaThread "C1 CompilerThread0" daemon [_thread_blocked, id=9232, stack(0x0000006e73400000,0x0000006e73500000)]
  0x000002657d1b2000 JavaThread "Sweeper thread" daemon [_thread_blocked, id=10328, stack(0x0000006e73500000,0x0000006e73600000)]
  0x000002657d2a1000 JavaThread "Common-Cleaner" daemon [_thread_blocked, id=14232, stack(0x0000006e73600000,0x0000006e73700000)]
  0x000002657ebf0800 JavaThread "Daemon health stats" [_thread_blocked, id=6752, stack(0x0000006e73b00000,0x0000006e73c00000)]
  0x000002657ec2b800 JavaThread "Incoming local TCP Connector on port 65099" [_thread_in_native, id=12204, stack(0x0000006e73800000,0x0000006e73900000)]
  0x000002650f110000 JavaThread "Daemon" [_thread_blocked, id=12140, stack(0x0000006e73c00000,0x0000006e73d00000)]
  0x000002650f111000 JavaThread "Daemon periodic checks" [_thread_blocked, id=7580, stack(0x0000006e73d00000,0x0000006e73e00000)]
  0x000002657ec16000 JavaThread "Handler for socket connection from /127.0.0.1:65099 to /127.0.0.1:65100" [_thread_in_native, id=5624, stack(0x0000006e73e00000,0x0000006e73f00000)]
  0x000002657e0ae000 JavaThread "Cancel handler" [_thread_blocked, id=248, stack(0x0000006e73f00000,0x0000006e74000000)]
  0x000002657e0af000 JavaThread "Daemon worker" [_thread_blocked, id=7764, stack(0x0000006e74000000,0x0000006e74100000)]
  0x000002650f06a000 JavaThread "Asynchronous log dispatcher for DefaultDaemonConnection: socket connection from /127.0.0.1:65099 to /127.0.0.1:65100" [_thread_blocked, id=1732, stack(0x0000006e74100000,0x0000006e74200000)]
  0x000002650f0c0800 JavaThread "Stdin handler" [_thread_blocked, id=2644, stack(0x0000006e74200000,0x0000006e74300000)]
  0x000002657ebea800 JavaThread "Daemon client event forwarder" [_thread_blocked, id=4904, stack(0x0000006e74300000,0x0000006e74400000)]
  0x000002657ebe8800 JavaThread "Cache worker for file hash cache (C:\Users\Eddo Yulianda\.gradle\caches\7.0.2\fileHashes)" [_thread_blocked, id=10092, stack(0x0000006e74400000,0x0000006e74500000)]
  0x000002657ebe9000 JavaThread "File lock request listener" [_thread_in_native, id=7204, stack(0x0000006e74500000,0x0000006e74600000)]
  0x000002657ebeb800 JavaThread "Cache worker for journal cache (C:\Users\Eddo Yulianda\.gradle\caches\journal-1)" [_thread_blocked, id=2656, stack(0x0000006e74700000,0x0000006e74800000)]
  0x000002657ebed000 JavaThread "Cache worker for file hash cache (C:\Users\Eddo Yulianda\AndroidStudioProjects\PresensiOnlinePNP\.gradle\7.0.2\fileHashes)" [_thread_blocked, id=1224, stack(0x0000006e74800000,0x0000006e74900000)]
  0x000002657ebec800 JavaThread "File watcher server" daemon [_thread_blocked, id=14252, stack(0x0000006e74a00000,0x0000006e74b00000)]
  0x000002657ebea000 JavaThread "File watcher consumer" daemon [_thread_blocked, id=10868, stack(0x0000006e74b00000,0x0000006e74c00000)]
  0x000002657ebee000 JavaThread "Cache worker for checksums cache (C:\Users\Eddo Yulianda\AndroidStudioProjects\PresensiOnlinePNP\.gradle\checksums)" [_thread_blocked, id=3164, stack(0x0000006e74900000,0x0000006e74a00000)]
  0x000002657ebef000 JavaThread "Cache worker for cache directory md-supplier (C:\Users\Eddo Yulianda\.gradle\caches\7.0.2\md-supplier)" [_thread_blocked, id=10160, stack(0x0000006e74c00000,0x0000006e74d00000)]
  0x000002650f8ce800 JavaThread "Cache worker for cache directory md-rule (C:\Users\Eddo Yulianda\.gradle\caches\7.0.2\md-rule)" [_thread_blocked, id=14204, stack(0x0000006e74d00000,0x0000006e74e00000)]
  0x000002650f8cd800 JavaThread "Cache worker for execution history cache (C:\Users\Eddo Yulianda\.gradle\caches\7.0.2\executionHistory)" [_thread_blocked, id=9412, stack(0x0000006e74f00000,0x0000006e75000000)]
  0x000002650f8cd000 JavaThread "jar transforms" [_thread_blocked, id=2408, stack(0x0000006e75000000,0x0000006e75100000)]
  0x000002650f8d4000 JavaThread "Cache worker for file content cache (C:\Users\Eddo Yulianda\.gradle\caches\7.0.2\fileContent)" [_thread_blocked, id=1832, stack(0x0000006e75100000,0x0000006e75200000)]
  0x000002650f8d0000 JavaThread "jar transforms Thread 2" [_thread_blocked, id=7936, stack(0x0000006e74e00000,0x0000006e74f00000)]
  0x000002650f8d6800 JavaThread "Cache worker for dependencies-accessors (C:\Users\Eddo Yulianda\AndroidStudioProjects\PresensiOnlinePNP\.gradle\7.0.2\dependencies-accessors)" [_thread_blocked, id=11248, stack(0x0000006e75300000,0x0000006e75400000)]
  0x000002650f8d1000 JavaThread "jar transforms Thread 3" [_thread_blocked, id=1852, stack(0x0000006e75400000,0x0000006e75500000)]
  0x000002650f8d5000 JavaThread "Cache worker for Build Output Cleanup Cache (C:\Users\Eddo Yulianda\AndroidStudioProjects\PresensiOnlinePNP\.gradle\buildOutputCleanup)" [_thread_blocked, id=10380, stack(0x0000006e75500000,0x0000006e75600000)]
  0x000002650f8d7800 JavaThread "Build operations" [_thread_blocked, id=3592, stack(0x0000006e75200000,0x0000006e75300000)]
  0x000002650f8d3800 JavaThread "Build operations Thread 2" [_thread_blocked, id=668, stack(0x0000006e75600000,0x0000006e75700000)]
  0x000002650f8d1800 JavaThread "Build operations Thread 3" [_thread_blocked, id=9876, stack(0x0000006e75700000,0x0000006e75800000)]
  0x000002650f8d2800 JavaThread "Build operations Thread 4" [_thread_blocked, id=10852, stack(0x0000006e75800000,0x0000006e75900000)]
  0x000002650f8db800 JavaThread "jar transforms Thread 4" [_thread_blocked, id=10408, stack(0x0000006e75900000,0x0000006e75a00000)]
  0x000002650f8da800 JavaThread "Memory manager" [_thread_blocked, id=5948, stack(0x0000006e75a00000,0x0000006e75b00000)]
  0x000002650f8d9000 JavaThread "build event listener" [_thread_blocked, id=8516, stack(0x0000006e75e00000,0x0000006e75f00000)]
  0x000002650f8da000 JavaThread "Execution worker for ':'" [_thread_blocked, id=4360, stack(0x0000006e75f00000,0x0000006e76000000)]
  0x0000026511c92800 JavaThread "Execution worker for ':' Thread 2" [_thread_blocked, id=1312, stack(0x0000006e76000000,0x0000006e76100000)]
  0x0000026511c90000 JavaThread "Execution worker for ':' Thread 3" [_thread_blocked, id=12508, stack(0x0000006e76100000,0x0000006e76200000)]
  0x0000026511c93800 JavaThread "Cache worker for execution history cache (C:\Users\Eddo Yulianda\AndroidStudioProjects\PresensiOnlinePNP\.gradle\7.0.2\executionHistory)" [_thread_blocked, id=6768, stack(0x0000006e76200000,0x0000006e76300000)]
  0x0000026511c96800 JavaThread "WorkerExecutor Queue" [_thread_blocked, id=12036, stack(0x0000006e75d00000,0x0000006e75e00000)]
  0x0000026511c91000 JavaThread "pool-3-thread-1" [_thread_blocked, id=1140, stack(0x0000006e76400000,0x0000006e76500000)]
  0x0000026511c95000 JavaThread "stderr" [_thread_in_native, id=3748, stack(0x0000006e76500000,0x0000006e76600000)]
  0x0000026511c96000 JavaThread "stdout" [_thread_in_native, id=2484, stack(0x0000006e76600000,0x0000006e76700000)]
  0x0000026511c97800 JavaThread "WorkerExecutor Queue Thread 2" [_thread_blocked, id=8508, stack(0x0000006e76700000,0x0000006e76800000)]
  0x0000026511c91800 JavaThread "WorkerExecutor Queue Thread 3" [_thread_blocked, id=12724, stack(0x0000006e76800000,0x0000006e76900000)]
  0x0000026511c99000 JavaThread "WorkerExecutor Queue Thread 4" [_thread_blocked, id=10208, stack(0x0000006e76900000,0x0000006e76a00000)]
  0x0000026511c9c800 JavaThread "ForkJoinPool-1-worker-3" daemon [_thread_blocked, id=12016, stack(0x0000006e72400000,0x0000006e72500000)]
  0x0000026511c9a800 JavaThread "ForkJoinPool-1-worker-5" daemon [_thread_blocked, id=8528, stack(0x0000006e72500000,0x0000006e72600000)]
  0x0000026511c9a000 JavaThread "ForkJoinPool-1-worker-7" daemon [_thread_blocked, id=9748, stack(0x0000006e72600000,0x0000006e72700000)]
  0x0000026511c9b800 JavaThread "ForkJoinPool-1-worker-1" daemon [_thread_blocked, id=6864, stack(0x0000006e76300000,0x0000006e76400000)]
  0x00000265153a4000 JavaThread "C2 CompilerThread1" daemon [_thread_blocked, id=13868, stack(0x0000006e76a00000,0x0000006e76b00000)]

Other Threads:
=>0x000002657c7d8800 VMThread "VM Thread" [stack: 0x0000006e72d00000,0x0000006e72e00000] [id=12596]
  0x000002657d2a2800 WatcherThread [stack: 0x0000006e73700000,0x0000006e73800000] [id=6656]
  0x000002656fcb7000 GCTaskThread "GC Thread#0" [stack: 0x0000006e72800000,0x0000006e72900000] [id=6916]
  0x000002657d624000 GCTaskThread "GC Thread#1" [stack: 0x0000006e73900000,0x0000006e73a00000] [id=14328]
  0x000002657dc94000 GCTaskThread "GC Thread#2" [stack: 0x0000006e73a00000,0x0000006e73b00000] [id=7896]
  0x000002657d565800 GCTaskThread "GC Thread#3" [stack: 0x0000006e74600000,0x0000006e74700000] [id=2284]
  0x000002656fce7800 ConcurrentGCThread "G1 Main Marker" [stack: 0x0000006e72900000,0x0000006e72a00000] [id=7876]
  0x000002656fce8800 ConcurrentGCThread "G1 Conc#0" [stack: 0x0000006e72a00000,0x0000006e72b00000] [id=1128]
  0x000002656fd76000 ConcurrentGCThread "G1 Refine#0" [stack: 0x0000006e72b00000,0x0000006e72c00000] [id=7940]
  0x0000026516859000 ConcurrentGCThread "G1 Refine#1" [stack: 0x0000006e76b00000,0x0000006e76c00000] [id=12876]
  0x0000026516857000 ConcurrentGCThread "G1 Refine#2" [stack: 0x0000006e76c00000,0x0000006e76d00000] [id=9396]
  0x000002656fd77000 ConcurrentGCThread "G1 Young RemSet Sampling" [stack: 0x0000006e72c00000,0x0000006e72d00000] [id=8576]

Threads with active compile tasks:
C2 CompilerThread0  66248 11811       4       com.android.tools.r8.graph.E::F (78 bytes)
C2 CompilerThread1  66248 11771       4       com.android.tools.r8.dex.j::a (1038 bytes)

VM state:at safepoint (normal execution)

VM Mutex/Monitor currently owned by a thread:  ([mutex/lock_event])
[0x000002656fc9b700] Threads_lock - owner thread: 0x000002657c7d8800
[0x000002656fc9ae90] Heap_lock - owner thread: 0x0000026511c9c800

Heap address: 0x0000000080000000, size: 2048 MB, Compressed Oops mode: 32-bit
Narrow klass base: 0x0000000000000000, Narrow klass shift: 3
Compressed class space size: 1073741824 Address: 0x0000000100000000

Heap:
 garbage-first heap   total 678912K, used 215552K [0x0000000080000000, 0x0000000100000000)
  region size 1024K, 4 young (4096K), 4 survivors (4096K)
 Metaspace       used 93835K, capacity 96228K, committed 96384K, reserved 1132544K
  class space    used 12267K, capacity 13126K, committed 13184K, reserved 1048576K
Heap Regions: E=young(eden), S=young(survivor), O=old, HS=humongous(starts), HC=humongous(continues), CS=collection set, F=free, A=archive, TAMS=top-at-mark-start (previous, next)
|   0|0x0000000080000000, 0x0000000080100000, 0x0000000080100000|100%|HS|  |TAMS 0x0000000080100000, 0x0000000080000000| Complete 
|   1|0x0000000080100000, 0x0000000080200000, 0x0000000080200000|100%|HC|  |TAMS 0x0000000080200000, 0x0000000080100000| Complete 
|   2|0x0000000080200000, 0x0000000080300000, 0x0000000080300000|100%|HC|  |TAMS 0x0000000080300000, 0x0000000080200000| Complete 
|   3|0x0000000080300000, 0x0000000080400000, 0x0000000080400000|100%| O|  |TAMS 0x0000000080400000, 0x0000000080300000| Untracked 
|   4|0x0000000080400000, 0x0000000080500000, 0x0000000080500000|100%| O|  |TAMS 0x0000000080500000, 0x0000000080400000| Untracked 
|   5|0x0000000080500000, 0x0000000080600000, 0x0000000080600000|100%| O|  |TAMS 0x0000000080600000, 0x0000000080500000| Untracked 
|   6|0x0000000080600000, 0x0000000080700000, 0x0000000080700000|100%| O|  |TAMS 0x0000000080700000, 0x0000000080600000| Untracked 
|   7|0x0000000080700000, 0x0000000080800000, 0x0000000080800000|100%| O|  |TAMS 0x0000000080800000, 0x0000000080700000| Untracked 
|   8|0x0000000080800000, 0x0000000080900000, 0x0000000080900000|100%| O|  |TAMS 0x0000000080900000, 0x0000000080800000| Untracked 
|   9|0x0000000080900000, 0x0000000080a00000, 0x0000000080a00000|100%| O|  |TAMS 0x0000000080a00000, 0x0000000080900000| Untracked 
|  10|0x0000000080a00000, 0x0000000080b00000, 0x0000000080b00000|100%| O|  |TAMS 0x0000000080b00000, 0x0000000080a00000| Untracked 
|  11|0x0000000080b00000, 0x0000000080c00000, 0x0000000080c00000|100%| O|  |TAMS 0x0000000080c00000, 0x0000000080b00000| Untracked 
|  12|0x0000000080c00000, 0x0000000080d00000, 0x0000000080d00000|100%| O|  |TAMS 0x0000000080d00000, 0x0000000080c00000| Untracked 
|  13|0x0000000080d00000, 0x0000000080e00000, 0x0000000080e00000|100%| O|  |TAMS 0x0000000080e00000, 0x0000000080d00000| Untracked 
|  14|0x0000000080e00000, 0x0000000080f00000, 0x0000000080f00000|100%| O|  |TAMS 0x0000000080f00000, 0x0000000080e00000| Untracked 
|  15|0x0000000080f00000, 0x0000000081000000, 0x0000000081000000|100%| O|  |TAMS 0x0000000081000000, 0x0000000080f00000| Untracked 
|  16|0x0000000081000000, 0x0000000081100000, 0x0000000081100000|100%| O|  |TAMS 0x0000000081100000, 0x0000000081000000| Untracked 
|  17|0x0000000081100000, 0x0000000081200000, 0x0000000081200000|100%|HS|  |TAMS 0x0000000081200000, 0x0000000081100000| Complete 
|  18|0x0000000081200000, 0x0000000081300000, 0x0000000081300000|100%| O|  |TAMS 0x0000000081300000, 0x0000000081200000| Untracked 
|  19|0x0000000081300000, 0x0000000081400000, 0x0000000081400000|100%| O|  |TAMS 0x0000000081400000, 0x0000000081300000| Untracked 
|  20|0x0000000081400000, 0x0000000081500000, 0x0000000081500000|100%| O|  |TAMS 0x0000000081500000, 0x0000000081400000| Untracked 
|  21|0x0000000081500000, 0x0000000081600000, 0x0000000081600000|100%| O|  |TAMS 0x0000000081600000, 0x0000000081500000| Untracked 
|  22|0x0000000081600000, 0x0000000081700000, 0x0000000081700000|100%| O|  |TAMS 0x0000000081700000, 0x0000000081600000| Untracked 
|  23|0x0000000081700000, 0x0000000081800000, 0x0000000081800000|100%| O|  |TAMS 0x0000000081800000, 0x0000000081700000| Untracked 
|  24|0x0000000081800000, 0x0000000081900000, 0x0000000081900000|100%| O|  |TAMS 0x0000000081900000, 0x0000000081800000| Untracked 
|  25|0x0000000081900000, 0x0000000081a00000, 0x0000000081a00000|100%| O|  |TAMS 0x0000000081a00000, 0x0000000081900000| Untracked 
|  26|0x0000000081a00000, 0x0000000081b00000, 0x0000000081b00000|100%| O|  |TAMS 0x0000000081b00000, 0x0000000081a00000| Untracked 
|  27|0x0000000081b00000, 0x0000000081c00000, 0x0000000081c00000|100%| O|  |TAMS 0x0000000081c00000, 0x0000000081b00000| Untracked 
|  28|0x0000000081c00000, 0x0000000081d00000, 0x0000000081d00000|100%|HS|  |TAMS 0x0000000081d00000, 0x0000000081c00000| Complete 
|  29|0x0000000081d00000, 0x0000000081e00000, 0x0000000081e00000|100%|HS|  |TAMS 0x0000000081e00000, 0x0000000081d00000| Complete 
|  30|0x0000000081e00000, 0x0000000081f00000, 0x0000000081f00000|100%|HS|  |TAMS 0x0000000081f00000, 0x0000000081e00000| Complete 
|  31|0x0000000081f00000, 0x0000000082000000, 0x0000000082000000|100%|HC|  |TAMS 0x0000000082000000, 0x0000000081f00000| Complete 
|  32|0x0000000082000000, 0x0000000082100000, 0x0000000082100000|100%|HC|  |TAMS 0x0000000082100000, 0x0000000082000000| Complete 
|  33|0x0000000082100000, 0x0000000082200000, 0x0000000082200000|100%|HS|  |TAMS 0x0000000082200000, 0x0000000082100000| Complete 
|  34|0x0000000082200000, 0x0000000082300000, 0x0000000082300000|100%|HC|  |TAMS 0x0000000082300000, 0x0000000082200000| Complete 
|  35|0x0000000082300000, 0x0000000082400000, 0x0000000082400000|100%| O|  |TAMS 0x0000000082400000, 0x0000000082300000| Untracked 
|  36|0x0000000082400000, 0x0000000082500000, 0x0000000082500000|100%| O|  |TAMS 0x0000000082500000, 0x0000000082400000| Untracked 
|  37|0x0000000082500000, 0x0000000082600000, 0x0000000082600000|100%| O|  |TAMS 0x0000000082600000, 0x0000000082500000| Untracked 
|  38|0x0000000082600000, 0x0000000082700000, 0x0000000082700000|100%| O|  |TAMS 0x0000000082700000, 0x0000000082600000| Untracked 
|  39|0x0000000082700000, 0x0000000082800000, 0x0000000082800000|100%| O|  |TAMS 0x0000000082800000, 0x0000000082700000| Untracked 
|  40|0x0000000082800000, 0x0000000082900000, 0x0000000082900000|100%| O|  |TAMS 0x0000000082900000, 0x0000000082800000| Untracked 
|  41|0x0000000082900000, 0x0000000082a00000, 0x0000000082a00000|100%| O|  |TAMS 0x0000000082a00000, 0x0000000082900000| Untracked 
|  42|0x0000000082a00000, 0x0000000082b00000, 0x0000000082b00000|100%| O|  |TAMS 0x0000000082b00000, 0x0000000082a00000| Untracked 
|  43|0x0000000082b00000, 0x0000000082c00000, 0x0000000082c00000|100%| O|  |TAMS 0x0000000082c00000, 0x0000000082b00000| Untracked 
|  44|0x0000000082c00000, 0x0000000082d00000, 0x0000000082d00000|100%| O|  |TAMS 0x0000000082d00000, 0x0000000082c00000| Untracked 
|  45|0x0000000082d00000, 0x0000000082e00000, 0x0000000082e00000|100%| O|  |TAMS 0x0000000082e00000, 0x0000000082d00000| Untracked 
|  46|0x0000000082e00000, 0x0000000082f00000, 0x0000000082f00000|100%| O|  |TAMS 0x0000000082f00000, 0x0000000082e00000| Untracked 
|  47|0x0000000082f00000, 0x0000000083000000, 0x0000000083000000|100%| O|  |TAMS 0x0000000083000000, 0x0000000082f00000| Untracked 
|  48|0x0000000083000000, 0x0000000083100000, 0x0000000083100000|100%| O|  |TAMS 0x0000000083100000, 0x0000000083000000| Untracked 
|  49|0x0000000083100000, 0x0000000083200000, 0x0000000083200000|100%| O|  |TAMS 0x0000000083200000, 0x0000000083100000| Untracked 
|  50|0x0000000083200000, 0x0000000083300000, 0x0000000083300000|100%| O|  |TAMS 0x0000000083300000, 0x0000000083200000| Untracked 
|  51|0x0000000083300000, 0x0000000083400000, 0x0000000083400000|100%| O|  |TAMS 0x0000000083400000, 0x0000000083300000| Untracked 
|  52|0x0000000083400000, 0x0000000083500000, 0x0000000083500000|100%| O|  |TAMS 0x0000000083500000, 0x0000000083400000| Untracked 
|  53|0x0000000083500000, 0x0000000083600000, 0x0000000083600000|100%| O|  |TAMS 0x0000000083600000, 0x0000000083500000| Untracked 
|  54|0x0000000083600000, 0x0000000083700000, 0x0000000083700000|100%| O|  |TAMS 0x0000000083700000, 0x0000000083600000| Untracked 
|  55|0x0000000083700000, 0x0000000083800000, 0x0000000083800000|100%| O|  |TAMS 0x0000000083800000, 0x0000000083700000| Untracked 
|  56|0x0000000083800000, 0x0000000083900000, 0x0000000083900000|100%| O|  |TAMS 0x0000000083900000, 0x0000000083800000| Untracked 
|  57|0x0000000083900000, 0x0000000083a00000, 0x0000000083a00000|100%| O|  |TAMS 0x0000000083a00000, 0x0000000083900000| Untracked 
|  58|0x0000000083a00000, 0x0000000083b00000, 0x0000000083b00000|100%| O|  |TAMS 0x0000000083b00000, 0x0000000083a00000| Untracked 
|  59|0x0000000083b00000, 0x0000000083c00000, 0x0000000083c00000|100%| O|  |TAMS 0x0000000083c00000, 0x0000000083b00000| Untracked 
|  60|0x0000000083c00000, 0x0000000083d00000, 0x0000000083d00000|100%| O|  |TAMS 0x0000000083d00000, 0x0000000083c00000| Untracked 
|  61|0x0000000083d00000, 0x0000000083e00000, 0x0000000083e00000|100%| O|  |TAMS 0x0000000083e00000, 0x0000000083d00000| Untracked 
|  62|0x0000000083e00000, 0x0000000083f00000, 0x0000000083f00000|100%| O|  |TAMS 0x0000000083f00000, 0x0000000083e00000| Untracked 
|  63|0x0000000083f00000, 0x0000000084000000, 0x0000000084000000|100%| O|  |TAMS 0x0000000084000000, 0x0000000083f00000| Untracked 
|  64|0x0000000084000000, 0x0000000084100000, 0x0000000084100000|100%| O|  |TAMS 0x0000000084100000, 0x0000000084000000| Untracked 
|  65|0x0000000084100000, 0x0000000084200000, 0x0000000084200000|100%| O|  |TAMS 0x0000000084200000, 0x0000000084100000| Untracked 
|  66|0x0000000084200000, 0x0000000084300000, 0x0000000084300000|100%| O|  |TAMS 0x0000000084300000, 0x0000000084200000| Untracked 
|  67|0x0000000084300000, 0x0000000084400000, 0x0000000084400000|100%| O|  |TAMS 0x0000000084400000, 0x0000000084300000| Untracked 
|  68|0x0000000084400000, 0x0000000084500000, 0x0000000084500000|100%| O|  |TAMS 0x0000000084500000, 0x0000000084400000| Untracked 
|  69|0x0000000084500000, 0x0000000084600000, 0x0000000084600000|100%| O|  |TAMS 0x0000000084600000, 0x0000000084500000| Untracked 
|  70|0x0000000084600000, 0x0000000084700000, 0x0000000084700000|100%| O|  |TAMS 0x0000000084700000, 0x0000000084600000| Untracked 
|  71|0x0000000084700000, 0x0000000084800000, 0x0000000084800000|100%| O|  |TAMS 0x0000000084800000, 0x0000000084700000| Untracked 
|  72|0x0000000084800000, 0x0000000084900000, 0x0000000084900000|100%| O|  |TAMS 0x0000000084900000, 0x0000000084800000| Untracked 
|  73|0x0000000084900000, 0x0000000084a00000, 0x0000000084a00000|100%| O|  |TAMS 0x0000000084a00000, 0x0000000084900000| Untracked 
|  74|0x0000000084a00000, 0x0000000084b00000, 0x0000000084b00000|100%| O|  |TAMS 0x0000000084b00000, 0x0000000084a00000| Untracked 
|  75|0x0000000084b00000, 0x0000000084c00000, 0x0000000084c00000|100%| O|  |TAMS 0x0000000084c00000, 0x0000000084b00000| Untracked 
|  76|0x0000000084c00000, 0x0000000084d00000, 0x0000000084d00000|100%| O|  |TAMS 0x0000000084d00000, 0x0000000084c00000| Untracked 
|  77|0x0000000084d00000, 0x0000000084e00000, 0x0000000084e00000|100%| O|  |TAMS 0x0000000084e00000, 0x0000000084d00000| Untracked 
|  78|0x0000000084e00000, 0x0000000084f00000, 0x0000000084f00000|100%| O|  |TAMS 0x0000000084f00000, 0x0000000084e00000| Untracked 
|  79|0x0000000084f00000, 0x0000000085000000, 0x0000000085000000|100%| O|  |TAMS 0x0000000085000000, 0x0000000084f00000| Untracked 
|  80|0x0000000085000000, 0x0000000085100000, 0x0000000085100000|100%| O|  |TAMS 0x0000000085100000, 0x0000000085000000| Untracked 
|  81|0x0000000085100000, 0x0000000085200000, 0x0000000085200000|100%| O|  |TAMS 0x0000000085200000, 0x0000000085100000| Untracked 
|  82|0x0000000085200000, 0x0000000085300000, 0x0000000085300000|100%| O|  |TAMS 0x0000000085300000, 0x0000000085200000| Untracked 
|  83|0x0000000085300000, 0x0000000085400000, 0x0000000085400000|100%|HS|  |TAMS 0x0000000085400000, 0x0000000085300000| Complete 
|  84|0x0000000085400000, 0x0000000085500000, 0x0000000085500000|100%|HC|  |TAMS 0x0000000085500000, 0x0000000085400000| Complete 
|  85|0x0000000085500000, 0x0000000085600000, 0x0000000085600000|100%|HS|  |TAMS 0x0000000085600000, 0x0000000085500000| Complete 
|  86|0x0000000085600000, 0x0000000085700000, 0x0000000085700000|100%|HS|  |TAMS 0x0000000085700000, 0x0000000085600000| Complete 
|  87|0x0000000085700000, 0x0000000085800000, 0x0000000085800000|100%|HS|  |TAMS 0x0000000085800000, 0x0000000085700000| Complete 
|  88|0x0000000085800000, 0x0000000085900000, 0x0000000085900000|100%|HS|  |TAMS 0x0000000085900000, 0x0000000085800000| Complete 
|  89|0x0000000085900000, 0x0000000085a00000, 0x0000000085a00000|100%|HS|  |TAMS 0x0000000085a00000, 0x0000000085900000| Complete 
|  90|0x0000000085a00000, 0x0000000085b00000, 0x0000000085b00000|100%|HC|  |TAMS 0x0000000085b00000, 0x0000000085a00000| Complete 
|  91|0x0000000085b00000, 0x0000000085c00000, 0x0000000085c00000|100%| O|  |TAMS 0x0000000085c00000, 0x0000000085b00000| Untracked 
|  92|0x0000000085c00000, 0x0000000085d00000, 0x0000000085d00000|100%| O|  |TAMS 0x0000000085d00000, 0x0000000085c00000| Untracked 
|  93|0x0000000085d00000, 0x0000000085e00000, 0x0000000085e00000|100%| O|  |TAMS 0x0000000085e00000, 0x0000000085d00000| Untracked 
|  94|0x0000000085e00000, 0x0000000085f00000, 0x0000000085f00000|100%| O|  |TAMS 0x0000000085f00000, 0x0000000085e00000| Untracked 
|  95|0x0000000085f00000, 0x0000000086000000, 0x0000000086000000|100%|HS|  |TAMS 0x0000000086000000, 0x0000000085f00000| Complete 
|  96|0x0000000086000000, 0x0000000086100000, 0x0000000086100000|100%|HS|  |TAMS 0x0000000086100000, 0x0000000086000000| Complete 
|  97|0x0000000086100000, 0x0000000086200000, 0x0000000086200000|100%|HC|  |TAMS 0x0000000086200000, 0x0000000086100000| Complete 
|  98|0x0000000086200000, 0x0000000086300000, 0x0000000086300000|100%|HC|  |TAMS 0x0000000086300000, 0x0000000086200000| Complete 
|  99|0x0000000086300000, 0x0000000086400000, 0x0000000086400000|100%|HS|  |TAMS 0x0000000086400000, 0x0000000086300000| Complete 
| 100|0x0000000086400000, 0x0000000086500000, 0x0000000086500000|100%|HC|  |TAMS 0x0000000086500000, 0x0000000086400000| Complete 
| 101|0x0000000086500000, 0x0000000086600000, 0x0000000086600000|100%| O|  |TAMS 0x0000000086600000, 0x0000000086500000| Untracked 
| 102|0x0000000086600000, 0x0000000086700000, 0x0000000086700000|100%| O|  |TAMS 0x0000000086700000, 0x0000000086600000| Untracked 
| 103|0x0000000086700000, 0x0000000086800000, 0x0000000086800000|100%| O|  |TAMS 0x0000000086800000, 0x0000000086700000| Untracked 
| 104|0x0000000086800000, 0x0000000086900000, 0x0000000086900000|100%| O|  |TAMS 0x0000000086900000, 0x0000000086800000| Untracked 
| 105|0x0000000086900000, 0x0000000086a00000, 0x0000000086a00000|100%| O|  |TAMS 0x0000000086a00000, 0x0000000086900000| Untracked 
| 106|0x0000000086a00000, 0x0000000086b00000, 0x0000000086b00000|100%| O|  |TAMS 0x0000000086b00000, 0x0000000086a00000| Untracked 
| 107|0x0000000086b00000, 0x0000000086c00000, 0x0000000086c00000|100%| O|  |TAMS 0x0000000086c00000, 0x0000000086b00000| Untracked 
| 108|0x0000000086c00000, 0x0000000086d00000, 0x0000000086d00000|100%| O|  |TAMS 0x0000000086d00000, 0x0000000086c00000| Untracked 
| 109|0x0000000086d00000, 0x0000000086e00000, 0x0000000086e00000|100%| O|  |TAMS 0x0000000086e00000, 0x0000000086d00000| Untracked 
| 110|0x0000000086e00000, 0x0000000086f00000, 0x0000000086f00000|100%|HS|  |TAMS 0x0000000086f00000, 0x0000000086e00000| Complete 
| 111|0x0000000086f00000, 0x0000000087000000, 0x0000000087000000|100%|HC|  |TAMS 0x0000000087000000, 0x0000000086f00000| Complete 
| 112|0x0000000087000000, 0x0000000087100000, 0x0000000087100000|100%| O|  |TAMS 0x0000000087100000, 0x0000000087000000| Untracked 
| 113|0x0000000087100000, 0x0000000087200000, 0x0000000087200000|100%|HS|  |TAMS 0x0000000087200000, 0x0000000087100000| Complete 
| 114|0x0000000087200000, 0x0000000087300000, 0x0000000087300000|100%|HS|  |TAMS 0x0000000087300000, 0x0000000087200000| Complete 
| 115|0x0000000087300000, 0x0000000087400000, 0x0000000087400000|100%|HS|  |TAMS 0x0000000087400000, 0x0000000087300000| Complete 
| 116|0x0000000087400000, 0x0000000087500000, 0x0000000087500000|100%| O|  |TAMS 0x0000000087500000, 0x0000000087400000| Untracked 
| 117|0x0000000087500000, 0x0000000087600000, 0x0000000087600000|100%|HS|  |TAMS 0x0000000087600000, 0x0000000087500000| Complete 
| 118|0x0000000087600000, 0x0000000087700000, 0x0000000087700000|100%| O|  |TAMS 0x0000000087700000, 0x0000000087600000| Untracked 
| 119|0x0000000087700000, 0x0000000087800000, 0x0000000087800000|100%|HS|  |TAMS 0x0000000087800000, 0x0000000087700000| Complete 
| 120|0x0000000087800000, 0x0000000087900000, 0x0000000087900000|100%|HS|  |TAMS 0x0000000087900000, 0x0000000087800000| Complete 
| 121|0x0000000087900000, 0x0000000087a00000, 0x0000000087a00000|100%|HC|  |TAMS 0x0000000087a00000, 0x0000000087900000| Complete 
| 122|0x0000000087a00000, 0x0000000087b00000, 0x0000000087b00000|100%| O|  |TAMS 0x0000000087b00000, 0x0000000087a00000| Untracked 
| 123|0x0000000087b00000, 0x0000000087c00000, 0x0000000087c00000|100%| O|  |TAMS 0x0000000087c00000, 0x0000000087b00000| Untracked 
| 124|0x0000000087c00000, 0x0000000087d00000, 0x0000000087d00000|100%| O|  |TAMS 0x0000000087d00000, 0x0000000087c00000| Untracked 
| 125|0x0000000087d00000, 0x0000000087e00000, 0x0000000087e00000|100%| O|  |TAMS 0x0000000087e00000, 0x0000000087d00000| Untracked 
| 126|0x0000000087e00000, 0x0000000087f00000, 0x0000000087f00000|100%| O|  |TAMS 0x0000000087f00000, 0x0000000087e00000| Untracked 
| 127|0x0000000087f00000, 0x0000000088000000, 0x0000000088000000|100%| O|  |TAMS 0x0000000088000000, 0x0000000087f00000| Untracked 
| 128|0x0000000088000000, 0x0000000088100000, 0x0000000088100000|100%| O|  |TAMS 0x0000000088100000, 0x0000000088000000| Untracked 
| 129|0x0000000088100000, 0x0000000088200000, 0x0000000088200000|100%| O|  |TAMS 0x0000000088200000, 0x0000000088100000| Untracked 
| 130|0x0000000088200000, 0x0000000088300000, 0x0000000088300000|100%| O|  |TAMS 0x0000000088300000, 0x0000000088200000| Untracked 
| 131|0x0000000088300000, 0x0000000088400000, 0x0000000088400000|100%| O|  |TAMS 0x0000000088400000, 0x0000000088300000| Untracked 
| 132|0x0000000088400000, 0x0000000088500000, 0x0000000088500000|100%|HS|  |TAMS 0x0000000088500000, 0x0000000088400000| Complete 
| 133|0x0000000088500000, 0x0000000088600000, 0x0000000088600000|100%|HC|  |TAMS 0x0000000088600000, 0x0000000088500000| Complete 
| 134|0x0000000088600000, 0x0000000088700000, 0x0000000088700000|100%|HC|  |TAMS 0x0000000088700000, 0x0000000088600000| Complete 
| 135|0x0000000088700000, 0x0000000088800000, 0x0000000088800000|100%|HS|  |TAMS 0x0000000088800000, 0x0000000088700000| Complete 
| 136|0x0000000088800000, 0x0000000088900000, 0x0000000088900000|100%|HC|  |TAMS 0x0000000088900000, 0x0000000088800000| Complete 
| 137|0x0000000088900000, 0x0000000088a00000, 0x0000000088a00000|100%| O|  |TAMS 0x0000000088a00000, 0x0000000088900000| Untracked 
| 138|0x0000000088a00000, 0x0000000088b00000, 0x0000000088b00000|100%| O|  |TAMS 0x0000000088b00000, 0x0000000088a00000| Untracked 
| 139|0x0000000088b00000, 0x0000000088c00000, 0x0000000088c00000|100%| O|  |TAMS 0x0000000088c00000, 0x0000000088b00000| Untracked 
| 140|0x0000000088c00000, 0x0000000088d00000, 0x0000000088d00000|100%| O|  |TAMS 0x0000000088d00000, 0x0000000088c00000| Untracked 
| 141|0x0000000088d00000, 0x0000000088e00000, 0x0000000088e00000|100%| O|  |TAMS 0x0000000088e00000, 0x0000000088d00000| Untracked 
| 142|0x0000000088e00000, 0x0000000088f00000, 0x0000000088f00000|100%|HS|  |TAMS 0x0000000088f00000, 0x0000000088e00000| Complete 
| 143|0x0000000088f00000, 0x0000000089000000, 0x0000000089000000|100%|HS|  |TAMS 0x0000000089000000, 0x0000000088f00000| Complete 
| 144|0x0000000089000000, 0x0000000089100000, 0x0000000089100000|100%| O|  |TAMS 0x0000000089100000, 0x0000000089000000| Untracked 
| 145|0x0000000089100000, 0x0000000089200000, 0x0000000089200000|100%| O|  |TAMS 0x0000000089200000, 0x0000000089100000| Untracked 
| 146|0x0000000089200000, 0x0000000089300000, 0x0000000089300000|100%| O|  |TAMS 0x0000000089300000, 0x0000000089200000| Untracked 
| 147|0x0000000089300000, 0x0000000089400000, 0x0000000089400000|100%| O|  |TAMS 0x0000000089400000, 0x0000000089300000| Untracked 
| 148|0x0000000089400000, 0x0000000089500000, 0x0000000089500000|100%| O|  |TAMS 0x0000000089500000, 0x0000000089400000| Untracked 
| 149|0x0000000089500000, 0x0000000089600000, 0x0000000089600000|100%| O|  |TAMS 0x0000000089600000, 0x0000000089500000| Untracked 
| 150|0x0000000089600000, 0x0000000089700000, 0x0000000089700000|100%| O|  |TAMS 0x0000000089700000, 0x0000000089600000| Untracked 
| 151|0x0000000089700000, 0x0000000089800000, 0x0000000089800000|100%| O|  |TAMS 0x0000000089800000, 0x0000000089700000| Untracked 
| 152|0x0000000089800000, 0x0000000089900000, 0x0000000089900000|100%| O|  |TAMS 0x0000000089900000, 0x0000000089800000| Untracked 
| 153|0x0000000089900000, 0x0000000089a00000, 0x0000000089a00000|100%| O|  |TAMS 0x0000000089a00000, 0x0000000089900000| Untracked 
| 154|0x0000000089a00000, 0x0000000089b00000, 0x0000000089b00000|100%| O|  |TAMS 0x0000000089b00000, 0x0000000089a00000| Untracked 
| 155|0x0000000089b00000, 0x0000000089c00000, 0x0000000089c00000|100%| O|  |TAMS 0x0000000089c00000, 0x0000000089b00000| Untracked 
| 156|0x0000000089c00000, 0x0000000089d00000, 0x0000000089d00000|100%| O|  |TAMS 0x0000000089d00000, 0x0000000089c00000| Untracked 
| 157|0x0000000089d00000, 0x0000000089e00000, 0x0000000089e00000|100%| O|  |TAMS 0x0000000089e00000, 0x0000000089d00000| Untracked 
| 158|0x0000000089e00000, 0x0000000089f00000, 0x0000000089f00000|100%| O|  |TAMS 0x0000000089f00000, 0x0000000089e00000| Untracked 
| 159|0x0000000089f00000, 0x000000008a000000, 0x000000008a000000|100%| O|  |TAMS 0x000000008a000000, 0x0000000089f00000| Untracked 
| 160|0x000000008a000000, 0x000000008a100000, 0x000000008a100000|100%| O|  |TAMS 0x000000008a100000, 0x000000008a000000| Untracked 
| 161|0x000000008a100000, 0x000000008a200000, 0x000000008a200000|100%| O|  |TAMS 0x000000008a200000, 0x000000008a100000| Untracked 
| 162|0x000000008a200000, 0x000000008a300000, 0x000000008a300000|100%| O|  |TAMS 0x000000008a300000, 0x000000008a200000| Untracked 
| 163|0x000000008a300000, 0x000000008a400000, 0x000000008a400000|100%| O|  |TAMS 0x000000008a400000, 0x000000008a300000| Untracked 
| 164|0x000000008a400000, 0x000000008a500000, 0x000000008a500000|100%| O|  |TAMS 0x000000008a500000, 0x000000008a400000| Untracked 
| 165|0x000000008a500000, 0x000000008a600000, 0x000000008a600000|100%| O|  |TAMS 0x000000008a600000, 0x000000008a500000| Untracked 
| 166|0x000000008a600000, 0x000000008a700000, 0x000000008a700000|100%| O|  |TAMS 0x000000008a700000, 0x000000008a600000| Untracked 
| 167|0x000000008a700000, 0x000000008a800000, 0x000000008a800000|100%| O|  |TAMS 0x000000008a800000, 0x000000008a700000| Untracked 
| 168|0x000000008a800000, 0x000000008a900000, 0x000000008a900000|100%| O|  |TAMS 0x000000008a900000, 0x000000008a800000| Untracked 
| 169|0x000000008a900000, 0x000000008aa00000, 0x000000008aa00000|100%| O|  |TAMS 0x000000008aa00000, 0x000000008a900000| Untracked 
| 170|0x000000008aa00000, 0x000000008ab00000, 0x000000008ab00000|100%| O|  |TAMS 0x000000008ab00000, 0x000000008aa00000| Untracked 
| 171|0x000000008ab00000, 0x000000008ac00000, 0x000000008ac00000|100%| O|  |TAMS 0x000000008ac00000, 0x000000008ab00000| Untracked 
| 172|0x000000008ac00000, 0x000000008ad00000, 0x000000008ad00000|100%| O|  |TAMS 0x000000008ad00000, 0x000000008ac00000| Untracked 
| 173|0x000000008ad00000, 0x000000008ae00000, 0x000000008ae00000|100%| O|  |TAMS 0x000000008ae00000, 0x000000008ad00000| Untracked 
| 174|0x000000008ae00000, 0x000000008af00000, 0x000000008af00000|100%| O|  |TAMS 0x000000008af00000, 0x000000008ae00000| Untracked 
| 175|0x000000008af00000, 0x000000008b000000, 0x000000008b000000|100%| O|  |TAMS 0x000000008af00000, 0x000000008af00000| Untracked 
| 176|0x000000008b000000, 0x000000008b100000, 0x000000008b100000|100%| O|  |TAMS 0x000000008b000000, 0x000000008b000000| Untracked 
| 177|0x000000008b100000, 0x000000008b200000, 0x000000008b200000|100%| O|  |TAMS 0x000000008b100000, 0x000000008b100000| Untracked 
| 178|0x000000008b200000, 0x000000008b300000, 0x000000008b300000|100%| O|  |TAMS 0x000000008b200000, 0x000000008b200000| Untracked 
| 179|0x000000008b300000, 0x000000008b400000, 0x000000008b400000|100%| O|  |TAMS 0x000000008b300000, 0x000000008b300000| Untracked 
| 180|0x000000008b400000, 0x000000008b500000, 0x000000008b500000|100%| O|  |TAMS 0x000000008b400000, 0x000000008b400000| Untracked 
| 181|0x000000008b500000, 0x000000008b600000, 0x000000008b600000|100%| O|  |TAMS 0x000000008b500000, 0x000000008b500000| Untracked 
| 182|0x000000008b600000, 0x000000008b700000, 0x000000008b700000|100%| O|  |TAMS 0x000000008b600000, 0x000000008b600000| Untracked 
| 183|0x000000008b700000, 0x000000008b800000, 0x000000008b800000|100%| O|  |TAMS 0x000000008b700000, 0x000000008b700000| Untracked 
| 184|0x000000008b800000, 0x000000008b900000, 0x000000008b900000|100%| O|  |TAMS 0x000000008b800000, 0x000000008b800000| Untracked 
| 185|0x000000008b900000, 0x000000008ba00000, 0x000000008ba00000|100%| O|  |TAMS 0x000000008b900000, 0x000000008b900000| Untracked 
| 186|0x000000008ba00000, 0x000000008bb00000, 0x000000008bb00000|100%| O|  |TAMS 0x000000008ba00000, 0x000000008ba00000| Untracked 
| 187|0x000000008bb00000, 0x000000008bc00000, 0x000000008bc00000|100%| O|  |TAMS 0x000000008bb00000, 0x000000008bb00000| Untracked 
| 188|0x000000008bc00000, 0x000000008bd00000, 0x000000008bd00000|100%| O|  |TAMS 0x000000008bc00000, 0x000000008bc00000| Untracked 
| 189|0x000000008bd00000, 0x000000008be00000, 0x000000008be00000|100%| O|  |TAMS 0x000000008bd00000, 0x000000008bd00000| Untracked 
| 190|0x000000008be00000, 0x000000008bf00000, 0x000000008bf00000|100%| O|  |TAMS 0x000000008be00000, 0x000000008be00000| Untracked 
| 191|0x000000008bf00000, 0x000000008c000000, 0x000000008c000000|100%| O|  |TAMS 0x000000008bf00000, 0x000000008bf00000| Untracked 
| 192|0x000000008c000000, 0x000000008c100000, 0x000000008c100000|100%| O|  |TAMS 0x000000008c000000, 0x000000008c000000| Untracked 
| 193|0x000000008c100000, 0x000000008c200000, 0x000000008c200000|100%| O|  |TAMS 0x000000008c100000, 0x000000008c100000| Untracked 
| 194|0x000000008c200000, 0x000000008c300000, 0x000000008c300000|100%| O|  |TAMS 0x000000008c200000, 0x000000008c200000| Untracked 
| 195|0x000000008c300000, 0x000000008c400000, 0x000000008c400000|100%| O|  |TAMS 0x000000008c300000, 0x000000008c300000| Untracked 
| 196|0x000000008c400000, 0x000000008c500000, 0x000000008c500000|100%| O|  |TAMS 0x000000008c400000, 0x000000008c400000| Untracked 
| 197|0x000000008c500000, 0x000000008c600000, 0x000000008c600000|100%| O|  |TAMS 0x000000008c500000, 0x000000008c500000| Untracked 
| 198|0x000000008c600000, 0x000000008c700000, 0x000000008c700000|100%| O|  |TAMS 0x000000008c600000, 0x000000008c600000| Untracked 
| 199|0x000000008c700000, 0x000000008c800000, 0x000000008c800000|100%| O|  |TAMS 0x000000008c700000, 0x000000008c700000| Untracked 
| 200|0x000000008c800000, 0x000000008c900000, 0x000000008c900000|100%| O|  |TAMS 0x000000008c800000, 0x000000008c800000| Untracked 
| 201|0x000000008c900000, 0x000000008ca00000, 0x000000008ca00000|100%| O|  |TAMS 0x000000008c900000, 0x000000008c900000| Untracked 
| 202|0x000000008ca00000, 0x000000008cb00000, 0x000000008cb00000|100%| O|  |TAMS 0x000000008ca00000, 0x000000008ca00000| Untracked 
| 203|0x000000008cb00000, 0x000000008cc00000, 0x000000008cc00000|100%| O|  |TAMS 0x000000008cb00000, 0x000000008cb00000| Untracked 
| 204|0x000000008cc00000, 0x000000008cd00000, 0x000000008cd00000|100%| O|  |TAMS 0x000000008cc00000, 0x000000008cc00000| Untracked 
| 205|0x000000008cd00000, 0x000000008ce00000, 0x000000008ce00000|100%| O|  |TAMS 0x000000008cd00000, 0x000000008cd00000| Untracked 
| 206|0x000000008ce00000, 0x000000008ce80000, 0x000000008cf00000| 50%| O|  |TAMS 0x000000008ce00000, 0x000000008ce00000| Untracked 
| 207|0x000000008cf00000, 0x000000008cf00000, 0x000000008d000000|  0%| F|  |TAMS 0x000000008cf00000, 0x000000008cf00000| Untracked 
| 208|0x000000008d000000, 0x000000008d000000, 0x000000008d100000|  0%| F|  |TAMS 0x000000008d000000, 0x000000008d000000| Untracked 
| 209|0x000000008d100000, 0x000000008d100000, 0x000000008d200000|  0%| F|  |TAMS 0x000000008d100000, 0x000000008d100000| Untracked 
| 210|0x000000008d200000, 0x000000008d200000, 0x000000008d300000|  0%| F|  |TAMS 0x000000008d200000, 0x000000008d200000| Untracked 
| 211|0x000000008d300000, 0x000000008d300000, 0x000000008d400000|  0%| F|  |TAMS 0x000000008d300000, 0x000000008d300000| Untracked 
| 212|0x000000008d400000, 0x000000008d400000, 0x000000008d500000|  0%| F|  |TAMS 0x000000008d400000, 0x000000008d400000| Untracked 
| 213|0x000000008d500000, 0x000000008d500000, 0x000000008d600000|  0%| F|  |TAMS 0x000000008d500000, 0x000000008d500000| Untracked 
| 214|0x000000008d600000, 0x000000008d600000, 0x000000008d700000|  0%| F|  |TAMS 0x000000008d600000, 0x000000008d600000| Untracked 
| 215|0x000000008d700000, 0x000000008d700000, 0x000000008d800000|  0%| F|  |TAMS 0x000000008d700000, 0x000000008d700000| Untracked 
| 216|0x000000008d800000, 0x000000008d800000, 0x000000008d900000|  0%| F|  |TAMS 0x000000008d800000, 0x000000008d800000| Untracked 
| 217|0x000000008d900000, 0x000000008d900000, 0x000000008da00000|  0%| F|  |TAMS 0x000000008d900000, 0x000000008d900000| Untracked 
| 218|0x000000008da00000, 0x000000008da00000, 0x000000008db00000|  0%| F|  |TAMS 0x000000008da00000, 0x000000008da00000| Untracked 
| 219|0x000000008db00000, 0x000000008db00000, 0x000000008dc00000|  0%| F|  |TAMS 0x000000008db00000, 0x000000008db00000| Untracked 
| 220|0x000000008dc00000, 0x000000008dc00000, 0x000000008dd00000|  0%| F|  |TAMS 0x000000008dc00000, 0x000000008dc00000| Untracked 
| 221|0x000000008dd00000, 0x000000008dd00000, 0x000000008de00000|  0%| F|  |TAMS 0x000000008dd00000, 0x000000008dd00000| Untracked 
| 222|0x000000008de00000, 0x000000008de00000, 0x000000008df00000|  0%| F|  |TAMS 0x000000008de00000, 0x000000008de00000| Untracked 
| 223|0x000000008df00000, 0x000000008df00000, 0x000000008e000000|  0%| F|  |TAMS 0x000000008df00000, 0x000000008df00000| Untracked 
| 224|0x000000008e000000, 0x000000008e000000, 0x000000008e100000|  0%| F|  |TAMS 0x000000008e000000, 0x000000008e000000| Untracked 
| 225|0x000000008e100000, 0x000000008e100000, 0x000000008e200000|  0%| F|  |TAMS 0x000000008e100000, 0x000000008e100000| Untracked 
| 226|0x000000008e200000, 0x000000008e200000, 0x000000008e300000|  0%| F|  |TAMS 0x000000008e200000, 0x000000008e200000| Untracked 
| 227|0x000000008e300000, 0x000000008e300000, 0x000000008e400000|  0%| F|  |TAMS 0x000000008e300000, 0x000000008e300000| Untracked 
| 228|0x000000008e400000, 0x000000008e400000, 0x000000008e500000|  0%| F|  |TAMS 0x000000008e400000, 0x000000008e400000| Untracked 
| 229|0x000000008e500000, 0x000000008e500000, 0x000000008e600000|  0%| F|  |TAMS 0x000000008e500000, 0x000000008e500000| Untracked 
| 230|0x000000008e600000, 0x000000008e600000, 0x000000008e700000|  0%| F|  |TAMS 0x000000008e600000, 0x000000008e600000| Untracked 
| 231|0x000000008e700000, 0x000000008e700000, 0x000000008e800000|  0%| F|  |TAMS 0x000000008e700000, 0x000000008e700000| Untracked 
| 232|0x000000008e800000, 0x000000008e800000, 0x000000008e900000|  0%| F|  |TAMS 0x000000008e800000, 0x000000008e800000| Untracked 
| 233|0x000000008e900000, 0x000000008e900000, 0x000000008ea00000|  0%| F|  |TAMS 0x000000008e900000, 0x000000008e900000| Untracked 
| 234|0x000000008ea00000, 0x000000008ea00000, 0x000000008eb00000|  0%| F|  |TAMS 0x000000008ea00000, 0x000000008ea00000| Untracked 
| 235|0x000000008eb00000, 0x000000008eb00000, 0x000000008ec00000|  0%| F|  |TAMS 0x000000008eb00000, 0x000000008eb00000| Untracked 
| 236|0x000000008ec00000, 0x000000008ec00000, 0x000000008ed00000|  0%| F|  |TAMS 0x000000008ec00000, 0x000000008ec00000| Untracked 
| 237|0x000000008ed00000, 0x000000008ed00000, 0x000000008ee00000|  0%| F|  |TAMS 0x000000008ed00000, 0x000000008ed00000| Untracked 
| 238|0x000000008ee00000, 0x000000008ee00000, 0x000000008ef00000|  0%| F|  |TAMS 0x000000008ee00000, 0x000000008ee00000| Untracked 
| 239|0x000000008ef00000, 0x000000008ef00000, 0x000000008f000000|  0%| F|  |TAMS 0x000000008ef00000, 0x000000008ef00000| Untracked 
| 240|0x000000008f000000, 0x000000008f000000, 0x000000008f100000|  0%| F|  |TAMS 0x000000008f000000, 0x000000008f000000| Untracked 
| 241|0x000000008f100000, 0x000000008f100000, 0x000000008f200000|  0%| F|  |TAMS 0x000000008f100000, 0x000000008f100000| Untracked 
| 242|0x000000008f200000, 0x000000008f200000, 0x000000008f300000|  0%| F|  |TAMS 0x000000008f200000, 0x000000008f200000| Untracked 
| 243|0x000000008f300000, 0x000000008f300000, 0x000000008f400000|  0%| F|  |TAMS 0x000000008f300000, 0x000000008f300000| Untracked 
| 244|0x000000008f400000, 0x000000008f400000, 0x000000008f500000|  0%| F|  |TAMS 0x000000008f400000, 0x000000008f400000| Untracked 
| 245|0x000000008f500000, 0x000000008f500000, 0x000000008f600000|  0%| F|  |TAMS 0x000000008f500000, 0x000000008f500000| Untracked 
| 246|0x000000008f600000, 0x000000008f600000, 0x000000008f700000|  0%| F|  |TAMS 0x000000008f600000, 0x000000008f600000| Untracked 
| 247|0x000000008f700000, 0x000000008f700000, 0x000000008f800000|  0%| F|  |TAMS 0x000000008f700000, 0x000000008f700000| Untracked 
| 248|0x000000008f800000, 0x000000008f800000, 0x000000008f900000|  0%| F|  |TAMS 0x000000008f800000, 0x000000008f800000| Untracked 
| 249|0x000000008f900000, 0x000000008f900000, 0x000000008fa00000|  0%| F|  |TAMS 0x000000008f900000, 0x000000008f900000| Untracked 
| 250|0x000000008fa00000, 0x000000008fa00000, 0x000000008fb00000|  0%| F|  |TAMS 0x000000008fa00000, 0x000000008fa00000| Untracked 
| 251|0x000000008fb00000, 0x000000008fb00000, 0x000000008fc00000|  0%| F|  |TAMS 0x000000008fb00000, 0x000000008fb00000| Untracked 
| 252|0x000000008fc00000, 0x000000008fc00000, 0x000000008fd00000|  0%| F|  |TAMS 0x000000008fc00000, 0x000000008fc00000| Untracked 
| 253|0x000000008fd00000, 0x000000008fd00000, 0x000000008fe00000|  0%| F|  |TAMS 0x000000008fd00000, 0x000000008fd00000| Untracked 
| 254|0x000000008fe00000, 0x000000008fe00000, 0x000000008ff00000|  0%| F|  |TAMS 0x000000008fe00000, 0x000000008fe00000| Untracked 
| 255|0x000000008ff00000, 0x000000008ff00000, 0x0000000090000000|  0%| F|  |TAMS 0x000000008ff00000, 0x000000008ff00000| Untracked 
| 256|0x0000000090000000, 0x0000000090100000, 0x0000000090100000|100%| S|CS|TAMS 0x0000000090000000, 0x0000000090000000| Complete 
| 257|0x0000000090100000, 0x0000000090200000, 0x0000000090200000|100%| S|CS|TAMS 0x0000000090100000, 0x0000000090100000| Complete 
| 258|0x0000000090200000, 0x0000000090300000, 0x0000000090300000|100%| S|CS|TAMS 0x0000000090200000, 0x0000000090200000| Complete 
| 259|0x0000000090300000, 0x0000000090400000, 0x0000000090400000|100%| S|CS|TAMS 0x0000000090300000, 0x0000000090300000| Complete 
| 260|0x0000000090400000, 0x0000000090400000, 0x0000000090500000|  0%| F|  |TAMS 0x0000000090400000, 0x0000000090400000| Untracked 
| 261|0x0000000090500000, 0x0000000090500000, 0x0000000090600000|  0%| F|  |TAMS 0x0000000090500000, 0x0000000090500000| Untracked 
| 262|0x0000000090600000, 0x0000000090600000, 0x0000000090700000|  0%| F|  |TAMS 0x0000000090600000, 0x0000000090600000| Untracked 
| 263|0x0000000090700000, 0x0000000090700000, 0x0000000090800000|  0%| F|  |TAMS 0x0000000090700000, 0x0000000090700000| Untracked 
| 264|0x0000000090800000, 0x0000000090800000, 0x0000000090900000|  0%| F|  |TAMS 0x0000000090800000, 0x0000000090800000| Untracked 
| 265|0x0000000090900000, 0x0000000090900000, 0x0000000090a00000|  0%| F|  |TAMS 0x0000000090900000, 0x0000000090900000| Untracked 
| 266|0x0000000090a00000, 0x0000000090a00000, 0x0000000090b00000|  0%| F|  |TAMS 0x0000000090a00000, 0x0000000090a00000| Untracked 
| 267|0x0000000090b00000, 0x0000000090b00000, 0x0000000090c00000|  0%| F|  |TAMS 0x0000000090b00000, 0x0000000090b00000| Untracked 
| 268|0x0000000090c00000, 0x0000000090c00000, 0x0000000090d00000|  0%| F|  |TAMS 0x0000000090c00000, 0x0000000090c00000| Untracked 
| 269|0x0000000090d00000, 0x0000000090d00000, 0x0000000090e00000|  0%| F|  |TAMS 0x0000000090d00000, 0x0000000090d00000| Untracked 
| 270|0x0000000090e00000, 0x0000000090e00000, 0x0000000090f00000|  0%| F|  |TAMS 0x0000000090e00000, 0x0000000090e00000| Untracked 
| 271|0x0000000090f00000, 0x0000000090f00000, 0x0000000091000000|  0%| F|  |TAMS 0x0000000090f00000, 0x0000000090f00000| Untracked 
| 272|0x0000000091000000, 0x0000000091000000, 0x0000000091100000|  0%| F|  |TAMS 0x0000000091000000, 0x0000000091000000| Untracked 
| 273|0x0000000091100000, 0x0000000091100000, 0x0000000091200000|  0%| F|  |TAMS 0x0000000091100000, 0x0000000091100000| Untracked 
| 274|0x0000000091200000, 0x0000000091200000, 0x0000000091300000|  0%| F|  |TAMS 0x0000000091200000, 0x0000000091200000| Untracked 
| 275|0x0000000091300000, 0x0000000091300000, 0x0000000091400000|  0%| F|  |TAMS 0x0000000091300000, 0x0000000091300000| Untracked 
| 276|0x0000000091400000, 0x0000000091400000, 0x0000000091500000|  0%| F|  |TAMS 0x0000000091400000, 0x0000000091400000| Untracked 
| 277|0x0000000091500000, 0x0000000091500000, 0x0000000091600000|  0%| F|  |TAMS 0x0000000091500000, 0x0000000091500000| Untracked 
| 278|0x0000000091600000, 0x0000000091600000, 0x0000000091700000|  0%| F|  |TAMS 0x0000000091600000, 0x0000000091600000| Untracked 
| 279|0x0000000091700000, 0x0000000091700000, 0x0000000091800000|  0%| F|  |TAMS 0x0000000091700000, 0x0000000091700000| Untracked 
| 280|0x0000000091800000, 0x0000000091800000, 0x0000000091900000|  0%| F|  |TAMS 0x0000000091800000, 0x0000000091800000| Untracked 
| 281|0x0000000091900000, 0x0000000091900000, 0x0000000091a00000|  0%| F|  |TAMS 0x0000000091900000, 0x0000000091900000| Untracked 
| 282|0x0000000091a00000, 0x0000000091a00000, 0x0000000091b00000|  0%| F|  |TAMS 0x0000000091a00000, 0x0000000091a00000| Untracked 
| 283|0x0000000091b00000, 0x0000000091b00000, 0x0000000091c00000|  0%| F|  |TAMS 0x0000000091b00000, 0x0000000091b00000| Untracked 
| 284|0x0000000091c00000, 0x0000000091c00000, 0x0000000091d00000|  0%| F|  |TAMS 0x0000000091c00000, 0x0000000091c00000| Untracked 
| 285|0x0000000091d00000, 0x0000000091d00000, 0x0000000091e00000|  0%| F|  |TAMS 0x0000000091d00000, 0x0000000091d00000| Untracked 

Card table byte_map: [0x00000265759a0000,0x0000026575da0000] _byte_map_base: 0x00000265755a0000

Marking Bits (Prev, Next): (CMBitMap*) 0x000002656fcde7a0, (CMBitMap*) 0x000002656fcde768
 Prev Bits: [0x00000265781a0000, 0x000002657a1a0000)
 Next Bits: [0x00000265761a0000, 0x00000265781a0000)

Polling page: 0x000002656fa90000

Metaspace:

Usage:
  Non-class:     81.15 MB capacity,    79.66 MB ( 98%) used,     1.24 MB (  2%) free+waste,   261.50 KB ( <1%) overhead. 
      Class:     12.82 MB capacity,    11.98 MB ( 93%) used,   741.34 KB (  6%) free+waste,   117.00 KB ( <1%) overhead. 
       Both:     93.97 MB capacity,    91.64 MB ( 98%) used,     1.97 MB (  2%) free+waste,   378.50 KB ( <1%) overhead. 

Virtual space:
  Non-class space:       82.00 MB reserved,      81.25 MB (>99%) committed 
      Class space:        1.00 GB reserved,      12.88 MB (  1%) committed 
             Both:        1.08 GB reserved,      94.13 MB (  9%) committed 

Chunk freelists:
   Non-Class:  34.00 KB
       Class:  26.00 KB
        Both:  60.00 KB

MaxMetaspaceSize: 17179869184.00 GB
CompressedClassSpaceSize: 1.00 GB

CodeHeap 'non-profiled nmethods': size=120064Kb used=8201Kb max_used=8201Kb free=111862Kb
 bounds [0x0000026507ac0000, 0x00000265082d0000, 0x000002650f000000]
CodeHeap 'profiled nmethods': size=120000Kb used=26385Kb max_used=26385Kb free=93614Kb
 bounds [0x0000026500590000, 0x0000026501f60000, 0x0000026507ac0000]
CodeHeap 'non-nmethods': size=5696Kb used=2305Kb max_used=2361Kb free=3390Kb
 bounds [0x0000026500000000, 0x0000026500270000, 0x0000026500590000]
 total_blobs=12676 nmethods=11767 adapters=820
 compilation: enabled
              stopped_count=0, restarted_count=0
 full_count=0

Compilation events (20 events):
Event: 66.046 Thread 0x000002657d1ac800 11835       2       com.android.tools.r8.code.k::<init> (7 bytes)
Event: 66.047 Thread 0x000002657d1ac800 nmethod 11835 0x0000026501f52210 code [0x0000026501f523e0, 0x0000026501f52618]
Event: 66.047 Thread 0x000002657d1ac800 11826       2       com.android.tools.r8.code.g1::<init> (7 bytes)
Event: 66.047 Thread 0x000002657d1ac800 nmethod 11826 0x0000026501f52810 code [0x0000026501f529e0, 0x0000026501f52ba8]
Event: 66.051 Thread 0x000002657d1ac800 11836       2       com.android.tools.r8.code.w2::<init> (7 bytes)
Event: 66.052 Thread 0x000002657d1ac800 nmethod 11836 0x0000026501f52d10 code [0x0000026501f52ec0, 0x0000026501f53018]
Event: 66.057 Thread 0x000002657d1ac800 11837       2       com.android.tools.r8.code.l0::<init> (7 bytes)
Event: 66.058 Thread 0x000002657d1ac800 nmethod 11837 0x0000026501f53110 code [0x0000026501f532e0, 0x0000026501f53518]
Event: 66.058 Thread 0x000002657d1ac800 11838       2       com.android.tools.r8.code.d::<init> (7 bytes)
Event: 66.058 Thread 0x000002657d1ac800 nmethod 11838 0x0000026501f53710 code [0x0000026501f538e0, 0x0000026501f53b18]
Event: 66.071 Thread 0x000002657d1ac800 11840       2       com.android.tools.r8.graph.E$a::<init> (24 bytes)
Event: 66.071 Thread 0x000002657d1ac800 nmethod 11840 0x0000026501f53d10 code [0x0000026501f53ec0, 0x0000026501f53fd8]
Event: 66.075 Thread 0x000002657c800000 nmethod 11805 0x00000265082c0310 code [0x00000265082c0500, 0x00000265082c14c8]
Event: 66.076 Thread 0x000002657c800000 11806       4       java.nio.ShortBuffer::limit (6 bytes)
Event: 66.077 Thread 0x000002657c800000 nmethod 11806 0x00000265082c1f90 code [0x00000265082c2120, 0x00000265082c21f8]
Event: 66.078 Thread 0x000002657c800000 11822       4       java.nio.ShortBuffer::position (6 bytes)
Event: 66.079 Thread 0x000002657c800000 nmethod 11822 0x00000265082c2310 code [0x00000265082c24a0, 0x00000265082c2558]
Event: 66.079 Thread 0x000002657c800000 11811       4       com.android.tools.r8.graph.E::F (78 bytes)
Event: 66.100 Thread 0x000002657d1ac800 11841       2       com.android.tools.r8.code.s2::<init> (7 bytes)
Event: 66.100 Thread 0x000002657d1ac800 nmethod 11841 0x0000026501f54090 code [0x0000026501f54240, 0x0000026501f54398]

GC Heap History (20 events):
Event: 61.809 GC heap after
{Heap after GC invocations=47 (full 0):
 garbage-first heap   total 142336K, used 131746K [0x0000000080000000, 0x0000000100000000)
  region size 1024K, 1 young (1024K), 1 survivors (1024K)
 Metaspace       used 91447K, capacity 93785K, committed 94080K, reserved 1130496K
  class space    used 11795K, capacity 12613K, committed 12672K, reserved 1048576K
}
Event: 62.074 GC heap before
{Heap before GC invocations=47 (full 0):
 garbage-first heap   total 142336K, used 135842K [0x0000000080000000, 0x0000000100000000)
  region size 1024K, 6 young (6144K), 1 survivors (1024K)
 Metaspace       used 91495K, capacity 93851K, committed 94080K, reserved 1130496K
  class space    used 11796K, capacity 12613K, committed 12672K, reserved 1048576K
}
Event: 62.081 GC heap after
{Heap after GC invocations=48 (full 0):
 garbage-first heap   total 142336K, used 134366K [0x0000000080000000, 0x0000000100000000)
  region size 1024K, 1 young (1024K), 1 survivors (1024K)
 Metaspace       used 91495K, capacity 93851K, committed 94080K, reserved 1130496K
  class space    used 11796K, capacity 12613K, committed 12672K, reserved 1048576K
}
Event: 62.193 GC heap before
{Heap before GC invocations=49 (full 0):
 garbage-first heap   total 142336K, used 138462K [0x0000000080000000, 0x0000000100000000)
  region size 1024K, 6 young (6144K), 1 survivors (1024K)
 Metaspace       used 91498K, capacity 93851K, committed 94080K, reserved 1130496K
  class space    used 11796K, capacity 12613K, committed 12672K, reserved 1048576K
}
Event: 62.205 GC heap after
{Heap after GC invocations=50 (full 0):
 garbage-first heap   total 172032K, used 136841K [0x0000000080000000, 0x0000000100000000)
  region size 1024K, 1 young (1024K), 1 survivors (1024K)
 Metaspace       used 91498K, capacity 93851K, committed 94080K, reserved 1130496K
  class space    used 11796K, capacity 12613K, committed 12672K, reserved 1048576K
}
Event: 62.445 GC heap before
{Heap before GC invocations=50 (full 0):
 garbage-first heap   total 172032K, used 142985K [0x0000000080000000, 0x0000000100000000)
  region size 1024K, 8 young (8192K), 1 survivors (1024K)
 Metaspace       used 91498K, capacity 93851K, committed 94080K, reserved 1130496K
  class space    used 11796K, capacity 12613K, committed 12672K, reserved 1048576K
}
Event: 62.458 GC heap after
{Heap after GC invocations=51 (full 0):
 garbage-first heap   total 172032K, used 140093K [0x0000000080000000, 0x0000000100000000)
  region size 1024K, 1 young (1024K), 1 survivors (1024K)
 Metaspace       used 91498K, capacity 93851K, committed 94080K, reserved 1130496K
  class space    used 11796K, capacity 12613K, committed 12672K, reserved 1048576K
}
Event: 62.620 GC heap before
{Heap before GC invocations=51 (full 0):
 garbage-first heap   total 172032K, used 146237K [0x0000000080000000, 0x0000000100000000)
  region size 1024K, 8 young (8192K), 1 survivors (1024K)
 Metaspace       used 91514K, capacity 93856K, committed 94080K, reserved 1130496K
  class space    used 11798K, capacity 12615K, committed 12672K, reserved 1048576K
}
Event: 62.634 GC heap after
{Heap after GC invocations=52 (full 0):
 garbage-first heap   total 172032K, used 143326K [0x0000000080000000, 0x0000000100000000)
  region size 1024K, 1 young (1024K), 1 survivors (1024K)
 Metaspace       used 91514K, capacity 93856K, committed 94080K, reserved 1130496K
  class space    used 11798K, capacity 12615K, committed 12672K, reserved 1048576K
}
Event: 62.809 GC heap before
{Heap before GC invocations=52 (full 0):
 garbage-first heap   total 172032K, used 150494K [0x0000000080000000, 0x0000000100000000)
  region size 1024K, 8 young (8192K), 1 survivors (1024K)
 Metaspace       used 91516K, capacity 93856K, committed 94080K, reserved 1130496K
  class space    used 11798K, capacity 12615K, committed 12672K, reserved 1048576K
}
Event: 62.823 GC heap after
{Heap after GC invocations=53 (full 0):
 garbage-first heap   total 172032K, used 146134K [0x0000000080000000, 0x0000000100000000)
  region size 1024K, 1 young (1024K), 1 survivors (1024K)
 Metaspace       used 91516K, capacity 93856K, committed 94080K, reserved 1130496K
  class space    used 11798K, capacity 12615K, committed 12672K, reserved 1048576K
}
Event: 62.964 GC heap before
{Heap before GC invocations=53 (full 0):
 garbage-first heap   total 172032K, used 154326K [0x0000000080000000, 0x0000000100000000)
  region size 1024K, 8 young (8192K), 1 survivors (1024K)
 Metaspace       used 91516K, capacity 93856K, committed 94080K, reserved 1130496K
  class space    used 11798K, capacity 12615K, committed 12672K, reserved 1048576K
}
Event: 62.988 GC heap after
{Heap after GC invocations=54 (full 0):
 garbage-first heap   total 292864K, used 151360K [0x0000000080000000, 0x0000000100000000)
  region size 1024K, 1 young (1024K), 1 survivors (1024K)
 Metaspace       used 91516K, capacity 93856K, committed 94080K, reserved 1130496K
  class space    used 11798K, capacity 12615K, committed 12672K, reserved 1048576K
}
Event: 64.196 GC heap before
{Heap before GC invocations=55 (full 0):
 garbage-first heap   total 292864K, used 192320K [0x0000000080000000, 0x0000000100000000)
  region size 1024K, 41 young (41984K), 1 survivors (1024K)
 Metaspace       used 93728K, capacity 96094K, committed 96384K, reserved 1132544K
  class space    used 12267K, capacity 13126K, committed 13184K, reserved 1048576K
}
Event: 64.247 GC heap after
{Heap after GC invocations=56 (full 0):
 garbage-first heap   total 292864K, used 166297K [0x0000000080000000, 0x0000000100000000)
  region size 1024K, 6 young (6144K), 6 survivors (6144K)
 Metaspace       used 93728K, capacity 96094K, committed 96384K, reserved 1132544K
  class space    used 12267K, capacity 13126K, committed 13184K, reserved 1048576K
}
Event: 64.815 GC heap before
{Heap before GC invocations=56 (full 0):
 garbage-first heap   total 292864K, used 204185K [0x0000000080000000, 0x0000000100000000)
  region size 1024K, 43 young (44032K), 6 survivors (6144K)
 Metaspace       used 93816K, capacity 96225K, committed 96384K, reserved 1132544K
  class space    used 12267K, capacity 13126K, committed 13184K, reserved 1048576K
}
Event: 64.897 GC heap after
{Heap after GC invocations=57 (full 0):
 garbage-first heap   total 292864K, used 185344K [0x0000000080000000, 0x0000000100000000)
  region size 1024K, 6 young (6144K), 6 survivors (6144K)
 Metaspace       used 93816K, capacity 96225K, committed 96384K, reserved 1132544K
  class space    used 12267K, capacity 13126K, committed 13184K, reserved 1048576K
}
Event: 65.673 GC heap before
{Heap before GC invocations=57 (full 0):
 garbage-first heap   total 292864K, used 217088K [0x0000000080000000, 0x0000000100000000)
  region size 1024K, 37 young (37888K), 6 survivors (6144K)
 Metaspace       used 93832K, capacity 96228K, committed 96384K, reserved 1132544K
  class space    used 12267K, capacity 13126K, committed 13184K, reserved 1048576K
}
Event: 65.730 GC heap after
{Heap after GC invocations=58 (full 0):
 garbage-first heap   total 292864K, used 201728K [0x0000000080000000, 0x0000000100000000)
  region size 1024K, 5 young (5120K), 5 survivors (5120K)
 Metaspace       used 93832K, capacity 96228K, committed 96384K, reserved 1132544K
  class space    used 12267K, capacity 13126K, committed 13184K, reserved 1048576K
}
Event: 66.145 GC heap before
{Heap before GC invocations=59 (full 0):
 garbage-first heap   total 292864K, used 228352K [0x0000000080000000, 0x0000000100000000)
  region size 1024K, 31 young (31744K), 5 survivors (5120K)
 Metaspace       used 93835K, capacity 96228K, committed 96384K, reserved 1132544K
  class space    used 12267K, capacity 13126K, committed 13184K, reserved 1048576K
}

Deoptimization events (20 events):
Event: 66.060 Thread 0x0000026511c9a000 DEOPT PACKING pc=0x0000026501e37705 sp=0x0000006e726fe710
Event: 66.060 Thread 0x0000026511c9a000 DEOPT UNPACKING pc=0x000002650002764e sp=0x0000006e726fdd38 mode 0
Event: 66.064 Thread 0x0000026511c9a800 DEOPT PACKING pc=0x0000026501e37705 sp=0x0000006e725fecf0
Event: 66.064 Thread 0x0000026511c9a800 DEOPT UNPACKING pc=0x000002650002764e sp=0x0000006e725fe318 mode 0
Event: 66.071 Thread 0x0000026511c9a800 DEOPT PACKING pc=0x0000026501e37705 sp=0x0000006e725fecf0
Event: 66.071 Thread 0x0000026511c9a800 DEOPT UNPACKING pc=0x000002650002764e sp=0x0000006e725fe318 mode 0
Event: 66.079 Thread 0x0000026511c9a800 DEOPT PACKING pc=0x0000026501e37705 sp=0x0000006e725fecf0
Event: 66.079 Thread 0x0000026511c9a800 DEOPT UNPACKING pc=0x000002650002764e sp=0x0000006e725fe318 mode 0
Event: 66.084 Thread 0x0000026511c9a000 DEOPT PACKING pc=0x0000026501e37705 sp=0x0000006e726fe710
Event: 66.084 Thread 0x0000026511c9a000 DEOPT UNPACKING pc=0x000002650002764e sp=0x0000006e726fdd38 mode 0
Event: 66.090 Thread 0x0000026511c9a800 DEOPT PACKING pc=0x0000026501e37705 sp=0x0000006e725fed10
Event: 66.090 Thread 0x0000026511c9a800 DEOPT UNPACKING pc=0x000002650002764e sp=0x0000006e725fe338 mode 0
Event: 66.097 Thread 0x0000026511c9c800 DEOPT PACKING pc=0x0000026501e37705 sp=0x0000006e724fefb0
Event: 66.097 Thread 0x0000026511c9c800 DEOPT UNPACKING pc=0x000002650002764e sp=0x0000006e724fe5d8 mode 0
Event: 66.105 Thread 0x0000026511c9c800 DEOPT PACKING pc=0x0000026501e37705 sp=0x0000006e724fefb0
Event: 66.105 Thread 0x0000026511c9c800 DEOPT UNPACKING pc=0x000002650002764e sp=0x0000006e724fe5d8 mode 0
Event: 66.111 Thread 0x0000026511c9c800 DEOPT PACKING pc=0x0000026501e37705 sp=0x0000006e724fefb0
Event: 66.111 Thread 0x0000026511c9c800 DEOPT UNPACKING pc=0x000002650002764e sp=0x0000006e724fe5d8 mode 0
Event: 66.116 Thread 0x0000026511c9c800 DEOPT PACKING pc=0x0000026501e37705 sp=0x0000006e724fefd0
Event: 66.116 Thread 0x0000026511c9c800 DEOPT UNPACKING pc=0x000002650002764e sp=0x0000006e724fe5f8 mode 0

Classes redefined (0 events):
No events

Internal exceptions (20 events):
Event: 55.884 Thread 0x0000026511c90000 Exception <a 'java/lang/NoSuchMethodError'{0x0000000087ced660}: <clinit>> (0x0000000087ced660) thrown at [./src/hotspot/share/prims/jni.cpp, line 1362]
Event: 56.144 Thread 0x0000026511c90000 Exception <a 'java/lang/NoSuchMethodError'{0x00000000877fc350}: <clinit>> (0x00000000877fc350) thrown at [./src/hotspot/share/prims/jni.cpp, line 1362]
Event: 56.150 Thread 0x0000026511c90000 Exception <a 'java/lang/NoSuchMethodError'{0x00000000876330c0}: <clinit>> (0x00000000876330c0) thrown at [./src/hotspot/share/prims/jni.cpp, line 1362]
Event: 56.198 Thread 0x0000026511c90000 Exception <a 'java/lang/NoSuchMethodError'{0x0000000087668d98}: <clinit>> (0x0000000087668d98) thrown at [./src/hotspot/share/prims/jni.cpp, line 1362]
Event: 56.200 Thread 0x0000026511c90000 Exception <a 'java/lang/NoSuchMethodError'{0x000000008767bbd8}: <clinit>> (0x000000008767bbd8) thrown at [./src/hotspot/share/prims/jni.cpp, line 1362]
Event: 58.336 Thread 0x000002657e0af000 Exception <a 'java/lang/NoSuchMethodError'{0x0000000087785358}: 'void java.lang.invoke.DirectMethodHandle$Holder.invokeStatic(java.lang.Object, java.lang.Object, java.lang.Object, java.lang.Object, java.lang.Object, java.lang.Object, java.lang.Object)'> (0x0000000087785358) thrown at [./src/hotspot/share/interpreter/linkResolver.cpp, line 773]
Event: 59.371 Thread 0x0000026511c96800 Exception <a 'java/lang/NoSuchMethodError'{0x0000000086c2cc28}: 'void java.lang.invoke.DirectMethodHandle$Holder.invokeStatic(java.lang.Object, long)'> (0x0000000086c2cc28) thrown at [./src/hotspot/share/interpreter/linkResolver.cpp, line 773]
Event: 59.372 Thread 0x0000026511c96800 Exception <a 'java/lang/NoSuchMethodError'{0x0000000086c39688}: 'java.lang.Object java.lang.invoke.DirectMethodHandle$Holder.invokeStatic(java.lang.Object, long)'> (0x0000000086c39688) thrown at [./src/hotspot/share/interpreter/linkResolver.cpp, line 773]
Event: 59.375 Thread 0x0000026511c96800 Exception <a 'java/lang/NoSuchMethodError'{0x0000000086c47a50}: 'java.lang.Object java.lang.invoke.DirectMethodHandle$Holder.invokeStaticInit(java.lang.Object, java.lang.Object, long, java.lang.Object)'> (0x0000000086c47a50) thrown at [./src/hotspot/share/interpreter/linkResolver.cpp, line 773]
Event: 59.375 Thread 0x0000026511c96800 Exception <a 'java/lang/NoSuchMethodError'{0x0000000086c4dbe8}: 'java.lang.Object java.lang.invoke.DirectMethodHandle$Holder.invokeStatic(java.lang.Object, java.lang.Object, long)'> (0x0000000086c4dbe8) thrown at [./src/hotspot/share/interpreter/linkResolver.cpp, line 773]
Event: 59.376 Thread 0x0000026511c96800 Exception <a 'java/lang/NoSuchMethodError'{0x0000000086c54160}: 'java.lang.Object java.lang.invoke.Invokers$Holder.linkToTargetMethod(java.lang.Object, long, java.lang.Object)'> (0x0000000086c54160) thrown at [./src/hotspot/share/interpreter/linkResolver.cpp, line 773]
Event: 60.767 Thread 0x000002650f8da000 Exception <a 'java/lang/NoSuchMethodError'{0x0000000087cef8d0}: 'int java.lang.invoke.DirectMethodHandle$Holder.invokeSpecial(java.lang.Object, java.lang.Object, java.lang.Object, java.lang.Object, java.lang.Object)'> (0x0000000087cef8d0) thrown at [./src/hotspot/share/interpreter/linkResolver.cpp, line 773]
Event: 60.972 Thread 0x0000026511c99000 Exception <a 'sun/nio/fs/WindowsException'{0x0000000087ac51c0}> (0x0000000087ac51c0) thrown at [./src/hotspot/share/prims/jni.cpp, line 615]
Event: 61.064 Thread 0x0000026511c96800 Exception <a 'java/lang/NoSuchMethodError'{0x0000000087ca2d30}: 'int java.lang.invoke.DirectMethodHandle$Holder.invokeSpecialIFC(java.lang.Object, java.lang.Object, java.lang.Object)'> (0x0000000087ca2d30) thrown at [./src/hotspot/share/interpreter/linkResolver.cpp, line 773]
Event: 61.585 Thread 0x0000026511c99000 Exception <a 'java/lang/NoSuchMethodError'{0x0000000087b43c78}: 'java.lang.Object java.lang.invoke.DirectMethodHandle$Holder.invokeStatic(java.lang.Object, java.lang.Object, java.lang.Object, java.lang.Object, java.lang.Object, java.lang.Object, java.lang.Object, java.lang.Object, java.lang.Object, java.lang.Object, java.lang.Object, java.lang.Object, java.lang.Object, java.lang.Object, java.lang.Object, java.lang.Object, java.lang.Object, java.lang.Object, int, java.lang.Object)'> (0x0000000087b43c78) thr
Event: 61.590 Thread 0x0000026511c99000 Exception <a 'java/lang/NoSuchMethodError'{0x0000000087b49508}: 'java.lang.Object java.lang.invoke.DirectMethodHandle$Holder.invokeStaticInit(java.lang.Object, java.lang.Object, java.lang.Object, java.lang.Object, java.lang.Object, java.lang.Object, java.lang.Object, java.lang.Object, java.lang.Object, java.lang.Object, java.lang.Object, java.lang.Object, java.lang.Object, java.lang.Object, java.lang.Object, java.lang.Object, java.lang.Object, java.lang.Object, int, java.lang.Object)'> (0x0000000087b49508)
Event: 63.635 Thread 0x0000026511c9b800 Exception <a 'java/lang/IncompatibleClassChangeError'{0x00000000902f5468}: Found class java.lang.Object, but interface was expected> (0x00000000902f5468) thrown at [./src/hotspot/share/interpreter/linkResolver.cpp, line 839]
Event: 63.639 Thread 0x0000026511c9c800 Exception <a 'java/lang/NoSuchMethodError'{0x0000000090248678}: 'java.lang.Object java.lang.invoke.DirectMethodHandle$Holder.newInvokeSpecial(java.lang.Object, int)'> (0x0000000090248678) thrown at [./src/hotspot/share/interpreter/linkResolver.cpp, line 773]
Event: 63.643 Thread 0x0000026511c9b800 Exception <a 'java/lang/IncompatibleClassChangeError'{0x000000009019dca0}: Found class java.lang.Object, but interface was expected> (0x000000009019dca0) thrown at [./src/hotspot/share/interpreter/linkResolver.cpp, line 839]
Event: 63.662 Thread 0x0000026511c9b800 Exception <a 'java/lang/IncompatibleClassChangeError'{0x00000000901a5298}: Found class java.lang.Object, but interface was expected> (0x00000000901a5298) thrown at [./src/hotspot/share/interpreter/linkResolver.cpp, line 839]

Events (20 events):
Event: 63.979 loading class com/android/tools/r8/internal/mu$d done
Event: 63.979 loading class com/android/tools/r8/internal/nu
Event: 63.979 loading class com/android/tools/r8/internal/nu done
Event: 63.991 loading class com/android/tools/r8/internal/Zc
Event: 63.991 loading class com/android/tools/r8/internal/Zc done
Event: 64.029 loading class com/android/tools/r8/internal/cq
Event: 64.029 loading class com/android/tools/r8/internal/cq done
Event: 64.139 loading class com/android/tools/r8/internal/g8
Event: 64.139 loading class com/android/tools/r8/internal/g8 done
Event: 64.191 Executing VM operation: G1CollectForAllocation
Event: 64.247 Executing VM operation: G1CollectForAllocation done
Event: 64.812 Executing VM operation: G1CollectForAllocation
Event: 64.897 Executing VM operation: G1CollectForAllocation done
Event: 65.513 Executing VM operation: CGC_Operation
Event: 65.539 Executing VM operation: CGC_Operation done
Event: 65.653 Executing VM operation: G1CollectForAllocation
Event: 65.730 Executing VM operation: G1CollectForAllocation done
Event: 65.908 Executing VM operation: CGC_Operation
Event: 65.928 Executing VM operation: CGC_Operation done
Event: 66.120 Executing VM operation: G1CollectForAllocation


Dynamic libraries:
0x00007ff779590000 - 0x00007ff77959a000 	C:\Program Files\Android\Android Studio\jre\bin\java.exe
0x00007ffdc8150000 - 0x00007ffdc8345000 	C:\WINDOWS\SYSTEM32\ntdll.dll
0x00007ffdc67e0000 - 0x00007ffdc689d000 	C:\WINDOWS\System32\KERNEL32.DLL
0x00007ffdc5900000 - 0x00007ffdc5bcd000 	C:\WINDOWS\System32\KERNELBASE.dll
0x00007ffdc5bd0000 - 0x00007ffdc5cd0000 	C:\WINDOWS\System32\ucrtbase.dll
0x00007ffdaae60000 - 0x00007ffdaae79000 	C:\Program Files\Android\Android Studio\jre\bin\jli.dll
0x00007ffdc78d0000 - 0x00007ffdc7a70000 	C:\WINDOWS\System32\USER32.dll
0x00007ffdc6170000 - 0x00007ffdc6192000 	C:\WINDOWS\System32\win32u.dll
0x00007ffdc6450000 - 0x00007ffdc647a000 	C:\WINDOWS\System32\GDI32.dll
0x00007ffdc6060000 - 0x00007ffdc616b000 	C:\WINDOWS\System32\gdi32full.dll
0x00007ffdc5ee0000 - 0x00007ffdc5f7d000 	C:\WINDOWS\System32\msvcp_win.dll
0x00007ffdb7c20000 - 0x00007ffdb7eba000 	C:\WINDOWS\WinSxS\amd64_microsoft.windows.common-controls_6595b64144ccf1df_6.0.19041.1110_none_60b5254171f9507e\COMCTL32.dll
0x00007ffdc72e0000 - 0x00007ffdc737e000 	C:\WINDOWS\System32\msvcrt.dll
0x00007ffda8660000 - 0x00007ffda8677000 	C:\Program Files\Android\Android Studio\jre\bin\VCRUNTIME140.dll
0x00007ffdc7a70000 - 0x00007ffdc7aa0000 	C:\WINDOWS\System32\IMM32.DLL
0x00007ffd90d40000 - 0x00007ffd90ddd000 	C:\Program Files\Android\Android Studio\jre\bin\msvcp140.dll
0x00007ffd50fa0000 - 0x00007ffd51a6f000 	C:\Program Files\Android\Android Studio\jre\bin\server\jvm.dll
0x00007ffdc7da0000 - 0x00007ffdc7e4e000 	C:\WINDOWS\System32\ADVAPI32.dll
0x00007ffdc8070000 - 0x00007ffdc810c000 	C:\WINDOWS\System32\sechost.dll
0x00007ffdc7e50000 - 0x00007ffdc7f75000 	C:\WINDOWS\System32\RPCRT4.dll
0x00007ffdc7d90000 - 0x00007ffdc7d98000 	C:\WINDOWS\System32\PSAPI.DLL
0x00007ffdb3790000 - 0x00007ffdb3799000 	C:\WINDOWS\SYSTEM32\WSOCK32.dll
0x00007ffdc7d20000 - 0x00007ffdc7d8b000 	C:\WINDOWS\System32\WS2_32.dll
0x00007ffdb79c0000 - 0x00007ffdb79e7000 	C:\WINDOWS\SYSTEM32\WINMM.dll
0x00007ffdbdb30000 - 0x00007ffdbdb3a000 	C:\WINDOWS\SYSTEM32\VERSION.dll
0x00007ffdc3760000 - 0x00007ffdc3772000 	C:\WINDOWS\SYSTEM32\kernel.appcore.dll
0x00007ffdbf2c0000 - 0x00007ffdbf2d1000 	C:\Program Files\Android\Android Studio\jre\bin\verify.dll
0x00007ffdbc320000 - 0x00007ffdbc504000 	C:\WINDOWS\SYSTEM32\DBGHELP.DLL
0x00007ffdbb6a0000 - 0x00007ffdbb6cc000 	C:\WINDOWS\SYSTEM32\dbgcore.DLL
0x00007ffdc5f80000 - 0x00007ffdc6002000 	C:\WINDOWS\System32\bcryptPrimitives.dll
0x00007ffdbf290000 - 0x00007ffdbf2b9000 	C:\Program Files\Android\Android Studio\jre\bin\java.dll
0x00007ffdc0f00000 - 0x00007ffdc0f0b000 	C:\Program Files\Android\Android Studio\jre\bin\jimage.dll
0x00007ffdbf270000 - 0x00007ffdbf288000 	C:\Program Files\Android\Android Studio\jre\bin\zip.dll
0x00007ffdc6a50000 - 0x00007ffdc7194000 	C:\WINDOWS\System32\SHELL32.dll
0x00007ffdc3960000 - 0x00007ffdc40f4000 	C:\WINDOWS\SYSTEM32\windows.storage.dll
0x00007ffdc6480000 - 0x00007ffdc67d4000 	C:\WINDOWS\System32\combase.dll
0x00007ffdc5250000 - 0x00007ffdc527c000 	C:\WINDOWS\SYSTEM32\Wldp.dll
0x00007ffdc7820000 - 0x00007ffdc78cd000 	C:\WINDOWS\System32\SHCORE.dll
0x00007ffdc7f80000 - 0x00007ffdc7fd5000 	C:\WINDOWS\System32\shlwapi.dll
0x00007ffdc57a0000 - 0x00007ffdc57bf000 	C:\WINDOWS\SYSTEM32\profapi.dll
0x00007ffdbf250000 - 0x00007ffdbf26a000 	C:\Program Files\Android\Android Studio\jre\bin\net.dll
0x00007ffdb7270000 - 0x00007ffdb737a000 	C:\WINDOWS\SYSTEM32\WINHTTP.dll
0x00007ffdc4fb0000 - 0x00007ffdc501a000 	C:\WINDOWS\system32\mswsock.dll
0x00007ffdbf230000 - 0x00007ffdbf244000 	C:\Program Files\Android\Android Studio\jre\bin\nio.dll
0x00007ffda1b90000 - 0x00007ffda1bb7000 	C:\Users\Eddo Yulianda\.gradle\native\8bec1ad78214c89d9ad589b4d07fe93259594b29d510b10fafb7a158f7737e5d\windows-amd64\native-platform.dll
0x00007ffd82ae0000 - 0x00007ffd82c1d000 	C:\Users\Eddo Yulianda\.gradle\native\53dbd7edfb1c66fb8903c78663c9afc45aea4f116125fa6feffd364cf09443e8\windows-amd64\native-platform-file-events.dll
0x00007ffdc0240000 - 0x00007ffdc024a000 	C:\Program Files\Android\Android Studio\jre\bin\management.dll
0x00007ffdbf220000 - 0x00007ffdbf22c000 	C:\Program Files\Android\Android Studio\jre\bin\management_ext.dll
0x00007ffdc51a0000 - 0x00007ffdc51b8000 	C:\WINDOWS\SYSTEM32\CRYPTSP.dll
0x00007ffdc48d0000 - 0x00007ffdc4904000 	C:\WINDOWS\system32\rsaenh.dll
0x00007ffdc5860000 - 0x00007ffdc5887000 	C:\WINDOWS\System32\bcrypt.dll
0x00007ffdc5720000 - 0x00007ffdc574e000 	C:\WINDOWS\SYSTEM32\USERENV.dll
0x00007ffdc51c0000 - 0x00007ffdc51cc000 	C:\WINDOWS\SYSTEM32\CRYPTBASE.dll
0x00007ffdc4ca0000 - 0x00007ffdc4cdb000 	C:\WINDOWS\SYSTEM32\IPHLPAPI.DLL
0x00007ffdc72d0000 - 0x00007ffdc72d8000 	C:\WINDOWS\System32\NSI.dll
0x00007ffdbb5b0000 - 0x00007ffdbb5c7000 	C:\WINDOWS\SYSTEM32\dhcpcsvc6.DLL
0x00007ffdbc830000 - 0x00007ffdbc84d000 	C:\WINDOWS\SYSTEM32\dhcpcsvc.DLL
0x00007ffdc4ce0000 - 0x00007ffdc4dab000 	C:\WINDOWS\SYSTEM32\DNSAPI.dll

dbghelp: loaded successfully - version: 4.0.5 - missing functions: none
symbol engine: initialized successfully - sym options: 0x614 - pdb path: .;C:\Program Files\Android\Android Studio\jre\bin;C:\WINDOWS\SYSTEM32;C:\WINDOWS\WinSxS\amd64_microsoft.windows.common-controls_6595b64144ccf1df_6.0.19041.1110_none_60b5254171f9507e;C:\Program Files\Android\Android Studio\jre\bin\server;C:\Users\Eddo Yulianda\.gradle\native\8bec1ad78214c89d9ad589b4d07fe93259594b29d510b10fafb7a158f7737e5d\windows-amd64;C:\Users\Eddo Yulianda\.gradle\native\53dbd7edfb1c66fb8903c78663c9afc45aea4f116125fa6feffd364cf09443e8\windows-amd64

VM Arguments:
jvm_args: --add-opens=java.base/java.util=ALL-UNNAMED --add-opens=java.base/java.lang=ALL-UNNAMED --add-opens=java.base/java.lang.invoke=ALL-UNNAMED --add-opens=java.base/java.util=ALL-UNNAMED --add-opens=java.prefs/java.util.prefs=ALL-UNNAMED --add-opens=java.prefs/java.util.prefs=ALL-UNNAMED --add-opens=java.base/java.nio.charset=ALL-UNNAMED --add-opens=java.base/java.net=ALL-UNNAMED --add-opens=java.base/java.util.concurrent.atomic=ALL-UNNAMED -Xmx2048m -Dfile.encoding=UTF-8 -Duser.country=GB -Duser.language=en -Duser.variant 
java_command: org.gradle.launcher.daemon.bootstrap.GradleDaemon 7.0.2
java_class_path (initial): C:\Users\Eddo Yulianda\.gradle\wrapper\dists\gradle-7.0.2-bin\857tjihv64xamwrf0h14cai3r\gradle-7.0.2\lib\gradle-launcher-7.0.2.jar
Launcher Type: SUN_STANDARD

[Global flags]
     intx CICompilerCount                          = 3                                         {product} {ergonomic}
     uint ConcGCThreads                            = 1                                         {product} {ergonomic}
     uint G1ConcRefinementThreads                  = 4                                         {product} {ergonomic}
   size_t G1HeapRegionSize                         = 1048576                                   {product} {ergonomic}
    uintx GCDrainStackTargetSize                   = 64                                        {product} {ergonomic}
   size_t InitialHeapSize                          = 132120576                                 {product} {ergonomic}
   size_t MarkStackSize                            = 4194304                                   {product} {ergonomic}
   size_t MaxHeapSize                              = 2147483648                                {product} {command line}
   size_t MaxNewSize                               = 1287651328                                {product} {ergonomic}
   size_t MinHeapDeltaBytes                        = 1048576                                   {product} {ergonomic}
    uintx NonNMethodCodeHeapSize                   = 5830732                                {pd product} {ergonomic}
    uintx NonProfiledCodeHeapSize                  = 122913754                              {pd product} {ergonomic}
    uintx ProfiledCodeHeapSize                     = 122913754                              {pd product} {ergonomic}
    uintx ReservedCodeCacheSize                    = 251658240                              {pd product} {ergonomic}
     bool SegmentedCodeCache                       = true                                      {product} {ergonomic}
     bool UseCompressedClassPointers               = true                                 {lp64_product} {ergonomic}
     bool UseCompressedOops                        = true                                 {lp64_product} {ergonomic}
     bool UseG1GC                                  = true                                      {product} {ergonomic}
     bool UseLargePagesIndividualAllocation        = false                                  {pd product} {ergonomic}

Logging:
Log output configuration:
 #0: stdout all=warning uptime,level,tags
 #1: stderr all=off uptime,level,tags

Environment Variables:
PATH=C:\WINDOWS\system32;C:\WINDOWS;C:\WINDOWS\System32\Wbem;C:\WINDOWS\System32\WindowsPowerShell\v1.0\;C:\WINDOWS\System32\OpenSSH\;C:\Program Files (x86)\Intel\OpenCL SDK\2.0\bin\x86;C:\Program Files (x86)\Intel\OpenCL SDK\2.0\bin\x64;C:\Program Files\dotnet\;C:\ProgramData\ComposerSetup\bin;C:\xampp2\php;C:\Program Files\Microsoft SQL Server\130\Tools\Binn\;C:\Program Files\Microsoft SQL Server\Client SDK\ODBC\170\Tools\Binn\;C:\Program Files (x86)\dotnet\;C:\Program Files\Microsoft VS Code\bin;C:\Program Files\Git\cmd;C:\Program Files\MySQL\MySQL Shell 8.0\bin\;C:\Users\Eddo Yulianda\AppData\Local\Microsoft\WindowsApps;C:\Users\Eddo Yulianda\.dotnet\tools;C:\Users\Eddo Yulianda\AppData\Roaming\Composer\vendor\bin;C:\Users\Eddo Yulianda\AppData\Local\GitHubDesktop\bin
USERNAME=Eddo Yulianda
OS=Windows_NT
PROCESSOR_IDENTIFIER=Intel64 Family 6 Model 42 Stepping 7, GenuineIntel



---------------  S Y S T E M  ---------------

OS: Windows 10 , 64 bit Build 19041 (10.0.19041.1706)
OS uptime: 0 days 1:24 hours

CPU:total 4 (initial active 4) (2 cores per cpu, 2 threads per core) family 6 model 42 stepping 7 microcode 0x2f, cmov, cx8, fxsr, mmx, sse, sse2, sse3, ssse3, sse4.1, sse4.2, popcnt, avx, aes, clmul, ht, tsc, tscinvbit

Memory: 4k page, system-wide physical 8038M (609M free)
TotalPageFile size 8038M (AvailPageFile size 330M)
current process WorkingSet (physical memory assigned to process): 536M, peak: 537M
current process commit charge ("private bytes"): 605M, peak: 982M

vm_info: OpenJDK 64-Bit Server VM (11.0.10+0-b96-7249189) for windows-amd64 JRE (11.0.10+0-b96-7249189), built on Mar 31 2021 21:44:00 by "builder" with MS VC++ 14.0 (VS2015)

END.
