#
# There is insufficient memory for the Java Runtime Environment to continue.
# Native memory allocation (mmap) failed to map 59768832 bytes for Failed to commit area from 0x000000008e900000 to 0x0000000092200000 of length 59768832.
# Possible reasons:
#   The system is out of physical RAM or swap space
#   The process is running with CompressedOops enabled, and the Java Heap may be blocking the growth of the native heap
# Possible solutions:
#   Reduce memory load on the system
#   Increase physical memory or swap space
#   Check if swap backing store is full
#   Decrease Java heap size (-Xmx/-Xms)
#   Decrease number of Java threads
#   Decrease Java thread stack sizes (-Xss)
#   Set larger code cache with -XX:ReservedCodeCacheSize=
#   JVM is running with Unscaled Compressed Oops mode in which the Java heap is
#     placed in the first 4GB address space. The Java Heap base address is the
#     maximum limit for the native heap growth. Please use -XX:HeapBaseMinAddress
#     to set the Java Heap base and to place the Java Heap above 4GB virtual address.
# This output file may be truncated or incomplete.
#
#  Out of Memory Error (./src/hotspot/os/windows/os_windows.cpp:3301), pid=7580, tid=7116
#
# JRE version: OpenJDK Runtime Environment (11.0.10) (build 11.0.10+0-b96-7249189)
# Java VM: OpenJDK 64-Bit Server VM (11.0.10+0-b96-7249189, mixed mode, tiered, compressed oops, g1 gc, windows-amd64)
# No core dump will be written. Minidumps are not enabled by default on client versions of Windows
#

---------------  S U M M A R Y ------------

Command Line: --add-opens=java.base/java.util=ALL-UNNAMED --add-opens=java.base/java.lang=ALL-UNNAMED --add-opens=java.base/java.lang.invoke=ALL-UNNAMED --add-opens=java.base/java.util=ALL-UNNAMED --add-opens=java.prefs/java.util.prefs=ALL-UNNAMED --add-opens=java.prefs/java.util.prefs=ALL-UNNAMED --add-opens=java.base/java.nio.charset=ALL-UNNAMED --add-opens=java.base/java.net=ALL-UNNAMED --add-opens=java.base/java.util.concurrent.atomic=ALL-UNNAMED -Xmx2048m -Dfile.encoding=UTF-8 -Duser.country=GB -Duser.language=en -Duser.variant org.gradle.launcher.daemon.bootstrap.GradleDaemon 7.0.2

Host: Intel(R) Core(TM) i5-2410M CPU @ 2.30GHz, 4 cores, 7G,  Windows 10 , 64 bit Build 19041 (10.0.19041.1706)
Time: Mon May 23 13:50:29 2022 SE Asia Standard Time elapsed time: 95.934421 seconds (0d 0h 1m 35s)

---------------  T H R E A D  ---------------

Current thread (0x0000015a43bc7800):  VMThread "VM Thread" [stack: 0x0000005a0a100000,0x0000005a0a200000] [id=7116]

Stack: [0x0000005a0a100000,0x0000005a0a200000]
[error occurred during error reporting (printing stack bounds), id 0xc0000005, EXCEPTION_ACCESS_VIOLATION (0xc0000005) at pc=0x0000015a2daf0f2d]

Native frames: (J=compiled Java code, j=interpreted, Vv=VM code, C=native code)
V  [jvm.dll+0x5ecfaa]
V  [jvm.dll+0x722bd5]
V  [jvm.dll+0x72412d]
V  [jvm.dll+0x724745]
V  [jvm.dll+0x7246fb]
V  [jvm.dll+0x5ec348]
V  [jvm.dll+0x5ecad8]
C  [ntdll.dll+0xa209f]
C  [ntdll.dll+0x51454]
C  [ntdll.dll+0xa0bce]
C  0x0000015a2daf0f2d

VM_Operation (0x0000005a0dbfda30): G1CollectForAllocation, mode: safepoint, requested by thread 0x0000015a49992000


---------------  P R O C E S S  ---------------

Threads class SMR info:
_java_thread_list=0x0000015a481f2940, length=58, elements={
0x0000015a29ffe800, 0x0000015a43bcc800, 0x0000015a43bcf800, 0x0000015a43be7000,
0x0000015a43be8000, 0x0000015a43bea800, 0x0000015a43bf3800, 0x0000015a43bf9000,
0x0000015a44599000, 0x0000015a44691800, 0x0000015a458df800, 0x0000015a44a0e800,
0x0000015a4549c800, 0x0000015a45519000, 0x0000015a4674a800, 0x0000015a460ee000,
0x0000015a46f30800, 0x0000015a46b92000, 0x0000015a4664f800, 0x0000015a46650000,
0x0000015a4664e800, 0x0000015a4664c000, 0x0000015a4664a800, 0x0000015a46651000,
0x0000015a4664b000, 0x0000015a4664d000, 0x0000015a4664d800, 0x0000015a45f6e800,
0x0000015a45f6d000, 0x0000015a45f6f800, 0x0000015a45f70000, 0x0000015a45f6a800,
0x0000015a45f71000, 0x0000015a45f6b000, 0x0000015a45f74000, 0x0000015a45f76800,
0x0000015a45f72800, 0x0000015a45f73800, 0x0000015a45f75000, 0x0000015a45f76000,
0x0000015a45f77800, 0x0000015a45f78800, 0x0000015a45f79000, 0x0000015a49995000,
0x0000015a49997000, 0x0000015a49994800, 0x0000015a49993000, 0x0000015a49991000,
0x0000015a49996000, 0x0000015a49997800, 0x0000015a49998800, 0x0000015a49993800,
0x0000015a4999f000, 0x0000015a49992000, 0x0000015a4999c800, 0x0000015a49999800,
0x0000015a499a0000, 0x0000015a45bad000
}

Java Threads: ( => current thread )
  0x0000015a29ffe800 JavaThread "main" [_thread_blocked, id=13364, stack(0x0000005a09b00000,0x0000005a09c00000)]
  0x0000015a43bcc800 JavaThread "Reference Handler" daemon [_thread_blocked, id=124, stack(0x0000005a0a200000,0x0000005a0a300000)]
  0x0000015a43bcf800 JavaThread "Finalizer" daemon [_thread_blocked, id=9512, stack(0x0000005a0a300000,0x0000005a0a400000)]
  0x0000015a43be7000 JavaThread "Signal Dispatcher" daemon [_thread_blocked, id=11588, stack(0x0000005a0a400000,0x0000005a0a500000)]
  0x0000015a43be8000 JavaThread "Attach Listener" daemon [_thread_blocked, id=13920, stack(0x0000005a0a500000,0x0000005a0a600000)]
  0x0000015a43bea800 JavaThread "Service Thread" daemon [_thread_blocked, id=520, stack(0x0000005a0a600000,0x0000005a0a700000)]
  0x0000015a43bf3800 JavaThread "C2 CompilerThread0" daemon [_thread_blocked, id=6944, stack(0x0000005a0a700000,0x0000005a0a800000)]
  0x0000015a43bf9000 JavaThread "C1 CompilerThread0" daemon [_thread_blocked, id=2184, stack(0x0000005a0a800000,0x0000005a0a900000)]
  0x0000015a44599000 JavaThread "Sweeper thread" daemon [_thread_blocked, id=8540, stack(0x0000005a0a900000,0x0000005a0aa00000)]
  0x0000015a44691800 JavaThread "Common-Cleaner" daemon [_thread_blocked, id=9472, stack(0x0000005a0aa00000,0x0000005a0ab00000)]
  0x0000015a458df800 JavaThread "Daemon health stats" [_thread_blocked, id=6788, stack(0x0000005a0af00000,0x0000005a0b000000)]
  0x0000015a44a0e800 JavaThread "Incoming local TCP Connector on port 55527" [_thread_in_native, id=14836, stack(0x0000005a0ae00000,0x0000005a0af00000)]
  0x0000015a4549c800 JavaThread "Daemon periodic checks" [_thread_blocked, id=6880, stack(0x0000005a0b000000,0x0000005a0b100000)]
  0x0000015a45519000 JavaThread "Daemon" [_thread_blocked, id=4160, stack(0x0000005a0b100000,0x0000005a0b200000)]
  0x0000015a4674a800 JavaThread "Handler for socket connection from /127.0.0.1:55527 to /127.0.0.1:55528" [_thread_in_native, id=1296, stack(0x0000005a0b200000,0x0000005a0b300000)]
  0x0000015a460ee000 JavaThread "Cancel handler" [_thread_blocked, id=10648, stack(0x0000005a0b300000,0x0000005a0b400000)]
  0x0000015a46f30800 JavaThread "Daemon worker" [_thread_blocked, id=8888, stack(0x0000005a0b400000,0x0000005a0b500000)]
  0x0000015a46b92000 JavaThread "Asynchronous log dispatcher for DefaultDaemonConnection: socket connection from /127.0.0.1:55527 to /127.0.0.1:55528" [_thread_blocked, id=5332, stack(0x0000005a0b500000,0x0000005a0b600000)]
  0x0000015a4664f800 JavaThread "Daemon client event forwarder" [_thread_blocked, id=772, stack(0x0000005a0b700000,0x0000005a0b800000)]
  0x0000015a46650000 JavaThread "Cache worker for file hash cache (C:\Users\Eddo Yulianda\.gradle\caches\7.0.2\fileHashes)" [_thread_blocked, id=14240, stack(0x0000005a0b900000,0x0000005a0ba00000)]
  0x0000015a4664e800 JavaThread "File lock request listener" [_thread_in_native, id=7180, stack(0x0000005a0ba00000,0x0000005a0bb00000)]
  0x0000015a4664c000 JavaThread "Cache worker for journal cache (C:\Users\Eddo Yulianda\.gradle\caches\journal-1)" [_thread_blocked, id=14856, stack(0x0000005a0bb00000,0x0000005a0bc00000)]
  0x0000015a4664a800 JavaThread "Cache worker for file hash cache (C:\Users\Eddo Yulianda\AndroidStudioProjects\PresensiOnlinePNP\.gradle\7.0.2\fileHashes)" [_thread_blocked, id=7540, stack(0x0000005a0bc00000,0x0000005a0bd00000)]
  0x0000015a46651000 JavaThread "File watcher server" daemon [_thread_blocked, id=14040, stack(0x0000005a0bd00000,0x0000005a0be00000)]
  0x0000015a4664b000 JavaThread "File watcher consumer" daemon [_thread_blocked, id=7868, stack(0x0000005a0be00000,0x0000005a0bf00000)]
  0x0000015a4664d000 JavaThread "Cache worker for checksums cache (C:\Users\Eddo Yulianda\AndroidStudioProjects\PresensiOnlinePNP\.gradle\checksums)" [_thread_blocked, id=13628, stack(0x0000005a0bf00000,0x0000005a0c000000)]
  0x0000015a4664d800 JavaThread "Cache worker for cache directory md-supplier (C:\Users\Eddo Yulianda\.gradle\caches\7.0.2\md-supplier)" [_thread_blocked, id=14204, stack(0x0000005a0c000000,0x0000005a0c100000)]
  0x0000015a45f6e800 JavaThread "Cache worker for cache directory md-rule (C:\Users\Eddo Yulianda\.gradle\caches\7.0.2\md-rule)" [_thread_blocked, id=1460, stack(0x0000005a0c100000,0x0000005a0c200000)]
  0x0000015a45f6d000 JavaThread "Cache worker for execution history cache (C:\Users\Eddo Yulianda\.gradle\caches\7.0.2\executionHistory)" [_thread_blocked, id=3196, stack(0x0000005a0c200000,0x0000005a0c300000)]
  0x0000015a45f6f800 JavaThread "jar transforms" [_thread_blocked, id=14552, stack(0x0000005a0c400000,0x0000005a0c500000)]
  0x0000015a45f70000 JavaThread "Cache worker for file content cache (C:\Users\Eddo Yulianda\.gradle\caches\7.0.2\fileContent)" [_thread_blocked, id=9052, stack(0x0000005a0c500000,0x0000005a0c600000)]
  0x0000015a45f6a800 JavaThread "jar transforms Thread 2" [_thread_blocked, id=9008, stack(0x0000005a0c600000,0x0000005a0c700000)]
  0x0000015a45f71000 JavaThread "Cache worker for dependencies-accessors (C:\Users\Eddo Yulianda\AndroidStudioProjects\PresensiOnlinePNP\.gradle\7.0.2\dependencies-accessors)" [_thread_blocked, id=9988, stack(0x0000005a0c300000,0x0000005a0c400000)]
  0x0000015a45f6b000 JavaThread "jar transforms Thread 3" [_thread_blocked, id=7008, stack(0x0000005a0c700000,0x0000005a0c800000)]
  0x0000015a45f74000 JavaThread "Cache worker for Build Output Cleanup Cache (C:\Users\Eddo Yulianda\AndroidStudioProjects\PresensiOnlinePNP\.gradle\buildOutputCleanup)" [_thread_blocked, id=4580, stack(0x0000005a0c800000,0x0000005a0c900000)]
  0x0000015a45f76800 JavaThread "Build operations" [_thread_blocked, id=336, stack(0x0000005a0c900000,0x0000005a0ca00000)]
  0x0000015a45f72800 JavaThread "Build operations Thread 2" [_thread_blocked, id=8740, stack(0x0000005a0ca00000,0x0000005a0cb00000)]
  0x0000015a45f73800 JavaThread "Build operations Thread 3" [_thread_blocked, id=6208, stack(0x0000005a0cb00000,0x0000005a0cc00000)]
  0x0000015a45f75000 JavaThread "Build operations Thread 4" [_thread_blocked, id=5848, stack(0x0000005a0cc00000,0x0000005a0cd00000)]
  0x0000015a45f76000 JavaThread "jar transforms Thread 4" [_thread_blocked, id=5468, stack(0x0000005a0ce00000,0x0000005a0cf00000)]
  0x0000015a45f77800 JavaThread "Memory manager" [_thread_blocked, id=4440, stack(0x0000005a0d100000,0x0000005a0d200000)]
  0x0000015a45f78800 JavaThread "build event listener" [_thread_blocked, id=9444, stack(0x0000005a09900000,0x0000005a09a00000)]
  0x0000015a45f79000 JavaThread "Execution worker for ':'" [_thread_blocked, id=6824, stack(0x0000005a09a00000,0x0000005a09b00000)]
  0x0000015a49995000 JavaThread "Execution worker for ':' Thread 2" [_thread_blocked, id=1264, stack(0x0000005a0d000000,0x0000005a0d100000)]
  0x0000015a49997000 JavaThread "Execution worker for ':' Thread 3" [_thread_blocked, id=11148, stack(0x0000005a0d200000,0x0000005a0d300000)]
  0x0000015a49994800 JavaThread "Cache worker for execution history cache (C:\Users\Eddo Yulianda\AndroidStudioProjects\PresensiOnlinePNP\.gradle\7.0.2\executionHistory)" [_thread_blocked, id=10284, stack(0x0000005a0d300000,0x0000005a0d400000)]
  0x0000015a49993000 JavaThread "WorkerExecutor Queue" [_thread_blocked, id=9300, stack(0x0000005a0b600000,0x0000005a0b700000)]
  0x0000015a49991000 JavaThread "WorkerExecutor Queue Thread 2" [_thread_blocked, id=10668, stack(0x0000005a0d500000,0x0000005a0d600000)]
  0x0000015a49996000 JavaThread "WorkerExecutor Queue Thread 4" [_thread_blocked, id=12588, stack(0x0000005a0d700000,0x0000005a0d800000)]
  0x0000015a49997800 JavaThread "pool-3-thread-1" [_thread_blocked, id=9032, stack(0x0000005a0d800000,0x0000005a0d900000)]
  0x0000015a49998800 JavaThread "stderr" [_thread_in_native, id=15300, stack(0x0000005a0d900000,0x0000005a0da00000)]
  0x0000015a49993800 JavaThread "stdout" [_thread_in_native, id=11796, stack(0x0000005a0da00000,0x0000005a0db00000)]
  0x0000015a4999f000 JavaThread "WorkerExecutor Queue Thread 5" [_thread_blocked, id=5668, stack(0x0000005a0d400000,0x0000005a0d500000)]
  0x0000015a49992000 JavaThread "ForkJoinPool-1-worker-3" daemon [_thread_blocked, id=8876, stack(0x0000005a0db00000,0x0000005a0dc00000)]
  0x0000015a4999c800 JavaThread "ForkJoinPool-1-worker-5" daemon [_thread_blocked, id=11952, stack(0x0000005a0dc00000,0x0000005a0dd00000)]
  0x0000015a49999800 JavaThread "ForkJoinPool-1-worker-1" daemon [_thread_blocked, id=7612, stack(0x0000005a0dd00000,0x0000005a0de00000)]
  0x0000015a499a0000 JavaThread "ForkJoinPool-1-worker-7" daemon [_thread_blocked, id=9060, stack(0x0000005a0de00000,0x0000005a0df00000)]
  0x0000015a45bad000 JavaThread "C2 CompilerThread1" daemon [_thread_blocked, id=6668, stack(0x0000005a0d600000,0x0000005a0d700000)]

Other Threads:
=>0x0000015a43bc7800 VMThread "VM Thread" [stack: 0x0000005a0a100000,0x0000005a0a200000] [id=7116]
  0x0000015a446cf000 WatcherThread [stack: 0x0000005a0ab00000,0x0000005a0ac00000] [id=12724]
  0x0000015a2a016000 GCTaskThread "GC Thread#0" [stack: 0x0000005a09c00000,0x0000005a09d00000] [id=5936]
  0x0000015a44d1c000 GCTaskThread "GC Thread#1" [stack: 0x0000005a0ac00000,0x0000005a0ad00000] [id=1684]
  0x0000015a447b1800 GCTaskThread "GC Thread#2" [stack: 0x0000005a0ad00000,0x0000005a0ae00000] [id=364]
  0x0000015a46921000 GCTaskThread "GC Thread#3" [stack: 0x0000005a0b800000,0x0000005a0b900000] [id=4856]
  0x0000015a2a046800 ConcurrentGCThread "G1 Main Marker" [stack: 0x0000005a09d00000,0x0000005a09e00000] [id=5812]
  0x0000015a2a049000 ConcurrentGCThread "G1 Conc#0" [stack: 0x0000005a09e00000,0x0000005a09f00000] [id=6072]
  0x0000015a2a0d6000 ConcurrentGCThread "G1 Refine#0" [stack: 0x0000005a09f00000,0x0000005a0a000000] [id=3996]
  0x0000015a2a0d7000 ConcurrentGCThread "G1 Young RemSet Sampling" [stack: 0x0000005a0a000000,0x0000005a0a100000] [id=2732]

Threads with active compile tasks:
C2 CompilerThread0  95986 11786 %     4       com.android.tools.r8.dex.j::a @ 315 (1038 bytes)
C2 CompilerThread1  95986 11826       4       com.android.tools.r8.code.w1::a (4137 bytes)

VM state:at safepoint (normal execution)

VM Mutex/Monitor currently owned by a thread:  ([mutex/lock_event])
[0x0000015a29ffaaa0] Threads_lock - owner thread: 0x0000015a43bc7800
[0x0000015a29ffb310] Heap_lock - owner thread: 0x0000015a49992000

Heap address: 0x0000000080000000, size: 2048 MB, Compressed Oops mode: 32-bit
Narrow klass base: 0x0000000000000000, Narrow klass shift: 3
Compressed class space size: 1073741824 Address: 0x0000000100000000

Heap:
 garbage-first heap   total 296960K, used 192512K [0x0000000080000000, 0x0000000100000000)
  region size 1024K, 2 young (2048K), 2 survivors (2048K)
 Metaspace       used 93874K, capacity 96273K, committed 96384K, reserved 1132544K
  class space    used 12265K, capacity 13095K, committed 13184K, reserved 1048576K
Heap Regions: E=young(eden), S=young(survivor), O=old, HS=humongous(starts), HC=humongous(continues), CS=collection set, F=free, A=archive, TAMS=top-at-mark-start (previous, next)
|   0|0x0000000080000000, 0x0000000080100000, 0x0000000080100000|100%|HS|  |TAMS 0x0000000080100000, 0x0000000080100000| Complete 
|   1|0x0000000080100000, 0x0000000080200000, 0x0000000080200000|100%|HC|  |TAMS 0x0000000080200000, 0x0000000080200000| Complete 
|   2|0x0000000080200000, 0x0000000080300000, 0x0000000080300000|100%|HC|  |TAMS 0x0000000080300000, 0x0000000080300000| Complete 
|   3|0x0000000080300000, 0x0000000080400000, 0x0000000080400000|100%| O|  |TAMS 0x0000000080400000, 0x0000000080400000| Untracked 
|   4|0x0000000080400000, 0x0000000080500000, 0x0000000080500000|100%| O|  |TAMS 0x0000000080500000, 0x0000000080500000| Untracked 
|   5|0x0000000080500000, 0x0000000080600000, 0x0000000080600000|100%| O|  |TAMS 0x0000000080600000, 0x0000000080600000| Untracked 
|   6|0x0000000080600000, 0x0000000080700000, 0x0000000080700000|100%| O|  |TAMS 0x0000000080700000, 0x0000000080700000| Untracked 
|   7|0x0000000080700000, 0x0000000080800000, 0x0000000080800000|100%| O|  |TAMS 0x0000000080800000, 0x0000000080800000| Untracked 
|   8|0x0000000080800000, 0x0000000080900000, 0x0000000080900000|100%| O|  |TAMS 0x0000000080900000, 0x0000000080900000| Untracked 
|   9|0x0000000080900000, 0x0000000080a00000, 0x0000000080a00000|100%| O|  |TAMS 0x0000000080a00000, 0x0000000080a00000| Untracked 
|  10|0x0000000080a00000, 0x0000000080b00000, 0x0000000080b00000|100%| O|  |TAMS 0x0000000080b00000, 0x0000000080b00000| Untracked 
|  11|0x0000000080b00000, 0x0000000080c00000, 0x0000000080c00000|100%| O|  |TAMS 0x0000000080c00000, 0x0000000080c00000| Untracked 
|  12|0x0000000080c00000, 0x0000000080d00000, 0x0000000080d00000|100%| O|  |TAMS 0x0000000080d00000, 0x0000000080d00000| Untracked 
|  13|0x0000000080d00000, 0x0000000080e00000, 0x0000000080e00000|100%| O|  |TAMS 0x0000000080e00000, 0x0000000080e00000| Untracked 
|  14|0x0000000080e00000, 0x0000000080f00000, 0x0000000080f00000|100%| O|  |TAMS 0x0000000080f00000, 0x0000000080f00000| Untracked 
|  15|0x0000000080f00000, 0x0000000081000000, 0x0000000081000000|100%| O|  |TAMS 0x0000000081000000, 0x0000000081000000| Untracked 
|  16|0x0000000081000000, 0x0000000081100000, 0x0000000081100000|100%| O|  |TAMS 0x0000000081100000, 0x0000000081100000| Untracked 
|  17|0x0000000081100000, 0x0000000081200000, 0x0000000081200000|100%|HS|  |TAMS 0x0000000081200000, 0x0000000081200000| Complete 
|  18|0x0000000081200000, 0x0000000081300000, 0x0000000081300000|100%| O|  |TAMS 0x0000000081300000, 0x0000000081300000| Untracked 
|  19|0x0000000081300000, 0x0000000081400000, 0x0000000081400000|100%| O|  |TAMS 0x0000000081400000, 0x0000000081400000| Untracked 
|  20|0x0000000081400000, 0x0000000081500000, 0x0000000081500000|100%| O|  |TAMS 0x0000000081500000, 0x0000000081500000| Untracked 
|  21|0x0000000081500000, 0x0000000081600000, 0x0000000081600000|100%| O|  |TAMS 0x0000000081600000, 0x0000000081600000| Untracked 
|  22|0x0000000081600000, 0x0000000081700000, 0x0000000081700000|100%| O|  |TAMS 0x0000000081700000, 0x0000000081700000| Untracked 
|  23|0x0000000081700000, 0x0000000081800000, 0x0000000081800000|100%|HS|  |TAMS 0x0000000081800000, 0x0000000081800000| Complete 
|  24|0x0000000081800000, 0x0000000081900000, 0x0000000081900000|100%|HS|  |TAMS 0x0000000081900000, 0x0000000081900000| Complete 
|  25|0x0000000081900000, 0x0000000081a00000, 0x0000000081a00000|100%| O|  |TAMS 0x0000000081a00000, 0x0000000081a00000| Untracked 
|  26|0x0000000081a00000, 0x0000000081b00000, 0x0000000081b00000|100%| O|  |TAMS 0x0000000081b00000, 0x0000000081b00000| Untracked 
|  27|0x0000000081b00000, 0x0000000081c00000, 0x0000000081c00000|100%| O|  |TAMS 0x0000000081c00000, 0x0000000081c00000| Untracked 
|  28|0x0000000081c00000, 0x0000000081d00000, 0x0000000081d00000|100%| O|  |TAMS 0x0000000081d00000, 0x0000000081d00000| Untracked 
|  29|0x0000000081d00000, 0x0000000081e00000, 0x0000000081e00000|100%| O|  |TAMS 0x0000000081e00000, 0x0000000081e00000| Untracked 
|  30|0x0000000081e00000, 0x0000000081f00000, 0x0000000081f00000|100%|HS|  |TAMS 0x0000000081f00000, 0x0000000081f00000| Complete 
|  31|0x0000000081f00000, 0x0000000082000000, 0x0000000082000000|100%|HC|  |TAMS 0x0000000082000000, 0x0000000082000000| Complete 
|  32|0x0000000082000000, 0x0000000082100000, 0x0000000082100000|100%|HC|  |TAMS 0x0000000082100000, 0x0000000082100000| Complete 
|  33|0x0000000082100000, 0x0000000082200000, 0x0000000082200000|100%|HS|  |TAMS 0x0000000082200000, 0x0000000082200000| Complete 
|  34|0x0000000082200000, 0x0000000082300000, 0x0000000082300000|100%|HC|  |TAMS 0x0000000082300000, 0x0000000082300000| Complete 
|  35|0x0000000082300000, 0x0000000082400000, 0x0000000082400000|100%| O|  |TAMS 0x0000000082400000, 0x0000000082400000| Untracked 
|  36|0x0000000082400000, 0x0000000082500000, 0x0000000082500000|100%| O|  |TAMS 0x0000000082500000, 0x0000000082500000| Untracked 
|  37|0x0000000082500000, 0x0000000082600000, 0x0000000082600000|100%| O|  |TAMS 0x0000000082600000, 0x0000000082600000| Untracked 
|  38|0x0000000082600000, 0x0000000082700000, 0x0000000082700000|100%| O|  |TAMS 0x0000000082700000, 0x0000000082700000| Untracked 
|  39|0x0000000082700000, 0x0000000082800000, 0x0000000082800000|100%| O|  |TAMS 0x0000000082800000, 0x0000000082800000| Untracked 
|  40|0x0000000082800000, 0x0000000082900000, 0x0000000082900000|100%| O|  |TAMS 0x0000000082900000, 0x0000000082900000| Untracked 
|  41|0x0000000082900000, 0x0000000082a00000, 0x0000000082a00000|100%| O|  |TAMS 0x0000000082a00000, 0x0000000082a00000| Untracked 
|  42|0x0000000082a00000, 0x0000000082b00000, 0x0000000082b00000|100%| O|  |TAMS 0x0000000082b00000, 0x0000000082b00000| Untracked 
|  43|0x0000000082b00000, 0x0000000082c00000, 0x0000000082c00000|100%| O|  |TAMS 0x0000000082c00000, 0x0000000082c00000| Untracked 
|  44|0x0000000082c00000, 0x0000000082d00000, 0x0000000082d00000|100%| O|  |TAMS 0x0000000082d00000, 0x0000000082d00000| Untracked 
|  45|0x0000000082d00000, 0x0000000082e00000, 0x0000000082e00000|100%| O|  |TAMS 0x0000000082e00000, 0x0000000082e00000| Untracked 
|  46|0x0000000082e00000, 0x0000000082f00000, 0x0000000082f00000|100%| O|  |TAMS 0x0000000082f00000, 0x0000000082f00000| Untracked 
|  47|0x0000000082f00000, 0x0000000083000000, 0x0000000083000000|100%| O|  |TAMS 0x0000000083000000, 0x0000000083000000| Untracked 
|  48|0x0000000083000000, 0x0000000083100000, 0x0000000083100000|100%| O|  |TAMS 0x0000000083100000, 0x0000000083100000| Untracked 
|  49|0x0000000083100000, 0x0000000083200000, 0x0000000083200000|100%| O|  |TAMS 0x0000000083200000, 0x0000000083200000| Untracked 
|  50|0x0000000083200000, 0x0000000083300000, 0x0000000083300000|100%| O|  |TAMS 0x0000000083300000, 0x0000000083300000| Untracked 
|  51|0x0000000083300000, 0x0000000083400000, 0x0000000083400000|100%| O|  |TAMS 0x0000000083400000, 0x0000000083400000| Untracked 
|  52|0x0000000083400000, 0x0000000083500000, 0x0000000083500000|100%| O|  |TAMS 0x0000000083500000, 0x0000000083500000| Untracked 
|  53|0x0000000083500000, 0x0000000083600000, 0x0000000083600000|100%| O|  |TAMS 0x0000000083600000, 0x0000000083600000| Untracked 
|  54|0x0000000083600000, 0x0000000083700000, 0x0000000083700000|100%| O|  |TAMS 0x0000000083700000, 0x0000000083700000| Untracked 
|  55|0x0000000083700000, 0x0000000083800000, 0x0000000083800000|100%| O|  |TAMS 0x0000000083800000, 0x0000000083800000| Untracked 
|  56|0x0000000083800000, 0x0000000083900000, 0x0000000083900000|100%| O|  |TAMS 0x0000000083900000, 0x0000000083900000| Untracked 
|  57|0x0000000083900000, 0x0000000083a00000, 0x0000000083a00000|100%| O|  |TAMS 0x0000000083a00000, 0x0000000083a00000| Untracked 
|  58|0x0000000083a00000, 0x0000000083b00000, 0x0000000083b00000|100%| O|  |TAMS 0x0000000083b00000, 0x0000000083b00000| Untracked 
|  59|0x0000000083b00000, 0x0000000083c00000, 0x0000000083c00000|100%| O|  |TAMS 0x0000000083c00000, 0x0000000083c00000| Untracked 
|  60|0x0000000083c00000, 0x0000000083d00000, 0x0000000083d00000|100%| O|  |TAMS 0x0000000083d00000, 0x0000000083d00000| Untracked 
|  61|0x0000000083d00000, 0x0000000083e00000, 0x0000000083e00000|100%| O|  |TAMS 0x0000000083e00000, 0x0000000083e00000| Untracked 
|  62|0x0000000083e00000, 0x0000000083f00000, 0x0000000083f00000|100%| O|  |TAMS 0x0000000083f00000, 0x0000000083f00000| Untracked 
|  63|0x0000000083f00000, 0x0000000084000000, 0x0000000084000000|100%| O|  |TAMS 0x0000000084000000, 0x0000000084000000| Untracked 
|  64|0x0000000084000000, 0x0000000084100000, 0x0000000084100000|100%| O|  |TAMS 0x0000000084100000, 0x0000000084100000| Untracked 
|  65|0x0000000084100000, 0x0000000084200000, 0x0000000084200000|100%| O|  |TAMS 0x0000000084200000, 0x0000000084200000| Untracked 
|  66|0x0000000084200000, 0x0000000084300000, 0x0000000084300000|100%| O|  |TAMS 0x0000000084300000, 0x0000000084300000| Untracked 
|  67|0x0000000084300000, 0x0000000084400000, 0x0000000084400000|100%| O|  |TAMS 0x0000000084400000, 0x0000000084400000| Untracked 
|  68|0x0000000084400000, 0x0000000084500000, 0x0000000084500000|100%| O|  |TAMS 0x0000000084500000, 0x0000000084500000| Untracked 
|  69|0x0000000084500000, 0x0000000084600000, 0x0000000084600000|100%| O|  |TAMS 0x0000000084600000, 0x0000000084600000| Untracked 
|  70|0x0000000084600000, 0x0000000084700000, 0x0000000084700000|100%| O|  |TAMS 0x0000000084700000, 0x0000000084700000| Untracked 
|  71|0x0000000084700000, 0x0000000084800000, 0x0000000084800000|100%| O|  |TAMS 0x0000000084800000, 0x0000000084800000| Untracked 
|  72|0x0000000084800000, 0x0000000084900000, 0x0000000084900000|100%| O|  |TAMS 0x0000000084900000, 0x0000000084900000| Untracked 
|  73|0x0000000084900000, 0x0000000084a00000, 0x0000000084a00000|100%| O|  |TAMS 0x0000000084a00000, 0x0000000084a00000| Untracked 
|  74|0x0000000084a00000, 0x0000000084b00000, 0x0000000084b00000|100%| O|  |TAMS 0x0000000084b00000, 0x0000000084b00000| Untracked 
|  75|0x0000000084b00000, 0x0000000084c00000, 0x0000000084c00000|100%| O|  |TAMS 0x0000000084c00000, 0x0000000084c00000| Untracked 
|  76|0x0000000084c00000, 0x0000000084d00000, 0x0000000084d00000|100%| O|  |TAMS 0x0000000084d00000, 0x0000000084d00000| Untracked 
|  77|0x0000000084d00000, 0x0000000084e00000, 0x0000000084e00000|100%| O|  |TAMS 0x0000000084e00000, 0x0000000084e00000| Untracked 
|  78|0x0000000084e00000, 0x0000000084f00000, 0x0000000084f00000|100%| O|  |TAMS 0x0000000084f00000, 0x0000000084f00000| Untracked 
|  79|0x0000000084f00000, 0x0000000085000000, 0x0000000085000000|100%| O|  |TAMS 0x0000000085000000, 0x0000000085000000| Untracked 
|  80|0x0000000085000000, 0x0000000085100000, 0x0000000085100000|100%| O|  |TAMS 0x0000000085100000, 0x0000000085100000| Untracked 
|  81|0x0000000085100000, 0x0000000085200000, 0x0000000085200000|100%| O|  |TAMS 0x0000000085200000, 0x0000000085200000| Untracked 
|  82|0x0000000085200000, 0x0000000085300000, 0x0000000085300000|100%| O|  |TAMS 0x0000000085300000, 0x0000000085300000| Untracked 
|  83|0x0000000085300000, 0x0000000085400000, 0x0000000085400000|100%| O|  |TAMS 0x0000000085400000, 0x0000000085400000| Untracked 
|  84|0x0000000085400000, 0x0000000085500000, 0x0000000085500000|100%|HS|  |TAMS 0x0000000085500000, 0x0000000085500000| Complete 
|  85|0x0000000085500000, 0x0000000085600000, 0x0000000085600000|100%|HC|  |TAMS 0x0000000085600000, 0x0000000085600000| Complete 
|  86|0x0000000085600000, 0x0000000085700000, 0x0000000085700000|100%|HS|  |TAMS 0x0000000085700000, 0x0000000085700000| Complete 
|  87|0x0000000085700000, 0x0000000085800000, 0x0000000085800000|100%|HS|  |TAMS 0x0000000085800000, 0x0000000085800000| Complete 
|  88|0x0000000085800000, 0x0000000085900000, 0x0000000085900000|100%|HS|  |TAMS 0x0000000085900000, 0x0000000085900000| Complete 
|  89|0x0000000085900000, 0x0000000085a00000, 0x0000000085a00000|100%|HS|  |TAMS 0x0000000085a00000, 0x0000000085a00000| Complete 
|  90|0x0000000085a00000, 0x0000000085b00000, 0x0000000085b00000|100%|HS|  |TAMS 0x0000000085b00000, 0x0000000085b00000| Complete 
|  91|0x0000000085b00000, 0x0000000085c00000, 0x0000000085c00000|100%|HC|  |TAMS 0x0000000085c00000, 0x0000000085c00000| Complete 
|  92|0x0000000085c00000, 0x0000000085d00000, 0x0000000085d00000|100%|HS|  |TAMS 0x0000000085d00000, 0x0000000085d00000| Complete 
|  93|0x0000000085d00000, 0x0000000085e00000, 0x0000000085e00000|100%| O|  |TAMS 0x0000000085e00000, 0x0000000085e00000| Untracked 
|  94|0x0000000085e00000, 0x0000000085f00000, 0x0000000085f00000|100%| O|  |TAMS 0x0000000085f00000, 0x0000000085f00000| Untracked 
|  95|0x0000000085f00000, 0x0000000086000000, 0x0000000086000000|100%| O|  |TAMS 0x0000000086000000, 0x0000000086000000| Untracked 
|  96|0x0000000086000000, 0x0000000086100000, 0x0000000086100000|100%| O|  |TAMS 0x0000000086100000, 0x0000000086100000| Untracked 
|  97|0x0000000086100000, 0x0000000086200000, 0x0000000086200000|100%| O|  |TAMS 0x0000000086200000, 0x0000000086200000| Untracked 
|  98|0x0000000086200000, 0x0000000086300000, 0x0000000086300000|100%|HS|  |TAMS 0x0000000086300000, 0x0000000086300000| Complete 
|  99|0x0000000086300000, 0x0000000086400000, 0x0000000086400000|100%|HC|  |TAMS 0x0000000086400000, 0x0000000086400000| Complete 
| 100|0x0000000086400000, 0x0000000086500000, 0x0000000086500000|100%|HC|  |TAMS 0x0000000086500000, 0x0000000086500000| Complete 
| 101|0x0000000086500000, 0x0000000086600000, 0x0000000086600000|100%|HS|  |TAMS 0x0000000086600000, 0x0000000086600000| Complete 
| 102|0x0000000086600000, 0x0000000086700000, 0x0000000086700000|100%|HC|  |TAMS 0x0000000086700000, 0x0000000086700000| Complete 
| 103|0x0000000086700000, 0x0000000086800000, 0x0000000086800000|100%| O|  |TAMS 0x0000000086800000, 0x0000000086800000| Untracked 
| 104|0x0000000086800000, 0x0000000086900000, 0x0000000086900000|100%| O|  |TAMS 0x0000000086900000, 0x0000000086900000| Untracked 
| 105|0x0000000086900000, 0x0000000086a00000, 0x0000000086a00000|100%| O|  |TAMS 0x0000000086a00000, 0x0000000086a00000| Untracked 
| 106|0x0000000086a00000, 0x0000000086b00000, 0x0000000086b00000|100%| O|  |TAMS 0x0000000086b00000, 0x0000000086b00000| Untracked 
| 107|0x0000000086b00000, 0x0000000086c00000, 0x0000000086c00000|100%| O|  |TAMS 0x0000000086c00000, 0x0000000086c00000| Untracked 
| 108|0x0000000086c00000, 0x0000000086d00000, 0x0000000086d00000|100%| O|  |TAMS 0x0000000086d00000, 0x0000000086d00000| Untracked 
| 109|0x0000000086d00000, 0x0000000086e00000, 0x0000000086e00000|100%| O|  |TAMS 0x0000000086e00000, 0x0000000086e00000| Untracked 
| 110|0x0000000086e00000, 0x0000000086f00000, 0x0000000086f00000|100%|HS|  |TAMS 0x0000000086f00000, 0x0000000086f00000| Complete 
| 111|0x0000000086f00000, 0x0000000087000000, 0x0000000087000000|100%|HC|  |TAMS 0x0000000087000000, 0x0000000087000000| Complete 
| 112|0x0000000087000000, 0x0000000087100000, 0x0000000087100000|100%| O|  |TAMS 0x0000000087100000, 0x0000000087100000| Untracked 
| 113|0x0000000087100000, 0x0000000087200000, 0x0000000087200000|100%|HS|  |TAMS 0x0000000087200000, 0x0000000087200000| Complete 
| 114|0x0000000087200000, 0x0000000087300000, 0x0000000087300000|100%| O|  |TAMS 0x0000000087300000, 0x0000000087300000| Untracked 
| 115|0x0000000087300000, 0x0000000087400000, 0x0000000087400000|100%|HS|  |TAMS 0x0000000087400000, 0x0000000087400000| Complete 
| 116|0x0000000087400000, 0x0000000087500000, 0x0000000087500000|100%| O|  |TAMS 0x0000000087500000, 0x0000000087500000| Untracked 
| 117|0x0000000087500000, 0x0000000087600000, 0x0000000087600000|100%|HS|  |TAMS 0x0000000087600000, 0x0000000087600000| Complete 
| 118|0x0000000087600000, 0x0000000087700000, 0x0000000087700000|100%| O|  |TAMS 0x0000000087700000, 0x0000000087700000| Untracked 
| 119|0x0000000087700000, 0x0000000087800000, 0x0000000087800000|100%|HS|  |TAMS 0x0000000087800000, 0x0000000087800000| Complete 
| 120|0x0000000087800000, 0x0000000087900000, 0x0000000087900000|100%| O|  |TAMS 0x0000000087900000, 0x0000000087900000| Untracked 
| 121|0x0000000087900000, 0x0000000087a00000, 0x0000000087a00000|100%| O|  |TAMS 0x0000000087a00000, 0x0000000087a00000| Untracked 
| 122|0x0000000087a00000, 0x0000000087b00000, 0x0000000087b00000|100%|HS|  |TAMS 0x0000000087b00000, 0x0000000087b00000| Complete 
| 123|0x0000000087b00000, 0x0000000087c00000, 0x0000000087c00000|100%|HC|  |TAMS 0x0000000087c00000, 0x0000000087c00000| Complete 
| 124|0x0000000087c00000, 0x0000000087d00000, 0x0000000087d00000|100%| O|  |TAMS 0x0000000087d00000, 0x0000000087d00000| Untracked 
| 125|0x0000000087d00000, 0x0000000087e00000, 0x0000000087e00000|100%|HS|  |TAMS 0x0000000087e00000, 0x0000000087e00000| Complete 
| 126|0x0000000087e00000, 0x0000000087f00000, 0x0000000087f00000|100%| O|  |TAMS 0x0000000087f00000, 0x0000000087f00000| Untracked 
| 127|0x0000000087f00000, 0x0000000088000000, 0x0000000088000000|100%| O|  |TAMS 0x0000000088000000, 0x0000000088000000| Untracked 
| 128|0x0000000088000000, 0x0000000088100000, 0x0000000088100000|100%| O|  |TAMS 0x0000000088100000, 0x0000000088100000| Untracked 
| 129|0x0000000088100000, 0x0000000088200000, 0x0000000088200000|100%|HS|  |TAMS 0x0000000088200000, 0x0000000088200000| Complete 
| 130|0x0000000088200000, 0x0000000088300000, 0x0000000088300000|100%|HC|  |TAMS 0x0000000088300000, 0x0000000088300000| Complete 
| 131|0x0000000088300000, 0x0000000088400000, 0x0000000088400000|100%|HC|  |TAMS 0x0000000088400000, 0x0000000088400000| Complete 
| 132|0x0000000088400000, 0x0000000088500000, 0x0000000088500000|100%| O|  |TAMS 0x0000000088500000, 0x0000000088500000| Untracked 
| 133|0x0000000088500000, 0x0000000088600000, 0x0000000088600000|100%| O|  |TAMS 0x0000000088600000, 0x0000000088600000| Untracked 
| 134|0x0000000088600000, 0x0000000088700000, 0x0000000088700000|100%|HS|  |TAMS 0x0000000088700000, 0x0000000088700000| Complete 
| 135|0x0000000088700000, 0x0000000088800000, 0x0000000088800000|100%|HC|  |TAMS 0x0000000088800000, 0x0000000088800000| Complete 
| 136|0x0000000088800000, 0x0000000088900000, 0x0000000088900000|100%|HS|  |TAMS 0x0000000088900000, 0x0000000088900000| Complete 
| 137|0x0000000088900000, 0x0000000088a00000, 0x0000000088a00000|100%|HS|  |TAMS 0x0000000088a00000, 0x0000000088a00000| Complete 
| 138|0x0000000088a00000, 0x0000000088b00000, 0x0000000088b00000|100%| O|  |TAMS 0x0000000088b00000, 0x0000000088b00000| Untracked 
| 139|0x0000000088b00000, 0x0000000088c00000, 0x0000000088c00000|100%| O|  |TAMS 0x0000000088c00000, 0x0000000088c00000| Untracked 
| 140|0x0000000088c00000, 0x0000000088d00000, 0x0000000088d00000|100%| O|  |TAMS 0x0000000088d00000, 0x0000000088d00000| Untracked 
| 141|0x0000000088d00000, 0x0000000088e00000, 0x0000000088e00000|100%| O|  |TAMS 0x0000000088e00000, 0x0000000088e00000| Untracked 
| 142|0x0000000088e00000, 0x0000000088f00000, 0x0000000088f00000|100%| O|  |TAMS 0x0000000088f00000, 0x0000000088f00000| Untracked 
| 143|0x0000000088f00000, 0x0000000089000000, 0x0000000089000000|100%| O|  |TAMS 0x0000000089000000, 0x0000000089000000| Untracked 
| 144|0x0000000089000000, 0x0000000089100000, 0x0000000089100000|100%| O|  |TAMS 0x0000000089100000, 0x0000000089100000| Untracked 
| 145|0x0000000089100000, 0x0000000089200000, 0x0000000089200000|100%| O|  |TAMS 0x0000000089200000, 0x0000000089200000| Untracked 
| 146|0x0000000089200000, 0x0000000089300000, 0x0000000089300000|100%| O|  |TAMS 0x0000000089300000, 0x0000000089300000| Untracked 
| 147|0x0000000089300000, 0x0000000089400000, 0x0000000089400000|100%| O|  |TAMS 0x0000000089400000, 0x0000000089400000| Untracked 
| 148|0x0000000089400000, 0x0000000089500000, 0x0000000089500000|100%| O|  |TAMS 0x0000000089500000, 0x0000000089500000| Untracked 
| 149|0x0000000089500000, 0x0000000089600000, 0x0000000089600000|100%| O|  |TAMS 0x0000000089600000, 0x0000000089600000| Untracked 
| 150|0x0000000089600000, 0x0000000089700000, 0x0000000089700000|100%| O|  |TAMS 0x0000000089700000, 0x0000000089700000| Untracked 
| 151|0x0000000089700000, 0x0000000089800000, 0x0000000089800000|100%| O|  |TAMS 0x0000000089800000, 0x0000000089800000| Untracked 
| 152|0x0000000089800000, 0x0000000089900000, 0x0000000089900000|100%| O|  |TAMS 0x0000000089900000, 0x0000000089900000| Untracked 
| 153|0x0000000089900000, 0x0000000089a00000, 0x0000000089a00000|100%| O|  |TAMS 0x0000000089a00000, 0x0000000089a00000| Untracked 
| 154|0x0000000089a00000, 0x0000000089b00000, 0x0000000089b00000|100%| O|  |TAMS 0x0000000089b00000, 0x0000000089b00000| Untracked 
| 155|0x0000000089b00000, 0x0000000089c00000, 0x0000000089c00000|100%| O|  |TAMS 0x0000000089c00000, 0x0000000089c00000| Untracked 
| 156|0x0000000089c00000, 0x0000000089d00000, 0x0000000089d00000|100%| O|  |TAMS 0x0000000089d00000, 0x0000000089d00000| Untracked 
| 157|0x0000000089d00000, 0x0000000089e00000, 0x0000000089e00000|100%| O|  |TAMS 0x0000000089e00000, 0x0000000089e00000| Untracked 
| 158|0x0000000089e00000, 0x0000000089f00000, 0x0000000089f00000|100%| O|  |TAMS 0x0000000089f00000, 0x0000000089f00000| Untracked 
| 159|0x0000000089f00000, 0x000000008a000000, 0x000000008a000000|100%| O|  |TAMS 0x000000008a000000, 0x000000008a000000| Untracked 
| 160|0x000000008a000000, 0x000000008a100000, 0x000000008a100000|100%| O|  |TAMS 0x000000008a100000, 0x000000008a100000| Untracked 
| 161|0x000000008a100000, 0x000000008a200000, 0x000000008a200000|100%| O|  |TAMS 0x000000008a200000, 0x000000008a200000| Untracked 
| 162|0x000000008a200000, 0x000000008a300000, 0x000000008a300000|100%| O|  |TAMS 0x000000008a300000, 0x000000008a300000| Untracked 
| 163|0x000000008a300000, 0x000000008a400000, 0x000000008a400000|100%| O|  |TAMS 0x000000008a400000, 0x000000008a400000| Untracked 
| 164|0x000000008a400000, 0x000000008a500000, 0x000000008a500000|100%| O|  |TAMS 0x000000008a500000, 0x000000008a500000| Untracked 
| 165|0x000000008a500000, 0x000000008a600000, 0x000000008a600000|100%| O|  |TAMS 0x000000008a600000, 0x000000008a600000| Untracked 
| 166|0x000000008a600000, 0x000000008a700000, 0x000000008a700000|100%| O|  |TAMS 0x000000008a700000, 0x000000008a700000| Untracked 
| 167|0x000000008a700000, 0x000000008a800000, 0x000000008a800000|100%| O|  |TAMS 0x000000008a800000, 0x000000008a800000| Untracked 
| 168|0x000000008a800000, 0x000000008a900000, 0x000000008a900000|100%| O|  |TAMS 0x000000008a900000, 0x000000008a900000| Untracked 
| 169|0x000000008a900000, 0x000000008aa00000, 0x000000008aa00000|100%| O|  |TAMS 0x000000008aa00000, 0x000000008aa00000| Untracked 
| 170|0x000000008aa00000, 0x000000008ab00000, 0x000000008ab00000|100%| O|  |TAMS 0x000000008ab00000, 0x000000008ab00000| Untracked 
| 171|0x000000008ab00000, 0x000000008ac00000, 0x000000008ac00000|100%| O|  |TAMS 0x000000008ab86600, 0x000000008ac00000| Untracked 
| 172|0x000000008ac00000, 0x000000008ad00000, 0x000000008ad00000|100%| O|  |TAMS 0x000000008ac00000, 0x000000008ad00000| Untracked 
| 173|0x000000008ad00000, 0x000000008ae00000, 0x000000008ae00000|100%| O|  |TAMS 0x000000008ad00000, 0x000000008ae00000| Untracked 
| 174|0x000000008ae00000, 0x000000008af00000, 0x000000008af00000|100%| O|  |TAMS 0x000000008ae00000, 0x000000008af00000| Untracked 
| 175|0x000000008af00000, 0x000000008b000000, 0x000000008b000000|100%| O|  |TAMS 0x000000008af00000, 0x000000008b000000| Untracked 
| 176|0x000000008b000000, 0x000000008b100000, 0x000000008b100000|100%| O|  |TAMS 0x000000008b000000, 0x000000008b100000| Untracked 
| 177|0x000000008b100000, 0x000000008b200000, 0x000000008b200000|100%| O|  |TAMS 0x000000008b100000, 0x000000008b200000| Untracked 
| 178|0x000000008b200000, 0x000000008b300000, 0x000000008b300000|100%| O|  |TAMS 0x000000008b200000, 0x000000008b300000| Untracked 
| 179|0x000000008b300000, 0x000000008b400000, 0x000000008b400000|100%| O|  |TAMS 0x000000008b300000, 0x000000008b400000| Untracked 
| 180|0x000000008b400000, 0x000000008b500000, 0x000000008b500000|100%| O|  |TAMS 0x000000008b400000, 0x000000008b500000| Untracked 
| 181|0x000000008b500000, 0x000000008b600000, 0x000000008b600000|100%| O|  |TAMS 0x000000008b500000, 0x000000008b600000| Untracked 
| 182|0x000000008b600000, 0x000000008b700000, 0x000000008b700000|100%| O|  |TAMS 0x000000008b600000, 0x000000008b700000| Untracked 
| 183|0x000000008b700000, 0x000000008b800000, 0x000000008b800000|100%| O|  |TAMS 0x000000008b700000, 0x000000008b800000| Untracked 
| 184|0x000000008b800000, 0x000000008b900000, 0x000000008b900000|100%| O|  |TAMS 0x000000008b800000, 0x000000008b900000| Untracked 
| 185|0x000000008b900000, 0x000000008ba00000, 0x000000008ba00000|100%| O|  |TAMS 0x000000008b900000, 0x000000008ba00000| Untracked 
| 186|0x000000008ba00000, 0x000000008ba00000, 0x000000008bb00000|  0%| F|  |TAMS 0x000000008ba00000, 0x000000008ba00000| Untracked 
| 187|0x000000008bb00000, 0x000000008bb00000, 0x000000008bc00000|  0%| F|  |TAMS 0x000000008bb00000, 0x000000008bb00000| Untracked 
| 188|0x000000008bc00000, 0x000000008bc00000, 0x000000008bd00000|  0%| F|  |TAMS 0x000000008bc00000, 0x000000008bc00000| Untracked 
| 189|0x000000008bd00000, 0x000000008bd00000, 0x000000008be00000|  0%| F|  |TAMS 0x000000008bd00000, 0x000000008bd00000| Untracked 
| 190|0x000000008be00000, 0x000000008be00000, 0x000000008bf00000|  0%| F|  |TAMS 0x000000008be00000, 0x000000008be00000| Untracked 
| 191|0x000000008bf00000, 0x000000008bf00000, 0x000000008c000000|  0%| F|  |TAMS 0x000000008bf00000, 0x000000008bf00000| Untracked 
| 192|0x000000008c000000, 0x000000008c000000, 0x000000008c100000|  0%| F|  |TAMS 0x000000008c000000, 0x000000008c000000| Untracked 
| 193|0x000000008c100000, 0x000000008c100000, 0x000000008c200000|  0%| F|  |TAMS 0x000000008c100000, 0x000000008c100000| Untracked 
| 194|0x000000008c200000, 0x000000008c200000, 0x000000008c300000|  0%| F|  |TAMS 0x000000008c200000, 0x000000008c200000| Untracked 
| 195|0x000000008c300000, 0x000000008c300000, 0x000000008c400000|  0%| F|  |TAMS 0x000000008c300000, 0x000000008c300000| Untracked 
| 196|0x000000008c400000, 0x000000008c400000, 0x000000008c500000|  0%| F|  |TAMS 0x000000008c400000, 0x000000008c400000| Untracked 
| 197|0x000000008c500000, 0x000000008c500000, 0x000000008c600000|  0%| F|  |TAMS 0x000000008c500000, 0x000000008c500000| Untracked 
| 198|0x000000008c600000, 0x000000008c600000, 0x000000008c700000|  0%| F|  |TAMS 0x000000008c600000, 0x000000008c600000| Untracked 
| 199|0x000000008c700000, 0x000000008c700000, 0x000000008c800000|  0%| F|  |TAMS 0x000000008c700000, 0x000000008c700000| Untracked 
| 200|0x000000008c800000, 0x000000008c800000, 0x000000008c900000|  0%| F|  |TAMS 0x000000008c800000, 0x000000008c800000| Untracked 
| 201|0x000000008c900000, 0x000000008c900000, 0x000000008ca00000|  0%| F|  |TAMS 0x000000008c900000, 0x000000008c900000| Untracked 
| 202|0x000000008ca00000, 0x000000008ca00000, 0x000000008cb00000|  0%| F|  |TAMS 0x000000008ca00000, 0x000000008ca00000| Untracked 
| 203|0x000000008cb00000, 0x000000008cb00000, 0x000000008cc00000|  0%| F|  |TAMS 0x000000008cb00000, 0x000000008cb00000| Untracked 
| 204|0x000000008cc00000, 0x000000008cc00000, 0x000000008cd00000|  0%| F|  |TAMS 0x000000008cc00000, 0x000000008cc00000| Untracked 
| 205|0x000000008cd00000, 0x000000008cd00000, 0x000000008ce00000|  0%| F|  |TAMS 0x000000008cd00000, 0x000000008cd00000| Untracked 
| 206|0x000000008ce00000, 0x000000008ce00000, 0x000000008cf00000|  0%| F|  |TAMS 0x000000008ce00000, 0x000000008ce00000| Untracked 
| 207|0x000000008cf00000, 0x000000008cf00000, 0x000000008d000000|  0%| F|  |TAMS 0x000000008cf00000, 0x000000008cf00000| Untracked 
| 208|0x000000008d000000, 0x000000008d000000, 0x000000008d100000|  0%| F|  |TAMS 0x000000008d000000, 0x000000008d000000| Untracked 
| 209|0x000000008d100000, 0x000000008d100000, 0x000000008d200000|  0%| F|  |TAMS 0x000000008d100000, 0x000000008d100000| Untracked 
| 210|0x000000008d200000, 0x000000008d200000, 0x000000008d300000|  0%| F|  |TAMS 0x000000008d200000, 0x000000008d200000| Untracked 
| 211|0x000000008d300000, 0x000000008d300000, 0x000000008d400000|  0%| F|  |TAMS 0x000000008d300000, 0x000000008d300000| Untracked 
| 212|0x000000008d400000, 0x000000008d400000, 0x000000008d500000|  0%| F|  |TAMS 0x000000008d400000, 0x000000008d400000| Untracked 
| 213|0x000000008d500000, 0x000000008d500000, 0x000000008d600000|  0%| F|  |TAMS 0x000000008d500000, 0x000000008d500000| Untracked 
| 214|0x000000008d600000, 0x000000008d600000, 0x000000008d700000|  0%| F|  |TAMS 0x000000008d600000, 0x000000008d600000| Untracked 
| 215|0x000000008d700000, 0x000000008d700000, 0x000000008d800000|  0%| F|  |TAMS 0x000000008d700000, 0x000000008d700000| Untracked 
| 216|0x000000008d800000, 0x000000008d800000, 0x000000008d900000|  0%| F|  |TAMS 0x000000008d800000, 0x000000008d800000| Untracked 
| 217|0x000000008d900000, 0x000000008d900000, 0x000000008da00000|  0%| F|  |TAMS 0x000000008d900000, 0x000000008d900000| Untracked 
| 218|0x000000008da00000, 0x000000008da00000, 0x000000008db00000|  0%| F|  |TAMS 0x000000008da00000, 0x000000008da00000| Untracked 
| 219|0x000000008db00000, 0x000000008dc00000, 0x000000008dc00000|100%| S|CS|TAMS 0x000000008db00000, 0x000000008db00000| Complete 
| 220|0x000000008dc00000, 0x000000008dd00000, 0x000000008dd00000|100%| S|CS|TAMS 0x000000008dc00000, 0x000000008dc00000| Complete 
| 221|0x000000008dd00000, 0x000000008dd00000, 0x000000008de00000|  0%| F|  |TAMS 0x000000008dd00000, 0x000000008dd00000| Untracked 
| 222|0x000000008de00000, 0x000000008de00000, 0x000000008df00000|  0%| F|  |TAMS 0x000000008de00000, 0x000000008de00000| Untracked 
| 223|0x000000008df00000, 0x000000008df00000, 0x000000008e000000|  0%| F|  |TAMS 0x000000008df00000, 0x000000008df00000| Untracked 
| 224|0x000000008e000000, 0x000000008e000000, 0x000000008e100000|  0%| F|  |TAMS 0x000000008e000000, 0x000000008e000000| Untracked 
| 225|0x000000008e100000, 0x000000008e100000, 0x000000008e200000|  0%| F|  |TAMS 0x000000008e100000, 0x000000008e100000| Untracked 
| 226|0x000000008e200000, 0x000000008e200000, 0x000000008e300000|  0%| F|  |TAMS 0x000000008e200000, 0x000000008e200000| Untracked 
| 227|0x000000008e300000, 0x000000008e300000, 0x000000008e400000|  0%| F|  |TAMS 0x000000008e300000, 0x000000008e300000| Untracked 
| 228|0x000000008e400000, 0x000000008e400000, 0x000000008e500000|  0%| F|  |TAMS 0x000000008e400000, 0x000000008e400000| Untracked 
| 229|0x000000008e500000, 0x000000008e500000, 0x000000008e600000|  0%| F|  |TAMS 0x000000008e500000, 0x000000008e500000| Untracked 
| 230|0x000000008e600000, 0x000000008e600000, 0x000000008e700000|  0%| F|  |TAMS 0x000000008e600000, 0x000000008e600000| Untracked 
| 231|0x000000008e700000, 0x000000008e700000, 0x000000008e800000|  0%| F|  |TAMS 0x000000008e700000, 0x000000008e700000| Untracked 
| 232|0x000000008e800000, 0x000000008e800000, 0x000000008e900000|  0%| F|  |TAMS 0x000000008e800000, 0x000000008e800000| Untracked 

Card table byte_map: [0x0000015a3cef0000,0x0000015a3d2f0000] _byte_map_base: 0x0000015a3caf0000

Marking Bits (Prev, Next): (CMBitMap*) 0x0000015a2a03da70, (CMBitMap*) 0x0000015a2a03da38
 Prev Bits: [0x0000015a3f6f0000, 0x0000015a416f0000)
 Next Bits: [0x0000015a3d6f0000, 0x0000015a3f6f0000)

Polling page: 0x0000015a27fe0000

Metaspace:

Usage:
  Non-class:     81.23 MB capacity,    79.70 MB ( 98%) used,     1.28 MB (  2%) free+waste,   261.94 KB ( <1%) overhead. 
      Class:     12.79 MB capacity,    11.98 MB ( 94%) used,   712.31 KB (  5%) free+waste,   117.00 KB ( <1%) overhead. 
       Both:     94.02 MB capacity,    91.67 MB ( 98%) used,     1.97 MB (  2%) free+waste,   378.94 KB ( <1%) overhead. 

Virtual space:
  Non-class space:       82.00 MB reserved,      81.25 MB (>99%) committed 
      Class space:        1.00 GB reserved,      12.88 MB (  1%) committed 
             Both:        1.08 GB reserved,      94.13 MB (  9%) committed 

Chunk freelists:
   Non-Class:  22.00 KB
       Class:  25.00 KB
        Both:  47.00 KB

MaxMetaspaceSize: 17179869184.00 GB
CompressedClassSpaceSize: 1.00 GB

CodeHeap 'non-profiled nmethods': size=120064Kb used=8491Kb max_used=8491Kb free=111573Kb
 bounds [0x0000015a355b0000, 0x0000015a35e00000, 0x0000015a3caf0000]
CodeHeap 'profiled nmethods': size=120000Kb used=26194Kb max_used=26194Kb free=93805Kb
 bounds [0x0000015a2e080000, 0x0000015a2fa20000, 0x0000015a355b0000]
CodeHeap 'non-nmethods': size=5696Kb used=2306Kb max_used=2348Kb free=3390Kb
 bounds [0x0000015a2daf0000, 0x0000015a2dd60000, 0x0000015a2e080000]
 total_blobs=12681 nmethods=11772 adapters=820
 compilation: enabled
              stopped_count=0, restarted_count=0
 full_count=0

Compilation events (20 events):
Event: 95.754 Thread 0x0000015a43bf9000 11821       2       com.android.tools.r8.dex.j::g (12 bytes)
Event: 95.754 Thread 0x0000015a43bf9000 nmethod 11821 0x0000015a2fa11790 code [0x0000015a2fa11940, 0x0000015a2fa11b08]
Event: 95.754 Thread 0x0000015a43bf9000 11822       2       com.android.tools.r8.graph.N::<init> (10 bytes)
Event: 95.755 Thread 0x0000015a43bf9000 nmethod 11822 0x0000015a2fa11c10 code [0x0000015a2fa11dc0, 0x0000015a2fa11ef8]
Event: 95.758 Thread 0x0000015a43bf9000 11827       2       com.android.tools.r8.internal.qr::a (141 bytes)
Event: 95.760 Thread 0x0000015a43bf9000 nmethod 11827 0x0000015a2fa11f90 code [0x0000015a2fa121e0, 0x0000015a2fa12988]
Event: 95.763 Thread 0x0000015a43bf9000 11828       2       com.android.tools.r8.internal.mu::b (27 bytes)
Event: 95.763 Thread 0x0000015a43bf9000 nmethod 11828 0x0000015a2fa12e10 code [0x0000015a2fa12fc0, 0x0000015a2fa131d8]
Event: 95.763 Thread 0x0000015a43bf9000 11829       2       com.android.tools.r8.internal.mu$e::iterator (12 bytes)
Event: 95.763 Thread 0x0000015a43bf9000 nmethod 11829 0x0000015a2fa13290 code [0x0000015a2fa13440, 0x0000015a2fa13628]
Event: 95.765 Thread 0x0000015a43bf9000 11830       2       com.android.tools.r8.internal.A0::iterator (5 bytes)
Event: 95.765 Thread 0x0000015a43bf9000 nmethod 11830 0x0000015a2fa13710 code [0x0000015a2fa138c0, 0x0000015a2fa13aa8]
Event: 95.768 Thread 0x0000015a45bad000 nmethod 11803 0x0000015a35df9e90 code [0x0000015a35dfa040, 0x0000015a35dfab58]
Event: 95.768 Thread 0x0000015a45bad000 11826       4       com.android.tools.r8.code.w1::a (4137 bytes)
Event: 95.806 Thread 0x0000015a43bf9000 11832       2       com.android.tools.r8.graph.f0$o::S (2 bytes)
Event: 95.806 Thread 0x0000015a43bf9000 nmethod 11832 0x0000015a2fa13b90 code [0x0000015a2fa13d40, 0x0000015a2fa13e38]
Event: 95.825 Thread 0x0000015a43bf9000 11834       2       com.android.tools.r8.code.u2::<init> (7 bytes)
Event: 95.825 Thread 0x0000015a43bf9000 nmethod 11834 0x0000015a2fa13f10 code [0x0000015a2fa140c0, 0x0000015a2fa14218]
Event: 95.845 Thread 0x0000015a43bf9000 11835       2       com.android.tools.r8.code.u::<init> (7 bytes)
Event: 95.846 Thread 0x0000015a43bf9000 nmethod 11835 0x0000015a2fa14310 code [0x0000015a2fa144e0, 0x0000015a2fa14718]

GC Heap History (20 events):
Event: 89.639 GC heap after
{Heap after GC invocations=50 (full 0):
 garbage-first heap   total 164864K, used 136368K [0x0000000080000000, 0x0000000100000000)
  region size 1024K, 2 young (2048K), 2 survivors (2048K)
 Metaspace       used 91558K, capacity 93867K, committed 94080K, reserved 1130496K
  class space    used 11796K, capacity 12616K, committed 12672K, reserved 1048576K
}
Event: 90.714 GC heap before
{Heap before GC invocations=50 (full 0):
 garbage-first heap   total 164864K, used 142512K [0x0000000080000000, 0x0000000100000000)
  region size 1024K, 8 young (8192K), 2 survivors (2048K)
 Metaspace       used 91560K, capacity 93867K, committed 94080K, reserved 1130496K
  class space    used 11796K, capacity 12616K, committed 12672K, reserved 1048576K
}
Event: 90.794 GC heap after
{Heap after GC invocations=51 (full 0):
 garbage-first heap   total 198656K, used 139200K [0x0000000080000000, 0x0000000100000000)
  region size 1024K, 1 young (1024K), 1 survivors (1024K)
 Metaspace       used 91560K, capacity 93867K, committed 94080K, reserved 1130496K
  class space    used 11796K, capacity 12616K, committed 12672K, reserved 1048576K
}
Event: 92.325 GC heap before
{Heap before GC invocations=52 (full 0):
 garbage-first heap   total 198656K, used 154560K [0x0000000080000000, 0x0000000100000000)
  region size 1024K, 16 young (16384K), 1 survivors (1024K)
 Metaspace       used 91562K, capacity 93867K, committed 94080K, reserved 1130496K
  class space    used 11796K, capacity 12616K, committed 12672K, reserved 1048576K
}
Event: 92.352 GC heap after
{Heap after GC invocations=53 (full 0):
 garbage-first heap   total 198656K, used 145217K [0x0000000080000000, 0x0000000100000000)
  region size 1024K, 2 young (2048K), 2 survivors (2048K)
 Metaspace       used 91562K, capacity 93867K, committed 94080K, reserved 1130496K
  class space    used 11796K, capacity 12616K, committed 12672K, reserved 1048576K
}
Event: 92.508 GC heap before
{Heap before GC invocations=53 (full 0):
 garbage-first heap   total 198656K, used 149313K [0x0000000080000000, 0x0000000100000000)
  region size 1024K, 7 young (7168K), 2 survivors (2048K)
 Metaspace       used 91562K, capacity 93867K, committed 94080K, reserved 1130496K
  class space    used 11796K, capacity 12616K, committed 12672K, reserved 1048576K
}
Event: 92.527 GC heap after
{Heap after GC invocations=54 (full 0):
 garbage-first heap   total 198656K, used 147296K [0x0000000080000000, 0x0000000100000000)
  region size 1024K, 2 young (2048K), 2 survivors (2048K)
 Metaspace       used 91562K, capacity 93867K, committed 94080K, reserved 1130496K
  class space    used 11796K, capacity 12616K, committed 12672K, reserved 1048576K
}
Event: 92.884 GC heap before
{Heap before GC invocations=54 (full 0):
 garbage-first heap   total 198656K, used 159584K [0x0000000080000000, 0x0000000100000000)
  region size 1024K, 13 young (13312K), 2 survivors (2048K)
 Metaspace       used 91562K, capacity 93867K, committed 94080K, reserved 1130496K
  class space    used 11796K, capacity 12616K, committed 12672K, reserved 1048576K
}
Event: 92.909 GC heap after
{Heap after GC invocations=55 (full 0):
 garbage-first heap   total 198656K, used 154198K [0x0000000080000000, 0x0000000100000000)
  region size 1024K, 2 young (2048K), 2 survivors (2048K)
 Metaspace       used 91562K, capacity 93867K, committed 94080K, reserved 1130496K
  class space    used 11796K, capacity 12616K, committed 12672K, reserved 1048576K
}
Event: 92.999 GC heap before
{Heap before GC invocations=55 (full 0):
 garbage-first heap   total 198656K, used 163414K [0x0000000080000000, 0x0000000100000000)
  region size 1024K, 11 young (11264K), 2 survivors (2048K)
 Metaspace       used 91562K, capacity 93867K, committed 94080K, reserved 1130496K
  class space    used 11796K, capacity 12616K, committed 12672K, reserved 1048576K
}
Event: 93.021 GC heap after
{Heap after GC invocations=56 (full 0):
 garbage-first heap   total 198656K, used 158064K [0x0000000080000000, 0x0000000100000000)
  region size 1024K, 2 young (2048K), 2 survivors (2048K)
 Metaspace       used 91562K, capacity 93867K, committed 94080K, reserved 1130496K
  class space    used 11796K, capacity 12616K, committed 12672K, reserved 1048576K
}
Event: 93.113 GC heap before
{Heap before GC invocations=56 (full 0):
 garbage-first heap   total 198656K, used 165232K [0x0000000080000000, 0x0000000100000000)
  region size 1024K, 10 young (10240K), 2 survivors (2048K)
 Metaspace       used 91562K, capacity 93867K, committed 94080K, reserved 1130496K
  class space    used 11796K, capacity 12616K, committed 12672K, reserved 1048576K
}
Event: 93.140 GC heap after
{Heap after GC invocations=57 (full 0):
 garbage-first heap   total 238592K, used 161593K [0x0000000080000000, 0x0000000100000000)
  region size 1024K, 2 young (2048K), 2 survivors (2048K)
 Metaspace       used 91562K, capacity 93867K, committed 94080K, reserved 1130496K
  class space    used 11796K, capacity 12616K, committed 12672K, reserved 1048576K
}
Event: 94.113 GC heap before
{Heap before GC invocations=58 (full 0):
 garbage-first heap   total 238592K, used 181049K [0x0000000080000000, 0x0000000100000000)
  region size 1024K, 21 young (21504K), 2 survivors (2048K)
 Metaspace       used 93809K, capacity 96141K, committed 96384K, reserved 1132544K
  class space    used 12265K, capacity 13095K, committed 13184K, reserved 1048576K
}
Event: 94.146 GC heap after
{Heap after GC invocations=59 (full 0):
 garbage-first heap   total 238592K, used 168960K [0x0000000080000000, 0x0000000100000000)
  region size 1024K, 3 young (3072K), 3 survivors (3072K)
 Metaspace       used 93809K, capacity 96141K, committed 96384K, reserved 1132544K
  class space    used 12265K, capacity 13095K, committed 13184K, reserved 1048576K
}
Event: 94.536 GC heap before
{Heap before GC invocations=59 (full 0):
 garbage-first heap   total 238592K, used 187392K [0x0000000080000000, 0x0000000100000000)
  region size 1024K, 21 young (21504K), 3 survivors (3072K)
 Metaspace       used 93860K, capacity 96206K, committed 96384K, reserved 1132544K
  class space    used 12265K, capacity 13095K, committed 13184K, reserved 1048576K
}
Event: 94.581 GC heap after
{Heap after GC invocations=60 (full 0):
 garbage-first heap   total 238592K, used 178713K [0x0000000080000000, 0x0000000100000000)
  region size 1024K, 3 young (3072K), 3 survivors (3072K)
 Metaspace       used 93860K, capacity 96206K, committed 96384K, reserved 1132544K
  class space    used 12265K, capacity 13095K, committed 13184K, reserved 1048576K
}
Event: 95.696 GC heap before
{Heap before GC invocations=61 (full 0):
 garbage-first heap   total 238592K, used 192025K [0x0000000080000000, 0x0000000100000000)
  region size 1024K, 17 young (17408K), 3 survivors (3072K)
 Metaspace       used 93868K, capacity 96272K, committed 96384K, reserved 1132544K
  class space    used 12265K, capacity 13095K, committed 13184K, reserved 1048576K
}
Event: 95.734 GC heap after
{Heap after GC invocations=62 (full 0):
 garbage-first heap   total 238592K, used 185755K [0x0000000080000000, 0x0000000100000000)
  region size 1024K, 3 young (3072K), 3 survivors (3072K)
 Metaspace       used 93868K, capacity 96272K, committed 96384K, reserved 1132544K
  class space    used 12265K, capacity 13095K, committed 13184K, reserved 1048576K
}
Event: 95.906 GC heap before
{Heap before GC invocations=62 (full 0):
 garbage-first heap   total 238592K, used 198043K [0x0000000080000000, 0x0000000100000000)
  region size 1024K, 15 young (15360K), 3 survivors (3072K)
 Metaspace       used 93874K, capacity 96273K, committed 96384K, reserved 1132544K
  class space    used 12265K, capacity 13095K, committed 13184K, reserved 1048576K
}

Deoptimization events (20 events):
Event: 93.607 Thread 0x0000015a49992000 Uncommon trap: trap_request=0xffffff4d fr.pc=0x0000015a35b4c890 relative=0x0000000000000350
Event: 93.607 Thread 0x0000015a49992000 Uncommon trap: reason=unstable_if action=reinterpret pc=0x0000015a35b4c890 method=java.util.concurrent.ConcurrentLinkedQueue.offer(Ljava/lang/Object;)Z @ 42 c2
Event: 93.607 Thread 0x0000015a49992000 DEOPT PACKING pc=0x0000015a35b4c890 sp=0x0000005a0dbfeb10
Event: 93.607 Thread 0x0000015a49992000 DEOPT UNPACKING pc=0x0000015a2db1782f sp=0x0000005a0dbfeab0 mode 2
Event: 93.608 Thread 0x0000015a49999800 Uncommon trap: trap_request=0xffffff4d fr.pc=0x0000015a35d8c914 relative=0x0000000000000294
Event: 93.608 Thread 0x0000015a49999800 Uncommon trap: reason=unstable_if action=reinterpret pc=0x0000015a35d8c914 method=com.android.tools.r8.graph.X.g(Ljava/lang/Object;)Z @ 37 c2
Event: 93.608 Thread 0x0000015a49999800 DEOPT PACKING pc=0x0000015a35d8c914 sp=0x0000005a0ddfeac0
Event: 93.608 Thread 0x0000015a49999800 DEOPT UNPACKING pc=0x0000015a2db1782f sp=0x0000005a0ddfea60 mode 2
Event: 94.366 Thread 0x0000015a49999800 Uncommon trap: trap_request=0xffffff4d fr.pc=0x0000015a35dcd518 relative=0x0000000000006df8
Event: 94.366 Thread 0x0000015a49999800 Uncommon trap: reason=unstable_if action=reinterpret pc=0x0000015a35dcd518 method=com.android.tools.r8.code.w1.a(Ljava/nio/ShortBuffer;IILcom/android/tools/r8/internal/av;)[Lcom/android/tools/r8/code/v1; @ 541 c2
Event: 94.366 Thread 0x0000015a49999800 DEOPT PACKING pc=0x0000015a35dcd518 sp=0x0000005a0ddfe990
Event: 94.366 Thread 0x0000015a49999800 DEOPT UNPACKING pc=0x0000015a2db1782f sp=0x0000005a0ddfe988 mode 2
Event: 94.654 Thread 0x0000015a49992000 DEOPT PACKING pc=0x0000015a2f99ba29 sp=0x0000005a0dbfe180
Event: 94.654 Thread 0x0000015a49992000 DEOPT UNPACKING pc=0x0000015a2db1764e sp=0x0000005a0dbfddb0 mode 0
Event: 94.655 Thread 0x0000015a499a0000 DEOPT PACKING pc=0x0000015a2f99ba29 sp=0x0000005a0defe480
Event: 94.655 Thread 0x0000015a499a0000 DEOPT UNPACKING pc=0x0000015a2db1764e sp=0x0000005a0defe0b0 mode 0
Event: 95.554 Thread 0x0000015a49992000 DEOPT PACKING pc=0x0000015a2f9085e7 sp=0x0000005a0dbfe970
Event: 95.554 Thread 0x0000015a49992000 DEOPT UNPACKING pc=0x0000015a2db1764e sp=0x0000005a0dbfdf98 mode 0
Event: 95.828 Thread 0x0000015a49999800 DEOPT PACKING pc=0x0000015a2f9085e7 sp=0x0000005a0ddfea60
Event: 95.828 Thread 0x0000015a49999800 DEOPT UNPACKING pc=0x0000015a2db1764e sp=0x0000005a0ddfe088 mode 0

Classes redefined (0 events):
No events

Internal exceptions (20 events):
Event: 72.157 Thread 0x0000015a49997000 Exception <a 'sun/nio/fs/WindowsException'{0x000000008713fd50}> (0x000000008713fd50) thrown at [./src/hotspot/share/prims/jni.cpp, line 615]
Event: 72.305 Thread 0x0000015a49997000 Exception <a 'java/lang/NoSuchMethodError'{0x00000000870c8a20}: <clinit>> (0x00000000870c8a20) thrown at [./src/hotspot/share/prims/jni.cpp, line 1362]
Event: 72.315 Thread 0x0000015a49997000 Exception <a 'java/lang/NoSuchMethodError'{0x00000000870ff518}: <clinit>> (0x00000000870ff518) thrown at [./src/hotspot/share/prims/jni.cpp, line 1362]
Event: 72.329 Thread 0x0000015a49997000 Exception <a 'java/lang/NoSuchMethodError'{0x0000000086f355d0}: <clinit>> (0x0000000086f355d0) thrown at [./src/hotspot/share/prims/jni.cpp, line 1362]
Event: 72.333 Thread 0x0000015a49997000 Exception <a 'java/lang/NoSuchMethodError'{0x0000000086f48378}: <clinit>> (0x0000000086f48378) thrown at [./src/hotspot/share/prims/jni.cpp, line 1362]
Event: 74.655 Thread 0x0000015a45f79000 Exception <a 'java/lang/NoSuchMethodError'{0x0000000087451b00}: 'void java.lang.invoke.DirectMethodHandle$Holder.invokeStatic(java.lang.Object, java.lang.Object, java.lang.Object, java.lang.Object, java.lang.Object, java.lang.Object, java.lang.Object)'> (0x0000000087451b00) thrown at [./src/hotspot/share/interpreter/linkResolver.cpp, line 773]
Event: 76.429 Thread 0x0000015a49993000 Exception <a 'java/lang/NoSuchMethodError'{0x0000000087b077d8}: 'void java.lang.invoke.DirectMethodHandle$Holder.invokeStatic(java.lang.Object, long)'> (0x0000000087b077d8) thrown at [./src/hotspot/share/interpreter/linkResolver.cpp, line 773]
Event: 76.430 Thread 0x0000015a49993000 Exception <a 'java/lang/NoSuchMethodError'{0x0000000087b0c9f0}: 'java.lang.Object java.lang.invoke.DirectMethodHandle$Holder.invokeStatic(java.lang.Object, long)'> (0x0000000087b0c9f0) thrown at [./src/hotspot/share/interpreter/linkResolver.cpp, line 773]
Event: 76.434 Thread 0x0000015a49993000 Exception <a 'java/lang/NoSuchMethodError'{0x0000000087b1ad58}: 'java.lang.Object java.lang.invoke.DirectMethodHandle$Holder.invokeStaticInit(java.lang.Object, java.lang.Object, long, java.lang.Object)'> (0x0000000087b1ad58) thrown at [./src/hotspot/share/interpreter/linkResolver.cpp, line 773]
Event: 76.435 Thread 0x0000015a49993000 Exception <a 'java/lang/NoSuchMethodError'{0x0000000087b20ef0}: 'java.lang.Object java.lang.invoke.DirectMethodHandle$Holder.invokeStatic(java.lang.Object, java.lang.Object, long)'> (0x0000000087b20ef0) thrown at [./src/hotspot/share/interpreter/linkResolver.cpp, line 773]
Event: 76.533 Thread 0x0000015a49993000 Exception <a 'java/lang/NoSuchMethodError'{0x0000000087b27468}: 'java.lang.Object java.lang.invoke.Invokers$Holder.linkToTargetMethod(java.lang.Object, long, java.lang.Object)'> (0x0000000087b27468) thrown at [./src/hotspot/share/interpreter/linkResolver.cpp, line 773]
Event: 80.639 Thread 0x0000015a49996000 Exception <a 'sun/nio/fs/WindowsException'{0x0000000089760878}> (0x0000000089760878) thrown at [./src/hotspot/share/prims/jni.cpp, line 615]
Event: 81.849 Thread 0x0000015a49995000 Exception <a 'java/lang/NoSuchMethodError'{0x00000000895f34f0}: 'int java.lang.invoke.DirectMethodHandle$Holder.invokeSpecial(java.lang.Object, java.lang.Object, java.lang.Object, java.lang.Object, java.lang.Object)'> (0x00000000895f34f0) thrown at [./src/hotspot/share/interpreter/linkResolver.cpp, line 773]
Event: 85.747 Thread 0x0000015a49996000 Exception <a 'java/lang/NoSuchMethodError'{0x0000000088da0060}: 'java.lang.Object java.lang.invoke.DirectMethodHandle$Holder.invokeStatic(java.lang.Object, java.lang.Object, java.lang.Object, java.lang.Object, java.lang.Object, java.lang.Object, java.lang.Object, java.lang.Object, java.lang.Object, java.lang.Object, java.lang.Object, java.lang.Object, java.lang.Object, java.lang.Object, java.lang.Object, java.lang.Object, java.lang.Object, java.lang.Object, int, java.lang.Object)'> (0x0000000088da0060) thr
Event: 85.756 Thread 0x0000015a49996000 Exception <a 'java/lang/NoSuchMethodError'{0x0000000088da5c48}: 'java.lang.Object java.lang.invoke.DirectMethodHandle$Holder.invokeStaticInit(java.lang.Object, java.lang.Object, java.lang.Object, java.lang.Object, java.lang.Object, java.lang.Object, java.lang.Object, java.lang.Object, java.lang.Object, java.lang.Object, java.lang.Object, java.lang.Object, java.lang.Object, java.lang.Object, java.lang.Object, java.lang.Object, java.lang.Object, java.lang.Object, int, java.lang.Object)'> (0x0000000088da5c48)
Event: 87.989 Thread 0x0000015a49993000 Exception <a 'java/lang/NoSuchMethodError'{0x00000000888b6a90}: 'int java.lang.invoke.DirectMethodHandle$Holder.invokeSpecialIFC(java.lang.Object, java.lang.Object, java.lang.Object)'> (0x00000000888b6a90) thrown at [./src/hotspot/share/interpreter/linkResolver.cpp, line 773]
Event: 93.298 Thread 0x0000015a499a0000 Exception <a 'java/lang/IncompatibleClassChangeError'{0x000000008e5bc498}: Found class java.lang.Object, but interface was expected> (0x000000008e5bc498) thrown at [./src/hotspot/share/interpreter/linkResolver.cpp, line 839]
Event: 93.304 Thread 0x0000015a49992000 Exception <a 'java/lang/NoSuchMethodError'{0x000000008e465a70}: 'java.lang.Object java.lang.invoke.DirectMethodHandle$Holder.newInvokeSpecial(java.lang.Object, int)'> (0x000000008e465a70) thrown at [./src/hotspot/share/interpreter/linkResolver.cpp, line 773]
Event: 93.334 Thread 0x0000015a499a0000 Exception <a 'java/lang/IncompatibleClassChangeError'{0x000000008e478f10}: Found class java.lang.Object, but interface was expected> (0x000000008e478f10) thrown at [./src/hotspot/share/interpreter/linkResolver.cpp, line 839]
Event: 93.335 Thread 0x0000015a499a0000 Exception <a 'java/lang/IncompatibleClassChangeError'{0x000000008e480358}: Found class java.lang.Object, but interface was expected> (0x000000008e480358) thrown at [./src/hotspot/share/interpreter/linkResolver.cpp, line 839]

Events (20 events):
Event: 93.712 loading class com/android/tools/r8/internal/nu done
Event: 93.724 loading class com/android/tools/r8/internal/Zc
Event: 93.724 loading class com/android/tools/r8/internal/Zc done
Event: 93.735 loading class com/android/tools/r8/internal/cq
Event: 93.735 loading class com/android/tools/r8/internal/cq done
Event: 93.889 loading class com/android/tools/r8/internal/g8
Event: 93.889 loading class com/android/tools/r8/internal/g8 done
Event: 94.109 Executing VM operation: G1CollectForAllocation
Event: 94.146 Executing VM operation: G1CollectForAllocation done
Event: 94.523 Executing VM operation: G1CollectForAllocation
Event: 94.581 Executing VM operation: G1CollectForAllocation done
Event: 95.264 Executing VM operation: CGC_Operation
Event: 95.319 Executing VM operation: CGC_Operation done
Event: 95.623 Executing VM operation: CGC_Operation
Event: 95.692 Executing VM operation: CGC_Operation done
Event: 95.696 Executing VM operation: G1CollectForAllocation
Event: 95.734 Executing VM operation: G1CollectForAllocation done
Event: 95.807 loading class com/android/tools/r8/graph/f0$a
Event: 95.807 loading class com/android/tools/r8/graph/f0$a done
Event: 95.892 Executing VM operation: G1CollectForAllocation


Dynamic libraries:
0x00007ff7b0ea0000 - 0x00007ff7b0eaa000 	C:\Program Files\Android\Android Studio\jre\bin\java.exe
0x00007ffe72cd0000 - 0x00007ffe72ec5000 	C:\WINDOWS\SYSTEM32\ntdll.dll
0x00007ffe72a90000 - 0x00007ffe72b4d000 	C:\WINDOWS\System32\KERNEL32.DLL
0x00007ffe706c0000 - 0x00007ffe7098d000 	C:\WINDOWS\System32\KERNELBASE.dll
0x00007ffe70520000 - 0x00007ffe70620000 	C:\WINDOWS\System32\ucrtbase.dll
0x00007ffe62280000 - 0x00007ffe62297000 	C:\Program Files\Android\Android Studio\jre\bin\VCRUNTIME140.dll
0x00007ffe5cc00000 - 0x00007ffe5cc19000 	C:\Program Files\Android\Android Studio\jre\bin\jli.dll
0x00007ffe61430000 - 0x00007ffe616ca000 	C:\WINDOWS\WinSxS\amd64_microsoft.windows.common-controls_6595b64144ccf1df_6.0.19041.1110_none_60b5254171f9507e\COMCTL32.dll
0x00007ffe722a0000 - 0x00007ffe7233e000 	C:\WINDOWS\System32\msvcrt.dll
0x00007ffe70eb0000 - 0x00007ffe70eda000 	C:\WINDOWS\System32\GDI32.dll
0x00007ffe704f0000 - 0x00007ffe70512000 	C:\WINDOWS\System32\win32u.dll
0x00007ffe703e0000 - 0x00007ffe704eb000 	C:\WINDOWS\System32\gdi32full.dll
0x00007ffe70620000 - 0x00007ffe706bd000 	C:\WINDOWS\System32\msvcp_win.dll
0x00007ffe71fe0000 - 0x00007ffe72180000 	C:\WINDOWS\System32\USER32.dll
0x00007ffe714e0000 - 0x00007ffe71510000 	C:\WINDOWS\System32\IMM32.DLL
0x00007ffe542f0000 - 0x00007ffe5438d000 	C:\Program Files\Android\Android Studio\jre\bin\msvcp140.dll
0x00007ffe3f5e0000 - 0x00007ffe400af000 	C:\Program Files\Android\Android Studio\jre\bin\server\jvm.dll
0x00007ffe721f0000 - 0x00007ffe7229e000 	C:\WINDOWS\System32\ADVAPI32.dll
0x00007ffe713d0000 - 0x00007ffe7146c000 	C:\WINDOWS\System32\sechost.dll
0x00007ffe711f0000 - 0x00007ffe71315000 	C:\WINDOWS\System32\RPCRT4.dll
0x00007ffe714d0000 - 0x00007ffe714d8000 	C:\WINDOWS\System32\PSAPI.DLL
0x00007ffe60880000 - 0x00007ffe60889000 	C:\WINDOWS\SYSTEM32\WSOCK32.dll
0x00007ffe72180000 - 0x00007ffe721eb000 	C:\WINDOWS\System32\WS2_32.dll
0x00007ffe62f90000 - 0x00007ffe62fb7000 	C:\WINDOWS\SYSTEM32\WINMM.dll
0x00007ffe69130000 - 0x00007ffe6913a000 	C:\WINDOWS\SYSTEM32\VERSION.dll
0x00007ffe6e2e0000 - 0x00007ffe6e2f2000 	C:\WINDOWS\SYSTEM32\kernel.appcore.dll
0x00007ffe6b400000 - 0x00007ffe6b411000 	C:\Program Files\Android\Android Studio\jre\bin\verify.dll
0x00007ffe66dc0000 - 0x00007ffe66fa4000 	C:\WINDOWS\SYSTEM32\DBGHELP.DLL
0x00007ffe66c50000 - 0x00007ffe66c7c000 	C:\WINDOWS\SYSTEM32\dbgcore.DLL
0x00007ffe70ba0000 - 0x00007ffe70c22000 	C:\WINDOWS\System32\bcryptPrimitives.dll
0x00007ffe6b3d0000 - 0x00007ffe6b3f9000 	C:\Program Files\Android\Android Studio\jre\bin\java.dll
0x00007ffe6c290000 - 0x00007ffe6c29b000 	C:\Program Files\Android\Android Studio\jre\bin\jimage.dll
0x00007ffe6b370000 - 0x00007ffe6b388000 	C:\Program Files\Android\Android Studio\jre\bin\zip.dll
0x00007ffe72340000 - 0x00007ffe72a84000 	C:\WINDOWS\System32\SHELL32.dll
0x00007ffe6e4e0000 - 0x00007ffe6ec74000 	C:\WINDOWS\SYSTEM32\windows.storage.dll
0x00007ffe71640000 - 0x00007ffe71994000 	C:\WINDOWS\System32\combase.dll
0x00007ffe6fdd0000 - 0x00007ffe6fdfc000 	C:\WINDOWS\SYSTEM32\Wldp.dll
0x00007ffe71320000 - 0x00007ffe713cd000 	C:\WINDOWS\System32\SHCORE.dll
0x00007ffe70fe0000 - 0x00007ffe71035000 	C:\WINDOWS\System32\shlwapi.dll
0x00007ffe70320000 - 0x00007ffe7033f000 	C:\WINDOWS\SYSTEM32\profapi.dll
0x00007ffe6b350000 - 0x00007ffe6b36a000 	C:\Program Files\Android\Android Studio\jre\bin\net.dll
0x00007ffe62100000 - 0x00007ffe6220a000 	C:\WINDOWS\SYSTEM32\WINHTTP.dll
0x00007ffe6fb30000 - 0x00007ffe6fb9a000 	C:\WINDOWS\system32\mswsock.dll
0x00007ffe6b330000 - 0x00007ffe6b344000 	C:\Program Files\Android\Android Studio\jre\bin\nio.dll
0x00007ffe68580000 - 0x00007ffe685a7000 	C:\Users\Eddo Yulianda\.gradle\native\8bec1ad78214c89d9ad589b4d07fe93259594b29d510b10fafb7a158f7737e5d\windows-amd64\native-platform.dll
0x00007ffe5bfa0000 - 0x00007ffe5c0dd000 	C:\Users\Eddo Yulianda\.gradle\native\53dbd7edfb1c66fb8903c78663c9afc45aea4f116125fa6feffd364cf09443e8\windows-amd64\native-platform-file-events.dll
0x00007ffe6b910000 - 0x00007ffe6b91a000 	C:\Program Files\Android\Android Studio\jre\bin\management.dll
0x00007ffe6b140000 - 0x00007ffe6b14c000 	C:\Program Files\Android\Android Studio\jre\bin\management_ext.dll
0x00007ffe6fd20000 - 0x00007ffe6fd38000 	C:\WINDOWS\SYSTEM32\CRYPTSP.dll
0x00007ffe6f4b0000 - 0x00007ffe6f4e4000 	C:\WINDOWS\system32\rsaenh.dll
0x00007ffe70c80000 - 0x00007ffe70ca7000 	C:\WINDOWS\System32\bcrypt.dll
0x00007ffe702e0000 - 0x00007ffe7030e000 	C:\WINDOWS\SYSTEM32\USERENV.dll
0x00007ffe6fd40000 - 0x00007ffe6fd4c000 	C:\WINDOWS\SYSTEM32\CRYPTBASE.dll
0x00007ffe6f820000 - 0x00007ffe6f85b000 	C:\WINDOWS\SYSTEM32\IPHLPAPI.DLL
0x00007ffe70e40000 - 0x00007ffe70e48000 	C:\WINDOWS\System32\NSI.dll
0x00007ffe66bc0000 - 0x00007ffe66bd7000 	C:\WINDOWS\SYSTEM32\dhcpcsvc6.DLL
0x00007ffe678e0000 - 0x00007ffe678fd000 	C:\WINDOWS\SYSTEM32\dhcpcsvc.DLL
0x00007ffe6f860000 - 0x00007ffe6f92b000 	C:\WINDOWS\SYSTEM32\DNSAPI.dll

dbghelp: loaded successfully - version: 4.0.5 - missing functions: none
symbol engine: initialized successfully - sym options: 0x614 - pdb path: .;C:\Program Files\Android\Android Studio\jre\bin;C:\WINDOWS\SYSTEM32;C:\WINDOWS\WinSxS\amd64_microsoft.windows.common-controls_6595b64144ccf1df_6.0.19041.1110_none_60b5254171f9507e;C:\Program Files\Android\Android Studio\jre\bin\server;C:\Users\Eddo Yulianda\.gradle\native\8bec1ad78214c89d9ad589b4d07fe93259594b29d510b10fafb7a158f7737e5d\windows-amd64;C:\Users\Eddo Yulianda\.gradle\native\53dbd7edfb1c66fb8903c78663c9afc45aea4f116125fa6feffd364cf09443e8\windows-amd64

VM Arguments:
jvm_args: --add-opens=java.base/java.util=ALL-UNNAMED --add-opens=java.base/java.lang=ALL-UNNAMED --add-opens=java.base/java.lang.invoke=ALL-UNNAMED --add-opens=java.base/java.util=ALL-UNNAMED --add-opens=java.prefs/java.util.prefs=ALL-UNNAMED --add-opens=java.prefs/java.util.prefs=ALL-UNNAMED --add-opens=java.base/java.nio.charset=ALL-UNNAMED --add-opens=java.base/java.net=ALL-UNNAMED --add-opens=java.base/java.util.concurrent.atomic=ALL-UNNAMED -Xmx2048m -Dfile.encoding=UTF-8 -Duser.country=GB -Duser.language=en -Duser.variant 
java_command: org.gradle.launcher.daemon.bootstrap.GradleDaemon 7.0.2
java_class_path (initial): C:\Users\Eddo Yulianda\.gradle\wrapper\dists\gradle-7.0.2-bin\857tjihv64xamwrf0h14cai3r\gradle-7.0.2\lib\gradle-launcher-7.0.2.jar
Launcher Type: SUN_STANDARD

[Global flags]
     intx CICompilerCount                          = 3                                         {product} {ergonomic}
     uint ConcGCThreads                            = 1                                         {product} {ergonomic}
     uint G1ConcRefinementThreads                  = 4                                         {product} {ergonomic}
   size_t G1HeapRegionSize                         = 1048576                                   {product} {ergonomic}
    uintx GCDrainStackTargetSize                   = 64                                        {product} {ergonomic}
   size_t InitialHeapSize                          = 132120576                                 {product} {ergonomic}
   size_t MarkStackSize                            = 4194304                                   {product} {ergonomic}
   size_t MaxHeapSize                              = 2147483648                                {product} {command line}
   size_t MaxNewSize                               = 1287651328                                {product} {ergonomic}
   size_t MinHeapDeltaBytes                        = 1048576                                   {product} {ergonomic}
    uintx NonNMethodCodeHeapSize                   = 5830732                                {pd product} {ergonomic}
    uintx NonProfiledCodeHeapSize                  = 122913754                              {pd product} {ergonomic}
    uintx ProfiledCodeHeapSize                     = 122913754                              {pd product} {ergonomic}
    uintx ReservedCodeCacheSize                    = 251658240                              {pd product} {ergonomic}
     bool SegmentedCodeCache                       = true                                      {product} {ergonomic}
     bool UseCompressedClassPointers               = true                                 {lp64_product} {ergonomic}
     bool UseCompressedOops                        = true                                 {lp64_product} {ergonomic}
     bool UseG1GC                                  = true                                      {product} {ergonomic}
     bool UseLargePagesIndividualAllocation        = false                                  {pd product} {ergonomic}

Logging:
Log output configuration:
 #0: stdout all=warning uptime,level,tags
 #1: stderr all=off uptime,level,tags

Environment Variables:
PATH=C:\WINDOWS\system32;C:\WINDOWS;C:\WINDOWS\System32\Wbem;C:\WINDOWS\System32\WindowsPowerShell\v1.0\;C:\WINDOWS\System32\OpenSSH\;C:\Program Files (x86)\Intel\OpenCL SDK\2.0\bin\x86;C:\Program Files (x86)\Intel\OpenCL SDK\2.0\bin\x64;C:\Program Files\dotnet\;C:\ProgramData\ComposerSetup\bin;C:\xampp2\php;C:\Program Files\Microsoft SQL Server\130\Tools\Binn\;C:\Program Files\Microsoft SQL Server\Client SDK\ODBC\170\Tools\Binn\;C:\Program Files (x86)\dotnet\;C:\Program Files\Microsoft VS Code\bin;C:\Program Files\Git\cmd;C:\Program Files\MySQL\MySQL Shell 8.0\bin\;C:\Users\Eddo Yulianda\AppData\Local\Microsoft\WindowsApps;C:\Users\Eddo Yulianda\.dotnet\tools;C:\Users\Eddo Yulianda\AppData\Roaming\Composer\vendor\bin;C:\Users\Eddo Yulianda\AppData\Local\GitHubDesktop\bin
USERNAME=Eddo Yulianda
OS=Windows_NT
PROCESSOR_IDENTIFIER=Intel64 Family 6 Model 42 Stepping 7, GenuineIntel



---------------  S Y S T E M  ---------------

OS: Windows 10 , 64 bit Build 19041 (10.0.19041.1706)
OS uptime: 0 days 1:42 hours

CPU:total 4 (initial active 4) (2 cores per cpu, 2 threads per core) family 6 model 42 stepping 7 microcode 0x2f, cmov, cx8, fxsr, mmx, sse, sse2, sse3, ssse3, sse4.1, sse4.2, popcnt, avx, aes, clmul, ht, tsc, tscinvbit

Memory: 4k page, system-wide physical 8038M (928M free)
TotalPageFile size 8038M (AvailPageFile size 6M)
current process WorkingSet (physical memory assigned to process): 489M, peak: 490M
current process commit charge ("private bytes"): 537M, peak: 594M

vm_info: OpenJDK 64-Bit Server VM (11.0.10+0-b96-7249189) for windows-amd64 JRE (11.0.10+0-b96-7249189), built on Mar 31 2021 21:44:00 by "builder" with MS VC++ 14.0 (VS2015)

END.
